2024-11-28 00:03:25,092{GMT}	INFO	[jepsen test runner] jepsen.core: Command line:
lein run test -w broadcast --bin /Users/alex/.go/bin/maelstrom-broadcast --node-count 1 --time-limit 20 --rate 10
2024-11-28 00:03:25,124{GMT}	INFO	[jepsen test runner] jepsen.core: Running test:
{:args []
 :remote
 #jepsen.control.retry.Remote{:remote #jepsen.control.scp.Remote{:cmd-remote #jepsen.control.sshj.SSHJRemote{:concurrency-limit 6,
                                                                                                             :conn-spec nil,
                                                                                                             :client nil,
                                                                                                             :semaphore nil},
                                                                 :conn-spec nil},
                              :conn nil}
 :log-net-send false
 :node-count 1
 :availability nil
 :max-txn-length 4
 :concurrency 1
 :db
 #object[maelstrom.db$db$reify__16142
         "0x3b42d7df"
         "maelstrom.db$db$reify__16142@3b42d7df"]
 :max-writes-per-key 16
 :leave-db-running? false
 :name "broadcast"
 :logging-json? false
 :start-time
 #object[org.joda.time.DateTime "0x64b262a7" "2024-11-28T00:03:25.079-05:00"]
 :nemesis-interval 10
 :net
 #object[maelstrom.net$jepsen_net$reify__15251
         "0x771c4015"
         "maelstrom.net$jepsen_net$reify__15251@771c4015"]
 :client
 #object[maelstrom.workload.broadcast$client$reify__16644
         "0x34d776eb"
         "maelstrom.workload.broadcast$client$reify__16644@34d776eb"]
 :barrier
 #object[java.util.concurrent.CyclicBarrier
         "0x60a3a0fa"
         "java.util.concurrent.CyclicBarrier@60a3a0fa"]
 :log-stderr false
 :pure-generators true
 :ssh {:dummy? true}
 :rate 10.0
 :checker
 #object[jepsen.checker$compose$reify__11881
         "0x17734113"
         "jepsen.checker$compose$reify__11881@17734113"]
 :argv
 ("test"
  "-w"
  "broadcast"
  "--bin"
  "/Users/alex/.go/bin/maelstrom-broadcast"
  "--node-count"
  "1"
  "--time-limit"
  "20"
  "--rate"
  "10")
 :nemesis
 (jepsen.nemesis.ReflCompose
  {:fm {:start-partition 0,
        :stop-partition 0,
        :kill 1,
        :start 1,
        :pause 1,
        :resume 1},
   :nemeses [#unprintable "jepsen.nemesis.combined$partition_nemesis$reify__16416@27aa700"
             #unprintable "jepsen.nemesis.combined$db_nemesis$reify__16397@d15f98a"]})
 :nodes ["n0"]
 :test-count 1
 :latency {:mean 0, :dist :constant}
 :bin "/Users/alex/.go/bin/maelstrom-broadcast"
 :generator
 ((jepsen.generator.Synchronize
   {:gen (jepsen.generator.TimeLimit
          {:limit 20000000000,
           :cutoff nil,
           :gen (jepsen.generator.Any
                 {:gens [(jepsen.generator.OnThreads
                          {:f #{:nemesis},
                           :context-filter #object[jepsen.generator.context$make_thread_filter$lazy_filter__9167
                                                   "0x9c88323"
                                                   "jepsen.generator.context$make_thread_filter$lazy_filter__9167@9c88323"],
                           :gen nil})
                         (jepsen.generator.OnThreads
                          {:f #jepsen.generator.context.AllBut{:element :nemesis},
                           :context-filter #object[jepsen.generator.context$make_thread_filter$lazy_filter__9167
                                                   "0x6d4bdb75"
                                                   "jepsen.generator.context$make_thread_filter$lazy_filter__9167@6d4bdb75"],
                           :gen (jepsen.generator.Stagger
                                 {:dt 200000000,
                                  :next-time nil,
                                  :gen (jepsen.generator.Mix
                                        {:i 1,
                                         :gens [({:f :broadcast, :value 0}
                                                 {:f :broadcast, :value 1}
                                                 {:f :broadcast, :value 2}
                                                 {:f :broadcast, :value 3}
                                                 {:f :broadcast, :value 4}
                                                 {:f :broadcast, :value 5}
                                                 {:f :broadcast, :value 6}
                                                 {:f :broadcast, :value 7}
                                                 ...)
                                                ({:f :read}
                                                 {:f :read}
                                                 {:f :read}
                                                 {:f :read}
                                                 {:f :read}
                                                 {:f :read}
                                                 {:f :read}
                                                 {:f :read}
                                                 ...)]})})})]})})})
  (jepsen.generator.Synchronize
   {:gen (jepsen.generator.OnThreads
          {:f #{:nemesis},
           :context-filter #object[jepsen.generator.context$make_thread_filter$lazy_filter__9167
                                   "0x256a25a8"
                                   "jepsen.generator.context$make_thread_filter$lazy_filter__9167@256a25a8"],
           :gen ()})})
  (jepsen.generator.Synchronize
   {:gen {:type :log, :value "Waiting for recovery..."}})
  (jepsen.generator.Synchronize {:gen {:type :sleep, :value 10}})
  (jepsen.generator.Synchronize
   {:gen (jepsen.generator.OnThreads
          {:f #jepsen.generator.context.AllBut{:element :nemesis},
           :context-filter #object[jepsen.generator.context$make_thread_filter$lazy_filter__9167
                                   "0x68f67bbd"
                                   "jepsen.generator.context$make_thread_filter$lazy_filter__9167@68f67bbd"],
           :gen (jepsen.generator.EachThread
                 {:fresh-gen {:f :read, :final? true},
                  :context-filters #object[clojure.core$promise$reify__8591
                                           "0x5bd585a5"
                                           {:status :pending, :val nil}],
                  :gens {}})})}))
 :log-net-recv false
 :os
 #object[maelstrom.net$jepsen_os$reify__15254
         "0x65c040c9"
         "maelstrom.net$jepsen_os$reify__15254@65c040c9"]
 :time-limit 20
 :workload :broadcast
 :consistency-models [:strict-serializable]
 :topology :grid}

2024-11-28 00:03:25,907{GMT}	INFO	[jepsen node n0] maelstrom.net: Starting Maelstrom network
2024-11-28 00:03:25,908{GMT}	INFO	[jepsen test runner] jepsen.db: Tearing down DB
2024-11-28 00:03:25,908{GMT}	INFO	[jepsen test runner] jepsen.db: Setting up DB
2024-11-28 00:03:25,909{GMT}	INFO	[jepsen node n0] maelstrom.service: Starting services: (lin-kv lin-tso lww-kv seq-kv)
2024-11-28 00:03:25,910{GMT}	INFO	[jepsen node n0] maelstrom.db: Setting up n0
2024-11-28 00:03:25,910{GMT}	INFO	[jepsen node n0] maelstrom.process: launching /Users/alex/.go/bin/maelstrom-broadcast []
2024-11-28 00:03:25,932{GMT}	INFO	[jepsen test runner] jepsen.core: Relative time begins now
2024-11-28 00:03:25,942{GMT}	INFO	[jepsen worker 0] jepsen.util: 0	:invoke	:read	nil
2024-11-28 00:03:25,943{GMT}	INFO	[jepsen worker 0] jepsen.util: 0	:ok	:read	[]
2024-11-28 00:03:26,074{GMT}	INFO	[jepsen worker 0] jepsen.util: 0	:invoke	:broadcast	0
2024-11-28 00:03:26,082{GMT}	INFO	[jepsen worker 0] jepsen.util: 0	:info	:broadcast	0	[:crash "malformed message"]
2024-11-28 00:03:26,108{GMT}	INFO	[jepsen worker 0] jepsen.util: 1	:invoke	:broadcast	1
2024-11-28 00:03:26,109{GMT}	INFO	[jepsen worker 0] jepsen.util: 1	:info	:broadcast	1	[:crash "malformed message"]
2024-11-28 00:03:26,223{GMT}	INFO	[jepsen worker 0] jepsen.util: 2	:invoke	:read	nil
2024-11-28 00:03:26,224{GMT}	INFO	[jepsen worker 0] jepsen.util: 2	:ok	:read	[]
2024-11-28 00:03:26,321{GMT}	INFO	[jepsen worker 0] jepsen.util: 2	:invoke	:broadcast	2
2024-11-28 00:03:26,323{GMT}	INFO	[jepsen worker 0] jepsen.util: 2	:info	:broadcast	2	[:crash "malformed message"]
2024-11-28 00:03:26,404{GMT}	INFO	[jepsen worker 0] jepsen.util: 3	:invoke	:read	nil
2024-11-28 00:03:26,407{GMT}	INFO	[jepsen worker 0] jepsen.util: 3	:ok	:read	[]
2024-11-28 00:03:26,433{GMT}	INFO	[jepsen worker 0] jepsen.util: 3	:invoke	:read	nil
2024-11-28 00:03:26,434{GMT}	INFO	[jepsen worker 0] jepsen.util: 3	:ok	:read	[]
2024-11-28 00:03:26,547{GMT}	INFO	[jepsen worker 0] jepsen.util: 3	:invoke	:read	nil
2024-11-28 00:03:26,549{GMT}	INFO	[jepsen worker 0] jepsen.util: 3	:ok	:read	[]
2024-11-28 00:03:26,726{GMT}	INFO	[jepsen worker 0] jepsen.util: 3	:invoke	:read	nil
2024-11-28 00:03:26,728{GMT}	INFO	[jepsen worker 0] jepsen.util: 3	:ok	:read	[]
2024-11-28 00:03:26,879{GMT}	INFO	[jepsen worker 0] jepsen.util: 3	:invoke	:broadcast	3
2024-11-28 00:03:26,883{GMT}	INFO	[jepsen worker 0] jepsen.util: 3	:info	:broadcast	3	[:crash "malformed message"]
2024-11-28 00:03:26,909{GMT}	INFO	[jepsen worker 0] jepsen.util: 4	:invoke	:read	nil
2024-11-28 00:03:26,910{GMT}	INFO	[jepsen worker 0] jepsen.util: 4	:ok	:read	[]
2024-11-28 00:03:26,967{GMT}	INFO	[jepsen worker 0] jepsen.util: 4	:invoke	:broadcast	4
2024-11-28 00:03:26,969{GMT}	INFO	[jepsen worker 0] jepsen.util: 4	:info	:broadcast	4	[:crash "malformed message"]
2024-11-28 00:03:27,173{GMT}	INFO	[jepsen worker 0] jepsen.util: 5	:invoke	:read	nil
2024-11-28 00:03:27,179{GMT}	INFO	[jepsen worker 0] jepsen.util: 5	:ok	:read	[]
2024-11-28 00:03:27,215{GMT}	INFO	[jepsen worker 0] jepsen.util: 5	:invoke	:read	nil
2024-11-28 00:03:27,216{GMT}	INFO	[jepsen worker 0] jepsen.util: 5	:ok	:read	[]
2024-11-28 00:03:27,257{GMT}	INFO	[jepsen worker 0] jepsen.util: 5	:invoke	:broadcast	5
2024-11-28 00:03:27,258{GMT}	INFO	[jepsen worker 0] jepsen.util: 5	:info	:broadcast	5	[:crash "malformed message"]
2024-11-28 00:03:27,343{GMT}	INFO	[jepsen worker 0] jepsen.util: 6	:invoke	:broadcast	6
2024-11-28 00:03:27,345{GMT}	INFO	[jepsen worker 0] jepsen.util: 6	:info	:broadcast	6	[:crash "malformed message"]
2024-11-28 00:03:27,530{GMT}	INFO	[jepsen worker 0] jepsen.util: 7	:invoke	:read	nil
2024-11-28 00:03:27,532{GMT}	INFO	[jepsen worker 0] jepsen.util: 7	:ok	:read	[]
2024-11-28 00:03:27,676{GMT}	INFO	[jepsen worker 0] jepsen.util: 7	:invoke	:read	nil
2024-11-28 00:03:27,679{GMT}	INFO	[jepsen worker 0] jepsen.util: 7	:ok	:read	[]
2024-11-28 00:03:27,746{GMT}	INFO	[jepsen worker 0] jepsen.util: 7	:invoke	:broadcast	7
2024-11-28 00:03:27,748{GMT}	INFO	[jepsen worker 0] jepsen.util: 7	:info	:broadcast	7	[:crash "malformed message"]
2024-11-28 00:03:27,812{GMT}	INFO	[jepsen worker 0] jepsen.util: 8	:invoke	:broadcast	8
2024-11-28 00:03:27,814{GMT}	INFO	[jepsen worker 0] jepsen.util: 8	:info	:broadcast	8	[:crash "malformed message"]
2024-11-28 00:03:27,988{GMT}	INFO	[jepsen worker 0] jepsen.util: 9	:invoke	:broadcast	9
2024-11-28 00:03:27,991{GMT}	INFO	[jepsen worker 0] jepsen.util: 9	:info	:broadcast	9	[:crash "malformed message"]
2024-11-28 00:03:28,074{GMT}	INFO	[jepsen worker 0] jepsen.util: 10	:invoke	:read	nil
2024-11-28 00:03:28,076{GMT}	INFO	[jepsen worker 0] jepsen.util: 10	:ok	:read	[]
2024-11-28 00:03:28,162{GMT}	INFO	[jepsen worker 0] jepsen.util: 10	:invoke	:broadcast	10
2024-11-28 00:03:28,163{GMT}	INFO	[jepsen worker 0] jepsen.util: 10	:info	:broadcast	10	[:crash "malformed message"]
2024-11-28 00:03:28,300{GMT}	INFO	[jepsen worker 0] jepsen.util: 11	:invoke	:read	nil
2024-11-28 00:03:28,302{GMT}	INFO	[jepsen worker 0] jepsen.util: 11	:ok	:read	[]
2024-11-28 00:03:28,444{GMT}	INFO	[jepsen worker 0] jepsen.util: 11	:invoke	:read	nil
2024-11-28 00:03:28,447{GMT}	INFO	[jepsen worker 0] jepsen.util: 11	:ok	:read	[]
2024-11-28 00:03:28,474{GMT}	INFO	[jepsen worker 0] jepsen.util: 11	:invoke	:read	nil
2024-11-28 00:03:28,475{GMT}	INFO	[jepsen worker 0] jepsen.util: 11	:ok	:read	[]
2024-11-28 00:03:28,634{GMT}	INFO	[jepsen worker 0] jepsen.util: 11	:invoke	:read	nil
2024-11-28 00:03:28,635{GMT}	INFO	[jepsen worker 0] jepsen.util: 11	:ok	:read	[]
2024-11-28 00:03:28,745{GMT}	INFO	[jepsen worker 0] jepsen.util: 11	:invoke	:read	nil
2024-11-28 00:03:28,747{GMT}	INFO	[jepsen worker 0] jepsen.util: 11	:ok	:read	[]
2024-11-28 00:03:28,863{GMT}	INFO	[jepsen worker 0] jepsen.util: 11	:invoke	:read	nil
2024-11-28 00:03:28,865{GMT}	INFO	[jepsen worker 0] jepsen.util: 11	:ok	:read	[]
2024-11-28 00:03:28,929{GMT}	INFO	[jepsen worker 0] jepsen.util: 11	:invoke	:broadcast	11
2024-11-28 00:03:28,931{GMT}	INFO	[jepsen worker 0] jepsen.util: 11	:info	:broadcast	11	[:crash "malformed message"]
2024-11-28 00:03:29,020{GMT}	INFO	[jepsen worker 0] jepsen.util: 12	:invoke	:read	nil
2024-11-28 00:03:29,022{GMT}	INFO	[jepsen worker 0] jepsen.util: 12	:ok	:read	[]
2024-11-28 00:03:29,122{GMT}	INFO	[jepsen worker 0] jepsen.util: 12	:invoke	:read	nil
2024-11-28 00:03:29,124{GMT}	INFO	[jepsen worker 0] jepsen.util: 12	:ok	:read	[]
2024-11-28 00:03:29,187{GMT}	INFO	[jepsen worker 0] jepsen.util: 12	:invoke	:read	nil
2024-11-28 00:03:29,188{GMT}	INFO	[jepsen worker 0] jepsen.util: 12	:ok	:read	[]
2024-11-28 00:03:29,335{GMT}	INFO	[jepsen worker 0] jepsen.util: 12	:invoke	:broadcast	12
2024-11-28 00:03:29,338{GMT}	INFO	[jepsen worker 0] jepsen.util: 12	:info	:broadcast	12	[:crash "malformed message"]
2024-11-28 00:03:29,511{GMT}	INFO	[jepsen worker 0] jepsen.util: 13	:invoke	:read	nil
2024-11-28 00:03:29,514{GMT}	INFO	[jepsen worker 0] jepsen.util: 13	:ok	:read	[]
2024-11-28 00:03:29,658{GMT}	INFO	[jepsen worker 0] jepsen.util: 13	:invoke	:read	nil
2024-11-28 00:03:29,660{GMT}	INFO	[jepsen worker 0] jepsen.util: 13	:ok	:read	[]
2024-11-28 00:03:29,709{GMT}	INFO	[jepsen worker 0] jepsen.util: 13	:invoke	:read	nil
2024-11-28 00:03:29,710{GMT}	INFO	[jepsen worker 0] jepsen.util: 13	:ok	:read	[]
2024-11-28 00:03:29,900{GMT}	INFO	[jepsen worker 0] jepsen.util: 13	:invoke	:read	nil
2024-11-28 00:03:29,902{GMT}	INFO	[jepsen worker 0] jepsen.util: 13	:ok	:read	[]
2024-11-28 00:03:30,074{GMT}	INFO	[jepsen worker 0] jepsen.util: 13	:invoke	:broadcast	13
2024-11-28 00:03:30,077{GMT}	INFO	[jepsen worker 0] jepsen.util: 13	:info	:broadcast	13	[:crash "malformed message"]
2024-11-28 00:03:30,082{GMT}	INFO	[jepsen worker 0] jepsen.util: 14	:invoke	:broadcast	14
2024-11-28 00:03:30,084{GMT}	INFO	[jepsen worker 0] jepsen.util: 14	:info	:broadcast	14	[:crash "malformed message"]
2024-11-28 00:03:30,126{GMT}	INFO	[jepsen worker 0] jepsen.util: 15	:invoke	:broadcast	15
2024-11-28 00:03:30,127{GMT}	INFO	[jepsen worker 0] jepsen.util: 15	:info	:broadcast	15	[:crash "malformed message"]
2024-11-28 00:03:30,220{GMT}	INFO	[jepsen worker 0] jepsen.util: 16	:invoke	:read	nil
2024-11-28 00:03:30,221{GMT}	INFO	[jepsen worker 0] jepsen.util: 16	:ok	:read	[]
2024-11-28 00:03:30,419{GMT}	INFO	[jepsen worker 0] jepsen.util: 16	:invoke	:read	nil
2024-11-28 00:03:30,422{GMT}	INFO	[jepsen worker 0] jepsen.util: 16	:ok	:read	[]
2024-11-28 00:03:30,586{GMT}	INFO	[jepsen worker 0] jepsen.util: 16	:invoke	:broadcast	16
2024-11-28 00:03:30,589{GMT}	INFO	[jepsen worker 0] jepsen.util: 16	:info	:broadcast	16	[:crash "malformed message"]
2024-11-28 00:03:30,708{GMT}	INFO	[jepsen worker 0] jepsen.util: 17	:invoke	:broadcast	17
2024-11-28 00:03:30,711{GMT}	INFO	[jepsen worker 0] jepsen.util: 17	:info	:broadcast	17	[:crash "malformed message"]
2024-11-28 00:03:30,879{GMT}	INFO	[jepsen worker 0] jepsen.util: 18	:invoke	:broadcast	18
2024-11-28 00:03:30,881{GMT}	INFO	[jepsen worker 0] jepsen.util: 18	:info	:broadcast	18	[:crash "malformed message"]
2024-11-28 00:03:30,892{GMT}	INFO	[jepsen worker 0] jepsen.util: 19	:invoke	:broadcast	19
2024-11-28 00:03:30,893{GMT}	INFO	[jepsen worker 0] jepsen.util: 19	:info	:broadcast	19	[:crash "malformed message"]
2024-11-28 00:03:31,025{GMT}	INFO	[jepsen worker 0] jepsen.util: 20	:invoke	:broadcast	20
2024-11-28 00:03:31,027{GMT}	INFO	[jepsen worker 0] jepsen.util: 20	:info	:broadcast	20	[:crash "malformed message"]
2024-11-28 00:03:31,163{GMT}	INFO	[jepsen worker 0] jepsen.util: 21	:invoke	:read	nil
2024-11-28 00:03:31,165{GMT}	INFO	[jepsen worker 0] jepsen.util: 21	:ok	:read	[]
2024-11-28 00:03:31,198{GMT}	INFO	[jepsen worker 0] jepsen.util: 21	:invoke	:broadcast	21
2024-11-28 00:03:31,199{GMT}	INFO	[jepsen worker 0] jepsen.util: 21	:info	:broadcast	21	[:crash "malformed message"]
2024-11-28 00:03:31,300{GMT}	INFO	[jepsen worker 0] jepsen.util: 22	:invoke	:broadcast	22
2024-11-28 00:03:31,302{GMT}	INFO	[jepsen worker 0] jepsen.util: 22	:info	:broadcast	22	[:crash "malformed message"]
2024-11-28 00:03:31,419{GMT}	INFO	[jepsen worker 0] jepsen.util: 23	:invoke	:broadcast	23
2024-11-28 00:03:31,420{GMT}	INFO	[jepsen worker 0] jepsen.util: 23	:info	:broadcast	23	[:crash "malformed message"]
2024-11-28 00:03:31,478{GMT}	INFO	[jepsen worker 0] jepsen.util: 24	:invoke	:broadcast	24
2024-11-28 00:03:31,479{GMT}	INFO	[jepsen worker 0] jepsen.util: 24	:info	:broadcast	24	[:crash "malformed message"]
2024-11-28 00:03:31,537{GMT}	INFO	[jepsen worker 0] jepsen.util: 25	:invoke	:broadcast	25
2024-11-28 00:03:31,538{GMT}	INFO	[jepsen worker 0] jepsen.util: 25	:info	:broadcast	25	[:crash "malformed message"]
2024-11-28 00:03:31,610{GMT}	INFO	[jepsen worker 0] jepsen.util: 26	:invoke	:read	nil
2024-11-28 00:03:31,611{GMT}	INFO	[jepsen worker 0] jepsen.util: 26	:ok	:read	[]
2024-11-28 00:03:31,625{GMT}	INFO	[jepsen worker 0] jepsen.util: 26	:invoke	:broadcast	26
2024-11-28 00:03:31,626{GMT}	INFO	[jepsen worker 0] jepsen.util: 26	:info	:broadcast	26	[:crash "malformed message"]
2024-11-28 00:03:31,754{GMT}	INFO	[jepsen worker 0] jepsen.util: 27	:invoke	:read	nil
2024-11-28 00:03:31,755{GMT}	INFO	[jepsen worker 0] jepsen.util: 27	:ok	:read	[]
2024-11-28 00:03:31,902{GMT}	INFO	[jepsen worker 0] jepsen.util: 27	:invoke	:broadcast	27
2024-11-28 00:03:31,905{GMT}	INFO	[jepsen worker 0] jepsen.util: 27	:info	:broadcast	27	[:crash "malformed message"]
2024-11-28 00:03:32,101{GMT}	INFO	[jepsen worker 0] jepsen.util: 28	:invoke	:broadcast	28
2024-11-28 00:03:32,104{GMT}	INFO	[jepsen worker 0] jepsen.util: 28	:info	:broadcast	28	[:crash "malformed message"]
2024-11-28 00:03:32,261{GMT}	INFO	[jepsen worker 0] jepsen.util: 29	:invoke	:broadcast	29
2024-11-28 00:03:32,264{GMT}	INFO	[jepsen worker 0] jepsen.util: 29	:info	:broadcast	29	[:crash "malformed message"]
2024-11-28 00:03:32,378{GMT}	INFO	[jepsen worker 0] jepsen.util: 30	:invoke	:read	nil
2024-11-28 00:03:32,380{GMT}	INFO	[jepsen worker 0] jepsen.util: 30	:ok	:read	[]
2024-11-28 00:03:32,489{GMT}	INFO	[jepsen worker 0] jepsen.util: 30	:invoke	:broadcast	30
2024-11-28 00:03:32,492{GMT}	INFO	[jepsen worker 0] jepsen.util: 30	:info	:broadcast	30	[:crash "malformed message"]
2024-11-28 00:03:32,561{GMT}	INFO	[jepsen worker 0] jepsen.util: 31	:invoke	:broadcast	31
2024-11-28 00:03:32,562{GMT}	INFO	[jepsen worker 0] jepsen.util: 31	:info	:broadcast	31	[:crash "malformed message"]
2024-11-28 00:03:32,704{GMT}	INFO	[jepsen worker 0] jepsen.util: 32	:invoke	:broadcast	32
2024-11-28 00:03:32,707{GMT}	INFO	[jepsen worker 0] jepsen.util: 32	:info	:broadcast	32	[:crash "malformed message"]
2024-11-28 00:03:32,717{GMT}	INFO	[jepsen worker 0] jepsen.util: 33	:invoke	:broadcast	33
2024-11-28 00:03:32,719{GMT}	INFO	[jepsen worker 0] jepsen.util: 33	:info	:broadcast	33	[:crash "malformed message"]
2024-11-28 00:03:32,862{GMT}	INFO	[jepsen worker 0] jepsen.util: 34	:invoke	:broadcast	34
2024-11-28 00:03:32,866{GMT}	INFO	[jepsen worker 0] jepsen.util: 34	:info	:broadcast	34	[:crash "malformed message"]
2024-11-28 00:03:32,866{GMT}	INFO	[jepsen worker 0] jepsen.util: 35	:invoke	:read	nil
2024-11-28 00:03:32,867{GMT}	INFO	[jepsen worker 0] jepsen.util: 35	:ok	:read	[]
2024-11-28 00:03:32,889{GMT}	INFO	[jepsen worker 0] jepsen.util: 35	:invoke	:broadcast	35
2024-11-28 00:03:32,891{GMT}	INFO	[jepsen worker 0] jepsen.util: 35	:info	:broadcast	35	[:crash "malformed message"]
2024-11-28 00:03:32,945{GMT}	INFO	[jepsen worker 0] jepsen.util: 36	:invoke	:broadcast	36
2024-11-28 00:03:32,946{GMT}	INFO	[jepsen worker 0] jepsen.util: 36	:info	:broadcast	36	[:crash "malformed message"]
2024-11-28 00:03:32,997{GMT}	INFO	[jepsen worker 0] jepsen.util: 37	:invoke	:broadcast	37
2024-11-28 00:03:32,998{GMT}	INFO	[jepsen worker 0] jepsen.util: 37	:info	:broadcast	37	[:crash "malformed message"]
2024-11-28 00:03:33,014{GMT}	INFO	[jepsen worker 0] jepsen.util: 38	:invoke	:broadcast	38
2024-11-28 00:03:33,015{GMT}	INFO	[jepsen worker 0] jepsen.util: 38	:info	:broadcast	38	[:crash "malformed message"]
2024-11-28 00:03:33,074{GMT}	INFO	[jepsen worker 0] jepsen.util: 39	:invoke	:read	nil
2024-11-28 00:03:33,075{GMT}	INFO	[jepsen worker 0] jepsen.util: 39	:ok	:read	[]
2024-11-28 00:03:33,128{GMT}	INFO	[jepsen worker 0] jepsen.util: 39	:invoke	:read	nil
2024-11-28 00:03:33,129{GMT}	INFO	[jepsen worker 0] jepsen.util: 39	:ok	:read	[]
2024-11-28 00:03:33,267{GMT}	INFO	[jepsen worker 0] jepsen.util: 39	:invoke	:read	nil
2024-11-28 00:03:33,269{GMT}	INFO	[jepsen worker 0] jepsen.util: 39	:ok	:read	[]
2024-11-28 00:03:33,320{GMT}	INFO	[jepsen worker 0] jepsen.util: 39	:invoke	:broadcast	39
2024-11-28 00:03:33,322{GMT}	INFO	[jepsen worker 0] jepsen.util: 39	:info	:broadcast	39	[:crash "malformed message"]
2024-11-28 00:03:33,479{GMT}	INFO	[jepsen worker 0] jepsen.util: 40	:invoke	:broadcast	40
2024-11-28 00:03:33,482{GMT}	INFO	[jepsen worker 0] jepsen.util: 40	:info	:broadcast	40	[:crash "malformed message"]
2024-11-28 00:03:33,625{GMT}	INFO	[jepsen worker 0] jepsen.util: 41	:invoke	:broadcast	41
2024-11-28 00:03:33,629{GMT}	INFO	[jepsen worker 0] jepsen.util: 41	:info	:broadcast	41	[:crash "malformed message"]
2024-11-28 00:03:33,746{GMT}	INFO	[jepsen worker 0] jepsen.util: 42	:invoke	:read	nil
2024-11-28 00:03:33,748{GMT}	INFO	[jepsen worker 0] jepsen.util: 42	:ok	:read	[]
2024-11-28 00:03:33,801{GMT}	INFO	[jepsen worker 0] jepsen.util: 42	:invoke	:broadcast	42
2024-11-28 00:03:33,802{GMT}	INFO	[jepsen worker 0] jepsen.util: 42	:info	:broadcast	42	[:crash "malformed message"]
2024-11-28 00:03:33,829{GMT}	INFO	[jepsen worker 0] jepsen.util: 43	:invoke	:read	nil
2024-11-28 00:03:33,830{GMT}	INFO	[jepsen worker 0] jepsen.util: 43	:ok	:read	[]
2024-11-28 00:03:33,868{GMT}	INFO	[jepsen worker 0] jepsen.util: 43	:invoke	:broadcast	43
2024-11-28 00:03:33,869{GMT}	INFO	[jepsen worker 0] jepsen.util: 43	:info	:broadcast	43	[:crash "malformed message"]
2024-11-28 00:03:33,934{GMT}	INFO	[jepsen worker 0] jepsen.util: 44	:invoke	:broadcast	44
2024-11-28 00:03:33,935{GMT}	INFO	[jepsen worker 0] jepsen.util: 44	:info	:broadcast	44	[:crash "malformed message"]
2024-11-28 00:03:33,968{GMT}	INFO	[jepsen worker 0] jepsen.util: 45	:invoke	:broadcast	45
2024-11-28 00:03:33,969{GMT}	INFO	[jepsen worker 0] jepsen.util: 45	:info	:broadcast	45	[:crash "malformed message"]
2024-11-28 00:03:34,024{GMT}	INFO	[jepsen worker 0] jepsen.util: 46	:invoke	:broadcast	46
2024-11-28 00:03:34,025{GMT}	INFO	[jepsen worker 0] jepsen.util: 46	:info	:broadcast	46	[:crash "malformed message"]
2024-11-28 00:03:34,165{GMT}	INFO	[jepsen worker 0] jepsen.util: 47	:invoke	:read	nil
2024-11-28 00:03:34,168{GMT}	INFO	[jepsen worker 0] jepsen.util: 47	:ok	:read	[]
2024-11-28 00:03:34,215{GMT}	INFO	[jepsen worker 0] jepsen.util: 47	:invoke	:read	nil
2024-11-28 00:03:34,216{GMT}	INFO	[jepsen worker 0] jepsen.util: 47	:ok	:read	[]
2024-11-28 00:03:34,261{GMT}	INFO	[jepsen worker 0] jepsen.util: 47	:invoke	:read	nil
2024-11-28 00:03:34,261{GMT}	INFO	[jepsen worker 0] jepsen.util: 47	:ok	:read	[]
2024-11-28 00:03:34,326{GMT}	INFO	[jepsen worker 0] jepsen.util: 47	:invoke	:read	nil
2024-11-28 00:03:34,327{GMT}	INFO	[jepsen worker 0] jepsen.util: 47	:ok	:read	[]
2024-11-28 00:03:34,436{GMT}	INFO	[jepsen worker 0] jepsen.util: 47	:invoke	:broadcast	47
2024-11-28 00:03:34,437{GMT}	INFO	[jepsen worker 0] jepsen.util: 47	:info	:broadcast	47	[:crash "malformed message"]
2024-11-28 00:03:34,590{GMT}	INFO	[jepsen worker 0] jepsen.util: 48	:invoke	:read	nil
2024-11-28 00:03:34,592{GMT}	INFO	[jepsen worker 0] jepsen.util: 48	:ok	:read	[]
2024-11-28 00:03:34,636{GMT}	INFO	[jepsen worker 0] jepsen.util: 48	:invoke	:read	nil
2024-11-28 00:03:34,636{GMT}	INFO	[jepsen worker 0] jepsen.util: 48	:ok	:read	[]
2024-11-28 00:03:34,653{GMT}	INFO	[jepsen worker 0] jepsen.util: 48	:invoke	:broadcast	48
2024-11-28 00:03:34,655{GMT}	INFO	[jepsen worker 0] jepsen.util: 48	:info	:broadcast	48	[:crash "malformed message"]
2024-11-28 00:03:34,770{GMT}	INFO	[jepsen worker 0] jepsen.util: 49	:invoke	:read	nil
2024-11-28 00:03:34,771{GMT}	INFO	[jepsen worker 0] jepsen.util: 49	:ok	:read	[]
2024-11-28 00:03:34,811{GMT}	INFO	[jepsen worker 0] jepsen.util: 49	:invoke	:read	nil
2024-11-28 00:03:34,812{GMT}	INFO	[jepsen worker 0] jepsen.util: 49	:ok	:read	[]
2024-11-28 00:03:34,902{GMT}	INFO	[jepsen worker 0] jepsen.util: 49	:invoke	:read	nil
2024-11-28 00:03:34,903{GMT}	INFO	[jepsen worker 0] jepsen.util: 49	:ok	:read	[]
2024-11-28 00:03:35,103{GMT}	INFO	[jepsen worker 0] jepsen.util: 49	:invoke	:read	nil
2024-11-28 00:03:35,105{GMT}	INFO	[jepsen worker 0] jepsen.util: 49	:ok	:read	[]
2024-11-28 00:03:35,229{GMT}	INFO	[jepsen worker 0] jepsen.util: 49	:invoke	:read	nil
2024-11-28 00:03:35,231{GMT}	INFO	[jepsen worker 0] jepsen.util: 49	:ok	:read	[]
2024-11-28 00:03:35,250{GMT}	INFO	[jepsen worker 0] jepsen.util: 49	:invoke	:broadcast	49
2024-11-28 00:03:35,253{GMT}	INFO	[jepsen worker 0] jepsen.util: 49	:info	:broadcast	49	[:crash "malformed message"]
2024-11-28 00:03:35,344{GMT}	INFO	[jepsen worker 0] jepsen.util: 50	:invoke	:read	nil
2024-11-28 00:03:35,346{GMT}	INFO	[jepsen worker 0] jepsen.util: 50	:ok	:read	[]
2024-11-28 00:03:35,435{GMT}	INFO	[jepsen worker 0] jepsen.util: 50	:invoke	:broadcast	50
2024-11-28 00:03:35,437{GMT}	INFO	[jepsen worker 0] jepsen.util: 50	:info	:broadcast	50	[:crash "malformed message"]
2024-11-28 00:03:35,603{GMT}	INFO	[jepsen worker 0] jepsen.util: 51	:invoke	:read	nil
2024-11-28 00:03:35,605{GMT}	INFO	[jepsen worker 0] jepsen.util: 51	:ok	:read	[]
2024-11-28 00:03:35,750{GMT}	INFO	[jepsen worker 0] jepsen.util: 51	:invoke	:broadcast	51
2024-11-28 00:03:35,753{GMT}	INFO	[jepsen worker 0] jepsen.util: 51	:info	:broadcast	51	[:crash "malformed message"]
2024-11-28 00:03:35,936{GMT}	INFO	[jepsen worker 0] jepsen.util: 52	:invoke	:broadcast	52
2024-11-28 00:03:35,940{GMT}	INFO	[jepsen worker 0] jepsen.util: 52	:info	:broadcast	52	[:crash "malformed message"]
2024-11-28 00:03:36,003{GMT}	INFO	[jepsen worker 0] jepsen.util: 53	:invoke	:read	nil
2024-11-28 00:03:36,004{GMT}	INFO	[jepsen worker 0] jepsen.util: 53	:ok	:read	[]
2024-11-28 00:03:36,115{GMT}	INFO	[jepsen worker 0] jepsen.util: 53	:invoke	:read	nil
2024-11-28 00:03:36,116{GMT}	INFO	[jepsen worker 0] jepsen.util: 53	:ok	:read	[]
2024-11-28 00:03:36,265{GMT}	INFO	[jepsen worker 0] jepsen.util: 53	:invoke	:broadcast	53
2024-11-28 00:03:36,268{GMT}	INFO	[jepsen worker 0] jepsen.util: 53	:info	:broadcast	53	[:crash "malformed message"]
2024-11-28 00:03:36,436{GMT}	INFO	[jepsen worker 0] jepsen.util: 54	:invoke	:read	nil
2024-11-28 00:03:36,441{GMT}	INFO	[jepsen worker 0] jepsen.util: 54	:ok	:read	[]
2024-11-28 00:03:36,529{GMT}	INFO	[jepsen worker 0] jepsen.util: 54	:invoke	:broadcast	54
2024-11-28 00:03:36,531{GMT}	INFO	[jepsen worker 0] jepsen.util: 54	:info	:broadcast	54	[:crash "malformed message"]
2024-11-28 00:03:36,615{GMT}	INFO	[jepsen worker 0] jepsen.util: 55	:invoke	:broadcast	55
2024-11-28 00:03:36,618{GMT}	INFO	[jepsen worker 0] jepsen.util: 55	:info	:broadcast	55	[:crash "malformed message"]
2024-11-28 00:03:36,806{GMT}	INFO	[jepsen worker 0] jepsen.util: 56	:invoke	:read	nil
2024-11-28 00:03:36,810{GMT}	INFO	[jepsen worker 0] jepsen.util: 56	:ok	:read	[]
2024-11-28 00:03:36,835{GMT}	INFO	[jepsen worker 0] jepsen.util: 56	:invoke	:broadcast	56
2024-11-28 00:03:36,837{GMT}	INFO	[jepsen worker 0] jepsen.util: 56	:info	:broadcast	56	[:crash "malformed message"]
2024-11-28 00:03:36,992{GMT}	INFO	[jepsen worker 0] jepsen.util: 57	:invoke	:broadcast	57
2024-11-28 00:03:36,996{GMT}	INFO	[jepsen worker 0] jepsen.util: 57	:info	:broadcast	57	[:crash "malformed message"]
2024-11-28 00:03:36,997{GMT}	INFO	[jepsen worker 0] jepsen.util: 58	:invoke	:read	nil
2024-11-28 00:03:36,998{GMT}	INFO	[jepsen worker 0] jepsen.util: 58	:ok	:read	[]
2024-11-28 00:03:37,145{GMT}	INFO	[jepsen worker 0] jepsen.util: 58	:invoke	:broadcast	58
2024-11-28 00:03:37,147{GMT}	INFO	[jepsen worker 0] jepsen.util: 58	:info	:broadcast	58	[:crash "malformed message"]
2024-11-28 00:03:37,306{GMT}	INFO	[jepsen worker 0] jepsen.util: 59	:invoke	:read	nil
2024-11-28 00:03:37,309{GMT}	INFO	[jepsen worker 0] jepsen.util: 59	:ok	:read	[]
2024-11-28 00:03:37,456{GMT}	INFO	[jepsen worker 0] jepsen.util: 59	:invoke	:read	nil
2024-11-28 00:03:37,459{GMT}	INFO	[jepsen worker 0] jepsen.util: 59	:ok	:read	[]
2024-11-28 00:03:37,498{GMT}	INFO	[jepsen worker 0] jepsen.util: 59	:invoke	:broadcast	59
2024-11-28 00:03:37,499{GMT}	INFO	[jepsen worker 0] jepsen.util: 59	:info	:broadcast	59	[:crash "malformed message"]
2024-11-28 00:03:37,645{GMT}	INFO	[jepsen worker 0] jepsen.util: 60	:invoke	:broadcast	60
2024-11-28 00:03:37,649{GMT}	INFO	[jepsen worker 0] jepsen.util: 60	:info	:broadcast	60	[:crash "malformed message"]
2024-11-28 00:03:37,688{GMT}	INFO	[jepsen worker 0] jepsen.util: 61	:invoke	:read	nil
2024-11-28 00:03:37,689{GMT}	INFO	[jepsen worker 0] jepsen.util: 61	:ok	:read	[]
2024-11-28 00:03:37,744{GMT}	INFO	[jepsen worker 0] jepsen.util: 61	:invoke	:read	nil
2024-11-28 00:03:37,745{GMT}	INFO	[jepsen worker 0] jepsen.util: 61	:ok	:read	[]
2024-11-28 00:03:37,823{GMT}	INFO	[jepsen worker 0] jepsen.util: 61	:invoke	:broadcast	61
2024-11-28 00:03:37,825{GMT}	INFO	[jepsen worker 0] jepsen.util: 61	:info	:broadcast	61	[:crash "malformed message"]
2024-11-28 00:03:37,981{GMT}	INFO	[jepsen worker 0] jepsen.util: 62	:invoke	:read	nil
2024-11-28 00:03:37,983{GMT}	INFO	[jepsen worker 0] jepsen.util: 62	:ok	:read	[]
2024-11-28 00:03:38,053{GMT}	INFO	[jepsen worker 0] jepsen.util: 62	:invoke	:read	nil
2024-11-28 00:03:38,054{GMT}	INFO	[jepsen worker 0] jepsen.util: 62	:ok	:read	[]
2024-11-28 00:03:38,211{GMT}	INFO	[jepsen worker 0] jepsen.util: 62	:invoke	:read	nil
2024-11-28 00:03:38,213{GMT}	INFO	[jepsen worker 0] jepsen.util: 62	:ok	:read	[]
2024-11-28 00:03:38,367{GMT}	INFO	[jepsen worker 0] jepsen.util: 62	:invoke	:read	nil
2024-11-28 00:03:38,370{GMT}	INFO	[jepsen worker 0] jepsen.util: 62	:ok	:read	[]
2024-11-28 00:03:38,553{GMT}	INFO	[jepsen worker 0] jepsen.util: 62	:invoke	:read	nil
2024-11-28 00:03:38,554{GMT}	INFO	[jepsen worker 0] jepsen.util: 62	:ok	:read	[]
2024-11-28 00:03:38,626{GMT}	INFO	[jepsen worker 0] jepsen.util: 62	:invoke	:read	nil
2024-11-28 00:03:38,628{GMT}	INFO	[jepsen worker 0] jepsen.util: 62	:ok	:read	[]
2024-11-28 00:03:38,688{GMT}	INFO	[jepsen worker 0] jepsen.util: 62	:invoke	:broadcast	62
2024-11-28 00:03:38,690{GMT}	INFO	[jepsen worker 0] jepsen.util: 62	:info	:broadcast	62	[:crash "malformed message"]
2024-11-28 00:03:38,745{GMT}	INFO	[jepsen worker 0] jepsen.util: 63	:invoke	:read	nil
2024-11-28 00:03:38,746{GMT}	INFO	[jepsen worker 0] jepsen.util: 63	:ok	:read	[]
2024-11-28 00:03:38,862{GMT}	INFO	[jepsen worker 0] jepsen.util: 63	:invoke	:broadcast	63
2024-11-28 00:03:38,863{GMT}	INFO	[jepsen worker 0] jepsen.util: 63	:info	:broadcast	63	[:crash "malformed message"]
2024-11-28 00:03:38,898{GMT}	INFO	[jepsen worker 0] jepsen.util: 64	:invoke	:read	nil
2024-11-28 00:03:38,899{GMT}	INFO	[jepsen worker 0] jepsen.util: 64	:ok	:read	[]
2024-11-28 00:03:38,978{GMT}	INFO	[jepsen worker 0] jepsen.util: 64	:invoke	:read	nil
2024-11-28 00:03:38,979{GMT}	INFO	[jepsen worker 0] jepsen.util: 64	:ok	:read	[]
2024-11-28 00:03:39,023{GMT}	INFO	[jepsen worker 0] jepsen.util: 64	:invoke	:read	nil
2024-11-28 00:03:39,023{GMT}	INFO	[jepsen worker 0] jepsen.util: 64	:ok	:read	[]
2024-11-28 00:03:39,161{GMT}	INFO	[jepsen worker 0] jepsen.util: 64	:invoke	:read	nil
2024-11-28 00:03:39,162{GMT}	INFO	[jepsen worker 0] jepsen.util: 64	:ok	:read	[]
2024-11-28 00:03:39,362{GMT}	INFO	[jepsen worker 0] jepsen.util: 64	:invoke	:read	nil
2024-11-28 00:03:39,363{GMT}	INFO	[jepsen worker 0] jepsen.util: 64	:ok	:read	[]
2024-11-28 00:03:39,510{GMT}	INFO	[jepsen worker 0] jepsen.util: 64	:invoke	:read	nil
2024-11-28 00:03:39,510{GMT}	INFO	[jepsen worker 0] jepsen.util: 64	:ok	:read	[]
2024-11-28 00:03:39,606{GMT}	INFO	[jepsen worker 0] jepsen.util: 64	:invoke	:broadcast	64
2024-11-28 00:03:39,607{GMT}	INFO	[jepsen worker 0] jepsen.util: 64	:info	:broadcast	64	[:crash "malformed message"]
2024-11-28 00:03:39,640{GMT}	INFO	[jepsen worker 0] jepsen.util: 65	:invoke	:broadcast	65
2024-11-28 00:03:39,641{GMT}	INFO	[jepsen worker 0] jepsen.util: 65	:info	:broadcast	65	[:crash "malformed message"]
2024-11-28 00:03:39,773{GMT}	INFO	[jepsen worker 0] jepsen.util: 66	:invoke	:broadcast	66
2024-11-28 00:03:39,774{GMT}	INFO	[jepsen worker 0] jepsen.util: 66	:info	:broadcast	66	[:crash "malformed message"]
2024-11-28 00:03:39,923{GMT}	INFO	[jepsen worker 0] jepsen.util: 67	:invoke	:broadcast	67
2024-11-28 00:03:39,925{GMT}	INFO	[jepsen worker 0] jepsen.util: 67	:info	:broadcast	67	[:crash "malformed message"]
2024-11-28 00:03:40,087{GMT}	INFO	[jepsen worker 0] jepsen.util: 68	:invoke	:broadcast	68
2024-11-28 00:03:40,089{GMT}	INFO	[jepsen worker 0] jepsen.util: 68	:info	:broadcast	68	[:crash "malformed message"]
2024-11-28 00:03:40,233{GMT}	INFO	[jepsen worker 0] jepsen.util: 69	:invoke	:broadcast	69
2024-11-28 00:03:40,235{GMT}	INFO	[jepsen worker 0] jepsen.util: 69	:info	:broadcast	69	[:crash "malformed message"]
2024-11-28 00:03:40,359{GMT}	INFO	[jepsen worker 0] jepsen.util: 70	:invoke	:read	nil
2024-11-28 00:03:40,361{GMT}	INFO	[jepsen worker 0] jepsen.util: 70	:ok	:read	[]
2024-11-28 00:03:40,469{GMT}	INFO	[jepsen worker 0] jepsen.util: 70	:invoke	:broadcast	70
2024-11-28 00:03:40,470{GMT}	INFO	[jepsen worker 0] jepsen.util: 70	:info	:broadcast	70	[:crash "malformed message"]
2024-11-28 00:03:40,650{GMT}	INFO	[jepsen worker 0] jepsen.util: 71	:invoke	:read	nil
2024-11-28 00:03:40,652{GMT}	INFO	[jepsen worker 0] jepsen.util: 71	:ok	:read	[]
2024-11-28 00:03:40,786{GMT}	INFO	[jepsen worker 0] jepsen.util: 71	:invoke	:read	nil
2024-11-28 00:03:40,787{GMT}	INFO	[jepsen worker 0] jepsen.util: 71	:ok	:read	[]
2024-11-28 00:03:40,847{GMT}	INFO	[jepsen worker 0] jepsen.util: 71	:invoke	:read	nil
2024-11-28 00:03:40,848{GMT}	INFO	[jepsen worker 0] jepsen.util: 71	:ok	:read	[]
2024-11-28 00:03:40,945{GMT}	INFO	[jepsen worker 0] jepsen.util: 71	:invoke	:read	nil
2024-11-28 00:03:40,947{GMT}	INFO	[jepsen worker 0] jepsen.util: 71	:ok	:read	[]
2024-11-28 00:03:40,968{GMT}	INFO	[jepsen worker 0] jepsen.util: 71	:invoke	:broadcast	71
2024-11-28 00:03:40,969{GMT}	INFO	[jepsen worker 0] jepsen.util: 71	:info	:broadcast	71	[:crash "malformed message"]
2024-11-28 00:03:41,124{GMT}	INFO	[jepsen worker 0] jepsen.util: 72	:invoke	:broadcast	72
2024-11-28 00:03:41,126{GMT}	INFO	[jepsen worker 0] jepsen.util: 72	:info	:broadcast	72	[:crash "malformed message"]
2024-11-28 00:03:41,285{GMT}	INFO	[jepsen worker 0] jepsen.util: 73	:invoke	:read	nil
2024-11-28 00:03:41,287{GMT}	INFO	[jepsen worker 0] jepsen.util: 73	:ok	:read	[]
2024-11-28 00:03:41,373{GMT}	INFO	[jepsen worker 0] jepsen.util: 73	:invoke	:broadcast	73
2024-11-28 00:03:41,375{GMT}	INFO	[jepsen worker 0] jepsen.util: 73	:info	:broadcast	73	[:crash "malformed message"]
2024-11-28 00:03:41,553{GMT}	INFO	[jepsen worker 0] jepsen.util: 74	:invoke	:read	nil
2024-11-28 00:03:41,556{GMT}	INFO	[jepsen worker 0] jepsen.util: 74	:ok	:read	[]
2024-11-28 00:03:41,724{GMT}	INFO	[jepsen worker 0] jepsen.util: 74	:invoke	:read	nil
2024-11-28 00:03:41,726{GMT}	INFO	[jepsen worker 0] jepsen.util: 74	:ok	:read	[]
2024-11-28 00:03:41,880{GMT}	INFO	[jepsen worker 0] jepsen.util: 74	:invoke	:broadcast	74
2024-11-28 00:03:41,883{GMT}	INFO	[jepsen worker 0] jepsen.util: 74	:info	:broadcast	74	[:crash "malformed message"]
2024-11-28 00:03:41,956{GMT}	INFO	[jepsen worker 0] jepsen.util: 75	:invoke	:read	nil
2024-11-28 00:03:41,959{GMT}	INFO	[jepsen worker 0] jepsen.util: 75	:ok	:read	[]
2024-11-28 00:03:42,071{GMT}	INFO	[jepsen worker 0] jepsen.util: 75	:invoke	:read	nil
2024-11-28 00:03:42,073{GMT}	INFO	[jepsen worker 0] jepsen.util: 75	:ok	:read	[]
2024-11-28 00:03:42,226{GMT}	INFO	[jepsen worker 0] jepsen.util: 75	:invoke	:read	nil
2024-11-28 00:03:42,228{GMT}	INFO	[jepsen worker 0] jepsen.util: 75	:ok	:read	[]
2024-11-28 00:03:42,275{GMT}	INFO	[jepsen worker 0] jepsen.util: 75	:invoke	:read	nil
2024-11-28 00:03:42,276{GMT}	INFO	[jepsen worker 0] jepsen.util: 75	:ok	:read	[]
2024-11-28 00:03:42,320{GMT}	INFO	[jepsen worker 0] jepsen.util: 75	:invoke	:read	nil
2024-11-28 00:03:42,320{GMT}	INFO	[jepsen worker 0] jepsen.util: 75	:ok	:read	[]
2024-11-28 00:03:42,420{GMT}	INFO	[jepsen worker 0] jepsen.util: 75	:invoke	:read	nil
2024-11-28 00:03:42,421{GMT}	INFO	[jepsen worker 0] jepsen.util: 75	:ok	:read	[]
2024-11-28 00:03:42,493{GMT}	INFO	[jepsen worker 0] jepsen.util: 75	:invoke	:read	nil
2024-11-28 00:03:42,494{GMT}	INFO	[jepsen worker 0] jepsen.util: 75	:ok	:read	[]
2024-11-28 00:03:42,591{GMT}	INFO	[jepsen worker 0] jepsen.util: 75	:invoke	:read	nil
2024-11-28 00:03:42,591{GMT}	INFO	[jepsen worker 0] jepsen.util: 75	:ok	:read	[]
2024-11-28 00:03:42,645{GMT}	INFO	[jepsen worker 0] jepsen.util: 75	:invoke	:read	nil
2024-11-28 00:03:42,645{GMT}	INFO	[jepsen worker 0] jepsen.util: 75	:ok	:read	[]
2024-11-28 00:03:42,787{GMT}	INFO	[jepsen worker 0] jepsen.util: 75	:invoke	:read	nil
2024-11-28 00:03:42,789{GMT}	INFO	[jepsen worker 0] jepsen.util: 75	:ok	:read	[]
2024-11-28 00:03:42,929{GMT}	INFO	[jepsen worker 0] jepsen.util: 75	:invoke	:broadcast	75
2024-11-28 00:03:42,931{GMT}	INFO	[jepsen worker 0] jepsen.util: 75	:info	:broadcast	75	[:crash "malformed message"]
2024-11-28 00:03:43,074{GMT}	INFO	[jepsen worker 0] jepsen.util: 76	:invoke	:broadcast	76
2024-11-28 00:03:43,076{GMT}	INFO	[jepsen worker 0] jepsen.util: 76	:info	:broadcast	76	[:crash "malformed message"]
2024-11-28 00:03:43,076{GMT}	INFO	[jepsen worker 0] jepsen.util: 77	:invoke	:broadcast	77
2024-11-28 00:03:43,078{GMT}	INFO	[jepsen worker 0] jepsen.util: 77	:info	:broadcast	77	[:crash "malformed message"]
2024-11-28 00:03:43,176{GMT}	INFO	[jepsen worker 0] jepsen.util: 78	:invoke	:read	nil
2024-11-28 00:03:43,178{GMT}	INFO	[jepsen worker 0] jepsen.util: 78	:ok	:read	[]
2024-11-28 00:03:43,285{GMT}	INFO	[jepsen worker 0] jepsen.util: 78	:invoke	:broadcast	78
2024-11-28 00:03:43,288{GMT}	INFO	[jepsen worker 0] jepsen.util: 78	:info	:broadcast	78	[:crash "malformed message"]
2024-11-28 00:03:43,430{GMT}	INFO	[jepsen worker 0] jepsen.util: 79	:invoke	:read	nil
2024-11-28 00:03:43,432{GMT}	INFO	[jepsen worker 0] jepsen.util: 79	:ok	:read	[]
2024-11-28 00:03:43,528{GMT}	INFO	[jepsen worker 0] jepsen.util: 79	:invoke	:read	nil
2024-11-28 00:03:43,530{GMT}	INFO	[jepsen worker 0] jepsen.util: 79	:ok	:read	[]
2024-11-28 00:03:43,646{GMT}	INFO	[jepsen worker 0] jepsen.util: 79	:invoke	:broadcast	79
2024-11-28 00:03:43,649{GMT}	INFO	[jepsen worker 0] jepsen.util: 79	:info	:broadcast	79	[:crash "malformed message"]
2024-11-28 00:03:43,824{GMT}	INFO	[jepsen worker 0] jepsen.util: 80	:invoke	:broadcast	80
2024-11-28 00:03:43,827{GMT}	INFO	[jepsen worker 0] jepsen.util: 80	:info	:broadcast	80	[:crash "malformed message"]
2024-11-28 00:03:43,966{GMT}	INFO	[jepsen worker 0] jepsen.util: 81	:invoke	:read	nil
2024-11-28 00:03:43,969{GMT}	INFO	[jepsen worker 0] jepsen.util: 81	:ok	:read	[]
2024-11-28 00:03:44,086{GMT}	INFO	[jepsen worker 0] jepsen.util: 81	:invoke	:broadcast	81
2024-11-28 00:03:44,089{GMT}	INFO	[jepsen worker 0] jepsen.util: 81	:info	:broadcast	81	[:crash "malformed message"]
2024-11-28 00:03:44,145{GMT}	INFO	[jepsen worker 0] jepsen.util: 82	:invoke	:read	nil
2024-11-28 00:03:44,146{GMT}	INFO	[jepsen worker 0] jepsen.util: 82	:ok	:read	[]
2024-11-28 00:03:44,245{GMT}	INFO	[jepsen worker 0] jepsen.util: 82	:invoke	:read	nil
2024-11-28 00:03:44,246{GMT}	INFO	[jepsen worker 0] jepsen.util: 82	:ok	:read	[]
2024-11-28 00:03:44,328{GMT}	INFO	[jepsen worker 0] jepsen.util: 82	:invoke	:read	nil
2024-11-28 00:03:44,329{GMT}	INFO	[jepsen worker 0] jepsen.util: 82	:ok	:read	[]
2024-11-28 00:03:44,469{GMT}	INFO	[jepsen worker 0] jepsen.util: 82	:invoke	:read	nil
2024-11-28 00:03:44,471{GMT}	INFO	[jepsen worker 0] jepsen.util: 82	:ok	:read	[]
2024-11-28 00:03:44,591{GMT}	INFO	[jepsen worker 0] jepsen.util: 82	:invoke	:read	nil
2024-11-28 00:03:44,593{GMT}	INFO	[jepsen worker 0] jepsen.util: 82	:ok	:read	[]
2024-11-28 00:03:44,703{GMT}	INFO	[jepsen worker 0] jepsen.util: 82	:invoke	:broadcast	82
2024-11-28 00:03:44,704{GMT}	INFO	[jepsen worker 0] jepsen.util: 82	:info	:broadcast	82	[:crash "malformed message"]
2024-11-28 00:03:44,781{GMT}	INFO	[jepsen worker 0] jepsen.util: 83	:invoke	:broadcast	83
2024-11-28 00:03:44,782{GMT}	INFO	[jepsen worker 0] jepsen.util: 83	:info	:broadcast	83	[:crash "malformed message"]
2024-11-28 00:03:44,891{GMT}	INFO	[jepsen worker 0] jepsen.util: 84	:invoke	:broadcast	84
2024-11-28 00:03:44,893{GMT}	INFO	[jepsen worker 0] jepsen.util: 84	:info	:broadcast	84	[:crash "malformed message"]
2024-11-28 00:03:44,990{GMT}	INFO	[jepsen worker 0] jepsen.util: 85	:invoke	:read	nil
2024-11-28 00:03:44,991{GMT}	INFO	[jepsen worker 0] jepsen.util: 85	:ok	:read	[]
2024-11-28 00:03:45,012{GMT}	INFO	[jepsen worker 0] jepsen.util: 85	:invoke	:broadcast	85
2024-11-28 00:03:45,012{GMT}	INFO	[jepsen worker 0] jepsen.util: 85	:info	:broadcast	85	[:crash "malformed message"]
2024-11-28 00:03:45,050{GMT}	INFO	[jepsen worker 0] jepsen.util: 86	:invoke	:read	nil
2024-11-28 00:03:45,051{GMT}	INFO	[jepsen worker 0] jepsen.util: 86	:ok	:read	[]
2024-11-28 00:03:45,204{GMT}	INFO	[jepsen worker 0] jepsen.util: 86	:invoke	:read	nil
2024-11-28 00:03:45,206{GMT}	INFO	[jepsen worker 0] jepsen.util: 86	:ok	:read	[]
2024-11-28 00:03:45,345{GMT}	INFO	[jepsen worker 0] jepsen.util: 86	:invoke	:broadcast	86
2024-11-28 00:03:45,347{GMT}	INFO	[jepsen worker 0] jepsen.util: 86	:info	:broadcast	86	[:crash "malformed message"]
2024-11-28 00:03:45,478{GMT}	INFO	[jepsen worker 0] jepsen.util: 87	:invoke	:read	nil
2024-11-28 00:03:45,480{GMT}	INFO	[jepsen worker 0] jepsen.util: 87	:ok	:read	[]
2024-11-28 00:03:45,516{GMT}	INFO	[jepsen worker 0] jepsen.util: 87	:invoke	:read	nil
2024-11-28 00:03:45,517{GMT}	INFO	[jepsen worker 0] jepsen.util: 87	:ok	:read	[]
2024-11-28 00:03:45,645{GMT}	INFO	[jepsen worker 0] jepsen.util: 87	:invoke	:broadcast	87
2024-11-28 00:03:45,647{GMT}	INFO	[jepsen worker 0] jepsen.util: 87	:info	:broadcast	87	[:crash "malformed message"]
2024-11-28 00:03:45,712{GMT}	INFO	[jepsen worker 0] jepsen.util: 88	:invoke	:read	nil
2024-11-28 00:03:45,713{GMT}	INFO	[jepsen worker 0] jepsen.util: 88	:ok	:read	[]
2024-11-28 00:03:45,793{GMT}	INFO	[jepsen worker 0] jepsen.util: 88	:invoke	:broadcast	88
2024-11-28 00:03:45,795{GMT}	INFO	[jepsen worker 0] jepsen.util: 88	:info	:broadcast	88	[:crash "malformed message"]
2024-11-28 00:03:45,886{GMT}	INFO	[jepsen worker 0] jepsen.util: 89	:invoke	:broadcast	89
2024-11-28 00:03:45,888{GMT}	INFO	[jepsen worker 0] jepsen.util: 89	:info	:broadcast	89	[:crash "malformed message"]
2024-11-28 00:03:45,888{GMT}	INFO	[jepsen worker nemesis] jepsen.generator.interpreter: Waiting for recovery...
2024-11-28 00:03:55,896{GMT}	INFO	[jepsen worker 0] jepsen.util: 90	:invoke	:read	nil
2024-11-28 00:03:55,899{GMT}	INFO	[jepsen worker 0] jepsen.util: 90	:ok	:read	[]
2024-11-28 00:03:55,917{GMT}	INFO	[jepsen test runner] jepsen.core: Run complete, writing
2024-11-28 00:03:55,960{GMT}	INFO	[jepsen node n0] maelstrom.db: Tearing down n0
2024-11-28 00:03:57,021{GMT}	INFO	[jepsen node n0] maelstrom.net: Shutting down Maelstrom network
2024-11-28 00:03:57,022{GMT}	INFO	[jepsen test runner] jepsen.core: Analyzing...
2024-11-28 00:03:57,291{GMT}	INFO	[jepsen test runner] jepsen.core: Analysis complete
2024-11-28 00:03:57,298{GMT}	INFO	[jepsen results] jepsen.store: Wrote /Users/alex/Workspace/maelstrom/maelstrom-broadcast/store/broadcast/20241128T000325.079-0500/results.edn
2024-11-28 00:03:57,314{GMT}	INFO	[jepsen test runner] jepsen.core: {:perf {:latency-graph {:valid? true},
        :rate-graph {:valid? true},
        :valid? true},
 :timeline {:valid? true},
 :exceptions {:valid? true},
 :stats {:valid? false,
         :count 196,
         :ok-count 106,
         :fail-count 0,
         :info-count 90,
         :by-f {:broadcast {:valid? false,
                            :count 90,
                            :ok-count 0,
                            :fail-count 0,
                            :info-count 90},
                :read {:valid? true,
                       :count 106,
                       :ok-count 106,
                       :fail-count 0,
                       :info-count 0}}},
 :availability {:valid? true, :ok-fraction 0.5408163},
 :net {:all {:send-count 396,
             :recv-count 396,
             :msg-count 396,
             :msgs-per-op 2.0204082},
       :clients {:send-count 396, :recv-count 396, :msg-count 396},
       :servers {:send-count 0,
                 :recv-count 0,
                 :msg-count 0,
                 :msgs-per-op 0.0},
       :valid? true},
 :workload {:worst-stale (),
            :duplicated-count 0,
            :valid? :unknown,
            :lost-count 0,
            :lost (),
            :stable-count 0,
            :stale-count 0,
            :stale (),
            :never-read-count 90,
            :attempt-count 90,
            :never-read (0
                         1
                         2
                         3
                         4
                         5
                         6
                         7
                         8
                         9
                         10
                         11
                         12
                         13
                         14
                         15
                         16
                         17
                         18
                         19
                         20
                         21
                         22
                         23
                         24
                         25
                         26
                         27
                         28
                         29
                         30
                         31
                         32
                         33
                         34
                         35
                         36
                         37
                         38
                         39
                         40
                         41
                         42
                         43
                         44
                         45
                         46
                         47
                         48
                         49
                         50
                         51
                         52
                         53
                         54
                         55
                         56
                         57
                         58
                         59
                         60
                         61
                         62
                         63
                         64
                         65
                         66
                         67
                         68
                         69
                         70
                         71
                         72
                         73
                         74
                         75
                         76
                         77
                         78
                         79
                         80
                         81
                         82
                         83
                         84
                         85
                         86
                         87
                         88
                         89),
            :duplicated {}},
 :valid? false}


Analysis invalid! (ﾉಥ益ಥ）ﾉ ┻━┻
