2024-11-27 23:25:34,292{GMT}	INFO	[jepsen test runner] jepsen.core: Command line:
lein run test -w echo --bin /Users/alex/.go/bin/maelstrom-echo --node-count 1 --time-limit 10
2024-11-27 23:25:34,317{GMT}	INFO	[jepsen test runner] jepsen.core: Running test:
{:args []
 :remote
 #jepsen.control.retry.Remote{:remote #jepsen.control.scp.Remote{:cmd-remote #jepsen.control.sshj.SSHJRemote{:concurrency-limit 6,
                                                                                                             :conn-spec nil,
                                                                                                             :client nil,
                                                                                                             :semaphore nil},
                                                                 :conn-spec nil},
                              :conn nil}
 :log-net-send false
 :node-count 1
 :availability nil
 :max-txn-length 4
 :concurrency 1
 :db
 #object[maelstrom.db$db$reify__16142
         "0x6b28d4e4"
         "maelstrom.db$db$reify__16142@6b28d4e4"]
 :max-writes-per-key 16
 :leave-db-running? false
 :name "echo"
 :logging-json? false
 :start-time
 #object[org.joda.time.DateTime "0x1660bba7" "2024-11-27T23:25:34.270-05:00"]
 :nemesis-interval 10
 :net
 #object[maelstrom.net$jepsen_net$reify__15251
         "0x29cd48bd"
         "maelstrom.net$jepsen_net$reify__15251@29cd48bd"]
 :client
 #object[maelstrom.workload.echo$client$reify__16863
         "0x49e3b86b"
         "maelstrom.workload.echo$client$reify__16863@49e3b86b"]
 :barrier
 #object[java.util.concurrent.CyclicBarrier
         "0x64b262a7"
         "java.util.concurrent.CyclicBarrier@64b262a7"]
 :log-stderr false
 :pure-generators true
 :ssh {:dummy? true}
 :rate 5
 :checker
 #object[jepsen.checker$compose$reify__11881
         "0x771c4015"
         "jepsen.checker$compose$reify__11881@771c4015"]
 :argv
 ("test"
  "-w"
  "echo"
  "--bin"
  "/Users/alex/.go/bin/maelstrom-echo"
  "--node-count"
  "1"
  "--time-limit"
  "10")
 :nemesis
 (jepsen.nemesis.ReflCompose
  {:fm {:start-partition 0,
        :stop-partition 0,
        :kill 1,
        :start 1,
        :pause 1,
        :resume 1},
   :nemeses [#unprintable "jepsen.nemesis.combined$partition_nemesis$reify__16416@34d776eb"
             #unprintable "jepsen.nemesis.combined$db_nemesis$reify__16397@60a3a0fa"]})
 :nodes ["n0"]
 :test-count 1
 :latency {:mean 0, :dist :constant}
 :bin "/Users/alex/.go/bin/maelstrom-echo"
 :generator
 (jepsen.generator.TimeLimit
  {:limit 10000000000,
   :cutoff nil,
   :gen (jepsen.generator.Any
         {:gens [(jepsen.generator.OnThreads
                  {:f #{:nemesis},
                   :context-filter #object[jepsen.generator.context$make_thread_filter$lazy_filter__9167
                                           "0x49d5b651"
                                           "jepsen.generator.context$make_thread_filter$lazy_filter__9167@49d5b651"],
                   :gen nil})
                 (jepsen.generator.OnThreads
                  {:f #jepsen.generator.context.AllBut{:element :nemesis},
                   :context-filter #object[jepsen.generator.context$make_thread_filter$lazy_filter__9167
                                           "0x34989ceb"
                                           "jepsen.generator.context$make_thread_filter$lazy_filter__9167@34989ceb"],
                   :gen (jepsen.generator.Stagger
                         {:dt 400000000,
                          :next-time nil,
                          :gen (jepsen.generator.EachThread
                                {:fresh-gen #object[maelstrom.workload.echo$workload$fn__16882
                                                    "0x61fb3dae"
                                                    "maelstrom.workload.echo$workload$fn__16882@61fb3dae"],
                                 :context-filters #object[clojure.core$promise$reify__8591
                                                          "0x9c88323"
                                                          {:status :pending,
                                                           :val nil}],
                                 :gens {}})})})]})})
 :log-net-recv false
 :os
 #object[maelstrom.net$jepsen_os$reify__15254
         "0x6d4bdb75"
         "maelstrom.net$jepsen_os$reify__15254@6d4bdb75"]
 :time-limit 10
 :workload :echo
 :consistency-models [:strict-serializable]
 :topology :grid}

2024-11-27 23:25:35,120{GMT}	INFO	[jepsen node n0] maelstrom.net: Starting Maelstrom network
2024-11-27 23:25:35,124{GMT}	INFO	[jepsen test runner] jepsen.db: Tearing down DB
2024-11-27 23:25:35,125{GMT}	INFO	[jepsen test runner] jepsen.db: Setting up DB
2024-11-27 23:25:35,127{GMT}	INFO	[jepsen node n0] maelstrom.service: Starting services: (lin-kv lin-tso lww-kv seq-kv)
2024-11-27 23:25:35,128{GMT}	INFO	[jepsen node n0] maelstrom.db: Setting up n0
2024-11-27 23:25:35,128{GMT}	INFO	[jepsen node n0] maelstrom.process: launching /Users/alex/.go/bin/maelstrom-echo []
2024-11-27 23:25:35,326{GMT}	INFO	[jepsen test runner] jepsen.core: Relative time begins now
2024-11-27 23:25:35,335{GMT}	INFO	[jepsen worker 0] jepsen.util: 0	:invoke	:echo	"Please echo 90"
2024-11-27 23:25:35,340{GMT}	INFO	[jepsen worker 0] jepsen.util: 0	:ok	:echo	{:echo "Please echo 90", :in_reply_to 1, :msg_id 1, :type "echo_ok"}
2024-11-27 23:25:35,355{GMT}	INFO	[jepsen worker 0] jepsen.util: 0	:invoke	:echo	"Please echo 48"
2024-11-27 23:25:35,356{GMT}	INFO	[jepsen worker 0] jepsen.util: 0	:ok	:echo	{:echo "Please echo 48", :in_reply_to 2, :msg_id 2, :type "echo_ok"}
2024-11-27 23:25:35,484{GMT}	INFO	[jepsen worker 0] jepsen.util: 0	:invoke	:echo	"Please echo 1"
2024-11-27 23:25:35,486{GMT}	INFO	[jepsen worker 0] jepsen.util: 0	:ok	:echo	{:echo "Please echo 1", :in_reply_to 3, :msg_id 3, :type "echo_ok"}
2024-11-27 23:25:35,749{GMT}	INFO	[jepsen worker 0] jepsen.util: 0	:invoke	:echo	"Please echo 74"
2024-11-27 23:25:35,752{GMT}	INFO	[jepsen worker 0] jepsen.util: 0	:ok	:echo	{:echo "Please echo 74", :in_reply_to 4, :msg_id 4, :type "echo_ok"}
2024-11-27 23:25:36,102{GMT}	INFO	[jepsen worker 0] jepsen.util: 0	:invoke	:echo	"Please echo 118"
2024-11-27 23:25:36,105{GMT}	INFO	[jepsen worker 0] jepsen.util: 0	:ok	:echo	{:echo "Please echo 118", :in_reply_to 5, :msg_id 5, :type "echo_ok"}
2024-11-27 23:25:36,140{GMT}	INFO	[jepsen worker 0] jepsen.util: 0	:invoke	:echo	"Please echo 54"
2024-11-27 23:25:36,141{GMT}	INFO	[jepsen worker 0] jepsen.util: 0	:ok	:echo	{:echo "Please echo 54", :in_reply_to 6, :msg_id 6, :type "echo_ok"}
2024-11-27 23:25:36,452{GMT}	INFO	[jepsen worker 0] jepsen.util: 0	:invoke	:echo	"Please echo 7"
2024-11-27 23:25:36,455{GMT}	INFO	[jepsen worker 0] jepsen.util: 0	:ok	:echo	{:echo "Please echo 7", :in_reply_to 7, :msg_id 7, :type "echo_ok"}
2024-11-27 23:25:36,816{GMT}	INFO	[jepsen worker 0] jepsen.util: 0	:invoke	:echo	"Please echo 37"
2024-11-27 23:25:36,819{GMT}	INFO	[jepsen worker 0] jepsen.util: 0	:ok	:echo	{:echo "Please echo 37", :in_reply_to 8, :msg_id 8, :type "echo_ok"}
2024-11-27 23:25:36,971{GMT}	INFO	[jepsen worker 0] jepsen.util: 0	:invoke	:echo	"Please echo 39"
2024-11-27 23:25:36,974{GMT}	INFO	[jepsen worker 0] jepsen.util: 0	:ok	:echo	{:echo "Please echo 39", :in_reply_to 9, :msg_id 9, :type "echo_ok"}
2024-11-27 23:25:37,021{GMT}	INFO	[jepsen worker 0] jepsen.util: 0	:invoke	:echo	"Please echo 95"
2024-11-27 23:25:37,023{GMT}	INFO	[jepsen worker 0] jepsen.util: 0	:ok	:echo	{:echo "Please echo 95", :in_reply_to 10, :msg_id 10, :type "echo_ok"}
2024-11-27 23:25:37,106{GMT}	INFO	[jepsen worker 0] jepsen.util: 0	:invoke	:echo	"Please echo 52"
2024-11-27 23:25:37,107{GMT}	INFO	[jepsen worker 0] jepsen.util: 0	:ok	:echo	{:echo "Please echo 52", :in_reply_to 11, :msg_id 11, :type "echo_ok"}
2024-11-27 23:25:37,172{GMT}	INFO	[jepsen worker 0] jepsen.util: 0	:invoke	:echo	"Please echo 58"
2024-11-27 23:25:37,173{GMT}	INFO	[jepsen worker 0] jepsen.util: 0	:ok	:echo	{:echo "Please echo 58", :in_reply_to 12, :msg_id 12, :type "echo_ok"}
2024-11-27 23:25:37,444{GMT}	INFO	[jepsen worker 0] jepsen.util: 0	:invoke	:echo	"Please echo 39"
2024-11-27 23:25:37,448{GMT}	INFO	[jepsen worker 0] jepsen.util: 0	:ok	:echo	{:echo "Please echo 39", :in_reply_to 13, :msg_id 13, :type "echo_ok"}
2024-11-27 23:25:37,715{GMT}	INFO	[jepsen worker 0] jepsen.util: 0	:invoke	:echo	"Please echo 97"
2024-11-27 23:25:37,716{GMT}	INFO	[jepsen worker 0] jepsen.util: 0	:ok	:echo	{:echo "Please echo 97", :in_reply_to 14, :msg_id 14, :type "echo_ok"}
2024-11-27 23:25:38,006{GMT}	INFO	[jepsen worker 0] jepsen.util: 0	:invoke	:echo	"Please echo 34"
2024-11-27 23:25:38,010{GMT}	INFO	[jepsen worker 0] jepsen.util: 0	:ok	:echo	{:echo "Please echo 34", :in_reply_to 15, :msg_id 15, :type "echo_ok"}
2024-11-27 23:25:38,086{GMT}	INFO	[jepsen worker 0] jepsen.util: 0	:invoke	:echo	"Please echo 115"
2024-11-27 23:25:38,088{GMT}	INFO	[jepsen worker 0] jepsen.util: 0	:ok	:echo	{:echo "Please echo 115", :in_reply_to 16, :msg_id 16, :type "echo_ok"}
2024-11-27 23:25:38,324{GMT}	INFO	[jepsen worker 0] jepsen.util: 0	:invoke	:echo	"Please echo 109"
2024-11-27 23:25:38,327{GMT}	INFO	[jepsen worker 0] jepsen.util: 0	:ok	:echo	{:echo "Please echo 109", :in_reply_to 17, :msg_id 17, :type "echo_ok"}
2024-11-27 23:25:38,333{GMT}	INFO	[jepsen worker 0] jepsen.util: 0	:invoke	:echo	"Please echo 55"
2024-11-27 23:25:38,335{GMT}	INFO	[jepsen worker 0] jepsen.util: 0	:ok	:echo	{:echo "Please echo 55", :in_reply_to 18, :msg_id 18, :type "echo_ok"}
2024-11-27 23:25:38,457{GMT}	INFO	[jepsen worker 0] jepsen.util: 0	:invoke	:echo	"Please echo 105"
2024-11-27 23:25:38,460{GMT}	INFO	[jepsen worker 0] jepsen.util: 0	:ok	:echo	{:echo "Please echo 105", :in_reply_to 19, :msg_id 19, :type "echo_ok"}
2024-11-27 23:25:38,798{GMT}	INFO	[jepsen worker 0] jepsen.util: 0	:invoke	:echo	"Please echo 125"
2024-11-27 23:25:38,799{GMT}	INFO	[jepsen worker 0] jepsen.util: 0	:ok	:echo	{:echo "Please echo 125", :in_reply_to 20, :msg_id 20, :type "echo_ok"}
2024-11-27 23:25:38,885{GMT}	INFO	[jepsen worker 0] jepsen.util: 0	:invoke	:echo	"Please echo 11"
2024-11-27 23:25:38,886{GMT}	INFO	[jepsen worker 0] jepsen.util: 0	:ok	:echo	{:echo "Please echo 11", :in_reply_to 21, :msg_id 21, :type "echo_ok"}
2024-11-27 23:25:39,276{GMT}	INFO	[jepsen worker 0] jepsen.util: 0	:invoke	:echo	"Please echo 115"
2024-11-27 23:25:39,277{GMT}	INFO	[jepsen worker 0] jepsen.util: 0	:ok	:echo	{:echo "Please echo 115", :in_reply_to 22, :msg_id 22, :type "echo_ok"}
2024-11-27 23:25:39,639{GMT}	INFO	[jepsen worker 0] jepsen.util: 0	:invoke	:echo	"Please echo 35"
2024-11-27 23:25:39,642{GMT}	INFO	[jepsen worker 0] jepsen.util: 0	:ok	:echo	{:echo "Please echo 35", :in_reply_to 23, :msg_id 23, :type "echo_ok"}
2024-11-27 23:25:39,968{GMT}	INFO	[jepsen worker 0] jepsen.util: 0	:invoke	:echo	"Please echo 82"
2024-11-27 23:25:39,970{GMT}	INFO	[jepsen worker 0] jepsen.util: 0	:ok	:echo	{:echo "Please echo 82", :in_reply_to 24, :msg_id 24, :type "echo_ok"}
2024-11-27 23:25:40,339{GMT}	INFO	[jepsen worker 0] jepsen.util: 0	:invoke	:echo	"Please echo 28"
2024-11-27 23:25:40,341{GMT}	INFO	[jepsen worker 0] jepsen.util: 0	:ok	:echo	{:echo "Please echo 28", :in_reply_to 25, :msg_id 25, :type "echo_ok"}
2024-11-27 23:25:40,644{GMT}	INFO	[jepsen worker 0] jepsen.util: 0	:invoke	:echo	"Please echo 81"
2024-11-27 23:25:40,647{GMT}	INFO	[jepsen worker 0] jepsen.util: 0	:ok	:echo	{:echo "Please echo 81", :in_reply_to 26, :msg_id 26, :type "echo_ok"}
2024-11-27 23:25:40,657{GMT}	INFO	[jepsen worker 0] jepsen.util: 0	:invoke	:echo	"Please echo 1"
2024-11-27 23:25:40,659{GMT}	INFO	[jepsen worker 0] jepsen.util: 0	:ok	:echo	{:echo "Please echo 1", :in_reply_to 27, :msg_id 27, :type "echo_ok"}
2024-11-27 23:25:41,018{GMT}	INFO	[jepsen worker 0] jepsen.util: 0	:invoke	:echo	"Please echo 84"
2024-11-27 23:25:41,022{GMT}	INFO	[jepsen worker 0] jepsen.util: 0	:ok	:echo	{:echo "Please echo 84", :in_reply_to 28, :msg_id 28, :type "echo_ok"}
2024-11-27 23:25:41,364{GMT}	INFO	[jepsen worker 0] jepsen.util: 0	:invoke	:echo	"Please echo 54"
2024-11-27 23:25:41,367{GMT}	INFO	[jepsen worker 0] jepsen.util: 0	:ok	:echo	{:echo "Please echo 54", :in_reply_to 29, :msg_id 29, :type "echo_ok"}
2024-11-27 23:25:41,588{GMT}	INFO	[jepsen worker 0] jepsen.util: 0	:invoke	:echo	"Please echo 31"
2024-11-27 23:25:41,591{GMT}	INFO	[jepsen worker 0] jepsen.util: 0	:ok	:echo	{:echo "Please echo 31", :in_reply_to 30, :msg_id 30, :type "echo_ok"}
2024-11-27 23:25:41,688{GMT}	INFO	[jepsen worker 0] jepsen.util: 0	:invoke	:echo	"Please echo 100"
2024-11-27 23:25:41,689{GMT}	INFO	[jepsen worker 0] jepsen.util: 0	:ok	:echo	{:echo "Please echo 100", :in_reply_to 31, :msg_id 31, :type "echo_ok"}
2024-11-27 23:25:41,771{GMT}	INFO	[jepsen worker 0] jepsen.util: 0	:invoke	:echo	"Please echo 44"
2024-11-27 23:25:41,771{GMT}	INFO	[jepsen worker 0] jepsen.util: 0	:ok	:echo	{:echo "Please echo 44", :in_reply_to 32, :msg_id 32, :type "echo_ok"}
2024-11-27 23:25:41,849{GMT}	INFO	[jepsen worker 0] jepsen.util: 0	:invoke	:echo	"Please echo 124"
2024-11-27 23:25:41,850{GMT}	INFO	[jepsen worker 0] jepsen.util: 0	:ok	:echo	{:echo "Please echo 124", :in_reply_to 33, :msg_id 33, :type "echo_ok"}
2024-11-27 23:25:42,092{GMT}	INFO	[jepsen worker 0] jepsen.util: 0	:invoke	:echo	"Please echo 122"
2024-11-27 23:25:42,095{GMT}	INFO	[jepsen worker 0] jepsen.util: 0	:ok	:echo	{:echo "Please echo 122", :in_reply_to 34, :msg_id 34, :type "echo_ok"}
2024-11-27 23:25:42,367{GMT}	INFO	[jepsen worker 0] jepsen.util: 0	:invoke	:echo	"Please echo 48"
2024-11-27 23:25:42,369{GMT}	INFO	[jepsen worker 0] jepsen.util: 0	:ok	:echo	{:echo "Please echo 48", :in_reply_to 35, :msg_id 35, :type "echo_ok"}
2024-11-27 23:25:42,521{GMT}	INFO	[jepsen worker 0] jepsen.util: 0	:invoke	:echo	"Please echo 109"
2024-11-27 23:25:42,523{GMT}	INFO	[jepsen worker 0] jepsen.util: 0	:ok	:echo	{:echo "Please echo 109", :in_reply_to 36, :msg_id 36, :type "echo_ok"}
2024-11-27 23:25:42,716{GMT}	INFO	[jepsen worker 0] jepsen.util: 0	:invoke	:echo	"Please echo 117"
2024-11-27 23:25:42,718{GMT}	INFO	[jepsen worker 0] jepsen.util: 0	:ok	:echo	{:echo "Please echo 117", :in_reply_to 37, :msg_id 37, :type "echo_ok"}
2024-11-27 23:25:42,987{GMT}	INFO	[jepsen worker 0] jepsen.util: 0	:invoke	:echo	"Please echo 53"
2024-11-27 23:25:42,990{GMT}	INFO	[jepsen worker 0] jepsen.util: 0	:ok	:echo	{:echo "Please echo 53", :in_reply_to 38, :msg_id 38, :type "echo_ok"}
2024-11-27 23:25:43,231{GMT}	INFO	[jepsen worker 0] jepsen.util: 0	:invoke	:echo	"Please echo 122"
2024-11-27 23:25:43,234{GMT}	INFO	[jepsen worker 0] jepsen.util: 0	:ok	:echo	{:echo "Please echo 122", :in_reply_to 39, :msg_id 39, :type "echo_ok"}
2024-11-27 23:25:43,305{GMT}	INFO	[jepsen worker 0] jepsen.util: 0	:invoke	:echo	"Please echo 120"
2024-11-27 23:25:43,306{GMT}	INFO	[jepsen worker 0] jepsen.util: 0	:ok	:echo	{:echo "Please echo 120", :in_reply_to 40, :msg_id 40, :type "echo_ok"}
2024-11-27 23:25:43,400{GMT}	INFO	[jepsen worker 0] jepsen.util: 0	:invoke	:echo	"Please echo 124"
2024-11-27 23:25:43,401{GMT}	INFO	[jepsen worker 0] jepsen.util: 0	:ok	:echo	{:echo "Please echo 124", :in_reply_to 41, :msg_id 41, :type "echo_ok"}
2024-11-27 23:25:43,759{GMT}	INFO	[jepsen worker 0] jepsen.util: 0	:invoke	:echo	"Please echo 31"
2024-11-27 23:25:43,761{GMT}	INFO	[jepsen worker 0] jepsen.util: 0	:ok	:echo	{:echo "Please echo 31", :in_reply_to 42, :msg_id 42, :type "echo_ok"}
2024-11-27 23:25:44,006{GMT}	INFO	[jepsen worker 0] jepsen.util: 0	:invoke	:echo	"Please echo 28"
2024-11-27 23:25:44,009{GMT}	INFO	[jepsen worker 0] jepsen.util: 0	:ok	:echo	{:echo "Please echo 28", :in_reply_to 43, :msg_id 43, :type "echo_ok"}
2024-11-27 23:25:44,242{GMT}	INFO	[jepsen worker 0] jepsen.util: 0	:invoke	:echo	"Please echo 73"
2024-11-27 23:25:44,244{GMT}	INFO	[jepsen worker 0] jepsen.util: 0	:ok	:echo	{:echo "Please echo 73", :in_reply_to 44, :msg_id 44, :type "echo_ok"}
2024-11-27 23:25:44,423{GMT}	INFO	[jepsen worker 0] jepsen.util: 0	:invoke	:echo	"Please echo 66"
2024-11-27 23:25:44,424{GMT}	INFO	[jepsen worker 0] jepsen.util: 0	:ok	:echo	{:echo "Please echo 66", :in_reply_to 45, :msg_id 45, :type "echo_ok"}
2024-11-27 23:25:44,723{GMT}	INFO	[jepsen worker 0] jepsen.util: 0	:invoke	:echo	"Please echo 85"
2024-11-27 23:25:44,725{GMT}	INFO	[jepsen worker 0] jepsen.util: 0	:ok	:echo	{:echo "Please echo 85", :in_reply_to 46, :msg_id 46, :type "echo_ok"}
2024-11-27 23:25:45,070{GMT}	INFO	[jepsen worker 0] jepsen.util: 0	:invoke	:echo	"Please echo 4"
2024-11-27 23:25:45,071{GMT}	INFO	[jepsen worker 0] jepsen.util: 0	:ok	:echo	{:echo "Please echo 4", :in_reply_to 47, :msg_id 47, :type "echo_ok"}
2024-11-27 23:25:45,351{GMT}	INFO	[jepsen test runner] jepsen.core: Run complete, writing
2024-11-27 23:25:45,416{GMT}	INFO	[jepsen node n0] maelstrom.db: Tearing down n0
2024-11-27 23:25:46,176{GMT}	INFO	[jepsen node n0] maelstrom.net: Shutting down Maelstrom network
2024-11-27 23:25:46,176{GMT}	INFO	[jepsen test runner] jepsen.core: Analyzing...
2024-11-27 23:25:51,793{GMT}	INFO	[jepsen test runner] jepsen.core: Analysis complete
2024-11-27 23:25:51,799{GMT}	INFO	[jepsen results] jepsen.store: Wrote /Users/alex/Workspace/maelstrom/maelstrom/store/echo/20241127T232534.270-0500/results.edn
2024-11-27 23:25:51,821{GMT}	INFO	[jepsen test runner] jepsen.core: {:perf {:latency-graph {:valid? true},
        :rate-graph {:valid? true},
        :valid? true},
 :timeline {:valid? true},
 :exceptions {:valid? true},
 :stats {:valid? true,
         :count 47,
         :ok-count 47,
         :fail-count 0,
         :info-count 0,
         :by-f {:echo {:valid? true,
                       :count 47,
                       :ok-count 47,
                       :fail-count 0,
                       :info-count 0}}},
 :availability {:valid? true, :ok-fraction 1.0},
 :net {:all {:send-count 96,
             :recv-count 96,
             :msg-count 96,
             :msgs-per-op 2.0425532},
       :clients {:send-count 96, :recv-count 96, :msg-count 96},
       :servers {:send-count 0,
                 :recv-count 0,
                 :msg-count 0,
                 :msgs-per-op 0.0},
       :valid? true},
 :workload {:valid? true, :errors ()},
 :valid? true}


Everything looks good! ヽ(‘ー`)ノ
