2024-11-27 23:22:36,201{GMT}	WARN	[jepsen test runner] jepsen.core: Test crashed!
java.nio.file.DirectoryNotEmptyException: store/current
	at java.base/sun.nio.fs.UnixFileSystemProvider.implDelete(UnixFileSystemProvider.java:246)
	at java.base/sun.nio.fs.AbstractFileSystemProvider.deleteIfExists(AbstractFileSystemProvider.java:110)
	at java.base/java.nio.file.Files.deleteIfExists(Files.java:1191)
	at jepsen.store$update_symlink_BANG_.invokeStatic(store.clj:340)
	at jepsen.store$update_symlink_BANG_.invoke(store.clj:331)
	at jepsen.store$update_current_symlink_BANG_.invokeStatic(store.clj:348)
	at jepsen.store$update_current_symlink_BANG_.invoke(store.clj:344)
	at jepsen.store$start_logging_BANG_.invokeStatic(store.clj:504)
	at jepsen.store$start_logging_BANG_.invoke(store.clj:484)
	at jepsen.core$run_BANG_.invokeStatic(core.clj:387)
	at jepsen.core$run_BANG_.invoke(core.clj:318)
	at jepsen.cli$single_test_cmd$fn__13951.invoke(cli.clj:396)
	at jepsen.cli$run_BANG_.invokeStatic(cli.clj:329)
	at jepsen.cli$run_BANG_.invoke(cli.clj:258)
	at maelstrom.core$_main.invokeStatic(core.clj:269)
	at maelstrom.core$_main.doInvoke(core.clj:267)
	at clojure.lang.RestFn.applyTo(RestFn.java:137)
	at maelstrom.core.main(Unknown Source)
