2024-11-28 00:15:39,002{GMT}	INFO	[jepsen test runner] jepsen.core: Command line:
lein run test -w broadcast --bin /Users/alex/.go/bin/maelstrom-broadcast --node-count 1 --time-limit 20 --rate 10
2024-11-28 00:15:39,033{GMT}	INFO	[jepsen test runner] jepsen.core: Running test:
{:args []
 :remote
 #jepsen.control.retry.Remote{:remote #jepsen.control.scp.Remote{:cmd-remote #jepsen.control.sshj.SSHJRemote{:concurrency-limit 6,
                                                                                                             :conn-spec nil,
                                                                                                             :client nil,
                                                                                                             :semaphore nil},
                                                                 :conn-spec nil},
                              :conn nil}
 :log-net-send false
 :node-count 1
 :availability nil
 :max-txn-length 4
 :concurrency 1
 :db
 #object[maelstrom.db$db$reify__16142
         "0x3b42d7df"
         "maelstrom.db$db$reify__16142@3b42d7df"]
 :max-writes-per-key 16
 :leave-db-running? false
 :name "broadcast"
 :logging-json? false
 :start-time
 #object[org.joda.time.DateTime "0x64b262a7" "2024-11-28T00:15:38.986-05:00"]
 :nemesis-interval 10
 :net
 #object[maelstrom.net$jepsen_net$reify__15251
         "0x771c4015"
         "maelstrom.net$jepsen_net$reify__15251@771c4015"]
 :client
 #object[maelstrom.workload.broadcast$client$reify__16644
         "0x34d776eb"
         "maelstrom.workload.broadcast$client$reify__16644@34d776eb"]
 :barrier
 #object[java.util.concurrent.CyclicBarrier
         "0x60a3a0fa"
         "java.util.concurrent.CyclicBarrier@60a3a0fa"]
 :log-stderr false
 :pure-generators true
 :ssh {:dummy? true}
 :rate 10.0
 :checker
 #object[jepsen.checker$compose$reify__11881
         "0x17734113"
         "jepsen.checker$compose$reify__11881@17734113"]
 :argv
 ("test"
  "-w"
  "broadcast"
  "--bin"
  "/Users/alex/.go/bin/maelstrom-broadcast"
  "--node-count"
  "1"
  "--time-limit"
  "20"
  "--rate"
  "10")
 :nemesis
 (jepsen.nemesis.ReflCompose
  {:fm {:start-partition 0,
        :stop-partition 0,
        :kill 1,
        :start 1,
        :pause 1,
        :resume 1},
   :nemeses [#unprintable "jepsen.nemesis.combined$partition_nemesis$reify__16416@27aa700"
             #unprintable "jepsen.nemesis.combined$db_nemesis$reify__16397@d15f98a"]})
 :nodes ["n0"]
 :test-count 1
 :latency {:mean 0, :dist :constant}
 :bin "/Users/alex/.go/bin/maelstrom-broadcast"
 :generator
 ((jepsen.generator.Synchronize
   {:gen (jepsen.generator.TimeLimit
          {:limit 20000000000,
           :cutoff nil,
           :gen (jepsen.generator.Any
                 {:gens [(jepsen.generator.OnThreads
                          {:f #{:nemesis},
                           :context-filter #object[jepsen.generator.context$make_thread_filter$lazy_filter__9167
                                                   "0x9c88323"
                                                   "jepsen.generator.context$make_thread_filter$lazy_filter__9167@9c88323"],
                           :gen nil})
                         (jepsen.generator.OnThreads
                          {:f #jepsen.generator.context.AllBut{:element :nemesis},
                           :context-filter #object[jepsen.generator.context$make_thread_filter$lazy_filter__9167
                                                   "0x6d4bdb75"
                                                   "jepsen.generator.context$make_thread_filter$lazy_filter__9167@6d4bdb75"],
                           :gen (jepsen.generator.Stagger
                                 {:dt 200000000,
                                  :next-time nil,
                                  :gen (jepsen.generator.Mix
                                        {:i 0,
                                         :gens [({:f :broadcast, :value 0}
                                                 {:f :broadcast, :value 1}
                                                 {:f :broadcast, :value 2}
                                                 {:f :broadcast, :value 3}
                                                 {:f :broadcast, :value 4}
                                                 {:f :broadcast, :value 5}
                                                 {:f :broadcast, :value 6}
                                                 {:f :broadcast, :value 7}
                                                 ...)
                                                ({:f :read}
                                                 {:f :read}
                                                 {:f :read}
                                                 {:f :read}
                                                 {:f :read}
                                                 {:f :read}
                                                 {:f :read}
                                                 {:f :read}
                                                 ...)]})})})]})})})
  (jepsen.generator.Synchronize
   {:gen (jepsen.generator.OnThreads
          {:f #{:nemesis},
           :context-filter #object[jepsen.generator.context$make_thread_filter$lazy_filter__9167
                                   "0x256a25a8"
                                   "jepsen.generator.context$make_thread_filter$lazy_filter__9167@256a25a8"],
           :gen ()})})
  (jepsen.generator.Synchronize
   {:gen {:type :log, :value "Waiting for recovery..."}})
  (jepsen.generator.Synchronize {:gen {:type :sleep, :value 10}})
  (jepsen.generator.Synchronize
   {:gen (jepsen.generator.OnThreads
          {:f #jepsen.generator.context.AllBut{:element :nemesis},
           :context-filter #object[jepsen.generator.context$make_thread_filter$lazy_filter__9167
                                   "0x68f67bbd"
                                   "jepsen.generator.context$make_thread_filter$lazy_filter__9167@68f67bbd"],
           :gen (jepsen.generator.EachThread
                 {:fresh-gen {:f :read, :final? true},
                  :context-filters #object[clojure.core$promise$reify__8591
                                           "0x5bd585a5"
                                           {:status :pending, :val nil}],
                  :gens {}})})}))
 :log-net-recv false
 :os
 #object[maelstrom.net$jepsen_os$reify__15254
         "0x65c040c9"
         "maelstrom.net$jepsen_os$reify__15254@65c040c9"]
 :time-limit 20
 :workload :broadcast
 :consistency-models [:strict-serializable]
 :topology :grid}

2024-11-28 00:15:39,803{GMT}	INFO	[jepsen node n0] maelstrom.net: Starting Maelstrom network
2024-11-28 00:15:39,804{GMT}	INFO	[jepsen test runner] jepsen.db: Tearing down DB
2024-11-28 00:15:39,805{GMT}	INFO	[jepsen test runner] jepsen.db: Setting up DB
2024-11-28 00:15:39,806{GMT}	INFO	[jepsen node n0] maelstrom.service: Starting services: (lin-kv lin-tso lww-kv seq-kv)
2024-11-28 00:15:39,806{GMT}	INFO	[jepsen node n0] maelstrom.db: Setting up n0
2024-11-28 00:15:39,807{GMT}	INFO	[jepsen node n0] maelstrom.process: launching /Users/alex/.go/bin/maelstrom-broadcast []
2024-11-28 00:15:39,987{GMT}	INFO	[jepsen test runner] jepsen.core: Relative time begins now
2024-11-28 00:15:39,997{GMT}	INFO	[jepsen worker 0] jepsen.util: 0	:invoke	:broadcast	0
2024-11-28 00:15:40,003{GMT}	INFO	[jepsen worker 0] jepsen.util: 0	:info	:broadcast	0	[:crash "malformed message"]
2024-11-28 00:15:40,150{GMT}	INFO	[jepsen worker 0] jepsen.util: 1	:invoke	:broadcast	1
2024-11-28 00:15:40,152{GMT}	INFO	[jepsen worker 0] jepsen.util: 1	:info	:broadcast	1	[:crash "malformed message"]
2024-11-28 00:15:40,178{GMT}	INFO	[jepsen worker 0] jepsen.util: 2	:invoke	:read	nil
2024-11-28 00:15:40,179{GMT}	INFO	[jepsen worker 0] jepsen.util: 2	:ok	:read	[]
2024-11-28 00:15:40,179{GMT}	INFO	[jepsen worker 0] jepsen.util: 2	:invoke	:broadcast	2
2024-11-28 00:15:40,180{GMT}	INFO	[jepsen worker 0] jepsen.util: 2	:info	:broadcast	2	[:crash "malformed message"]
2024-11-28 00:15:40,290{GMT}	INFO	[jepsen worker 0] jepsen.util: 3	:invoke	:broadcast	3
2024-11-28 00:15:40,292{GMT}	INFO	[jepsen worker 0] jepsen.util: 3	:info	:broadcast	3	[:crash "malformed message"]
2024-11-28 00:15:40,315{GMT}	INFO	[jepsen worker 0] jepsen.util: 4	:invoke	:read	nil
2024-11-28 00:15:40,317{GMT}	INFO	[jepsen worker 0] jepsen.util: 4	:ok	:read	[]
2024-11-28 00:15:40,407{GMT}	INFO	[jepsen worker 0] jepsen.util: 4	:invoke	:broadcast	4
2024-11-28 00:15:40,408{GMT}	INFO	[jepsen worker 0] jepsen.util: 4	:info	:broadcast	4	[:crash "malformed message"]
2024-11-28 00:15:40,552{GMT}	INFO	[jepsen worker 0] jepsen.util: 5	:invoke	:broadcast	5
2024-11-28 00:15:40,556{GMT}	INFO	[jepsen worker 0] jepsen.util: 5	:info	:broadcast	5	[:crash "malformed message"]
2024-11-28 00:15:40,739{GMT}	INFO	[jepsen worker 0] jepsen.util: 6	:invoke	:broadcast	6
2024-11-28 00:15:40,742{GMT}	INFO	[jepsen worker 0] jepsen.util: 6	:info	:broadcast	6	[:crash "malformed message"]
2024-11-28 00:15:40,864{GMT}	INFO	[jepsen worker 0] jepsen.util: 7	:invoke	:read	nil
2024-11-28 00:15:40,867{GMT}	INFO	[jepsen worker 0] jepsen.util: 7	:ok	:read	[]
2024-11-28 00:15:40,879{GMT}	INFO	[jepsen worker 0] jepsen.util: 7	:invoke	:broadcast	7
2024-11-28 00:15:40,881{GMT}	INFO	[jepsen worker 0] jepsen.util: 7	:info	:broadcast	7	[:crash "malformed message"]
2024-11-28 00:15:40,992{GMT}	INFO	[jepsen worker 0] jepsen.util: 8	:invoke	:read	nil
2024-11-28 00:15:40,995{GMT}	INFO	[jepsen worker 0] jepsen.util: 8	:ok	:read	[]
2024-11-28 00:15:41,157{GMT}	INFO	[jepsen worker 0] jepsen.util: 8	:invoke	:read	nil
2024-11-28 00:15:41,160{GMT}	INFO	[jepsen worker 0] jepsen.util: 8	:ok	:read	[]
2024-11-28 00:15:41,278{GMT}	INFO	[jepsen worker 0] jepsen.util: 8	:invoke	:broadcast	8
2024-11-28 00:15:41,281{GMT}	INFO	[jepsen worker 0] jepsen.util: 8	:info	:broadcast	8	[:crash "malformed message"]
2024-11-28 00:15:41,324{GMT}	INFO	[jepsen worker 0] jepsen.util: 9	:invoke	:read	nil
2024-11-28 00:15:41,325{GMT}	INFO	[jepsen worker 0] jepsen.util: 9	:ok	:read	[]
2024-11-28 00:15:41,471{GMT}	INFO	[jepsen worker 0] jepsen.util: 9	:invoke	:read	nil
2024-11-28 00:15:41,474{GMT}	INFO	[jepsen worker 0] jepsen.util: 9	:ok	:read	[]
2024-11-28 00:15:41,654{GMT}	INFO	[jepsen worker 0] jepsen.util: 9	:invoke	:read	nil
2024-11-28 00:15:41,657{GMT}	INFO	[jepsen worker 0] jepsen.util: 9	:ok	:read	[]
2024-11-28 00:15:41,764{GMT}	INFO	[jepsen worker 0] jepsen.util: 9	:invoke	:broadcast	9
2024-11-28 00:15:41,767{GMT}	INFO	[jepsen worker 0] jepsen.util: 9	:info	:broadcast	9	[:crash "malformed message"]
2024-11-28 00:15:41,839{GMT}	INFO	[jepsen worker 0] jepsen.util: 10	:invoke	:broadcast	10
2024-11-28 00:15:41,842{GMT}	INFO	[jepsen worker 0] jepsen.util: 10	:info	:broadcast	10	[:crash "malformed message"]
2024-11-28 00:15:41,868{GMT}	INFO	[jepsen worker 0] jepsen.util: 11	:invoke	:broadcast	11
2024-11-28 00:15:41,870{GMT}	INFO	[jepsen worker 0] jepsen.util: 11	:info	:broadcast	11	[:crash "malformed message"]
2024-11-28 00:15:41,978{GMT}	INFO	[jepsen worker 0] jepsen.util: 12	:invoke	:broadcast	12
2024-11-28 00:15:41,980{GMT}	INFO	[jepsen worker 0] jepsen.util: 12	:info	:broadcast	12	[:crash "malformed message"]
2024-11-28 00:15:42,119{GMT}	INFO	[jepsen worker 0] jepsen.util: 13	:invoke	:read	nil
2024-11-28 00:15:42,121{GMT}	INFO	[jepsen worker 0] jepsen.util: 13	:ok	:read	[]
2024-11-28 00:15:42,298{GMT}	INFO	[jepsen worker 0] jepsen.util: 13	:invoke	:read	nil
2024-11-28 00:15:42,299{GMT}	INFO	[jepsen worker 0] jepsen.util: 13	:ok	:read	[]
2024-11-28 00:15:42,497{GMT}	INFO	[jepsen worker 0] jepsen.util: 13	:invoke	:broadcast	13
2024-11-28 00:15:42,501{GMT}	INFO	[jepsen worker 0] jepsen.util: 13	:info	:broadcast	13	[:crash "malformed message"]
2024-11-28 00:15:42,528{GMT}	INFO	[jepsen worker 0] jepsen.util: 14	:invoke	:broadcast	14
2024-11-28 00:15:42,529{GMT}	INFO	[jepsen worker 0] jepsen.util: 14	:info	:broadcast	14	[:crash "malformed message"]
2024-11-28 00:15:42,642{GMT}	INFO	[jepsen worker 0] jepsen.util: 15	:invoke	:broadcast	15
2024-11-28 00:15:42,644{GMT}	INFO	[jepsen worker 0] jepsen.util: 15	:info	:broadcast	15	[:crash "malformed message"]
2024-11-28 00:15:42,721{GMT}	INFO	[jepsen worker 0] jepsen.util: 16	:invoke	:read	nil
2024-11-28 00:15:42,723{GMT}	INFO	[jepsen worker 0] jepsen.util: 16	:ok	:read	[]
2024-11-28 00:15:42,752{GMT}	INFO	[jepsen worker 0] jepsen.util: 16	:invoke	:read	nil
2024-11-28 00:15:42,752{GMT}	INFO	[jepsen worker 0] jepsen.util: 16	:ok	:read	[]
2024-11-28 00:15:42,838{GMT}	INFO	[jepsen worker 0] jepsen.util: 16	:invoke	:read	nil
2024-11-28 00:15:42,839{GMT}	INFO	[jepsen worker 0] jepsen.util: 16	:ok	:read	[]
2024-11-28 00:15:42,886{GMT}	INFO	[jepsen worker 0] jepsen.util: 16	:invoke	:read	nil
2024-11-28 00:15:42,887{GMT}	INFO	[jepsen worker 0] jepsen.util: 16	:ok	:read	[]
2024-11-28 00:15:42,905{GMT}	INFO	[jepsen worker 0] jepsen.util: 16	:invoke	:read	nil
2024-11-28 00:15:42,905{GMT}	INFO	[jepsen worker 0] jepsen.util: 16	:ok	:read	[]
2024-11-28 00:15:42,990{GMT}	INFO	[jepsen worker 0] jepsen.util: 16	:invoke	:read	nil
2024-11-28 00:15:42,991{GMT}	INFO	[jepsen worker 0] jepsen.util: 16	:ok	:read	[]
2024-11-28 00:15:43,162{GMT}	INFO	[jepsen worker 0] jepsen.util: 16	:invoke	:broadcast	16
2024-11-28 00:15:43,166{GMT}	INFO	[jepsen worker 0] jepsen.util: 16	:info	:broadcast	16	[:crash "malformed message"]
2024-11-28 00:15:43,182{GMT}	INFO	[jepsen worker 0] jepsen.util: 17	:invoke	:broadcast	17
2024-11-28 00:15:43,186{GMT}	INFO	[jepsen worker 0] jepsen.util: 17	:info	:broadcast	17	[:crash "malformed message"]
2024-11-28 00:15:43,230{GMT}	INFO	[jepsen worker 0] jepsen.util: 18	:invoke	:read	nil
2024-11-28 00:15:43,231{GMT}	INFO	[jepsen worker 0] jepsen.util: 18	:ok	:read	[]
2024-11-28 00:15:43,342{GMT}	INFO	[jepsen worker 0] jepsen.util: 18	:invoke	:broadcast	18
2024-11-28 00:15:43,343{GMT}	INFO	[jepsen worker 0] jepsen.util: 18	:info	:broadcast	18	[:crash "malformed message"]
2024-11-28 00:15:43,457{GMT}	INFO	[jepsen worker 0] jepsen.util: 19	:invoke	:broadcast	19
2024-11-28 00:15:43,458{GMT}	INFO	[jepsen worker 0] jepsen.util: 19	:info	:broadcast	19	[:crash "malformed message"]
2024-11-28 00:15:43,522{GMT}	INFO	[jepsen worker 0] jepsen.util: 20	:invoke	:read	nil
2024-11-28 00:15:43,523{GMT}	INFO	[jepsen worker 0] jepsen.util: 20	:ok	:read	[]
2024-11-28 00:15:43,620{GMT}	INFO	[jepsen worker 0] jepsen.util: 20	:invoke	:read	nil
2024-11-28 00:15:43,620{GMT}	INFO	[jepsen worker 0] jepsen.util: 20	:ok	:read	[]
2024-11-28 00:15:43,716{GMT}	INFO	[jepsen worker 0] jepsen.util: 20	:invoke	:broadcast	20
2024-11-28 00:15:43,718{GMT}	INFO	[jepsen worker 0] jepsen.util: 20	:info	:broadcast	20	[:crash "malformed message"]
2024-11-28 00:15:43,768{GMT}	INFO	[jepsen worker 0] jepsen.util: 21	:invoke	:broadcast	21
2024-11-28 00:15:43,769{GMT}	INFO	[jepsen worker 0] jepsen.util: 21	:info	:broadcast	21	[:crash "malformed message"]
2024-11-28 00:15:43,849{GMT}	INFO	[jepsen worker 0] jepsen.util: 22	:invoke	:broadcast	22
2024-11-28 00:15:43,850{GMT}	INFO	[jepsen worker 0] jepsen.util: 22	:info	:broadcast	22	[:crash "malformed message"]
2024-11-28 00:15:43,915{GMT}	INFO	[Jepsen shutdown hook] jepsen.core: Downloading DB logs before JVM shutdown...
