2024-11-28 00:22:05,584{GMT}	INFO	[jepsen test runner] jepsen.core: Command line:
lein run test -w broadcast --bin /Users/alex/.go/bin/maelstrom-broadcast --node-count 1 --time-limit 20 --rate 10
2024-11-28 00:22:05,613{GMT}	INFO	[jepsen test runner] jepsen.core: Running test:
{:args []
 :remote
 #jepsen.control.retry.Remote{:remote #jepsen.control.scp.Remote{:cmd-remote #jepsen.control.sshj.SSHJRemote{:concurrency-limit 6,
                                                                                                             :conn-spec nil,
                                                                                                             :client nil,
                                                                                                             :semaphore nil},
                                                                 :conn-spec nil},
                              :conn nil}
 :log-net-send false
 :node-count 1
 :availability nil
 :max-txn-length 4
 :concurrency 1
 :db
 #object[maelstrom.db$db$reify__16142
         "0x3b42d7df"
         "maelstrom.db$db$reify__16142@3b42d7df"]
 :max-writes-per-key 16
 :leave-db-running? false
 :name "broadcast"
 :logging-json? false
 :start-time
 #object[org.joda.time.DateTime "0x64b262a7" "2024-11-28T00:22:05.563-05:00"]
 :nemesis-interval 10
 :net
 #object[maelstrom.net$jepsen_net$reify__15251
         "0x771c4015"
         "maelstrom.net$jepsen_net$reify__15251@771c4015"]
 :client
 #object[maelstrom.workload.broadcast$client$reify__16644
         "0x34d776eb"
         "maelstrom.workload.broadcast$client$reify__16644@34d776eb"]
 :barrier
 #object[java.util.concurrent.CyclicBarrier
         "0x60a3a0fa"
         "java.util.concurrent.CyclicBarrier@60a3a0fa"]
 :log-stderr false
 :pure-generators true
 :ssh {:dummy? true}
 :rate 10.0
 :checker
 #object[jepsen.checker$compose$reify__11881
         "0x17734113"
         "jepsen.checker$compose$reify__11881@17734113"]
 :argv
 ("test"
  "-w"
  "broadcast"
  "--bin"
  "/Users/alex/.go/bin/maelstrom-broadcast"
  "--node-count"
  "1"
  "--time-limit"
  "20"
  "--rate"
  "10")
 :nemesis
 (jepsen.nemesis.ReflCompose
  {:fm {:start-partition 0,
        :stop-partition 0,
        :kill 1,
        :start 1,
        :pause 1,
        :resume 1},
   :nemeses [#unprintable "jepsen.nemesis.combined$partition_nemesis$reify__16416@27aa700"
             #unprintable "jepsen.nemesis.combined$db_nemesis$reify__16397@d15f98a"]})
 :nodes ["n0"]
 :test-count 1
 :latency {:mean 0, :dist :constant}
 :bin "/Users/alex/.go/bin/maelstrom-broadcast"
 :generator
 ((jepsen.generator.Synchronize
   {:gen (jepsen.generator.TimeLimit
          {:limit 20000000000,
           :cutoff nil,
           :gen (jepsen.generator.Any
                 {:gens [(jepsen.generator.OnThreads
                          {:f #{:nemesis},
                           :context-filter #object[jepsen.generator.context$make_thread_filter$lazy_filter__9167
                                                   "0x9c88323"
                                                   "jepsen.generator.context$make_thread_filter$lazy_filter__9167@9c88323"],
                           :gen nil})
                         (jepsen.generator.OnThreads
                          {:f #jepsen.generator.context.AllBut{:element :nemesis},
                           :context-filter #object[jepsen.generator.context$make_thread_filter$lazy_filter__9167
                                                   "0x6d4bdb75"
                                                   "jepsen.generator.context$make_thread_filter$lazy_filter__9167@6d4bdb75"],
                           :gen (jepsen.generator.Stagger
                                 {:dt 200000000,
                                  :next-time nil,
                                  :gen (jepsen.generator.Mix
                                        {:i 1,
                                         :gens [({:f :broadcast, :value 0}
                                                 {:f :broadcast, :value 1}
                                                 {:f :broadcast, :value 2}
                                                 {:f :broadcast, :value 3}
                                                 {:f :broadcast, :value 4}
                                                 {:f :broadcast, :value 5}
                                                 {:f :broadcast, :value 6}
                                                 {:f :broadcast, :value 7}
                                                 ...)
                                                ({:f :read}
                                                 {:f :read}
                                                 {:f :read}
                                                 {:f :read}
                                                 {:f :read}
                                                 {:f :read}
                                                 {:f :read}
                                                 {:f :read}
                                                 ...)]})})})]})})})
  (jepsen.generator.Synchronize
   {:gen (jepsen.generator.OnThreads
          {:f #{:nemesis},
           :context-filter #object[jepsen.generator.context$make_thread_filter$lazy_filter__9167
                                   "0x256a25a8"
                                   "jepsen.generator.context$make_thread_filter$lazy_filter__9167@256a25a8"],
           :gen ()})})
  (jepsen.generator.Synchronize
   {:gen {:type :log, :value "Waiting for recovery..."}})
  (jepsen.generator.Synchronize {:gen {:type :sleep, :value 10}})
  (jepsen.generator.Synchronize
   {:gen (jepsen.generator.OnThreads
          {:f #jepsen.generator.context.AllBut{:element :nemesis},
           :context-filter #object[jepsen.generator.context$make_thread_filter$lazy_filter__9167
                                   "0x68f67bbd"
                                   "jepsen.generator.context$make_thread_filter$lazy_filter__9167@68f67bbd"],
           :gen (jepsen.generator.EachThread
                 {:fresh-gen {:f :read, :final? true},
                  :context-filters #object[clojure.core$promise$reify__8591
                                           "0x5bd585a5"
                                           {:status :pending, :val nil}],
                  :gens {}})})}))
 :log-net-recv false
 :os
 #object[maelstrom.net$jepsen_os$reify__15254
         "0x65c040c9"
         "maelstrom.net$jepsen_os$reify__15254@65c040c9"]
 :time-limit 20
 :workload :broadcast
 :consistency-models [:strict-serializable]
 :topology :grid}

2024-11-28 00:22:06,382{GMT}	INFO	[jepsen node n0] maelstrom.net: Starting Maelstrom network
2024-11-28 00:22:06,382{GMT}	INFO	[jepsen test runner] jepsen.db: Tearing down DB
2024-11-28 00:22:06,383{GMT}	INFO	[jepsen test runner] jepsen.db: Setting up DB
2024-11-28 00:22:06,385{GMT}	INFO	[jepsen node n0] maelstrom.service: Starting services: (lin-kv lin-tso lww-kv seq-kv)
2024-11-28 00:22:06,386{GMT}	INFO	[jepsen node n0] maelstrom.db: Setting up n0
2024-11-28 00:22:06,386{GMT}	INFO	[jepsen node n0] maelstrom.process: launching /Users/alex/.go/bin/maelstrom-broadcast []
2024-11-28 00:22:06,403{GMT}	INFO	[jepsen test runner] jepsen.core: Relative time begins now
2024-11-28 00:22:06,413{GMT}	INFO	[jepsen worker 0] jepsen.util: 0	:invoke	:read	nil
2024-11-28 00:22:06,415{GMT}	INFO	[jepsen worker 0] jepsen.util: 0	:ok	:read	[]
2024-11-28 00:22:06,529{GMT}	INFO	[jepsen worker 0] jepsen.util: 0	:invoke	:broadcast	0
2024-11-28 00:22:06,536{GMT}	INFO	[jepsen worker 0] jepsen.util: 0	:info	:broadcast	0	[:crash "malformed message"]
2024-11-28 00:22:06,669{GMT}	INFO	[jepsen worker 0] jepsen.util: 1	:invoke	:broadcast	1
2024-11-28 00:22:06,671{GMT}	INFO	[jepsen worker 0] jepsen.util: 1	:info	:broadcast	1	[:crash "malformed message"]
2024-11-28 00:22:06,830{GMT}	INFO	[jepsen worker 0] jepsen.util: 2	:invoke	:broadcast	2
2024-11-28 00:22:06,834{GMT}	INFO	[jepsen worker 0] jepsen.util: 2	:info	:broadcast	2	[:crash "malformed message"]
2024-11-28 00:22:06,888{GMT}	INFO	[jepsen worker 0] jepsen.util: 3	:invoke	:read	nil
2024-11-28 00:22:06,890{GMT}	INFO	[jepsen worker 0] jepsen.util: 3	:ok	:read	[]
2024-11-28 00:22:07,034{GMT}	INFO	[jepsen worker 0] jepsen.util: 3	:invoke	:broadcast	3
2024-11-28 00:22:07,036{GMT}	INFO	[jepsen worker 0] jepsen.util: 3	:info	:broadcast	3	[:crash "malformed message"]
2024-11-28 00:22:07,140{GMT}	INFO	[jepsen worker 0] jepsen.util: 4	:invoke	:read	nil
2024-11-28 00:22:07,142{GMT}	INFO	[jepsen worker 0] jepsen.util: 4	:ok	:read	[]
2024-11-28 00:22:07,341{GMT}	INFO	[jepsen worker 0] jepsen.util: 4	:invoke	:broadcast	4
2024-11-28 00:22:07,345{GMT}	INFO	[jepsen worker 0] jepsen.util: 4	:info	:broadcast	4	[:crash "malformed message"]
2024-11-28 00:22:07,503{GMT}	INFO	[jepsen worker 0] jepsen.util: 5	:invoke	:broadcast	5
2024-11-28 00:22:07,507{GMT}	INFO	[jepsen worker 0] jepsen.util: 5	:info	:broadcast	5	[:crash "malformed message"]
2024-11-28 00:22:07,695{GMT}	INFO	[jepsen worker 0] jepsen.util: 6	:invoke	:broadcast	6
2024-11-28 00:22:07,699{GMT}	INFO	[jepsen worker 0] jepsen.util: 6	:info	:broadcast	6	[:crash "malformed message"]
2024-11-28 00:22:07,852{GMT}	INFO	[jepsen worker 0] jepsen.util: 7	:invoke	:read	nil
2024-11-28 00:22:07,854{GMT}	INFO	[jepsen worker 0] jepsen.util: 7	:ok	:read	[]
2024-11-28 00:22:07,982{GMT}	INFO	[jepsen worker 0] jepsen.util: 7	:invoke	:read	nil
2024-11-28 00:22:07,984{GMT}	INFO	[jepsen worker 0] jepsen.util: 7	:ok	:read	[]
2024-11-28 00:22:08,130{GMT}	INFO	[jepsen worker 0] jepsen.util: 7	:invoke	:read	nil
2024-11-28 00:22:08,132{GMT}	INFO	[jepsen worker 0] jepsen.util: 7	:ok	:read	[]
2024-11-28 00:22:08,316{GMT}	INFO	[jepsen worker 0] jepsen.util: 7	:invoke	:read	nil
2024-11-28 00:22:08,319{GMT}	INFO	[jepsen worker 0] jepsen.util: 7	:ok	:read	[]
2024-11-28 00:22:08,419{GMT}	INFO	[jepsen worker 0] jepsen.util: 7	:invoke	:read	nil
2024-11-28 00:22:08,422{GMT}	INFO	[jepsen worker 0] jepsen.util: 7	:ok	:read	[]
2024-11-28 00:22:08,456{GMT}	INFO	[jepsen worker 0] jepsen.util: 7	:invoke	:broadcast	7
2024-11-28 00:22:08,458{GMT}	INFO	[jepsen worker 0] jepsen.util: 7	:info	:broadcast	7	[:crash "malformed message"]
2024-11-28 00:22:08,472{GMT}	INFO	[jepsen worker 0] jepsen.util: 8	:invoke	:read	nil
2024-11-28 00:22:08,473{GMT}	INFO	[jepsen worker 0] jepsen.util: 8	:ok	:read	[]
2024-11-28 00:22:08,598{GMT}	INFO	[jepsen worker 0] jepsen.util: 8	:invoke	:broadcast	8
2024-11-28 00:22:08,600{GMT}	INFO	[jepsen worker 0] jepsen.util: 8	:info	:broadcast	8	[:crash "malformed message"]
2024-11-28 00:22:08,689{GMT}	INFO	[jepsen worker 0] jepsen.util: 9	:invoke	:broadcast	9
2024-11-28 00:22:08,691{GMT}	INFO	[jepsen worker 0] jepsen.util: 9	:info	:broadcast	9	[:crash "malformed message"]
2024-11-28 00:22:08,753{GMT}	INFO	[jepsen worker 0] jepsen.util: 10	:invoke	:broadcast	10
2024-11-28 00:22:08,755{GMT}	INFO	[jepsen worker 0] jepsen.util: 10	:info	:broadcast	10	[:crash "malformed message"]
2024-11-28 00:22:08,806{GMT}	INFO	[jepsen worker 0] jepsen.util: 11	:invoke	:read	nil
2024-11-28 00:22:08,807{GMT}	INFO	[jepsen worker 0] jepsen.util: 11	:ok	:read	[]
2024-11-28 00:22:08,969{GMT}	INFO	[jepsen worker 0] jepsen.util: 11	:invoke	:broadcast	11
2024-11-28 00:22:08,971{GMT}	INFO	[jepsen worker 0] jepsen.util: 11	:info	:broadcast	11	[:crash "malformed message"]
2024-11-28 00:22:09,137{GMT}	INFO	[jepsen worker 0] jepsen.util: 12	:invoke	:read	nil
2024-11-28 00:22:09,138{GMT}	INFO	[jepsen worker 0] jepsen.util: 12	:ok	:read	[]
2024-11-28 00:22:09,332{GMT}	INFO	[jepsen worker 0] jepsen.util: 12	:invoke	:broadcast	12
2024-11-28 00:22:09,335{GMT}	INFO	[jepsen worker 0] jepsen.util: 12	:info	:broadcast	12	[:crash "malformed message"]
2024-11-28 00:22:09,461{GMT}	INFO	[jepsen worker 0] jepsen.util: 13	:invoke	:read	nil
2024-11-28 00:22:09,464{GMT}	INFO	[jepsen worker 0] jepsen.util: 13	:ok	:read	[]
2024-11-28 00:22:09,652{GMT}	INFO	[jepsen worker 0] jepsen.util: 13	:invoke	:broadcast	13
2024-11-28 00:22:09,653{GMT}	INFO	[jepsen worker 0] jepsen.util: 13	:info	:broadcast	13	[:crash "malformed message"]
2024-11-28 00:22:09,815{GMT}	INFO	[jepsen worker 0] jepsen.util: 14	:invoke	:broadcast	14
2024-11-28 00:22:09,817{GMT}	INFO	[jepsen worker 0] jepsen.util: 14	:info	:broadcast	14	[:crash "malformed message"]
2024-11-28 00:22:09,904{GMT}	INFO	[jepsen worker 0] jepsen.util: 15	:invoke	:broadcast	15
2024-11-28 00:22:09,906{GMT}	INFO	[jepsen worker 0] jepsen.util: 15	:info	:broadcast	15	[:crash "malformed message"]
2024-11-28 00:22:09,933{GMT}	INFO	[jepsen worker 0] jepsen.util: 16	:invoke	:read	nil
2024-11-28 00:22:09,933{GMT}	INFO	[jepsen worker 0] jepsen.util: 16	:ok	:read	[]
2024-11-28 00:22:10,066{GMT}	INFO	[jepsen worker 0] jepsen.util: 16	:invoke	:broadcast	16
2024-11-28 00:22:10,068{GMT}	INFO	[jepsen worker 0] jepsen.util: 16	:info	:broadcast	16	[:crash "malformed message"]
2024-11-28 00:22:10,073{GMT}	INFO	[jepsen worker 0] jepsen.util: 17	:invoke	:read	nil
2024-11-28 00:22:10,074{GMT}	INFO	[jepsen worker 0] jepsen.util: 17	:ok	:read	[]
2024-11-28 00:22:10,168{GMT}	INFO	[jepsen worker 0] jepsen.util: 17	:invoke	:broadcast	17
2024-11-28 00:22:10,169{GMT}	INFO	[jepsen worker 0] jepsen.util: 17	:info	:broadcast	17	[:crash "malformed message"]
2024-11-28 00:22:10,195{GMT}	INFO	[jepsen worker 0] jepsen.util: 18	:invoke	:read	nil
2024-11-28 00:22:10,195{GMT}	INFO	[jepsen worker 0] jepsen.util: 18	:ok	:read	[]
2024-11-28 00:22:10,320{GMT}	INFO	[jepsen worker 0] jepsen.util: 18	:invoke	:broadcast	18
2024-11-28 00:22:10,322{GMT}	INFO	[jepsen worker 0] jepsen.util: 18	:info	:broadcast	18	[:crash "malformed message"]
2024-11-28 00:22:10,388{GMT}	INFO	[jepsen worker 0] jepsen.util: 19	:invoke	:read	nil
2024-11-28 00:22:10,389{GMT}	INFO	[jepsen worker 0] jepsen.util: 19	:ok	:read	[]
2024-11-28 00:22:10,394{GMT}	INFO	[jepsen worker 0] jepsen.util: 19	:invoke	:read	nil
2024-11-28 00:22:10,394{GMT}	INFO	[jepsen worker 0] jepsen.util: 19	:ok	:read	[]
2024-11-28 00:22:10,429{GMT}	INFO	[jepsen worker 0] jepsen.util: 19	:invoke	:broadcast	19
2024-11-28 00:22:10,430{GMT}	INFO	[jepsen worker 0] jepsen.util: 19	:info	:broadcast	19	[:crash "malformed message"]
2024-11-28 00:22:10,437{GMT}	INFO	[jepsen worker 0] jepsen.util: 20	:invoke	:read	nil
2024-11-28 00:22:10,437{GMT}	INFO	[jepsen worker 0] jepsen.util: 20	:ok	:read	[]
2024-11-28 00:22:10,473{GMT}	INFO	[jepsen worker 0] jepsen.util: 20	:invoke	:broadcast	20
2024-11-28 00:22:10,473{GMT}	INFO	[jepsen worker 0] jepsen.util: 20	:info	:broadcast	20	[:crash "malformed message"]
2024-11-28 00:22:10,539{GMT}	INFO	[jepsen worker 0] jepsen.util: 21	:invoke	:read	nil
2024-11-28 00:22:10,540{GMT}	INFO	[jepsen worker 0] jepsen.util: 21	:ok	:read	[]
2024-11-28 00:22:10,682{GMT}	INFO	[jepsen worker 0] jepsen.util: 21	:invoke	:broadcast	21
2024-11-28 00:22:10,683{GMT}	INFO	[jepsen worker 0] jepsen.util: 21	:info	:broadcast	21	[:crash "malformed message"]
2024-11-28 00:22:10,818{GMT}	INFO	[jepsen worker 0] jepsen.util: 22	:invoke	:read	nil
2024-11-28 00:22:10,819{GMT}	INFO	[jepsen worker 0] jepsen.util: 22	:ok	:read	[]
2024-11-28 00:22:10,978{GMT}	INFO	[jepsen worker 0] jepsen.util: 22	:invoke	:broadcast	22
2024-11-28 00:22:10,980{GMT}	INFO	[jepsen worker 0] jepsen.util: 22	:info	:broadcast	22	[:crash "malformed message"]
2024-11-28 00:22:11,077{GMT}	INFO	[jepsen worker 0] jepsen.util: 23	:invoke	:broadcast	23
2024-11-28 00:22:11,079{GMT}	INFO	[jepsen worker 0] jepsen.util: 23	:info	:broadcast	23	[:crash "malformed message"]
2024-11-28 00:22:11,233{GMT}	INFO	[jepsen worker 0] jepsen.util: 24	:invoke	:broadcast	24
2024-11-28 00:22:11,236{GMT}	INFO	[jepsen worker 0] jepsen.util: 24	:info	:broadcast	24	[:crash "malformed message"]
2024-11-28 00:22:11,336{GMT}	INFO	[jepsen worker 0] jepsen.util: 25	:invoke	:broadcast	25
2024-11-28 00:22:11,339{GMT}	INFO	[jepsen worker 0] jepsen.util: 25	:info	:broadcast	25	[:crash "malformed message"]
2024-11-28 00:22:11,340{GMT}	INFO	[jepsen worker 0] jepsen.util: 26	:invoke	:broadcast	26
2024-11-28 00:22:11,342{GMT}	INFO	[jepsen worker 0] jepsen.util: 26	:info	:broadcast	26	[:crash "malformed message"]
2024-11-28 00:22:11,535{GMT}	INFO	[jepsen worker 0] jepsen.util: 27	:invoke	:broadcast	27
2024-11-28 00:22:11,538{GMT}	INFO	[jepsen worker 0] jepsen.util: 27	:info	:broadcast	27	[:crash "malformed message"]
2024-11-28 00:22:11,633{GMT}	INFO	[jepsen worker 0] jepsen.util: 28	:invoke	:read	nil
2024-11-28 00:22:11,635{GMT}	INFO	[jepsen worker 0] jepsen.util: 28	:ok	:read	[]
2024-11-28 00:22:11,711{GMT}	INFO	[jepsen worker 0] jepsen.util: 28	:invoke	:broadcast	28
2024-11-28 00:22:11,712{GMT}	INFO	[jepsen worker 0] jepsen.util: 28	:info	:broadcast	28	[:crash "malformed message"]
2024-11-28 00:22:11,729{GMT}	INFO	[jepsen worker 0] jepsen.util: 29	:invoke	:broadcast	29
2024-11-28 00:22:11,730{GMT}	INFO	[jepsen worker 0] jepsen.util: 29	:info	:broadcast	29	[:crash "malformed message"]
2024-11-28 00:22:11,931{GMT}	INFO	[jepsen worker 0] jepsen.util: 30	:invoke	:read	nil
2024-11-28 00:22:11,932{GMT}	INFO	[jepsen worker 0] jepsen.util: 30	:ok	:read	[]
2024-11-28 00:22:12,008{GMT}	INFO	[jepsen worker 0] jepsen.util: 30	:invoke	:read	nil
2024-11-28 00:22:12,010{GMT}	INFO	[jepsen worker 0] jepsen.util: 30	:ok	:read	[]
2024-11-28 00:22:12,149{GMT}	INFO	[jepsen worker 0] jepsen.util: 30	:invoke	:broadcast	30
2024-11-28 00:22:12,151{GMT}	INFO	[jepsen worker 0] jepsen.util: 30	:info	:broadcast	30	[:crash "malformed message"]
2024-11-28 00:22:12,320{GMT}	INFO	[jepsen worker 0] jepsen.util: 31	:invoke	:read	nil
2024-11-28 00:22:12,324{GMT}	INFO	[jepsen worker 0] jepsen.util: 31	:ok	:read	[]
2024-11-28 00:22:12,501{GMT}	INFO	[jepsen worker 0] jepsen.util: 31	:invoke	:read	nil
2024-11-28 00:22:12,501{GMT}	INFO	[jepsen worker 0] jepsen.util: 31	:ok	:read	[]
2024-11-28 00:22:12,516{GMT}	INFO	[jepsen worker 0] jepsen.util: 31	:invoke	:read	nil
2024-11-28 00:22:12,516{GMT}	INFO	[jepsen worker 0] jepsen.util: 31	:ok	:read	[]
2024-11-28 00:22:12,719{GMT}	INFO	[jepsen worker 0] jepsen.util: 31	:invoke	:broadcast	31
2024-11-28 00:22:12,723{GMT}	INFO	[jepsen worker 0] jepsen.util: 31	:info	:broadcast	31	[:crash "malformed message"]
2024-11-28 00:22:12,848{GMT}	INFO	[jepsen worker 0] jepsen.util: 32	:invoke	:broadcast	32
2024-11-28 00:22:12,850{GMT}	INFO	[jepsen worker 0] jepsen.util: 32	:info	:broadcast	32	[:crash "malformed message"]
2024-11-28 00:22:12,908{GMT}	INFO	[jepsen worker 0] jepsen.util: 33	:invoke	:broadcast	33
2024-11-28 00:22:12,909{GMT}	INFO	[jepsen worker 0] jepsen.util: 33	:info	:broadcast	33	[:crash "malformed message"]
2024-11-28 00:22:12,918{GMT}	INFO	[jepsen worker 0] jepsen.util: 34	:invoke	:read	nil
2024-11-28 00:22:12,919{GMT}	INFO	[jepsen worker 0] jepsen.util: 34	:ok	:read	[]
2024-11-28 00:22:13,013{GMT}	INFO	[jepsen worker 0] jepsen.util: 34	:invoke	:broadcast	34
2024-11-28 00:22:13,014{GMT}	INFO	[jepsen worker 0] jepsen.util: 34	:info	:broadcast	34	[:crash "malformed message"]
2024-11-28 00:22:13,034{GMT}	INFO	[jepsen worker 0] jepsen.util: 35	:invoke	:read	nil
2024-11-28 00:22:13,034{GMT}	INFO	[jepsen worker 0] jepsen.util: 35	:ok	:read	[]
2024-11-28 00:22:13,221{GMT}	INFO	[jepsen worker 0] jepsen.util: 35	:invoke	:read	nil
2024-11-28 00:22:13,223{GMT}	INFO	[jepsen worker 0] jepsen.util: 35	:ok	:read	[]
2024-11-28 00:22:13,237{GMT}	INFO	[jepsen worker 0] jepsen.util: 35	:invoke	:read	nil
2024-11-28 00:22:13,238{GMT}	INFO	[jepsen worker 0] jepsen.util: 35	:ok	:read	[]
2024-11-28 00:22:13,324{GMT}	INFO	[jepsen worker 0] jepsen.util: 35	:invoke	:read	nil
2024-11-28 00:22:13,325{GMT}	INFO	[jepsen worker 0] jepsen.util: 35	:ok	:read	[]
2024-11-28 00:22:13,488{GMT}	INFO	[jepsen worker 0] jepsen.util: 35	:invoke	:read	nil
2024-11-28 00:22:13,489{GMT}	INFO	[jepsen worker 0] jepsen.util: 35	:ok	:read	[]
2024-11-28 00:22:13,606{GMT}	INFO	[jepsen worker 0] jepsen.util: 35	:invoke	:broadcast	35
2024-11-28 00:22:13,607{GMT}	INFO	[jepsen worker 0] jepsen.util: 35	:info	:broadcast	35	[:crash "malformed message"]
2024-11-28 00:22:13,646{GMT}	INFO	[jepsen worker 0] jepsen.util: 36	:invoke	:broadcast	36
2024-11-28 00:22:13,648{GMT}	INFO	[jepsen worker 0] jepsen.util: 36	:info	:broadcast	36	[:crash "malformed message"]
2024-11-28 00:22:13,850{GMT}	INFO	[jepsen worker 0] jepsen.util: 37	:invoke	:broadcast	37
2024-11-28 00:22:13,852{GMT}	INFO	[jepsen worker 0] jepsen.util: 37	:info	:broadcast	37	[:crash "malformed message"]
2024-11-28 00:22:13,981{GMT}	INFO	[jepsen worker 0] jepsen.util: 38	:invoke	:broadcast	38
2024-11-28 00:22:13,982{GMT}	INFO	[jepsen worker 0] jepsen.util: 38	:info	:broadcast	38	[:crash "malformed message"]
2024-11-28 00:22:14,175{GMT}	INFO	[jepsen worker 0] jepsen.util: 39	:invoke	:broadcast	39
2024-11-28 00:22:14,177{GMT}	INFO	[jepsen worker 0] jepsen.util: 39	:info	:broadcast	39	[:crash "malformed message"]
2024-11-28 00:22:14,299{GMT}	INFO	[jepsen worker 0] jepsen.util: 40	:invoke	:read	nil
2024-11-28 00:22:14,300{GMT}	INFO	[jepsen worker 0] jepsen.util: 40	:ok	:read	[]
2024-11-28 00:22:14,435{GMT}	INFO	[jepsen worker 0] jepsen.util: 40	:invoke	:read	nil
2024-11-28 00:22:14,436{GMT}	INFO	[jepsen worker 0] jepsen.util: 40	:ok	:read	[]
2024-11-28 00:22:14,596{GMT}	INFO	[jepsen worker 0] jepsen.util: 40	:invoke	:broadcast	40
2024-11-28 00:22:14,602{GMT}	INFO	[jepsen worker 0] jepsen.util: 40	:info	:broadcast	40	[:crash "malformed message"]
2024-11-28 00:22:14,671{GMT}	INFO	[jepsen worker 0] jepsen.util: 41	:invoke	:read	nil
2024-11-28 00:22:14,672{GMT}	INFO	[jepsen worker 0] jepsen.util: 41	:ok	:read	[]
2024-11-28 00:22:14,719{GMT}	INFO	[jepsen worker 0] jepsen.util: 41	:invoke	:read	nil
2024-11-28 00:22:14,719{GMT}	INFO	[jepsen worker 0] jepsen.util: 41	:ok	:read	[]
2024-11-28 00:22:14,776{GMT}	INFO	[jepsen worker 0] jepsen.util: 41	:invoke	:broadcast	41
2024-11-28 00:22:14,776{GMT}	INFO	[jepsen worker 0] jepsen.util: 41	:info	:broadcast	41	[:crash "malformed message"]
2024-11-28 00:22:14,970{GMT}	INFO	[jepsen worker 0] jepsen.util: 42	:invoke	:read	nil
2024-11-28 00:22:14,971{GMT}	INFO	[jepsen worker 0] jepsen.util: 42	:ok	:read	[]
2024-11-28 00:22:15,024{GMT}	INFO	[jepsen worker 0] jepsen.util: 42	:invoke	:read	nil
2024-11-28 00:22:15,025{GMT}	INFO	[jepsen worker 0] jepsen.util: 42	:ok	:read	[]
2024-11-28 00:22:15,174{GMT}	INFO	[jepsen worker 0] jepsen.util: 42	:invoke	:read	nil
2024-11-28 00:22:15,176{GMT}	INFO	[jepsen worker 0] jepsen.util: 42	:ok	:read	[]
2024-11-28 00:22:15,322{GMT}	INFO	[jepsen worker 0] jepsen.util: 42	:invoke	:read	nil
2024-11-28 00:22:15,324{GMT}	INFO	[jepsen worker 0] jepsen.util: 42	:ok	:read	[]
2024-11-28 00:22:15,461{GMT}	INFO	[jepsen worker 0] jepsen.util: 42	:invoke	:broadcast	42
2024-11-28 00:22:15,463{GMT}	INFO	[jepsen worker 0] jepsen.util: 42	:info	:broadcast	42	[:crash "malformed message"]
2024-11-28 00:22:15,618{GMT}	INFO	[jepsen worker 0] jepsen.util: 43	:invoke	:broadcast	43
2024-11-28 00:22:15,619{GMT}	INFO	[jepsen worker 0] jepsen.util: 43	:info	:broadcast	43	[:crash "malformed message"]
2024-11-28 00:22:15,692{GMT}	INFO	[jepsen worker 0] jepsen.util: 44	:invoke	:broadcast	44
2024-11-28 00:22:15,694{GMT}	INFO	[jepsen worker 0] jepsen.util: 44	:info	:broadcast	44	[:crash "malformed message"]
2024-11-28 00:22:15,818{GMT}	INFO	[jepsen worker 0] jepsen.util: 45	:invoke	:broadcast	45
2024-11-28 00:22:15,819{GMT}	INFO	[jepsen worker 0] jepsen.util: 45	:info	:broadcast	45	[:crash "malformed message"]
2024-11-28 00:22:16,008{GMT}	INFO	[jepsen worker 0] jepsen.util: 46	:invoke	:broadcast	46
2024-11-28 00:22:16,009{GMT}	INFO	[jepsen worker 0] jepsen.util: 46	:info	:broadcast	46	[:crash "malformed message"]
2024-11-28 00:22:16,063{GMT}	INFO	[jepsen worker 0] jepsen.util: 47	:invoke	:broadcast	47
2024-11-28 00:22:16,064{GMT}	INFO	[jepsen worker 0] jepsen.util: 47	:info	:broadcast	47	[:crash "malformed message"]
2024-11-28 00:22:16,170{GMT}	INFO	[jepsen worker 0] jepsen.util: 48	:invoke	:read	nil
2024-11-28 00:22:16,171{GMT}	INFO	[jepsen worker 0] jepsen.util: 48	:ok	:read	[]
2024-11-28 00:22:16,250{GMT}	INFO	[jepsen worker 0] jepsen.util: 48	:invoke	:broadcast	48
2024-11-28 00:22:16,251{GMT}	INFO	[jepsen worker 0] jepsen.util: 48	:info	:broadcast	48	[:crash "malformed message"]
2024-11-28 00:22:16,314{GMT}	INFO	[jepsen worker 0] jepsen.util: 49	:invoke	:read	nil
2024-11-28 00:22:16,315{GMT}	INFO	[jepsen worker 0] jepsen.util: 49	:ok	:read	[]
2024-11-28 00:22:16,388{GMT}	INFO	[jepsen worker 0] jepsen.util: 49	:invoke	:broadcast	49
2024-11-28 00:22:16,389{GMT}	INFO	[jepsen worker 0] jepsen.util: 49	:info	:broadcast	49	[:crash "malformed message"]
2024-11-28 00:22:16,447{GMT}	INFO	[jepsen worker 0] jepsen.util: 50	:invoke	:read	nil
2024-11-28 00:22:16,448{GMT}	INFO	[jepsen worker 0] jepsen.util: 50	:ok	:read	[]
2024-11-28 00:22:16,555{GMT}	INFO	[jepsen worker 0] jepsen.util: 50	:invoke	:read	nil
2024-11-28 00:22:16,556{GMT}	INFO	[jepsen worker 0] jepsen.util: 50	:ok	:read	[]
2024-11-28 00:22:16,649{GMT}	INFO	[jepsen worker 0] jepsen.util: 50	:invoke	:broadcast	50
2024-11-28 00:22:16,651{GMT}	INFO	[jepsen worker 0] jepsen.util: 50	:info	:broadcast	50	[:crash "malformed message"]
2024-11-28 00:22:16,803{GMT}	INFO	[jepsen worker 0] jepsen.util: 51	:invoke	:read	nil
2024-11-28 00:22:16,807{GMT}	INFO	[jepsen worker 0] jepsen.util: 51	:ok	:read	[]
2024-11-28 00:22:16,956{GMT}	INFO	[jepsen worker 0] jepsen.util: 51	:invoke	:read	nil
2024-11-28 00:22:16,958{GMT}	INFO	[jepsen worker 0] jepsen.util: 51	:ok	:read	[]
2024-11-28 00:22:16,979{GMT}	INFO	[jepsen worker 0] jepsen.util: 51	:invoke	:broadcast	51
2024-11-28 00:22:16,981{GMT}	INFO	[jepsen worker 0] jepsen.util: 51	:info	:broadcast	51	[:crash "malformed message"]
2024-11-28 00:22:16,992{GMT}	INFO	[jepsen worker 0] jepsen.util: 52	:invoke	:broadcast	52
2024-11-28 00:22:16,994{GMT}	INFO	[jepsen worker 0] jepsen.util: 52	:info	:broadcast	52	[:crash "malformed message"]
2024-11-28 00:22:17,045{GMT}	INFO	[jepsen worker 0] jepsen.util: 53	:invoke	:read	nil
2024-11-28 00:22:17,046{GMT}	INFO	[jepsen worker 0] jepsen.util: 53	:ok	:read	[]
2024-11-28 00:22:17,152{GMT}	INFO	[jepsen worker 0] jepsen.util: 53	:invoke	:broadcast	53
2024-11-28 00:22:17,153{GMT}	INFO	[jepsen worker 0] jepsen.util: 53	:info	:broadcast	53	[:crash "malformed message"]
2024-11-28 00:22:17,225{GMT}	INFO	[jepsen worker 0] jepsen.util: 54	:invoke	:read	nil
2024-11-28 00:22:17,226{GMT}	INFO	[jepsen worker 0] jepsen.util: 54	:ok	:read	[]
2024-11-28 00:22:17,424{GMT}	INFO	[jepsen worker 0] jepsen.util: 54	:invoke	:read	nil
2024-11-28 00:22:17,426{GMT}	INFO	[jepsen worker 0] jepsen.util: 54	:ok	:read	[]
2024-11-28 00:22:17,520{GMT}	INFO	[jepsen worker 0] jepsen.util: 54	:invoke	:broadcast	54
2024-11-28 00:22:17,523{GMT}	INFO	[jepsen worker 0] jepsen.util: 54	:info	:broadcast	54	[:crash "malformed message"]
2024-11-28 00:22:17,656{GMT}	INFO	[jepsen worker 0] jepsen.util: 55	:invoke	:read	nil
2024-11-28 00:22:17,658{GMT}	INFO	[jepsen worker 0] jepsen.util: 55	:ok	:read	[]
2024-11-28 00:22:17,843{GMT}	INFO	[jepsen worker 0] jepsen.util: 55	:invoke	:read	nil
2024-11-28 00:22:17,845{GMT}	INFO	[jepsen worker 0] jepsen.util: 55	:ok	:read	[]
2024-11-28 00:22:17,926{GMT}	INFO	[jepsen worker 0] jepsen.util: 55	:invoke	:broadcast	55
2024-11-28 00:22:17,927{GMT}	INFO	[jepsen worker 0] jepsen.util: 55	:info	:broadcast	55	[:crash "malformed message"]
2024-11-28 00:22:18,098{GMT}	INFO	[jepsen worker 0] jepsen.util: 56	:invoke	:read	nil
2024-11-28 00:22:18,101{GMT}	INFO	[jepsen worker 0] jepsen.util: 56	:ok	:read	[]
2024-11-28 00:22:18,169{GMT}	INFO	[jepsen worker 0] jepsen.util: 56	:invoke	:read	nil
2024-11-28 00:22:18,170{GMT}	INFO	[jepsen worker 0] jepsen.util: 56	:ok	:read	[]
2024-11-28 00:22:18,348{GMT}	INFO	[jepsen worker 0] jepsen.util: 56	:invoke	:broadcast	56
2024-11-28 00:22:18,351{GMT}	INFO	[jepsen worker 0] jepsen.util: 56	:info	:broadcast	56	[:crash "malformed message"]
2024-11-28 00:22:18,539{GMT}	INFO	[jepsen worker 0] jepsen.util: 57	:invoke	:broadcast	57
2024-11-28 00:22:18,543{GMT}	INFO	[jepsen worker 0] jepsen.util: 57	:info	:broadcast	57	[:crash "malformed message"]
2024-11-28 00:22:18,722{GMT}	INFO	[jepsen worker 0] jepsen.util: 58	:invoke	:read	nil
2024-11-28 00:22:18,724{GMT}	INFO	[jepsen worker 0] jepsen.util: 58	:ok	:read	[]
2024-11-28 00:22:18,753{GMT}	INFO	[jepsen worker 0] jepsen.util: 58	:invoke	:read	nil
2024-11-28 00:22:18,753{GMT}	INFO	[jepsen worker 0] jepsen.util: 58	:ok	:read	[]
2024-11-28 00:22:18,833{GMT}	INFO	[jepsen worker 0] jepsen.util: 58	:invoke	:read	nil
2024-11-28 00:22:18,833{GMT}	INFO	[jepsen worker 0] jepsen.util: 58	:ok	:read	[]
2024-11-28 00:22:18,980{GMT}	INFO	[jepsen worker 0] jepsen.util: 58	:invoke	:read	nil
2024-11-28 00:22:18,982{GMT}	INFO	[jepsen worker 0] jepsen.util: 58	:ok	:read	[]
2024-11-28 00:22:19,031{GMT}	INFO	[jepsen worker 0] jepsen.util: 58	:invoke	:broadcast	58
2024-11-28 00:22:19,032{GMT}	INFO	[jepsen worker 0] jepsen.util: 58	:info	:broadcast	58	[:crash "malformed message"]
2024-11-28 00:22:19,210{GMT}	INFO	[jepsen worker 0] jepsen.util: 59	:invoke	:read	nil
2024-11-28 00:22:19,212{GMT}	INFO	[jepsen worker 0] jepsen.util: 59	:ok	:read	[]
2024-11-28 00:22:19,299{GMT}	INFO	[jepsen worker 0] jepsen.util: 59	:invoke	:broadcast	59
2024-11-28 00:22:19,303{GMT}	INFO	[jepsen worker 0] jepsen.util: 59	:info	:broadcast	59	[:crash "malformed message"]
2024-11-28 00:22:19,423{GMT}	INFO	[jepsen worker 0] jepsen.util: 60	:invoke	:broadcast	60
2024-11-28 00:22:19,425{GMT}	INFO	[jepsen worker 0] jepsen.util: 60	:info	:broadcast	60	[:crash "malformed message"]
2024-11-28 00:22:19,514{GMT}	INFO	[jepsen worker 0] jepsen.util: 61	:invoke	:broadcast	61
2024-11-28 00:22:19,516{GMT}	INFO	[jepsen worker 0] jepsen.util: 61	:info	:broadcast	61	[:crash "malformed message"]
2024-11-28 00:22:19,693{GMT}	INFO	[jepsen worker 0] jepsen.util: 62	:invoke	:read	nil
2024-11-28 00:22:19,696{GMT}	INFO	[jepsen worker 0] jepsen.util: 62	:ok	:read	[]
2024-11-28 00:22:19,720{GMT}	INFO	[jepsen worker 0] jepsen.util: 62	:invoke	:read	nil
2024-11-28 00:22:19,723{GMT}	INFO	[jepsen worker 0] jepsen.util: 62	:ok	:read	[]
2024-11-28 00:22:19,850{GMT}	INFO	[jepsen worker 0] jepsen.util: 62	:invoke	:broadcast	62
2024-11-28 00:22:19,851{GMT}	INFO	[jepsen worker 0] jepsen.util: 62	:info	:broadcast	62	[:crash "malformed message"]
2024-11-28 00:22:20,040{GMT}	INFO	[jepsen worker 0] jepsen.util: 63	:invoke	:broadcast	63
2024-11-28 00:22:20,042{GMT}	INFO	[jepsen worker 0] jepsen.util: 63	:info	:broadcast	63	[:crash "malformed message"]
2024-11-28 00:22:20,052{GMT}	INFO	[jepsen worker 0] jepsen.util: 64	:invoke	:read	nil
2024-11-28 00:22:20,054{GMT}	INFO	[jepsen worker 0] jepsen.util: 64	:ok	:read	[]
2024-11-28 00:22:20,085{GMT}	INFO	[jepsen worker 0] jepsen.util: 64	:invoke	:read	nil
2024-11-28 00:22:20,086{GMT}	INFO	[jepsen worker 0] jepsen.util: 64	:ok	:read	[]
2024-11-28 00:22:20,217{GMT}	INFO	[jepsen worker 0] jepsen.util: 64	:invoke	:read	nil
2024-11-28 00:22:20,218{GMT}	INFO	[jepsen worker 0] jepsen.util: 64	:ok	:read	[]
2024-11-28 00:22:20,260{GMT}	INFO	[jepsen worker 0] jepsen.util: 64	:invoke	:broadcast	64
2024-11-28 00:22:20,261{GMT}	INFO	[jepsen worker 0] jepsen.util: 64	:info	:broadcast	64	[:crash "malformed message"]
2024-11-28 00:22:20,324{GMT}	INFO	[jepsen worker 0] jepsen.util: 65	:invoke	:read	nil
2024-11-28 00:22:20,325{GMT}	INFO	[jepsen worker 0] jepsen.util: 65	:ok	:read	[]
2024-11-28 00:22:20,358{GMT}	INFO	[jepsen worker 0] jepsen.util: 65	:invoke	:broadcast	65
2024-11-28 00:22:20,359{GMT}	INFO	[jepsen worker 0] jepsen.util: 65	:info	:broadcast	65	[:crash "malformed message"]
2024-11-28 00:22:20,385{GMT}	INFO	[jepsen worker 0] jepsen.util: 66	:invoke	:read	nil
2024-11-28 00:22:20,388{GMT}	INFO	[jepsen worker 0] jepsen.util: 66	:ok	:read	[]
2024-11-28 00:22:20,473{GMT}	INFO	[jepsen worker 0] jepsen.util: 66	:invoke	:read	nil
2024-11-28 00:22:20,476{GMT}	INFO	[jepsen worker 0] jepsen.util: 66	:ok	:read	[]
2024-11-28 00:22:20,632{GMT}	INFO	[jepsen worker 0] jepsen.util: 66	:invoke	:read	nil
2024-11-28 00:22:20,635{GMT}	INFO	[jepsen worker 0] jepsen.util: 66	:ok	:read	[]
2024-11-28 00:22:20,833{GMT}	INFO	[jepsen worker 0] jepsen.util: 66	:invoke	:read	nil
2024-11-28 00:22:20,834{GMT}	INFO	[jepsen worker 0] jepsen.util: 66	:ok	:read	[]
2024-11-28 00:22:20,990{GMT}	INFO	[jepsen worker 0] jepsen.util: 66	:invoke	:broadcast	66
2024-11-28 00:22:20,992{GMT}	INFO	[jepsen worker 0] jepsen.util: 66	:info	:broadcast	66	[:crash "malformed message"]
2024-11-28 00:22:21,064{GMT}	INFO	[jepsen worker 0] jepsen.util: 67	:invoke	:broadcast	67
2024-11-28 00:22:21,066{GMT}	INFO	[jepsen worker 0] jepsen.util: 67	:info	:broadcast	67	[:crash "malformed message"]
2024-11-28 00:22:21,245{GMT}	INFO	[jepsen worker 0] jepsen.util: 68	:invoke	:broadcast	68
2024-11-28 00:22:21,247{GMT}	INFO	[jepsen worker 0] jepsen.util: 68	:info	:broadcast	68	[:crash "malformed message"]
2024-11-28 00:22:21,345{GMT}	INFO	[jepsen worker 0] jepsen.util: 69	:invoke	:read	nil
2024-11-28 00:22:21,347{GMT}	INFO	[jepsen worker 0] jepsen.util: 69	:ok	:read	[]
2024-11-28 00:22:21,399{GMT}	INFO	[jepsen worker 0] jepsen.util: 69	:invoke	:read	nil
2024-11-28 00:22:21,401{GMT}	INFO	[jepsen worker 0] jepsen.util: 69	:ok	:read	[]
2024-11-28 00:22:21,495{GMT}	INFO	[jepsen worker 0] jepsen.util: 69	:invoke	:broadcast	69
2024-11-28 00:22:21,496{GMT}	INFO	[jepsen worker 0] jepsen.util: 69	:info	:broadcast	69	[:crash "malformed message"]
2024-11-28 00:22:21,623{GMT}	INFO	[jepsen worker 0] jepsen.util: 70	:invoke	:read	nil
2024-11-28 00:22:21,624{GMT}	INFO	[jepsen worker 0] jepsen.util: 70	:ok	:read	[]
2024-11-28 00:22:21,786{GMT}	INFO	[jepsen worker 0] jepsen.util: 70	:invoke	:broadcast	70
2024-11-28 00:22:21,788{GMT}	INFO	[jepsen worker 0] jepsen.util: 70	:info	:broadcast	70	[:crash "malformed message"]
2024-11-28 00:22:21,833{GMT}	INFO	[jepsen worker 0] jepsen.util: 71	:invoke	:broadcast	71
2024-11-28 00:22:21,834{GMT}	INFO	[jepsen worker 0] jepsen.util: 71	:info	:broadcast	71	[:crash "malformed message"]
2024-11-28 00:22:21,958{GMT}	INFO	[jepsen worker 0] jepsen.util: 72	:invoke	:read	nil
2024-11-28 00:22:21,958{GMT}	INFO	[jepsen worker 0] jepsen.util: 72	:ok	:read	[]
2024-11-28 00:22:22,143{GMT}	INFO	[jepsen worker 0] jepsen.util: 72	:invoke	:read	nil
2024-11-28 00:22:22,143{GMT}	INFO	[jepsen worker 0] jepsen.util: 72	:ok	:read	[]
2024-11-28 00:22:22,241{GMT}	INFO	[jepsen worker 0] jepsen.util: 72	:invoke	:broadcast	72
2024-11-28 00:22:22,243{GMT}	INFO	[jepsen worker 0] jepsen.util: 72	:info	:broadcast	72	[:crash "malformed message"]
2024-11-28 00:22:22,346{GMT}	INFO	[jepsen worker 0] jepsen.util: 73	:invoke	:read	nil
2024-11-28 00:22:22,347{GMT}	INFO	[jepsen worker 0] jepsen.util: 73	:ok	:read	[]
2024-11-28 00:22:22,391{GMT}	INFO	[jepsen worker 0] jepsen.util: 73	:invoke	:read	nil
2024-11-28 00:22:22,392{GMT}	INFO	[jepsen worker 0] jepsen.util: 73	:ok	:read	[]
2024-11-28 00:22:22,507{GMT}	INFO	[jepsen worker 0] jepsen.util: 73	:invoke	:read	nil
2024-11-28 00:22:22,509{GMT}	INFO	[jepsen worker 0] jepsen.util: 73	:ok	:read	[]
2024-11-28 00:22:22,628{GMT}	INFO	[jepsen worker 0] jepsen.util: 73	:invoke	:broadcast	73
2024-11-28 00:22:22,633{GMT}	INFO	[jepsen worker 0] jepsen.util: 73	:info	:broadcast	73	[:crash "malformed message"]
2024-11-28 00:22:22,800{GMT}	INFO	[jepsen worker 0] jepsen.util: 74	:invoke	:read	nil
2024-11-28 00:22:22,803{GMT}	INFO	[jepsen worker 0] jepsen.util: 74	:ok	:read	[]
2024-11-28 00:22:22,975{GMT}	INFO	[jepsen worker 0] jepsen.util: 74	:invoke	:read	nil
2024-11-28 00:22:22,978{GMT}	INFO	[jepsen worker 0] jepsen.util: 74	:ok	:read	[]
2024-11-28 00:22:23,056{GMT}	INFO	[jepsen worker 0] jepsen.util: 74	:invoke	:read	nil
2024-11-28 00:22:23,058{GMT}	INFO	[jepsen worker 0] jepsen.util: 74	:ok	:read	[]
2024-11-28 00:22:23,209{GMT}	INFO	[jepsen worker 0] jepsen.util: 74	:invoke	:read	nil
2024-11-28 00:22:23,210{GMT}	INFO	[jepsen worker 0] jepsen.util: 74	:ok	:read	[]
2024-11-28 00:22:23,247{GMT}	INFO	[jepsen worker 0] jepsen.util: 74	:invoke	:broadcast	74
2024-11-28 00:22:23,249{GMT}	INFO	[jepsen worker 0] jepsen.util: 74	:info	:broadcast	74	[:crash "malformed message"]
2024-11-28 00:22:23,249{GMT}	INFO	[jepsen worker 0] jepsen.util: 75	:invoke	:broadcast	75
2024-11-28 00:22:23,250{GMT}	INFO	[jepsen worker 0] jepsen.util: 75	:info	:broadcast	75	[:crash "malformed message"]
2024-11-28 00:22:23,396{GMT}	INFO	[jepsen worker 0] jepsen.util: 76	:invoke	:broadcast	76
2024-11-28 00:22:23,398{GMT}	INFO	[jepsen worker 0] jepsen.util: 76	:info	:broadcast	76	[:crash "malformed message"]
2024-11-28 00:22:23,490{GMT}	INFO	[jepsen worker 0] jepsen.util: 77	:invoke	:broadcast	77
2024-11-28 00:22:23,492{GMT}	INFO	[jepsen worker 0] jepsen.util: 77	:info	:broadcast	77	[:crash "malformed message"]
2024-11-28 00:22:23,502{GMT}	INFO	[jepsen worker 0] jepsen.util: 78	:invoke	:read	nil
2024-11-28 00:22:23,503{GMT}	INFO	[jepsen worker 0] jepsen.util: 78	:ok	:read	[]
2024-11-28 00:22:23,542{GMT}	INFO	[jepsen worker 0] jepsen.util: 78	:invoke	:broadcast	78
2024-11-28 00:22:23,543{GMT}	INFO	[jepsen worker 0] jepsen.util: 78	:info	:broadcast	78	[:crash "malformed message"]
2024-11-28 00:22:23,635{GMT}	INFO	[jepsen worker 0] jepsen.util: 79	:invoke	:read	nil
2024-11-28 00:22:23,638{GMT}	INFO	[jepsen worker 0] jepsen.util: 79	:ok	:read	[]
2024-11-28 00:22:23,823{GMT}	INFO	[jepsen worker 0] jepsen.util: 79	:invoke	:read	nil
2024-11-28 00:22:23,824{GMT}	INFO	[jepsen worker 0] jepsen.util: 79	:ok	:read	[]
2024-11-28 00:22:23,861{GMT}	INFO	[jepsen worker 0] jepsen.util: 79	:invoke	:read	nil
2024-11-28 00:22:23,862{GMT}	INFO	[jepsen worker 0] jepsen.util: 79	:ok	:read	[]
2024-11-28 00:22:23,958{GMT}	INFO	[jepsen worker 0] jepsen.util: 79	:invoke	:broadcast	79
2024-11-28 00:22:23,959{GMT}	INFO	[jepsen worker 0] jepsen.util: 79	:info	:broadcast	79	[:crash "malformed message"]
2024-11-28 00:22:23,984{GMT}	INFO	[jepsen worker 0] jepsen.util: 80	:invoke	:broadcast	80
2024-11-28 00:22:23,985{GMT}	INFO	[jepsen worker 0] jepsen.util: 80	:info	:broadcast	80	[:crash "malformed message"]
2024-11-28 00:22:24,157{GMT}	INFO	[jepsen worker 0] jepsen.util: 81	:invoke	:broadcast	81
2024-11-28 00:22:24,158{GMT}	INFO	[jepsen worker 0] jepsen.util: 81	:info	:broadcast	81	[:crash "malformed message"]
2024-11-28 00:22:24,310{GMT}	INFO	[jepsen worker 0] jepsen.util: 82	:invoke	:broadcast	82
2024-11-28 00:22:24,312{GMT}	INFO	[jepsen worker 0] jepsen.util: 82	:info	:broadcast	82	[:crash "malformed message"]
2024-11-28 00:22:24,437{GMT}	INFO	[jepsen worker 0] jepsen.util: 83	:invoke	:read	nil
2024-11-28 00:22:24,438{GMT}	INFO	[jepsen worker 0] jepsen.util: 83	:ok	:read	[]
2024-11-28 00:22:24,528{GMT}	INFO	[jepsen worker 0] jepsen.util: 83	:invoke	:broadcast	83
2024-11-28 00:22:24,530{GMT}	INFO	[jepsen worker 0] jepsen.util: 83	:info	:broadcast	83	[:crash "malformed message"]
2024-11-28 00:22:24,690{GMT}	INFO	[jepsen worker 0] jepsen.util: 84	:invoke	:read	nil
2024-11-28 00:22:24,691{GMT}	INFO	[jepsen worker 0] jepsen.util: 84	:ok	:read	[]
2024-11-28 00:22:24,853{GMT}	INFO	[jepsen worker 0] jepsen.util: 84	:invoke	:read	nil
2024-11-28 00:22:24,854{GMT}	INFO	[jepsen worker 0] jepsen.util: 84	:ok	:read	[]
2024-11-28 00:22:24,969{GMT}	INFO	[jepsen worker 0] jepsen.util: 84	:invoke	:broadcast	84
2024-11-28 00:22:24,971{GMT}	INFO	[jepsen worker 0] jepsen.util: 84	:info	:broadcast	84	[:crash "malformed message"]
2024-11-28 00:22:24,985{GMT}	INFO	[jepsen worker 0] jepsen.util: 85	:invoke	:broadcast	85
2024-11-28 00:22:24,987{GMT}	INFO	[jepsen worker 0] jepsen.util: 85	:info	:broadcast	85	[:crash "malformed message"]
2024-11-28 00:22:25,179{GMT}	INFO	[jepsen worker 0] jepsen.util: 86	:invoke	:broadcast	86
2024-11-28 00:22:25,182{GMT}	INFO	[jepsen worker 0] jepsen.util: 86	:info	:broadcast	86	[:crash "malformed message"]
2024-11-28 00:22:25,267{GMT}	INFO	[jepsen worker 0] jepsen.util: 87	:invoke	:read	nil
2024-11-28 00:22:25,269{GMT}	INFO	[jepsen worker 0] jepsen.util: 87	:ok	:read	[]
2024-11-28 00:22:25,336{GMT}	INFO	[jepsen worker 0] jepsen.util: 87	:invoke	:broadcast	87
2024-11-28 00:22:25,337{GMT}	INFO	[jepsen worker 0] jepsen.util: 87	:info	:broadcast	87	[:crash "malformed message"]
2024-11-28 00:22:25,433{GMT}	INFO	[jepsen worker 0] jepsen.util: 88	:invoke	:read	nil
2024-11-28 00:22:25,435{GMT}	INFO	[jepsen worker 0] jepsen.util: 88	:ok	:read	[]
2024-11-28 00:22:25,457{GMT}	INFO	[jepsen worker 0] jepsen.util: 88	:invoke	:broadcast	88
2024-11-28 00:22:25,460{GMT}	INFO	[jepsen worker 0] jepsen.util: 88	:info	:broadcast	88	[:crash "malformed message"]
2024-11-28 00:22:25,504{GMT}	INFO	[jepsen worker 0] jepsen.util: 89	:invoke	:read	nil
2024-11-28 00:22:25,505{GMT}	INFO	[jepsen worker 0] jepsen.util: 89	:ok	:read	[]
2024-11-28 00:22:25,538{GMT}	INFO	[jepsen worker 0] jepsen.util: 89	:invoke	:read	nil
2024-11-28 00:22:25,539{GMT}	INFO	[jepsen worker 0] jepsen.util: 89	:ok	:read	[]
2024-11-28 00:22:25,695{GMT}	INFO	[jepsen worker 0] jepsen.util: 89	:invoke	:read	nil
2024-11-28 00:22:25,697{GMT}	INFO	[jepsen worker 0] jepsen.util: 89	:ok	:read	[]
2024-11-28 00:22:25,873{GMT}	INFO	[jepsen worker 0] jepsen.util: 89	:invoke	:broadcast	89
2024-11-28 00:22:25,875{GMT}	INFO	[jepsen worker 0] jepsen.util: 89	:info	:broadcast	89	[:crash "malformed message"]
2024-11-28 00:22:25,892{GMT}	INFO	[jepsen worker 0] jepsen.util: 90	:invoke	:read	nil
2024-11-28 00:22:25,893{GMT}	INFO	[jepsen worker 0] jepsen.util: 90	:ok	:read	[]
2024-11-28 00:22:25,934{GMT}	INFO	[jepsen worker 0] jepsen.util: 90	:invoke	:broadcast	90
2024-11-28 00:22:25,934{GMT}	INFO	[jepsen worker 0] jepsen.util: 90	:info	:broadcast	90	[:crash "malformed message"]
2024-11-28 00:22:25,966{GMT}	INFO	[jepsen worker 0] jepsen.util: 91	:invoke	:broadcast	91
2024-11-28 00:22:25,967{GMT}	INFO	[jepsen worker 0] jepsen.util: 91	:info	:broadcast	91	[:crash "malformed message"]
2024-11-28 00:22:26,100{GMT}	INFO	[jepsen worker 0] jepsen.util: 92	:invoke	:read	nil
2024-11-28 00:22:26,102{GMT}	INFO	[jepsen worker 0] jepsen.util: 92	:ok	:read	[]
2024-11-28 00:22:26,284{GMT}	INFO	[jepsen worker 0] jepsen.util: 92	:invoke	:read	nil
2024-11-28 00:22:26,285{GMT}	INFO	[jepsen worker 0] jepsen.util: 92	:ok	:read	[]
2024-11-28 00:22:26,364{GMT}	INFO	[jepsen worker 0] jepsen.util: 92	:invoke	:broadcast	92
2024-11-28 00:22:26,367{GMT}	INFO	[jepsen worker 0] jepsen.util: 92	:info	:broadcast	92	[:crash "malformed message"]
2024-11-28 00:22:26,369{GMT}	INFO	[jepsen worker 0] jepsen.generator.interpreter: Waiting for recovery...
2024-11-28 00:22:36,374{GMT}	INFO	[jepsen worker 0] jepsen.util: 93	:invoke	:read	nil
2024-11-28 00:22:36,375{GMT}	INFO	[jepsen worker 0] jepsen.util: 93	:ok	:read	[]
2024-11-28 00:22:36,385{GMT}	INFO	[jepsen test runner] jepsen.core: Run complete, writing
2024-11-28 00:22:36,421{GMT}	INFO	[jepsen node n0] maelstrom.db: Tearing down n0
2024-11-28 00:22:37,512{GMT}	INFO	[jepsen node n0] maelstrom.net: Shutting down Maelstrom network
2024-11-28 00:22:37,514{GMT}	INFO	[jepsen test runner] jepsen.core: Analyzing...
2024-11-28 00:22:37,875{GMT}	INFO	[jepsen test runner] jepsen.core: Analysis complete
2024-11-28 00:22:37,883{GMT}	INFO	[jepsen results] jepsen.store: Wrote /Users/alex/Workspace/maelstrom/maelstrom-broadcast/store/broadcast/20241128T002205.563-0500/results.edn
2024-11-28 00:22:37,905{GMT}	INFO	[jepsen test runner] jepsen.core: {:perf {:latency-graph {:valid? true},
        :rate-graph {:valid? true},
        :valid? true},
 :timeline {:valid? true},
 :exceptions {:valid? true},
 :stats {:valid? false,
         :count 189,
         :ok-count 96,
         :fail-count 0,
         :info-count 93,
         :by-f {:broadcast {:valid? false,
                            :count 93,
                            :ok-count 0,
                            :fail-count 0,
                            :info-count 93},
                :read {:valid? true,
                       :count 96,
                       :ok-count 96,
                       :fail-count 0,
                       :info-count 0}}},
 :availability {:valid? true, :ok-fraction 0.50793654},
 :net {:all {:send-count 382,
             :recv-count 382,
             :msg-count 382,
             :msgs-per-op 2.021164},
       :clients {:send-count 382, :recv-count 382, :msg-count 382},
       :servers {:send-count 0,
                 :recv-count 0,
                 :msg-count 0,
                 :msgs-per-op 0.0},
       :valid? true},
 :workload {:worst-stale (),
            :duplicated-count 0,
            :valid? :unknown,
            :lost-count 0,
            :lost (),
            :stable-count 0,
            :stale-count 0,
            :stale (),
            :never-read-count 93,
            :attempt-count 93,
            :never-read (0
                         1
                         2
                         3
                         4
                         5
                         6
                         7
                         8
                         9
                         10
                         11
                         12
                         13
                         14
                         15
                         16
                         17
                         18
                         19
                         20
                         21
                         22
                         23
                         24
                         25
                         26
                         27
                         28
                         29
                         30
                         31
                         32
                         33
                         34
                         35
                         36
                         37
                         38
                         39
                         40
                         41
                         42
                         43
                         44
                         45
                         46
                         47
                         48
                         49
                         50
                         51
                         52
                         53
                         54
                         55
                         56
                         57
                         58
                         59
                         60
                         61
                         62
                         63
                         64
                         65
                         66
                         67
                         68
                         69
                         70
                         71
                         72
                         73
                         74
                         75
                         76
                         77
                         78
                         79
                         80
                         81
                         82
                         83
                         84
                         85
                         86
                         87
                         88
                         89
                         90
                         91
                         92),
            :duplicated {}},
 :valid? false}


Analysis invalid! (ﾉಥ益ಥ）ﾉ ┻━┻
