2024-11-28 00:11:36,758{GMT}	INFO	[jepsen test runner] jepsen.core: Command line:
lein run test -w broadcast --bin /Users/alex/.go/bin/maelstrom-broadcast --node-count 1 --time-limit 20 --rate 10
2024-11-28 00:11:36,795{GMT}	INFO	[jepsen test runner] jepsen.core: Running test:
{:args []
 :remote
 #jepsen.control.retry.Remote{:remote #jepsen.control.scp.Remote{:cmd-remote #jepsen.control.sshj.SSHJRemote{:concurrency-limit 6,
                                                                                                             :conn-spec nil,
                                                                                                             :client nil,
                                                                                                             :semaphore nil},
                                                                 :conn-spec nil},
                              :conn nil}
 :log-net-send false
 :node-count 1
 :availability nil
 :max-txn-length 4
 :concurrency 1
 :db
 #object[maelstrom.db$db$reify__16142
         "0x3b42d7df"
         "maelstrom.db$db$reify__16142@3b42d7df"]
 :max-writes-per-key 16
 :leave-db-running? false
 :name "broadcast"
 :logging-json? false
 :start-time
 #object[org.joda.time.DateTime "0x64b262a7" "2024-11-28T00:11:36.740-05:00"]
 :nemesis-interval 10
 :net
 #object[maelstrom.net$jepsen_net$reify__15251
         "0x771c4015"
         "maelstrom.net$jepsen_net$reify__15251@771c4015"]
 :client
 #object[maelstrom.workload.broadcast$client$reify__16644
         "0x34d776eb"
         "maelstrom.workload.broadcast$client$reify__16644@34d776eb"]
 :barrier
 #object[java.util.concurrent.CyclicBarrier
         "0x60a3a0fa"
         "java.util.concurrent.CyclicBarrier@60a3a0fa"]
 :log-stderr false
 :pure-generators true
 :ssh {:dummy? true}
 :rate 10.0
 :checker
 #object[jepsen.checker$compose$reify__11881
         "0x17734113"
         "jepsen.checker$compose$reify__11881@17734113"]
 :argv
 ("test"
  "-w"
  "broadcast"
  "--bin"
  "/Users/alex/.go/bin/maelstrom-broadcast"
  "--node-count"
  "1"
  "--time-limit"
  "20"
  "--rate"
  "10")
 :nemesis
 (jepsen.nemesis.ReflCompose
  {:fm {:start-partition 0,
        :stop-partition 0,
        :kill 1,
        :start 1,
        :pause 1,
        :resume 1},
   :nemeses [#unprintable "jepsen.nemesis.combined$partition_nemesis$reify__16416@27aa700"
             #unprintable "jepsen.nemesis.combined$db_nemesis$reify__16397@d15f98a"]})
 :nodes ["n0"]
 :test-count 1
 :latency {:mean 0, :dist :constant}
 :bin "/Users/alex/.go/bin/maelstrom-broadcast"
 :generator
 ((jepsen.generator.Synchronize
   {:gen (jepsen.generator.TimeLimit
          {:limit 20000000000,
           :cutoff nil,
           :gen (jepsen.generator.Any
                 {:gens [(jepsen.generator.OnThreads
                          {:f #{:nemesis},
                           :context-filter #object[jepsen.generator.context$make_thread_filter$lazy_filter__9167
                                                   "0x9c88323"
                                                   "jepsen.generator.context$make_thread_filter$lazy_filter__9167@9c88323"],
                           :gen nil})
                         (jepsen.generator.OnThreads
                          {:f #jepsen.generator.context.AllBut{:element :nemesis},
                           :context-filter #object[jepsen.generator.context$make_thread_filter$lazy_filter__9167
                                                   "0x6d4bdb75"
                                                   "jepsen.generator.context$make_thread_filter$lazy_filter__9167@6d4bdb75"],
                           :gen (jepsen.generator.Stagger
                                 {:dt 200000000,
                                  :next-time nil,
                                  :gen (jepsen.generator.Mix
                                        {:i 1,
                                         :gens [({:f :broadcast, :value 0}
                                                 {:f :broadcast, :value 1}
                                                 {:f :broadcast, :value 2}
                                                 {:f :broadcast, :value 3}
                                                 {:f :broadcast, :value 4}
                                                 {:f :broadcast, :value 5}
                                                 {:f :broadcast, :value 6}
                                                 {:f :broadcast, :value 7}
                                                 ...)
                                                ({:f :read}
                                                 {:f :read}
                                                 {:f :read}
                                                 {:f :read}
                                                 {:f :read}
                                                 {:f :read}
                                                 {:f :read}
                                                 {:f :read}
                                                 ...)]})})})]})})})
  (jepsen.generator.Synchronize
   {:gen (jepsen.generator.OnThreads
          {:f #{:nemesis},
           :context-filter #object[jepsen.generator.context$make_thread_filter$lazy_filter__9167
                                   "0x256a25a8"
                                   "jepsen.generator.context$make_thread_filter$lazy_filter__9167@256a25a8"],
           :gen ()})})
  (jepsen.generator.Synchronize
   {:gen {:type :log, :value "Waiting for recovery..."}})
  (jepsen.generator.Synchronize {:gen {:type :sleep, :value 10}})
  (jepsen.generator.Synchronize
   {:gen (jepsen.generator.OnThreads
          {:f #jepsen.generator.context.AllBut{:element :nemesis},
           :context-filter #object[jepsen.generator.context$make_thread_filter$lazy_filter__9167
                                   "0x68f67bbd"
                                   "jepsen.generator.context$make_thread_filter$lazy_filter__9167@68f67bbd"],
           :gen (jepsen.generator.EachThread
                 {:fresh-gen {:f :read, :final? true},
                  :context-filters #object[clojure.core$promise$reify__8591
                                           "0x5bd585a5"
                                           {:status :pending, :val nil}],
                  :gens {}})})}))
 :log-net-recv false
 :os
 #object[maelstrom.net$jepsen_os$reify__15254
         "0x65c040c9"
         "maelstrom.net$jepsen_os$reify__15254@65c040c9"]
 :time-limit 20
 :workload :broadcast
 :consistency-models [:strict-serializable]
 :topology :grid}

2024-11-28 00:11:37,527{GMT}	INFO	[jepsen node n0] maelstrom.net: Starting Maelstrom network
2024-11-28 00:11:37,528{GMT}	INFO	[jepsen test runner] jepsen.db: Tearing down DB
2024-11-28 00:11:37,528{GMT}	INFO	[jepsen test runner] jepsen.db: Setting up DB
2024-11-28 00:11:37,529{GMT}	INFO	[jepsen node n0] maelstrom.service: Starting services: (lin-kv lin-tso lww-kv seq-kv)
2024-11-28 00:11:37,530{GMT}	INFO	[jepsen node n0] maelstrom.db: Setting up n0
2024-11-28 00:11:37,530{GMT}	INFO	[jepsen node n0] maelstrom.process: launching /Users/alex/.go/bin/maelstrom-broadcast []
2024-11-28 00:11:37,873{GMT}	INFO	[jepsen test runner] jepsen.core: Relative time begins now
2024-11-28 00:11:37,889{GMT}	INFO	[jepsen worker 0] jepsen.util: 0	:invoke	:read	nil
2024-11-28 00:11:37,891{GMT}	INFO	[jepsen worker 0] jepsen.util: 0	:ok	:read	nil
2024-11-28 00:11:38,018{GMT}	INFO	[jepsen worker 0] jepsen.util: 0	:invoke	:read	nil
2024-11-28 00:11:38,019{GMT}	INFO	[jepsen worker 0] jepsen.util: 0	:ok	:read	nil
2024-11-28 00:11:38,212{GMT}	INFO	[jepsen worker 0] jepsen.util: 0	:invoke	:read	nil
2024-11-28 00:11:38,215{GMT}	INFO	[jepsen worker 0] jepsen.util: 0	:ok	:read	nil
2024-11-28 00:11:38,404{GMT}	INFO	[jepsen worker 0] jepsen.util: 0	:invoke	:broadcast	0
2024-11-28 00:11:38,412{GMT}	INFO	[jepsen worker 0] jepsen.util: 0	:info	:broadcast	0	[:crash "malformed message"]
2024-11-28 00:11:38,479{GMT}	INFO	[jepsen worker 0] jepsen.util: 1	:invoke	:read	nil
2024-11-28 00:11:38,480{GMT}	INFO	[jepsen worker 0] jepsen.util: 1	:ok	:read	nil
2024-11-28 00:11:38,549{GMT}	INFO	[jepsen worker 0] jepsen.util: 1	:invoke	:read	nil
2024-11-28 00:11:38,550{GMT}	INFO	[jepsen worker 0] jepsen.util: 1	:ok	:read	nil
2024-11-28 00:11:38,714{GMT}	INFO	[jepsen worker 0] jepsen.util: 1	:invoke	:broadcast	1
2024-11-28 00:11:38,716{GMT}	INFO	[jepsen worker 0] jepsen.util: 1	:info	:broadcast	1	[:crash "malformed message"]
2024-11-28 00:11:38,717{GMT}	INFO	[jepsen worker 0] jepsen.util: 2	:invoke	:broadcast	2
2024-11-28 00:11:38,718{GMT}	INFO	[jepsen worker 0] jepsen.util: 2	:info	:broadcast	2	[:crash "malformed message"]
2024-11-28 00:11:38,871{GMT}	INFO	[jepsen worker 0] jepsen.util: 3	:invoke	:read	nil
2024-11-28 00:11:38,873{GMT}	INFO	[jepsen worker 0] jepsen.util: 3	:ok	:read	nil
2024-11-28 00:11:38,931{GMT}	INFO	[jepsen worker 0] jepsen.util: 3	:invoke	:read	nil
2024-11-28 00:11:38,932{GMT}	INFO	[jepsen worker 0] jepsen.util: 3	:ok	:read	nil
2024-11-28 00:11:38,990{GMT}	INFO	[jepsen worker 0] jepsen.util: 3	:invoke	:read	nil
2024-11-28 00:11:38,991{GMT}	INFO	[jepsen worker 0] jepsen.util: 3	:ok	:read	nil
2024-11-28 00:11:39,165{GMT}	INFO	[jepsen worker 0] jepsen.util: 3	:invoke	:read	nil
2024-11-28 00:11:39,167{GMT}	INFO	[jepsen worker 0] jepsen.util: 3	:ok	:read	nil
2024-11-28 00:11:39,357{GMT}	INFO	[jepsen worker 0] jepsen.util: 3	:invoke	:read	nil
2024-11-28 00:11:39,358{GMT}	INFO	[jepsen worker 0] jepsen.util: 3	:ok	:read	nil
2024-11-28 00:11:39,516{GMT}	INFO	[jepsen worker 0] jepsen.util: 3	:invoke	:read	nil
2024-11-28 00:11:39,518{GMT}	INFO	[jepsen worker 0] jepsen.util: 3	:ok	:read	nil
2024-11-28 00:11:39,713{GMT}	INFO	[jepsen worker 0] jepsen.util: 3	:invoke	:broadcast	3
2024-11-28 00:11:39,716{GMT}	INFO	[jepsen worker 0] jepsen.util: 3	:info	:broadcast	3	[:crash "malformed message"]
2024-11-28 00:11:39,842{GMT}	INFO	[jepsen worker 0] jepsen.util: 4	:invoke	:read	nil
2024-11-28 00:11:39,846{GMT}	INFO	[jepsen worker 0] jepsen.util: 4	:ok	:read	nil
2024-11-28 00:11:39,938{GMT}	INFO	[jepsen worker 0] jepsen.util: 4	:invoke	:read	nil
2024-11-28 00:11:39,940{GMT}	INFO	[jepsen worker 0] jepsen.util: 4	:ok	:read	nil
2024-11-28 00:11:40,046{GMT}	INFO	[jepsen worker 0] jepsen.util: 4	:invoke	:read	nil
2024-11-28 00:11:40,047{GMT}	INFO	[jepsen worker 0] jepsen.util: 4	:ok	:read	nil
2024-11-28 00:11:40,140{GMT}	INFO	[jepsen worker 0] jepsen.util: 4	:invoke	:read	nil
2024-11-28 00:11:40,141{GMT}	INFO	[jepsen worker 0] jepsen.util: 4	:ok	:read	nil
2024-11-28 00:11:40,203{GMT}	INFO	[jepsen worker 0] jepsen.util: 4	:invoke	:read	nil
2024-11-28 00:11:40,204{GMT}	INFO	[jepsen worker 0] jepsen.util: 4	:ok	:read	nil
2024-11-28 00:11:40,204{GMT}	INFO	[jepsen worker 0] jepsen.util: 4	:invoke	:broadcast	4
2024-11-28 00:11:40,205{GMT}	INFO	[jepsen worker 0] jepsen.util: 4	:info	:broadcast	4	[:crash "malformed message"]
2024-11-28 00:11:40,405{GMT}	INFO	[jepsen worker 0] jepsen.util: 5	:invoke	:read	nil
2024-11-28 00:11:40,407{GMT}	INFO	[jepsen worker 0] jepsen.util: 5	:ok	:read	nil
2024-11-28 00:11:40,424{GMT}	INFO	[jepsen worker 0] jepsen.util: 5	:invoke	:broadcast	5
2024-11-28 00:11:40,427{GMT}	INFO	[jepsen worker 0] jepsen.util: 5	:info	:broadcast	5	[:crash "malformed message"]
2024-11-28 00:11:40,591{GMT}	INFO	[jepsen worker 0] jepsen.util: 6	:invoke	:read	nil
2024-11-28 00:11:40,594{GMT}	INFO	[jepsen worker 0] jepsen.util: 6	:ok	:read	nil
2024-11-28 00:11:40,670{GMT}	INFO	[jepsen worker 0] jepsen.util: 6	:invoke	:broadcast	6
2024-11-28 00:11:40,673{GMT}	INFO	[jepsen worker 0] jepsen.util: 6	:info	:broadcast	6	[:crash "malformed message"]
2024-11-28 00:11:40,870{GMT}	INFO	[jepsen worker 0] jepsen.util: 7	:invoke	:broadcast	7
2024-11-28 00:11:40,874{GMT}	INFO	[jepsen worker 0] jepsen.util: 7	:info	:broadcast	7	[:crash "malformed message"]
2024-11-28 00:11:40,904{GMT}	INFO	[jepsen worker 0] jepsen.util: 8	:invoke	:read	nil
2024-11-28 00:11:40,905{GMT}	INFO	[jepsen worker 0] jepsen.util: 8	:ok	:read	nil
2024-11-28 00:11:41,083{GMT}	INFO	[jepsen worker 0] jepsen.util: 8	:invoke	:read	nil
2024-11-28 00:11:41,085{GMT}	INFO	[jepsen worker 0] jepsen.util: 8	:ok	:read	nil
2024-11-28 00:11:41,141{GMT}	INFO	[jepsen worker 0] jepsen.util: 8	:invoke	:broadcast	8
2024-11-28 00:11:41,142{GMT}	INFO	[jepsen worker 0] jepsen.util: 8	:info	:broadcast	8	[:crash "malformed message"]
2024-11-28 00:11:41,323{GMT}	INFO	[jepsen worker 0] jepsen.util: 9	:invoke	:broadcast	9
2024-11-28 00:11:41,326{GMT}	INFO	[jepsen worker 0] jepsen.util: 9	:info	:broadcast	9	[:crash "malformed message"]
2024-11-28 00:11:41,429{GMT}	INFO	[jepsen worker 0] jepsen.util: 10	:invoke	:read	nil
2024-11-28 00:11:41,431{GMT}	INFO	[jepsen worker 0] jepsen.util: 10	:ok	:read	nil
2024-11-28 00:11:41,454{GMT}	INFO	[jepsen worker 0] jepsen.util: 10	:invoke	:broadcast	10
2024-11-28 00:11:41,455{GMT}	INFO	[jepsen worker 0] jepsen.util: 10	:info	:broadcast	10	[:crash "malformed message"]
2024-11-28 00:11:41,612{GMT}	INFO	[jepsen worker 0] jepsen.util: 11	:invoke	:read	nil
2024-11-28 00:11:41,615{GMT}	INFO	[jepsen worker 0] jepsen.util: 11	:ok	:read	nil
2024-11-28 00:11:41,659{GMT}	INFO	[jepsen worker 0] jepsen.util: 11	:invoke	:broadcast	11
2024-11-28 00:11:41,660{GMT}	INFO	[jepsen worker 0] jepsen.util: 11	:info	:broadcast	11	[:crash "malformed message"]
2024-11-28 00:11:41,748{GMT}	INFO	[jepsen worker 0] jepsen.util: 12	:invoke	:broadcast	12
2024-11-28 00:11:41,750{GMT}	INFO	[jepsen worker 0] jepsen.util: 12	:info	:broadcast	12	[:crash "malformed message"]
2024-11-28 00:11:41,935{GMT}	INFO	[jepsen worker 0] jepsen.util: 13	:invoke	:broadcast	13
2024-11-28 00:11:41,938{GMT}	INFO	[jepsen worker 0] jepsen.util: 13	:info	:broadcast	13	[:crash "malformed message"]
2024-11-28 00:11:42,013{GMT}	INFO	[jepsen worker 0] jepsen.util: 14	:invoke	:broadcast	14
2024-11-28 00:11:42,015{GMT}	INFO	[jepsen worker 0] jepsen.util: 14	:info	:broadcast	14	[:crash "malformed message"]
2024-11-28 00:11:42,167{GMT}	INFO	[jepsen worker 0] jepsen.util: 15	:invoke	:broadcast	15
2024-11-28 00:11:42,170{GMT}	INFO	[jepsen worker 0] jepsen.util: 15	:info	:broadcast	15	[:crash "malformed message"]
2024-11-28 00:11:42,181{GMT}	INFO	[jepsen worker 0] jepsen.util: 16	:invoke	:broadcast	16
2024-11-28 00:11:42,184{GMT}	INFO	[jepsen worker 0] jepsen.util: 16	:info	:broadcast	16	[:crash "malformed message"]
2024-11-28 00:11:42,191{GMT}	INFO	[jepsen worker 0] jepsen.util: 17	:invoke	:read	nil
2024-11-28 00:11:42,194{GMT}	INFO	[jepsen worker 0] jepsen.util: 17	:ok	:read	nil
2024-11-28 00:11:42,308{GMT}	INFO	[jepsen worker 0] jepsen.util: 17	:invoke	:broadcast	17
2024-11-28 00:11:42,309{GMT}	INFO	[jepsen worker 0] jepsen.util: 17	:info	:broadcast	17	[:crash "malformed message"]
2024-11-28 00:11:42,507{GMT}	INFO	[jepsen worker 0] jepsen.util: 18	:invoke	:read	nil
2024-11-28 00:11:42,510{GMT}	INFO	[jepsen worker 0] jepsen.util: 18	:ok	:read	nil
2024-11-28 00:11:42,588{GMT}	INFO	[jepsen worker 0] jepsen.util: 18	:invoke	:read	nil
2024-11-28 00:11:42,590{GMT}	INFO	[jepsen worker 0] jepsen.util: 18	:ok	:read	nil
2024-11-28 00:11:42,590{GMT}	INFO	[jepsen worker 0] jepsen.util: 18	:invoke	:broadcast	18
2024-11-28 00:11:42,591{GMT}	INFO	[jepsen worker 0] jepsen.util: 18	:info	:broadcast	18	[:crash "malformed message"]
2024-11-28 00:11:42,612{GMT}	INFO	[jepsen worker 0] jepsen.util: 19	:invoke	:broadcast	19
2024-11-28 00:11:42,613{GMT}	INFO	[jepsen worker 0] jepsen.util: 19	:info	:broadcast	19	[:crash "malformed message"]
2024-11-28 00:11:42,813{GMT}	INFO	[jepsen worker 0] jepsen.util: 20	:invoke	:read	nil
2024-11-28 00:11:42,815{GMT}	INFO	[jepsen worker 0] jepsen.util: 20	:ok	:read	nil
2024-11-28 00:11:42,912{GMT}	INFO	[jepsen worker 0] jepsen.util: 20	:invoke	:broadcast	20
2024-11-28 00:11:42,915{GMT}	INFO	[jepsen worker 0] jepsen.util: 20	:info	:broadcast	20	[:crash "malformed message"]
2024-11-28 00:11:43,072{GMT}	INFO	[jepsen worker 0] jepsen.util: 21	:invoke	:read	nil
2024-11-28 00:11:43,074{GMT}	INFO	[jepsen worker 0] jepsen.util: 21	:ok	:read	nil
2024-11-28 00:11:43,209{GMT}	INFO	[jepsen worker 0] jepsen.util: 21	:invoke	:broadcast	21
2024-11-28 00:11:43,212{GMT}	INFO	[jepsen worker 0] jepsen.util: 21	:info	:broadcast	21	[:crash "malformed message"]
2024-11-28 00:11:43,312{GMT}	INFO	[jepsen worker 0] jepsen.util: 22	:invoke	:read	nil
2024-11-28 00:11:43,314{GMT}	INFO	[jepsen worker 0] jepsen.util: 22	:ok	:read	nil
2024-11-28 00:11:43,358{GMT}	INFO	[jepsen worker 0] jepsen.util: 22	:invoke	:broadcast	22
2024-11-28 00:11:43,359{GMT}	INFO	[jepsen worker 0] jepsen.util: 22	:info	:broadcast	22	[:crash "malformed message"]
2024-11-28 00:11:43,384{GMT}	INFO	[jepsen worker 0] jepsen.util: 23	:invoke	:broadcast	23
2024-11-28 00:11:43,385{GMT}	INFO	[jepsen worker 0] jepsen.util: 23	:info	:broadcast	23	[:crash "malformed message"]
2024-11-28 00:11:43,588{GMT}	INFO	[jepsen worker 0] jepsen.util: 24	:invoke	:read	nil
2024-11-28 00:11:43,590{GMT}	INFO	[jepsen worker 0] jepsen.util: 24	:ok	:read	nil
2024-11-28 00:11:43,765{GMT}	INFO	[jepsen worker 0] jepsen.util: 24	:invoke	:read	nil
2024-11-28 00:11:43,767{GMT}	INFO	[jepsen worker 0] jepsen.util: 24	:ok	:read	nil
2024-11-28 00:11:43,938{GMT}	INFO	[jepsen worker 0] jepsen.util: 24	:invoke	:read	nil
2024-11-28 00:11:43,941{GMT}	INFO	[jepsen worker 0] jepsen.util: 24	:ok	:read	nil
2024-11-28 00:11:44,047{GMT}	INFO	[jepsen worker 0] jepsen.util: 24	:invoke	:broadcast	24
2024-11-28 00:11:44,050{GMT}	INFO	[jepsen worker 0] jepsen.util: 24	:info	:broadcast	24	[:crash "malformed message"]
2024-11-28 00:11:44,061{GMT}	INFO	[jepsen worker 0] jepsen.util: 25	:invoke	:broadcast	25
2024-11-28 00:11:44,062{GMT}	INFO	[jepsen worker 0] jepsen.util: 25	:info	:broadcast	25	[:crash "malformed message"]
2024-11-28 00:11:44,116{GMT}	INFO	[jepsen worker 0] jepsen.util: 26	:invoke	:broadcast	26
2024-11-28 00:11:44,118{GMT}	INFO	[jepsen worker 0] jepsen.util: 26	:info	:broadcast	26	[:crash "malformed message"]
2024-11-28 00:11:44,169{GMT}	INFO	[jepsen worker 0] jepsen.util: 27	:invoke	:broadcast	27
2024-11-28 00:11:44,170{GMT}	INFO	[jepsen worker 0] jepsen.util: 27	:info	:broadcast	27	[:crash "malformed message"]
2024-11-28 00:11:44,308{GMT}	INFO	[jepsen worker 0] jepsen.util: 28	:invoke	:read	nil
2024-11-28 00:11:44,309{GMT}	INFO	[jepsen worker 0] jepsen.util: 28	:ok	:read	nil
2024-11-28 00:11:44,347{GMT}	INFO	[jepsen worker 0] jepsen.util: 28	:invoke	:broadcast	28
2024-11-28 00:11:44,348{GMT}	INFO	[jepsen worker 0] jepsen.util: 28	:info	:broadcast	28	[:crash "malformed message"]
2024-11-28 00:11:44,539{GMT}	INFO	[jepsen worker 0] jepsen.util: 29	:invoke	:read	nil
2024-11-28 00:11:44,542{GMT}	INFO	[jepsen worker 0] jepsen.util: 29	:ok	:read	nil
2024-11-28 00:11:44,636{GMT}	INFO	[jepsen worker 0] jepsen.util: 29	:invoke	:read	nil
2024-11-28 00:11:44,638{GMT}	INFO	[jepsen worker 0] jepsen.util: 29	:ok	:read	nil
2024-11-28 00:11:44,720{GMT}	INFO	[jepsen worker 0] jepsen.util: 29	:invoke	:read	nil
2024-11-28 00:11:44,721{GMT}	INFO	[jepsen worker 0] jepsen.util: 29	:ok	:read	nil
2024-11-28 00:11:44,747{GMT}	INFO	[jepsen worker 0] jepsen.util: 29	:invoke	:broadcast	29
2024-11-28 00:11:44,748{GMT}	INFO	[jepsen worker 0] jepsen.util: 29	:info	:broadcast	29	[:crash "malformed message"]
2024-11-28 00:11:44,800{GMT}	INFO	[jepsen worker 0] jepsen.util: 30	:invoke	:broadcast	30
2024-11-28 00:11:44,801{GMT}	INFO	[jepsen worker 0] jepsen.util: 30	:info	:broadcast	30	[:crash "malformed message"]
2024-11-28 00:11:44,836{GMT}	INFO	[jepsen worker 0] jepsen.util: 31	:invoke	:broadcast	31
2024-11-28 00:11:44,837{GMT}	INFO	[jepsen worker 0] jepsen.util: 31	:info	:broadcast	31	[:crash "malformed message"]
2024-11-28 00:11:45,014{GMT}	INFO	[jepsen worker 0] jepsen.util: 32	:invoke	:broadcast	32
2024-11-28 00:11:45,016{GMT}	INFO	[jepsen worker 0] jepsen.util: 32	:info	:broadcast	32	[:crash "malformed message"]
2024-11-28 00:11:45,102{GMT}	INFO	[jepsen worker 0] jepsen.util: 33	:invoke	:read	nil
2024-11-28 00:11:45,104{GMT}	INFO	[jepsen worker 0] jepsen.util: 33	:ok	:read	nil
2024-11-28 00:11:45,109{GMT}	INFO	[jepsen worker 0] jepsen.util: 33	:invoke	:read	nil
2024-11-28 00:11:45,109{GMT}	INFO	[jepsen worker 0] jepsen.util: 33	:ok	:read	nil
2024-11-28 00:11:45,244{GMT}	INFO	[jepsen worker 0] jepsen.util: 33	:invoke	:broadcast	33
2024-11-28 00:11:45,246{GMT}	INFO	[jepsen worker 0] jepsen.util: 33	:info	:broadcast	33	[:crash "malformed message"]
2024-11-28 00:11:45,246{GMT}	INFO	[jepsen worker 0] jepsen.util: 34	:invoke	:broadcast	34
2024-11-28 00:11:45,247{GMT}	INFO	[jepsen worker 0] jepsen.util: 34	:info	:broadcast	34	[:crash "malformed message"]
2024-11-28 00:11:45,388{GMT}	INFO	[jepsen worker 0] jepsen.util: 35	:invoke	:broadcast	35
2024-11-28 00:11:45,391{GMT}	INFO	[jepsen worker 0] jepsen.util: 35	:info	:broadcast	35	[:crash "malformed message"]
2024-11-28 00:11:45,506{GMT}	INFO	[jepsen worker 0] jepsen.util: 36	:invoke	:broadcast	36
2024-11-28 00:11:45,508{GMT}	INFO	[jepsen worker 0] jepsen.util: 36	:info	:broadcast	36	[:crash "malformed message"]
2024-11-28 00:11:45,642{GMT}	INFO	[jepsen worker 0] jepsen.util: 37	:invoke	:broadcast	37
2024-11-28 00:11:45,644{GMT}	INFO	[jepsen worker 0] jepsen.util: 37	:info	:broadcast	37	[:crash "malformed message"]
2024-11-28 00:11:45,704{GMT}	INFO	[jepsen worker 0] jepsen.util: 38	:invoke	:broadcast	38
2024-11-28 00:11:45,706{GMT}	INFO	[jepsen worker 0] jepsen.util: 38	:info	:broadcast	38	[:crash "malformed message"]
2024-11-28 00:11:45,820{GMT}	INFO	[jepsen worker 0] jepsen.util: 39	:invoke	:read	nil
2024-11-28 00:11:45,820{GMT}	INFO	[jepsen worker 0] jepsen.util: 39	:ok	:read	nil
2024-11-28 00:11:45,901{GMT}	INFO	[jepsen worker 0] jepsen.util: 39	:invoke	:read	nil
2024-11-28 00:11:45,902{GMT}	INFO	[jepsen worker 0] jepsen.util: 39	:ok	:read	nil
2024-11-28 00:11:46,095{GMT}	INFO	[jepsen worker 0] jepsen.util: 39	:invoke	:read	nil
2024-11-28 00:11:46,097{GMT}	INFO	[jepsen worker 0] jepsen.util: 39	:ok	:read	nil
2024-11-28 00:11:46,222{GMT}	INFO	[jepsen worker 0] jepsen.util: 39	:invoke	:broadcast	39
2024-11-28 00:11:46,224{GMT}	INFO	[jepsen worker 0] jepsen.util: 39	:info	:broadcast	39	[:crash "malformed message"]
2024-11-28 00:11:46,283{GMT}	INFO	[jepsen worker 0] jepsen.util: 40	:invoke	:broadcast	40
2024-11-28 00:11:46,284{GMT}	INFO	[jepsen worker 0] jepsen.util: 40	:info	:broadcast	40	[:crash "malformed message"]
2024-11-28 00:11:46,452{GMT}	INFO	[jepsen worker 0] jepsen.util: 41	:invoke	:broadcast	41
2024-11-28 00:11:46,455{GMT}	INFO	[jepsen worker 0] jepsen.util: 41	:info	:broadcast	41	[:crash "malformed message"]
2024-11-28 00:11:46,588{GMT}	INFO	[jepsen worker 0] jepsen.util: 42	:invoke	:broadcast	42
2024-11-28 00:11:46,591{GMT}	INFO	[jepsen worker 0] jepsen.util: 42	:info	:broadcast	42	[:crash "malformed message"]
2024-11-28 00:11:46,729{GMT}	INFO	[jepsen worker 0] jepsen.util: 43	:invoke	:read	nil
2024-11-28 00:11:46,732{GMT}	INFO	[jepsen worker 0] jepsen.util: 43	:ok	:read	nil
2024-11-28 00:11:46,872{GMT}	INFO	[jepsen worker 0] jepsen.util: 43	:invoke	:broadcast	43
2024-11-28 00:11:46,875{GMT}	INFO	[jepsen worker 0] jepsen.util: 43	:info	:broadcast	43	[:crash "malformed message"]
2024-11-28 00:11:46,932{GMT}	INFO	[jepsen worker 0] jepsen.util: 44	:invoke	:broadcast	44
2024-11-28 00:11:46,934{GMT}	INFO	[jepsen worker 0] jepsen.util: 44	:info	:broadcast	44	[:crash "malformed message"]
2024-11-28 00:11:46,957{GMT}	INFO	[jepsen worker 0] jepsen.util: 45	:invoke	:broadcast	45
2024-11-28 00:11:46,958{GMT}	INFO	[jepsen worker 0] jepsen.util: 45	:info	:broadcast	45	[:crash "malformed message"]
2024-11-28 00:11:47,125{GMT}	INFO	[jepsen worker 0] jepsen.util: 46	:invoke	:read	nil
2024-11-28 00:11:47,126{GMT}	INFO	[jepsen worker 0] jepsen.util: 46	:ok	:read	nil
2024-11-28 00:11:47,173{GMT}	INFO	[jepsen worker 0] jepsen.util: 46	:invoke	:read	nil
2024-11-28 00:11:47,174{GMT}	INFO	[jepsen worker 0] jepsen.util: 46	:ok	:read	nil
2024-11-28 00:11:47,261{GMT}	INFO	[jepsen worker 0] jepsen.util: 46	:invoke	:read	nil
2024-11-28 00:11:47,262{GMT}	INFO	[jepsen worker 0] jepsen.util: 46	:ok	:read	nil
2024-11-28 00:11:47,387{GMT}	INFO	[jepsen worker 0] jepsen.util: 46	:invoke	:read	nil
2024-11-28 00:11:47,388{GMT}	INFO	[jepsen worker 0] jepsen.util: 46	:ok	:read	nil
2024-11-28 00:11:47,429{GMT}	INFO	[jepsen worker 0] jepsen.util: 46	:invoke	:broadcast	46
2024-11-28 00:11:47,429{GMT}	INFO	[jepsen worker 0] jepsen.util: 46	:info	:broadcast	46	[:crash "malformed message"]
2024-11-28 00:11:47,626{GMT}	INFO	[jepsen worker 0] jepsen.util: 47	:invoke	:broadcast	47
2024-11-28 00:11:47,628{GMT}	INFO	[jepsen worker 0] jepsen.util: 47	:info	:broadcast	47	[:crash "malformed message"]
2024-11-28 00:11:47,817{GMT}	INFO	[jepsen worker 0] jepsen.util: 48	:invoke	:broadcast	48
2024-11-28 00:11:47,819{GMT}	INFO	[jepsen worker 0] jepsen.util: 48	:info	:broadcast	48	[:crash "malformed message"]
2024-11-28 00:11:47,912{GMT}	INFO	[jepsen worker 0] jepsen.util: 49	:invoke	:broadcast	49
2024-11-28 00:11:47,913{GMT}	INFO	[jepsen worker 0] jepsen.util: 49	:info	:broadcast	49	[:crash "malformed message"]
2024-11-28 00:11:47,923{GMT}	INFO	[jepsen worker 0] jepsen.util: 50	:invoke	:broadcast	50
2024-11-28 00:11:47,924{GMT}	INFO	[jepsen worker 0] jepsen.util: 50	:info	:broadcast	50	[:crash "malformed message"]
2024-11-28 00:11:47,989{GMT}	INFO	[jepsen worker 0] jepsen.util: 51	:invoke	:broadcast	51
2024-11-28 00:11:47,989{GMT}	INFO	[jepsen worker 0] jepsen.util: 51	:info	:broadcast	51	[:crash "malformed message"]
2024-11-28 00:11:48,135{GMT}	INFO	[jepsen worker 0] jepsen.util: 52	:invoke	:broadcast	52
2024-11-28 00:11:48,137{GMT}	INFO	[jepsen worker 0] jepsen.util: 52	:info	:broadcast	52	[:crash "malformed message"]
2024-11-28 00:11:48,144{GMT}	INFO	[jepsen worker 0] jepsen.util: 53	:invoke	:read	nil
2024-11-28 00:11:48,145{GMT}	INFO	[jepsen worker 0] jepsen.util: 53	:ok	:read	nil
2024-11-28 00:11:48,170{GMT}	INFO	[jepsen worker 0] jepsen.util: 53	:invoke	:read	nil
2024-11-28 00:11:48,171{GMT}	INFO	[jepsen worker 0] jepsen.util: 53	:ok	:read	nil
2024-11-28 00:11:48,310{GMT}	INFO	[jepsen worker 0] jepsen.util: 53	:invoke	:broadcast	53
2024-11-28 00:11:48,312{GMT}	INFO	[jepsen worker 0] jepsen.util: 53	:info	:broadcast	53	[:crash "malformed message"]
2024-11-28 00:11:48,449{GMT}	INFO	[jepsen worker 0] jepsen.util: 54	:invoke	:broadcast	54
2024-11-28 00:11:48,452{GMT}	INFO	[jepsen worker 0] jepsen.util: 54	:info	:broadcast	54	[:crash "malformed message"]
2024-11-28 00:11:48,482{GMT}	INFO	[jepsen worker 0] jepsen.util: 55	:invoke	:read	nil
2024-11-28 00:11:48,483{GMT}	INFO	[jepsen worker 0] jepsen.util: 55	:ok	:read	nil
2024-11-28 00:11:48,604{GMT}	INFO	[jepsen worker 0] jepsen.util: 55	:invoke	:read	nil
2024-11-28 00:11:48,605{GMT}	INFO	[jepsen worker 0] jepsen.util: 55	:ok	:read	nil
2024-11-28 00:11:48,664{GMT}	INFO	[jepsen worker 0] jepsen.util: 55	:invoke	:read	nil
2024-11-28 00:11:48,665{GMT}	INFO	[jepsen worker 0] jepsen.util: 55	:ok	:read	nil
2024-11-28 00:11:48,737{GMT}	INFO	[jepsen worker 0] jepsen.util: 55	:invoke	:broadcast	55
2024-11-28 00:11:48,738{GMT}	INFO	[jepsen worker 0] jepsen.util: 55	:info	:broadcast	55	[:crash "malformed message"]
2024-11-28 00:11:48,809{GMT}	INFO	[jepsen worker 0] jepsen.util: 56	:invoke	:broadcast	56
2024-11-28 00:11:48,810{GMT}	INFO	[jepsen worker 0] jepsen.util: 56	:info	:broadcast	56	[:crash "malformed message"]
2024-11-28 00:11:48,913{GMT}	INFO	[jepsen worker 0] jepsen.util: 57	:invoke	:read	nil
2024-11-28 00:11:48,914{GMT}	INFO	[jepsen worker 0] jepsen.util: 57	:ok	:read	nil
2024-11-28 00:11:49,053{GMT}	INFO	[jepsen worker 0] jepsen.util: 57	:invoke	:read	nil
2024-11-28 00:11:49,055{GMT}	INFO	[jepsen worker 0] jepsen.util: 57	:ok	:read	nil
2024-11-28 00:11:49,201{GMT}	INFO	[jepsen worker 0] jepsen.util: 57	:invoke	:broadcast	57
2024-11-28 00:11:49,203{GMT}	INFO	[jepsen worker 0] jepsen.util: 57	:info	:broadcast	57	[:crash "malformed message"]
2024-11-28 00:11:49,270{GMT}	INFO	[jepsen worker 0] jepsen.util: 58	:invoke	:read	nil
2024-11-28 00:11:49,272{GMT}	INFO	[jepsen worker 0] jepsen.util: 58	:ok	:read	nil
2024-11-28 00:11:49,313{GMT}	INFO	[jepsen worker 0] jepsen.util: 58	:invoke	:broadcast	58
2024-11-28 00:11:49,314{GMT}	INFO	[jepsen worker 0] jepsen.util: 58	:info	:broadcast	58	[:crash "malformed message"]
2024-11-28 00:11:49,510{GMT}	INFO	[jepsen worker 0] jepsen.util: 59	:invoke	:read	nil
2024-11-28 00:11:49,512{GMT}	INFO	[jepsen worker 0] jepsen.util: 59	:ok	:read	nil
2024-11-28 00:11:49,655{GMT}	INFO	[jepsen worker 0] jepsen.util: 59	:invoke	:broadcast	59
2024-11-28 00:11:49,658{GMT}	INFO	[jepsen worker 0] jepsen.util: 59	:info	:broadcast	59	[:crash "malformed message"]
2024-11-28 00:11:49,688{GMT}	INFO	[jepsen worker 0] jepsen.util: 60	:invoke	:broadcast	60
2024-11-28 00:11:49,689{GMT}	INFO	[jepsen worker 0] jepsen.util: 60	:info	:broadcast	60	[:crash "malformed message"]
2024-11-28 00:11:49,775{GMT}	INFO	[jepsen worker 0] jepsen.util: 61	:invoke	:broadcast	61
2024-11-28 00:11:49,775{GMT}	INFO	[jepsen worker 0] jepsen.util: 61	:info	:broadcast	61	[:crash "malformed message"]
2024-11-28 00:11:49,844{GMT}	INFO	[jepsen worker 0] jepsen.util: 62	:invoke	:broadcast	62
2024-11-28 00:11:49,844{GMT}	INFO	[jepsen worker 0] jepsen.util: 62	:info	:broadcast	62	[:crash "malformed message"]
2024-11-28 00:11:49,953{GMT}	INFO	[jepsen worker 0] jepsen.util: 63	:invoke	:read	nil
2024-11-28 00:11:49,954{GMT}	INFO	[jepsen worker 0] jepsen.util: 63	:ok	:read	nil
2024-11-28 00:11:50,090{GMT}	INFO	[jepsen worker 0] jepsen.util: 63	:invoke	:broadcast	63
2024-11-28 00:11:50,091{GMT}	INFO	[jepsen worker 0] jepsen.util: 63	:info	:broadcast	63	[:crash "malformed message"]
2024-11-28 00:11:50,283{GMT}	INFO	[jepsen worker 0] jepsen.util: 64	:invoke	:read	nil
2024-11-28 00:11:50,283{GMT}	INFO	[jepsen worker 0] jepsen.util: 64	:ok	:read	nil
2024-11-28 00:11:50,363{GMT}	INFO	[jepsen worker 0] jepsen.util: 64	:invoke	:broadcast	64
2024-11-28 00:11:50,364{GMT}	INFO	[jepsen worker 0] jepsen.util: 64	:info	:broadcast	64	[:crash "malformed message"]
2024-11-28 00:11:50,493{GMT}	INFO	[jepsen worker 0] jepsen.util: 65	:invoke	:read	nil
2024-11-28 00:11:50,494{GMT}	INFO	[jepsen worker 0] jepsen.util: 65	:ok	:read	nil
2024-11-28 00:11:50,653{GMT}	INFO	[jepsen worker 0] jepsen.util: 65	:invoke	:read	nil
2024-11-28 00:11:50,653{GMT}	INFO	[jepsen worker 0] jepsen.util: 65	:ok	:read	nil
2024-11-28 00:11:50,820{GMT}	INFO	[jepsen worker 0] jepsen.util: 65	:invoke	:read	nil
2024-11-28 00:11:50,821{GMT}	INFO	[jepsen worker 0] jepsen.util: 65	:ok	:read	nil
2024-11-28 00:11:50,985{GMT}	INFO	[jepsen worker 0] jepsen.util: 65	:invoke	:read	nil
2024-11-28 00:11:50,987{GMT}	INFO	[jepsen worker 0] jepsen.util: 65	:ok	:read	nil
2024-11-28 00:11:51,090{GMT}	INFO	[jepsen worker 0] jepsen.util: 65	:invoke	:broadcast	65
2024-11-28 00:11:51,092{GMT}	INFO	[jepsen worker 0] jepsen.util: 65	:info	:broadcast	65	[:crash "malformed message"]
2024-11-28 00:11:51,188{GMT}	INFO	[jepsen worker 0] jepsen.util: 66	:invoke	:broadcast	66
2024-11-28 00:11:51,189{GMT}	INFO	[jepsen worker 0] jepsen.util: 66	:info	:broadcast	66	[:crash "malformed message"]
2024-11-28 00:11:51,304{GMT}	INFO	[jepsen worker 0] jepsen.util: 67	:invoke	:read	nil
2024-11-28 00:11:51,305{GMT}	INFO	[jepsen worker 0] jepsen.util: 67	:ok	:read	nil
2024-11-28 00:11:51,490{GMT}	INFO	[jepsen worker 0] jepsen.util: 67	:invoke	:broadcast	67
2024-11-28 00:11:51,491{GMT}	INFO	[jepsen worker 0] jepsen.util: 67	:info	:broadcast	67	[:crash "malformed message"]
2024-11-28 00:11:51,666{GMT}	INFO	[jepsen worker 0] jepsen.util: 68	:invoke	:broadcast	68
2024-11-28 00:11:51,668{GMT}	INFO	[jepsen worker 0] jepsen.util: 68	:info	:broadcast	68	[:crash "malformed message"]
2024-11-28 00:11:51,771{GMT}	INFO	[jepsen worker 0] jepsen.util: 69	:invoke	:broadcast	69
2024-11-28 00:11:51,773{GMT}	INFO	[jepsen worker 0] jepsen.util: 69	:info	:broadcast	69	[:crash "malformed message"]
2024-11-28 00:11:51,869{GMT}	INFO	[jepsen worker 0] jepsen.util: 70	:invoke	:broadcast	70
2024-11-28 00:11:51,871{GMT}	INFO	[jepsen worker 0] jepsen.util: 70	:info	:broadcast	70	[:crash "malformed message"]
2024-11-28 00:11:51,876{GMT}	INFO	[jepsen worker 0] jepsen.util: 71	:invoke	:broadcast	71
2024-11-28 00:11:51,877{GMT}	INFO	[jepsen worker 0] jepsen.util: 71	:info	:broadcast	71	[:crash "malformed message"]
2024-11-28 00:11:52,039{GMT}	INFO	[jepsen worker 0] jepsen.util: 72	:invoke	:read	nil
2024-11-28 00:11:52,040{GMT}	INFO	[jepsen worker 0] jepsen.util: 72	:ok	:read	nil
2024-11-28 00:11:52,226{GMT}	INFO	[jepsen worker 0] jepsen.util: 72	:invoke	:read	nil
2024-11-28 00:11:52,227{GMT}	INFO	[jepsen worker 0] jepsen.util: 72	:ok	:read	nil
2024-11-28 00:11:52,345{GMT}	INFO	[jepsen worker 0] jepsen.util: 72	:invoke	:broadcast	72
2024-11-28 00:11:52,347{GMT}	INFO	[jepsen worker 0] jepsen.util: 72	:info	:broadcast	72	[:crash "malformed message"]
2024-11-28 00:11:52,438{GMT}	INFO	[jepsen worker 0] jepsen.util: 73	:invoke	:read	nil
2024-11-28 00:11:52,439{GMT}	INFO	[jepsen worker 0] jepsen.util: 73	:ok	:read	nil
2024-11-28 00:11:52,594{GMT}	INFO	[jepsen worker 0] jepsen.util: 73	:invoke	:broadcast	73
2024-11-28 00:11:52,596{GMT}	INFO	[jepsen worker 0] jepsen.util: 73	:info	:broadcast	73	[:crash "malformed message"]
2024-11-28 00:11:52,789{GMT}	INFO	[jepsen worker 0] jepsen.util: 74	:invoke	:read	nil
2024-11-28 00:11:52,792{GMT}	INFO	[jepsen worker 0] jepsen.util: 74	:ok	:read	nil
2024-11-28 00:11:52,852{GMT}	INFO	[jepsen worker 0] jepsen.util: 74	:invoke	:broadcast	74
2024-11-28 00:11:52,853{GMT}	INFO	[jepsen worker 0] jepsen.util: 74	:info	:broadcast	74	[:crash "malformed message"]
2024-11-28 00:11:52,853{GMT}	INFO	[jepsen worker 0] jepsen.util: 75	:invoke	:broadcast	75
2024-11-28 00:11:52,854{GMT}	INFO	[jepsen worker 0] jepsen.util: 75	:info	:broadcast	75	[:crash "malformed message"]
2024-11-28 00:11:52,908{GMT}	INFO	[jepsen worker 0] jepsen.util: 76	:invoke	:read	nil
2024-11-28 00:11:52,909{GMT}	INFO	[jepsen worker 0] jepsen.util: 76	:ok	:read	nil
2024-11-28 00:11:53,029{GMT}	INFO	[jepsen worker 0] jepsen.util: 76	:invoke	:read	nil
2024-11-28 00:11:53,030{GMT}	INFO	[jepsen worker 0] jepsen.util: 76	:ok	:read	nil
2024-11-28 00:11:53,152{GMT}	INFO	[jepsen worker 0] jepsen.util: 76	:invoke	:broadcast	76
2024-11-28 00:11:53,153{GMT}	INFO	[jepsen worker 0] jepsen.util: 76	:info	:broadcast	76	[:crash "malformed message"]
2024-11-28 00:11:53,277{GMT}	INFO	[jepsen worker 0] jepsen.util: 77	:invoke	:read	nil
2024-11-28 00:11:53,278{GMT}	INFO	[jepsen worker 0] jepsen.util: 77	:ok	:read	nil
2024-11-28 00:11:53,437{GMT}	INFO	[jepsen worker 0] jepsen.util: 77	:invoke	:broadcast	77
2024-11-28 00:11:53,438{GMT}	INFO	[jepsen worker 0] jepsen.util: 77	:info	:broadcast	77	[:crash "malformed message"]
2024-11-28 00:11:53,521{GMT}	INFO	[jepsen worker 0] jepsen.util: 78	:invoke	:broadcast	78
2024-11-28 00:11:53,522{GMT}	INFO	[jepsen worker 0] jepsen.util: 78	:info	:broadcast	78	[:crash "malformed message"]
2024-11-28 00:11:53,643{GMT}	INFO	[jepsen worker 0] jepsen.util: 79	:invoke	:read	nil
2024-11-28 00:11:53,644{GMT}	INFO	[jepsen worker 0] jepsen.util: 79	:ok	:read	nil
2024-11-28 00:11:53,671{GMT}	INFO	[jepsen worker 0] jepsen.util: 79	:invoke	:read	nil
2024-11-28 00:11:53,671{GMT}	INFO	[jepsen worker 0] jepsen.util: 79	:ok	:read	nil
2024-11-28 00:11:53,704{GMT}	INFO	[jepsen worker 0] jepsen.util: 79	:invoke	:read	nil
2024-11-28 00:11:53,704{GMT}	INFO	[jepsen worker 0] jepsen.util: 79	:ok	:read	nil
2024-11-28 00:11:53,781{GMT}	INFO	[jepsen worker 0] jepsen.util: 79	:invoke	:broadcast	79
2024-11-28 00:11:53,781{GMT}	INFO	[jepsen worker 0] jepsen.util: 79	:info	:broadcast	79	[:crash "malformed message"]
2024-11-28 00:11:53,921{GMT}	INFO	[jepsen worker 0] jepsen.util: 80	:invoke	:read	nil
2024-11-28 00:11:53,921{GMT}	INFO	[jepsen worker 0] jepsen.util: 80	:ok	:read	nil
2024-11-28 00:11:54,024{GMT}	INFO	[jepsen worker 0] jepsen.util: 80	:invoke	:broadcast	80
2024-11-28 00:11:54,025{GMT}	INFO	[jepsen worker 0] jepsen.util: 80	:info	:broadcast	80	[:crash "malformed message"]
2024-11-28 00:11:54,177{GMT}	INFO	[jepsen worker 0] jepsen.util: 81	:invoke	:broadcast	81
2024-11-28 00:11:54,180{GMT}	INFO	[jepsen worker 0] jepsen.util: 81	:info	:broadcast	81	[:crash "malformed message"]
2024-11-28 00:11:54,299{GMT}	INFO	[jepsen worker 0] jepsen.util: 82	:invoke	:broadcast	82
2024-11-28 00:11:54,301{GMT}	INFO	[jepsen worker 0] jepsen.util: 82	:info	:broadcast	82	[:crash "malformed message"]
2024-11-28 00:11:54,370{GMT}	INFO	[jepsen worker 0] jepsen.util: 83	:invoke	:read	nil
2024-11-28 00:11:54,371{GMT}	INFO	[jepsen worker 0] jepsen.util: 83	:ok	:read	nil
2024-11-28 00:11:54,454{GMT}	INFO	[jepsen worker 0] jepsen.util: 83	:invoke	:read	nil
2024-11-28 00:11:54,455{GMT}	INFO	[jepsen worker 0] jepsen.util: 83	:ok	:read	nil
2024-11-28 00:11:54,546{GMT}	INFO	[jepsen worker 0] jepsen.util: 83	:invoke	:read	nil
2024-11-28 00:11:54,547{GMT}	INFO	[jepsen worker 0] jepsen.util: 83	:ok	:read	nil
2024-11-28 00:11:54,686{GMT}	INFO	[jepsen worker 0] jepsen.util: 83	:invoke	:read	nil
2024-11-28 00:11:54,688{GMT}	INFO	[jepsen worker 0] jepsen.util: 83	:ok	:read	nil
2024-11-28 00:11:54,728{GMT}	INFO	[jepsen worker 0] jepsen.util: 83	:invoke	:broadcast	83
2024-11-28 00:11:54,729{GMT}	INFO	[jepsen worker 0] jepsen.util: 83	:info	:broadcast	83	[:crash "malformed message"]
2024-11-28 00:11:54,834{GMT}	INFO	[jepsen worker 0] jepsen.util: 84	:invoke	:broadcast	84
2024-11-28 00:11:54,835{GMT}	INFO	[jepsen worker 0] jepsen.util: 84	:info	:broadcast	84	[:crash "malformed message"]
2024-11-28 00:11:54,956{GMT}	INFO	[jepsen worker 0] jepsen.util: 85	:invoke	:read	nil
2024-11-28 00:11:54,957{GMT}	INFO	[jepsen worker 0] jepsen.util: 85	:ok	:read	nil
2024-11-28 00:11:55,028{GMT}	INFO	[jepsen worker 0] jepsen.util: 85	:invoke	:broadcast	85
2024-11-28 00:11:55,029{GMT}	INFO	[jepsen worker 0] jepsen.util: 85	:info	:broadcast	85	[:crash "malformed message"]
2024-11-28 00:11:55,100{GMT}	INFO	[jepsen worker 0] jepsen.util: 86	:invoke	:broadcast	86
2024-11-28 00:11:55,101{GMT}	INFO	[jepsen worker 0] jepsen.util: 86	:info	:broadcast	86	[:crash "malformed message"]
2024-11-28 00:11:55,166{GMT}	INFO	[jepsen worker 0] jepsen.util: 87	:invoke	:read	nil
2024-11-28 00:11:55,167{GMT}	INFO	[jepsen worker 0] jepsen.util: 87	:ok	:read	nil
2024-11-28 00:11:55,285{GMT}	INFO	[jepsen worker 0] jepsen.util: 87	:invoke	:read	nil
2024-11-28 00:11:55,286{GMT}	INFO	[jepsen worker 0] jepsen.util: 87	:ok	:read	nil
2024-11-28 00:11:55,293{GMT}	INFO	[jepsen worker 0] jepsen.util: 87	:invoke	:broadcast	87
2024-11-28 00:11:55,294{GMT}	INFO	[jepsen worker 0] jepsen.util: 87	:info	:broadcast	87	[:crash "malformed message"]
2024-11-28 00:11:55,378{GMT}	INFO	[jepsen worker 0] jepsen.util: 88	:invoke	:broadcast	88
2024-11-28 00:11:55,379{GMT}	INFO	[jepsen worker 0] jepsen.util: 88	:info	:broadcast	88	[:crash "malformed message"]
2024-11-28 00:11:55,384{GMT}	INFO	[jepsen worker 0] jepsen.util: 89	:invoke	:broadcast	89
2024-11-28 00:11:55,384{GMT}	INFO	[jepsen worker 0] jepsen.util: 89	:info	:broadcast	89	[:crash "malformed message"]
2024-11-28 00:11:55,389{GMT}	INFO	[jepsen worker 0] jepsen.util: 90	:invoke	:read	nil
2024-11-28 00:11:55,389{GMT}	INFO	[jepsen worker 0] jepsen.util: 90	:ok	:read	nil
2024-11-28 00:11:55,484{GMT}	INFO	[jepsen worker 0] jepsen.util: 90	:invoke	:broadcast	90
2024-11-28 00:11:55,485{GMT}	INFO	[jepsen worker 0] jepsen.util: 90	:info	:broadcast	90	[:crash "malformed message"]
2024-11-28 00:11:55,512{GMT}	INFO	[jepsen worker 0] jepsen.util: 91	:invoke	:broadcast	91
2024-11-28 00:11:55,513{GMT}	INFO	[jepsen worker 0] jepsen.util: 91	:info	:broadcast	91	[:crash "malformed message"]
2024-11-28 00:11:55,575{GMT}	INFO	[jepsen worker 0] jepsen.util: 92	:invoke	:read	nil
2024-11-28 00:11:55,575{GMT}	INFO	[jepsen worker 0] jepsen.util: 92	:ok	:read	nil
2024-11-28 00:11:55,638{GMT}	INFO	[jepsen worker 0] jepsen.util: 92	:invoke	:broadcast	92
2024-11-28 00:11:55,639{GMT}	INFO	[jepsen worker 0] jepsen.util: 92	:info	:broadcast	92	[:crash "malformed message"]
2024-11-28 00:11:55,789{GMT}	INFO	[jepsen worker 0] jepsen.util: 93	:invoke	:read	nil
2024-11-28 00:11:55,790{GMT}	INFO	[jepsen worker 0] jepsen.util: 93	:ok	:read	nil
2024-11-28 00:11:55,992{GMT}	INFO	[jepsen worker 0] jepsen.util: 93	:invoke	:read	nil
2024-11-28 00:11:55,994{GMT}	INFO	[jepsen worker 0] jepsen.util: 93	:ok	:read	nil
2024-11-28 00:11:56,073{GMT}	INFO	[jepsen worker 0] jepsen.util: 93	:invoke	:read	nil
2024-11-28 00:11:56,074{GMT}	INFO	[jepsen worker 0] jepsen.util: 93	:ok	:read	nil
2024-11-28 00:11:56,215{GMT}	INFO	[jepsen worker 0] jepsen.util: 93	:invoke	:read	nil
2024-11-28 00:11:56,218{GMT}	INFO	[jepsen worker 0] jepsen.util: 93	:ok	:read	nil
2024-11-28 00:11:56,418{GMT}	INFO	[jepsen worker 0] jepsen.util: 93	:invoke	:broadcast	93
2024-11-28 00:11:56,421{GMT}	INFO	[jepsen worker 0] jepsen.util: 93	:info	:broadcast	93	[:crash "malformed message"]
2024-11-28 00:11:56,479{GMT}	INFO	[jepsen worker 0] jepsen.util: 94	:invoke	:broadcast	94
2024-11-28 00:11:56,480{GMT}	INFO	[jepsen worker 0] jepsen.util: 94	:info	:broadcast	94	[:crash "malformed message"]
2024-11-28 00:11:56,613{GMT}	INFO	[jepsen worker 0] jepsen.util: 95	:invoke	:read	nil
2024-11-28 00:11:56,614{GMT}	INFO	[jepsen worker 0] jepsen.util: 95	:ok	:read	nil
2024-11-28 00:11:56,806{GMT}	INFO	[jepsen worker 0] jepsen.util: 95	:invoke	:read	nil
2024-11-28 00:11:56,807{GMT}	INFO	[jepsen worker 0] jepsen.util: 95	:ok	:read	nil
2024-11-28 00:11:56,869{GMT}	INFO	[jepsen worker 0] jepsen.util: 95	:invoke	:read	nil
2024-11-28 00:11:56,870{GMT}	INFO	[jepsen worker 0] jepsen.util: 95	:ok	:read	nil
2024-11-28 00:11:56,917{GMT}	INFO	[jepsen worker 0] jepsen.util: 95	:invoke	:read	nil
2024-11-28 00:11:56,918{GMT}	INFO	[jepsen worker 0] jepsen.util: 95	:ok	:read	nil
2024-11-28 00:11:57,071{GMT}	INFO	[jepsen worker 0] jepsen.util: 95	:invoke	:read	nil
2024-11-28 00:11:57,072{GMT}	INFO	[jepsen worker 0] jepsen.util: 95	:ok	:read	nil
2024-11-28 00:11:57,138{GMT}	INFO	[jepsen worker 0] jepsen.util: 95	:invoke	:broadcast	95
2024-11-28 00:11:57,138{GMT}	INFO	[jepsen worker 0] jepsen.util: 95	:info	:broadcast	95	[:crash "malformed message"]
2024-11-28 00:11:57,253{GMT}	INFO	[jepsen worker 0] jepsen.util: 96	:invoke	:broadcast	96
2024-11-28 00:11:57,255{GMT}	INFO	[jepsen worker 0] jepsen.util: 96	:info	:broadcast	96	[:crash "malformed message"]
2024-11-28 00:11:57,294{GMT}	INFO	[jepsen worker 0] jepsen.util: 97	:invoke	:read	nil
2024-11-28 00:11:57,295{GMT}	INFO	[jepsen worker 0] jepsen.util: 97	:ok	:read	nil
2024-11-28 00:11:57,404{GMT}	INFO	[jepsen worker 0] jepsen.util: 97	:invoke	:broadcast	97
2024-11-28 00:11:57,405{GMT}	INFO	[jepsen worker 0] jepsen.util: 97	:info	:broadcast	97	[:crash "malformed message"]
2024-11-28 00:11:57,437{GMT}	INFO	[jepsen worker 0] jepsen.util: 98	:invoke	:read	nil
2024-11-28 00:11:57,437{GMT}	INFO	[jepsen worker 0] jepsen.util: 98	:ok	:read	nil
2024-11-28 00:11:57,546{GMT}	INFO	[jepsen worker 0] jepsen.util: 98	:invoke	:broadcast	98
2024-11-28 00:11:57,547{GMT}	INFO	[jepsen worker 0] jepsen.util: 98	:info	:broadcast	98	[:crash "malformed message"]
2024-11-28 00:11:57,594{GMT}	INFO	[jepsen worker 0] jepsen.util: 99	:invoke	:broadcast	99
2024-11-28 00:11:57,595{GMT}	INFO	[jepsen worker 0] jepsen.util: 99	:info	:broadcast	99	[:crash "malformed message"]
2024-11-28 00:11:57,708{GMT}	INFO	[jepsen worker 0] jepsen.util: 100	:invoke	:broadcast	100
2024-11-28 00:11:57,709{GMT}	INFO	[jepsen worker 0] jepsen.util: 100	:info	:broadcast	100	[:crash "malformed message"]
2024-11-28 00:11:57,709{GMT}	INFO	[jepsen worker nemesis] jepsen.generator.interpreter: Waiting for recovery...
2024-11-28 00:12:07,719{GMT}	INFO	[jepsen worker 0] jepsen.util: 101	:invoke	:read	nil
2024-11-28 00:12:07,722{GMT}	INFO	[jepsen worker 0] jepsen.util: 101	:ok	:read	nil
2024-11-28 00:12:07,737{GMT}	INFO	[jepsen test runner] jepsen.core: Run complete, writing
2024-11-28 00:12:07,779{GMT}	INFO	[jepsen node n0] maelstrom.db: Tearing down n0
2024-11-28 00:12:09,668{GMT}	INFO	[jepsen node n0] maelstrom.net: Shutting down Maelstrom network
2024-11-28 00:12:09,669{GMT}	INFO	[jepsen test runner] jepsen.core: Analyzing...
2024-11-28 00:12:09,965{GMT}	INFO	[jepsen test runner] jepsen.core: Analysis complete
2024-11-28 00:12:09,974{GMT}	INFO	[jepsen results] jepsen.store: Wrote /Users/alex/Workspace/maelstrom/maelstrom-broadcast/store/broadcast/20241128T001136.740-0500/results.edn
2024-11-28 00:12:09,987{GMT}	INFO	[jepsen test runner] jepsen.core: {:perf {:latency-graph {:valid? true},
        :rate-graph {:valid? true},
        :valid? true},
 :timeline {:valid? true},
 :exceptions {:valid? true},
 :stats {:valid? false,
         :count 194,
         :ok-count 93,
         :fail-count 0,
         :info-count 101,
         :by-f {:broadcast {:valid? false,
                            :count 101,
                            :ok-count 0,
                            :fail-count 0,
                            :info-count 101},
                :read {:valid? true,
                       :count 93,
                       :ok-count 93,
                       :fail-count 0,
                       :info-count 0}}},
 :availability {:valid? true, :ok-fraction 0.47938144},
 :net {:all {:send-count 392,
             :recv-count 392,
             :msg-count 392,
             :msgs-per-op 2.0206184},
       :clients {:send-count 392, :recv-count 392, :msg-count 392},
       :servers {:send-count 0,
                 :recv-count 0,
                 :msg-count 0,
                 :msgs-per-op 0.0},
       :valid? true},
 :workload {:worst-stale (),
            :duplicated-count 0,
            :valid? :unknown,
            :lost-count 0,
            :lost (),
            :stable-count 0,
            :stale-count 0,
            :stale (),
            :never-read-count 101,
            :attempt-count 101,
            :never-read (0
                         1
                         2
                         3
                         4
                         5
                         6
                         7
                         8
                         9
                         10
                         11
                         12
                         13
                         14
                         15
                         16
                         17
                         18
                         19
                         20
                         21
                         22
                         23
                         24
                         25
                         26
                         27
                         28
                         29
                         30
                         31
                         32
                         33
                         34
                         35
                         36
                         37
                         38
                         39
                         40
                         41
                         42
                         43
                         44
                         45
                         46
                         47
                         48
                         49
                         50
                         51
                         52
                         53
                         54
                         55
                         56
                         57
                         58
                         59
                         60
                         61
                         62
                         63
                         64
                         65
                         66
                         67
                         68
                         69
                         70
                         71
                         72
                         73
                         74
                         75
                         76
                         77
                         78
                         79
                         80
                         81
                         82
                         83
                         84
                         85
                         86
                         87
                         88
                         89
                         90
                         91
                         92
                         93
                         94
                         95
                         96
                         97
                         98
                         99
                         100),
            :duplicated {}},
 :valid? false}


Analysis invalid! (ﾉಥ益ಥ）ﾉ ┻━┻
