2024-11-28 00:10:08,018{GMT}	INFO	[jepsen test runner] jepsen.core: Command line:
lein run test -w broadcast --bin /Users/alex/.go/bin/maelstrom-broadcast --node-count 1 --time-limit 20 --rate 10
2024-11-28 00:10:08,050{GMT}	INFO	[jepsen test runner] jepsen.core: Running test:
{:args []
 :remote
 #jepsen.control.retry.Remote{:remote #jepsen.control.scp.Remote{:cmd-remote #jepsen.control.sshj.SSHJRemote{:concurrency-limit 6,
                                                                                                             :conn-spec nil,
                                                                                                             :client nil,
                                                                                                             :semaphore nil},
                                                                 :conn-spec nil},
                              :conn nil}
 :log-net-send false
 :node-count 1
 :availability nil
 :max-txn-length 4
 :concurrency 1
 :db
 #object[maelstrom.db$db$reify__16142
         "0x3b42d7df"
         "maelstrom.db$db$reify__16142@3b42d7df"]
 :max-writes-per-key 16
 :leave-db-running? false
 :name "broadcast"
 :logging-json? false
 :start-time
 #object[org.joda.time.DateTime "0x64b262a7" "2024-11-28T00:10:08.004-05:00"]
 :nemesis-interval 10
 :net
 #object[maelstrom.net$jepsen_net$reify__15251
         "0x771c4015"
         "maelstrom.net$jepsen_net$reify__15251@771c4015"]
 :client
 #object[maelstrom.workload.broadcast$client$reify__16644
         "0x34d776eb"
         "maelstrom.workload.broadcast$client$reify__16644@34d776eb"]
 :barrier
 #object[java.util.concurrent.CyclicBarrier
         "0x60a3a0fa"
         "java.util.concurrent.CyclicBarrier@60a3a0fa"]
 :log-stderr false
 :pure-generators true
 :ssh {:dummy? true}
 :rate 10.0
 :checker
 #object[jepsen.checker$compose$reify__11881
         "0x17734113"
         "jepsen.checker$compose$reify__11881@17734113"]
 :argv
 ("test"
  "-w"
  "broadcast"
  "--bin"
  "/Users/alex/.go/bin/maelstrom-broadcast"
  "--node-count"
  "1"
  "--time-limit"
  "20"
  "--rate"
  "10")
 :nemesis
 (jepsen.nemesis.ReflCompose
  {:fm {:start-partition 0,
        :stop-partition 0,
        :kill 1,
        :start 1,
        :pause 1,
        :resume 1},
   :nemeses [#unprintable "jepsen.nemesis.combined$partition_nemesis$reify__16416@27aa700"
             #unprintable "jepsen.nemesis.combined$db_nemesis$reify__16397@d15f98a"]})
 :nodes ["n0"]
 :test-count 1
 :latency {:mean 0, :dist :constant}
 :bin "/Users/alex/.go/bin/maelstrom-broadcast"
 :generator
 ((jepsen.generator.Synchronize
   {:gen (jepsen.generator.TimeLimit
          {:limit 20000000000,
           :cutoff nil,
           :gen (jepsen.generator.Any
                 {:gens [(jepsen.generator.OnThreads
                          {:f #{:nemesis},
                           :context-filter #object[jepsen.generator.context$make_thread_filter$lazy_filter__9167
                                                   "0x9c88323"
                                                   "jepsen.generator.context$make_thread_filter$lazy_filter__9167@9c88323"],
                           :gen nil})
                         (jepsen.generator.OnThreads
                          {:f #jepsen.generator.context.AllBut{:element :nemesis},
                           :context-filter #object[jepsen.generator.context$make_thread_filter$lazy_filter__9167
                                                   "0x6d4bdb75"
                                                   "jepsen.generator.context$make_thread_filter$lazy_filter__9167@6d4bdb75"],
                           :gen (jepsen.generator.Stagger
                                 {:dt 200000000,
                                  :next-time nil,
                                  :gen (jepsen.generator.Mix
                                        {:i 1,
                                         :gens [({:f :broadcast, :value 0}
                                                 {:f :broadcast, :value 1}
                                                 {:f :broadcast, :value 2}
                                                 {:f :broadcast, :value 3}
                                                 {:f :broadcast, :value 4}
                                                 {:f :broadcast, :value 5}
                                                 {:f :broadcast, :value 6}
                                                 {:f :broadcast, :value 7}
                                                 ...)
                                                ({:f :read}
                                                 {:f :read}
                                                 {:f :read}
                                                 {:f :read}
                                                 {:f :read}
                                                 {:f :read}
                                                 {:f :read}
                                                 {:f :read}
                                                 ...)]})})})]})})})
  (jepsen.generator.Synchronize
   {:gen (jepsen.generator.OnThreads
          {:f #{:nemesis},
           :context-filter #object[jepsen.generator.context$make_thread_filter$lazy_filter__9167
                                   "0x256a25a8"
                                   "jepsen.generator.context$make_thread_filter$lazy_filter__9167@256a25a8"],
           :gen ()})})
  (jepsen.generator.Synchronize
   {:gen {:type :log, :value "Waiting for recovery..."}})
  (jepsen.generator.Synchronize {:gen {:type :sleep, :value 10}})
  (jepsen.generator.Synchronize
   {:gen (jepsen.generator.OnThreads
          {:f #jepsen.generator.context.AllBut{:element :nemesis},
           :context-filter #object[jepsen.generator.context$make_thread_filter$lazy_filter__9167
                                   "0x68f67bbd"
                                   "jepsen.generator.context$make_thread_filter$lazy_filter__9167@68f67bbd"],
           :gen (jepsen.generator.EachThread
                 {:fresh-gen {:f :read, :final? true},
                  :context-filters #object[clojure.core$promise$reify__8591
                                           "0x5bd585a5"
                                           {:status :pending, :val nil}],
                  :gens {}})})}))
 :log-net-recv false
 :os
 #object[maelstrom.net$jepsen_os$reify__15254
         "0x65c040c9"
         "maelstrom.net$jepsen_os$reify__15254@65c040c9"]
 :time-limit 20
 :workload :broadcast
 :consistency-models [:strict-serializable]
 :topology :grid}

2024-11-28 00:10:08,853{GMT}	INFO	[jepsen node n0] maelstrom.net: Starting Maelstrom network
2024-11-28 00:10:08,856{GMT}	INFO	[jepsen test runner] jepsen.db: Tearing down DB
2024-11-28 00:10:08,857{GMT}	INFO	[jepsen test runner] jepsen.db: Setting up DB
2024-11-28 00:10:08,859{GMT}	INFO	[jepsen node n0] maelstrom.service: Starting services: (lin-kv lin-tso lww-kv seq-kv)
2024-11-28 00:10:08,860{GMT}	INFO	[jepsen node n0] maelstrom.db: Setting up n0
2024-11-28 00:10:08,860{GMT}	INFO	[jepsen node n0] maelstrom.process: launching /Users/alex/.go/bin/maelstrom-broadcast []
2024-11-28 00:10:08,876{GMT}	INFO	[jepsen test runner] jepsen.core: Relative time begins now
2024-11-28 00:10:08,888{GMT}	INFO	[jepsen worker 0] jepsen.util: 0	:invoke	:read	nil
2024-11-28 00:10:08,889{GMT}	INFO	[jepsen worker 0] jepsen.util: 0	:ok	:read	[]
2024-11-28 00:10:08,889{GMT}	INFO	[jepsen worker 0] jepsen.util: 0	:invoke	:read	nil
2024-11-28 00:10:08,889{GMT}	INFO	[jepsen worker 0] jepsen.util: 0	:ok	:read	[]
2024-11-28 00:10:08,910{GMT}	INFO	[jepsen worker 0] jepsen.util: 0	:invoke	:broadcast	0
2024-11-28 00:10:08,915{GMT}	INFO	[jepsen worker 0] jepsen.util: 0	:info	:broadcast	0	[:crash "malformed message"]
2024-11-28 00:10:09,067{GMT}	INFO	[jepsen worker 0] jepsen.util: 1	:invoke	:broadcast	1
2024-11-28 00:10:09,069{GMT}	INFO	[jepsen worker 0] jepsen.util: 1	:info	:broadcast	1	[:crash "malformed message"]
2024-11-28 00:10:09,179{GMT}	INFO	[jepsen worker 0] jepsen.util: 2	:invoke	:read	nil
2024-11-28 00:10:09,181{GMT}	INFO	[jepsen worker 0] jepsen.util: 2	:ok	:read	[]
2024-11-28 00:10:09,217{GMT}	INFO	[jepsen worker 0] jepsen.util: 2	:invoke	:read	nil
2024-11-28 00:10:09,218{GMT}	INFO	[jepsen worker 0] jepsen.util: 2	:ok	:read	[]
2024-11-28 00:10:09,243{GMT}	INFO	[jepsen worker 0] jepsen.util: 2	:invoke	:read	nil
2024-11-28 00:10:09,244{GMT}	INFO	[jepsen worker 0] jepsen.util: 2	:ok	:read	[]
2024-11-28 00:10:09,368{GMT}	INFO	[jepsen worker 0] jepsen.util: 2	:invoke	:broadcast	2
2024-11-28 00:10:09,370{GMT}	INFO	[jepsen worker 0] jepsen.util: 2	:info	:broadcast	2	[:crash "malformed message"]
2024-11-28 00:10:09,570{GMT}	INFO	[jepsen worker 0] jepsen.util: 3	:invoke	:broadcast	3
2024-11-28 00:10:09,574{GMT}	INFO	[jepsen worker 0] jepsen.util: 3	:info	:broadcast	3	[:crash "malformed message"]
2024-11-28 00:10:09,693{GMT}	INFO	[jepsen worker 0] jepsen.util: 4	:invoke	:read	nil
2024-11-28 00:10:09,696{GMT}	INFO	[jepsen worker 0] jepsen.util: 4	:ok	:read	[]
2024-11-28 00:10:09,828{GMT}	INFO	[jepsen worker 0] jepsen.util: 4	:invoke	:broadcast	4
2024-11-28 00:10:09,831{GMT}	INFO	[jepsen worker 0] jepsen.util: 4	:info	:broadcast	4	[:crash "malformed message"]
2024-11-28 00:10:09,868{GMT}	INFO	[jepsen worker 0] jepsen.util: 5	:invoke	:read	nil
2024-11-28 00:10:09,869{GMT}	INFO	[jepsen worker 0] jepsen.util: 5	:ok	:read	[]
2024-11-28 00:10:09,928{GMT}	INFO	[jepsen worker 0] jepsen.util: 5	:invoke	:broadcast	5
2024-11-28 00:10:09,929{GMT}	INFO	[jepsen worker 0] jepsen.util: 5	:info	:broadcast	5	[:crash "malformed message"]
2024-11-28 00:10:09,943{GMT}	INFO	[jepsen worker 0] jepsen.util: 6	:invoke	:read	nil
2024-11-28 00:10:09,944{GMT}	INFO	[jepsen worker 0] jepsen.util: 6	:ok	:read	[]
2024-11-28 00:10:10,021{GMT}	INFO	[jepsen worker 0] jepsen.util: 6	:invoke	:broadcast	6
2024-11-28 00:10:10,022{GMT}	INFO	[jepsen worker 0] jepsen.util: 6	:info	:broadcast	6	[:crash "malformed message"]
2024-11-28 00:10:10,041{GMT}	INFO	[jepsen worker 0] jepsen.util: 7	:invoke	:read	nil
2024-11-28 00:10:10,042{GMT}	INFO	[jepsen worker 0] jepsen.util: 7	:ok	:read	[]
2024-11-28 00:10:10,178{GMT}	INFO	[jepsen worker 0] jepsen.util: 7	:invoke	:read	nil
2024-11-28 00:10:10,179{GMT}	INFO	[jepsen worker 0] jepsen.util: 7	:ok	:read	[]
2024-11-28 00:10:10,295{GMT}	INFO	[jepsen worker 0] jepsen.util: 7	:invoke	:read	nil
2024-11-28 00:10:10,297{GMT}	INFO	[jepsen worker 0] jepsen.util: 7	:ok	:read	[]
2024-11-28 00:10:10,433{GMT}	INFO	[jepsen worker 0] jepsen.util: 7	:invoke	:read	nil
2024-11-28 00:10:10,435{GMT}	INFO	[jepsen worker 0] jepsen.util: 7	:ok	:read	[]
2024-11-28 00:10:10,628{GMT}	INFO	[jepsen worker 0] jepsen.util: 7	:invoke	:read	nil
2024-11-28 00:10:10,632{GMT}	INFO	[jepsen worker 0] jepsen.util: 7	:ok	:read	[]
2024-11-28 00:10:10,632{GMT}	INFO	[jepsen worker 0] jepsen.util: 7	:invoke	:read	nil
2024-11-28 00:10:10,633{GMT}	INFO	[jepsen worker 0] jepsen.util: 7	:ok	:read	[]
2024-11-28 00:10:10,642{GMT}	INFO	[jepsen worker 0] jepsen.util: 7	:invoke	:read	nil
2024-11-28 00:10:10,643{GMT}	INFO	[jepsen worker 0] jepsen.util: 7	:ok	:read	[]
2024-11-28 00:10:10,737{GMT}	INFO	[jepsen worker 0] jepsen.util: 7	:invoke	:broadcast	7
2024-11-28 00:10:10,739{GMT}	INFO	[jepsen worker 0] jepsen.util: 7	:info	:broadcast	7	[:crash "malformed message"]
2024-11-28 00:10:10,854{GMT}	INFO	[jepsen worker 0] jepsen.util: 8	:invoke	:broadcast	8
2024-11-28 00:10:10,856{GMT}	INFO	[jepsen worker 0] jepsen.util: 8	:info	:broadcast	8	[:crash "malformed message"]
2024-11-28 00:10:10,944{GMT}	INFO	[jepsen worker 0] jepsen.util: 9	:invoke	:broadcast	9
2024-11-28 00:10:10,946{GMT}	INFO	[jepsen worker 0] jepsen.util: 9	:info	:broadcast	9	[:crash "malformed message"]
2024-11-28 00:10:10,985{GMT}	INFO	[jepsen worker 0] jepsen.util: 10	:invoke	:broadcast	10
2024-11-28 00:10:10,986{GMT}	INFO	[jepsen worker 0] jepsen.util: 10	:info	:broadcast	10	[:crash "malformed message"]
2024-11-28 00:10:11,029{GMT}	INFO	[jepsen worker 0] jepsen.util: 11	:invoke	:broadcast	11
2024-11-28 00:10:11,030{GMT}	INFO	[jepsen worker 0] jepsen.util: 11	:info	:broadcast	11	[:crash "malformed message"]
2024-11-28 00:10:11,122{GMT}	INFO	[jepsen worker 0] jepsen.util: 12	:invoke	:broadcast	12
2024-11-28 00:10:11,124{GMT}	INFO	[jepsen worker 0] jepsen.util: 12	:info	:broadcast	12	[:crash "malformed message"]
2024-11-28 00:10:11,323{GMT}	INFO	[jepsen worker 0] jepsen.util: 13	:invoke	:broadcast	13
2024-11-28 00:10:11,327{GMT}	INFO	[jepsen worker 0] jepsen.util: 13	:info	:broadcast	13	[:crash "malformed message"]
2024-11-28 00:10:11,470{GMT}	INFO	[jepsen worker 0] jepsen.util: 14	:invoke	:broadcast	14
2024-11-28 00:10:11,472{GMT}	INFO	[jepsen worker 0] jepsen.util: 14	:info	:broadcast	14	[:crash "malformed message"]
2024-11-28 00:10:11,566{GMT}	INFO	[jepsen worker 0] jepsen.util: 15	:invoke	:read	nil
2024-11-28 00:10:11,567{GMT}	INFO	[jepsen worker 0] jepsen.util: 15	:ok	:read	[]
2024-11-28 00:10:11,609{GMT}	INFO	[jepsen worker 0] jepsen.util: 15	:invoke	:read	nil
2024-11-28 00:10:11,609{GMT}	INFO	[jepsen worker 0] jepsen.util: 15	:ok	:read	[]
2024-11-28 00:10:11,753{GMT}	INFO	[jepsen worker 0] jepsen.util: 15	:invoke	:read	nil
2024-11-28 00:10:11,755{GMT}	INFO	[jepsen worker 0] jepsen.util: 15	:ok	:read	[]
2024-11-28 00:10:11,825{GMT}	INFO	[jepsen worker 0] jepsen.util: 15	:invoke	:broadcast	15
2024-11-28 00:10:11,827{GMT}	INFO	[jepsen worker 0] jepsen.util: 15	:info	:broadcast	15	[:crash "malformed message"]
2024-11-28 00:10:11,995{GMT}	INFO	[jepsen worker 0] jepsen.util: 16	:invoke	:broadcast	16
2024-11-28 00:10:11,998{GMT}	INFO	[jepsen worker 0] jepsen.util: 16	:info	:broadcast	16	[:crash "malformed message"]
2024-11-28 00:10:12,080{GMT}	INFO	[jepsen worker 0] jepsen.util: 17	:invoke	:read	nil
2024-11-28 00:10:12,081{GMT}	INFO	[jepsen worker 0] jepsen.util: 17	:ok	:read	[]
2024-11-28 00:10:12,136{GMT}	INFO	[jepsen worker 0] jepsen.util: 17	:invoke	:broadcast	17
2024-11-28 00:10:12,137{GMT}	INFO	[jepsen worker 0] jepsen.util: 17	:info	:broadcast	17	[:crash "malformed message"]
2024-11-28 00:10:12,339{GMT}	INFO	[jepsen worker 0] jepsen.util: 18	:invoke	:read	nil
2024-11-28 00:10:12,342{GMT}	INFO	[jepsen worker 0] jepsen.util: 18	:ok	:read	[]
2024-11-28 00:10:12,375{GMT}	INFO	[jepsen worker 0] jepsen.util: 18	:invoke	:read	nil
2024-11-28 00:10:12,376{GMT}	INFO	[jepsen worker 0] jepsen.util: 18	:ok	:read	[]
2024-11-28 00:10:12,433{GMT}	INFO	[jepsen worker 0] jepsen.util: 18	:invoke	:broadcast	18
2024-11-28 00:10:12,434{GMT}	INFO	[jepsen worker 0] jepsen.util: 18	:info	:broadcast	18	[:crash "malformed message"]
2024-11-28 00:10:12,445{GMT}	INFO	[jepsen worker 0] jepsen.util: 19	:invoke	:read	nil
2024-11-28 00:10:12,446{GMT}	INFO	[jepsen worker 0] jepsen.util: 19	:ok	:read	[]
2024-11-28 00:10:12,452{GMT}	INFO	[jepsen worker 0] jepsen.util: 19	:invoke	:broadcast	19
2024-11-28 00:10:12,453{GMT}	INFO	[jepsen worker 0] jepsen.util: 19	:info	:broadcast	19	[:crash "malformed message"]
2024-11-28 00:10:12,643{GMT}	INFO	[jepsen worker 0] jepsen.util: 20	:invoke	:read	nil
2024-11-28 00:10:12,646{GMT}	INFO	[jepsen worker 0] jepsen.util: 20	:ok	:read	[]
2024-11-28 00:10:12,800{GMT}	INFO	[jepsen worker 0] jepsen.util: 20	:invoke	:read	nil
2024-11-28 00:10:12,802{GMT}	INFO	[jepsen worker 0] jepsen.util: 20	:ok	:read	[]
2024-11-28 00:10:12,951{GMT}	INFO	[jepsen worker 0] jepsen.util: 20	:invoke	:read	nil
2024-11-28 00:10:12,953{GMT}	INFO	[jepsen worker 0] jepsen.util: 20	:ok	:read	[]
2024-11-28 00:10:12,978{GMT}	INFO	[jepsen worker 0] jepsen.util: 20	:invoke	:broadcast	20
2024-11-28 00:10:12,979{GMT}	INFO	[jepsen worker 0] jepsen.util: 20	:info	:broadcast	20	[:crash "malformed message"]
2024-11-28 00:10:12,995{GMT}	INFO	[jepsen worker 0] jepsen.util: 21	:invoke	:broadcast	21
2024-11-28 00:10:12,996{GMT}	INFO	[jepsen worker 0] jepsen.util: 21	:info	:broadcast	21	[:crash "malformed message"]
2024-11-28 00:10:13,179{GMT}	INFO	[jepsen worker 0] jepsen.util: 22	:invoke	:broadcast	22
2024-11-28 00:10:13,183{GMT}	INFO	[jepsen worker 0] jepsen.util: 22	:info	:broadcast	22	[:crash "malformed message"]
2024-11-28 00:10:13,291{GMT}	INFO	[jepsen worker 0] jepsen.util: 23	:invoke	:read	nil
2024-11-28 00:10:13,292{GMT}	INFO	[jepsen worker 0] jepsen.util: 23	:ok	:read	[]
2024-11-28 00:10:13,494{GMT}	INFO	[jepsen worker 0] jepsen.util: 23	:invoke	:broadcast	23
2024-11-28 00:10:13,495{GMT}	INFO	[jepsen worker 0] jepsen.util: 23	:info	:broadcast	23	[:crash "malformed message"]
2024-11-28 00:10:13,650{GMT}	INFO	[jepsen worker 0] jepsen.util: 24	:invoke	:read	nil
2024-11-28 00:10:13,652{GMT}	INFO	[jepsen worker 0] jepsen.util: 24	:ok	:read	[]
2024-11-28 00:10:13,842{GMT}	INFO	[jepsen worker 0] jepsen.util: 24	:invoke	:broadcast	24
2024-11-28 00:10:13,845{GMT}	INFO	[jepsen worker 0] jepsen.util: 24	:info	:broadcast	24	[:crash "malformed message"]
2024-11-28 00:10:13,955{GMT}	INFO	[jepsen worker 0] jepsen.util: 25	:invoke	:broadcast	25
2024-11-28 00:10:13,958{GMT}	INFO	[jepsen worker 0] jepsen.util: 25	:info	:broadcast	25	[:crash "malformed message"]
2024-11-28 00:10:14,093{GMT}	INFO	[jepsen worker 0] jepsen.util: 26	:invoke	:broadcast	26
2024-11-28 00:10:14,096{GMT}	INFO	[jepsen worker 0] jepsen.util: 26	:info	:broadcast	26	[:crash "malformed message"]
2024-11-28 00:10:14,236{GMT}	INFO	[jepsen worker 0] jepsen.util: 27	:invoke	:read	nil
2024-11-28 00:10:14,239{GMT}	INFO	[jepsen worker 0] jepsen.util: 27	:ok	:read	[]
2024-11-28 00:10:14,393{GMT}	INFO	[jepsen worker 0] jepsen.util: 27	:invoke	:broadcast	27
2024-11-28 00:10:14,396{GMT}	INFO	[jepsen worker 0] jepsen.util: 27	:info	:broadcast	27	[:crash "malformed message"]
2024-11-28 00:10:14,504{GMT}	INFO	[jepsen worker 0] jepsen.util: 28	:invoke	:read	nil
2024-11-28 00:10:14,507{GMT}	INFO	[jepsen worker 0] jepsen.util: 28	:ok	:read	[]
2024-11-28 00:10:14,524{GMT}	INFO	[jepsen worker 0] jepsen.util: 28	:invoke	:read	nil
2024-11-28 00:10:14,526{GMT}	INFO	[jepsen worker 0] jepsen.util: 28	:ok	:read	[]
2024-11-28 00:10:14,627{GMT}	INFO	[jepsen worker 0] jepsen.util: 28	:invoke	:read	nil
2024-11-28 00:10:14,628{GMT}	INFO	[jepsen worker 0] jepsen.util: 28	:ok	:read	[]
2024-11-28 00:10:14,785{GMT}	INFO	[jepsen worker 0] jepsen.util: 28	:invoke	:read	nil
2024-11-28 00:10:14,788{GMT}	INFO	[jepsen worker 0] jepsen.util: 28	:ok	:read	[]
2024-11-28 00:10:14,954{GMT}	INFO	[jepsen worker 0] jepsen.util: 28	:invoke	:read	nil
2024-11-28 00:10:14,957{GMT}	INFO	[jepsen worker 0] jepsen.util: 28	:ok	:read	[]
2024-11-28 00:10:15,138{GMT}	INFO	[jepsen worker 0] jepsen.util: 28	:invoke	:broadcast	28
2024-11-28 00:10:15,141{GMT}	INFO	[jepsen worker 0] jepsen.util: 28	:info	:broadcast	28	[:crash "malformed message"]
2024-11-28 00:10:15,322{GMT}	INFO	[jepsen worker 0] jepsen.util: 29	:invoke	:read	nil
2024-11-28 00:10:15,325{GMT}	INFO	[jepsen worker 0] jepsen.util: 29	:ok	:read	[]
2024-11-28 00:10:15,494{GMT}	INFO	[jepsen worker 0] jepsen.util: 29	:invoke	:read	nil
2024-11-28 00:10:15,496{GMT}	INFO	[jepsen worker 0] jepsen.util: 29	:ok	:read	[]
2024-11-28 00:10:15,613{GMT}	INFO	[jepsen worker 0] jepsen.util: 29	:invoke	:broadcast	29
2024-11-28 00:10:15,616{GMT}	INFO	[jepsen worker 0] jepsen.util: 29	:info	:broadcast	29	[:crash "malformed message"]
2024-11-28 00:10:15,721{GMT}	INFO	[jepsen worker 0] jepsen.util: 30	:invoke	:read	nil
2024-11-28 00:10:15,723{GMT}	INFO	[jepsen worker 0] jepsen.util: 30	:ok	:read	[]
2024-11-28 00:10:15,765{GMT}	INFO	[jepsen worker 0] jepsen.util: 30	:invoke	:broadcast	30
2024-11-28 00:10:15,766{GMT}	INFO	[jepsen worker 0] jepsen.util: 30	:info	:broadcast	30	[:crash "malformed message"]
2024-11-28 00:10:15,897{GMT}	INFO	[jepsen worker 0] jepsen.util: 31	:invoke	:broadcast	31
2024-11-28 00:10:15,901{GMT}	INFO	[jepsen worker 0] jepsen.util: 31	:info	:broadcast	31	[:crash "malformed message"]
2024-11-28 00:10:15,940{GMT}	INFO	[jepsen worker 0] jepsen.util: 32	:invoke	:read	nil
2024-11-28 00:10:15,941{GMT}	INFO	[jepsen worker 0] jepsen.util: 32	:ok	:read	[]
2024-11-28 00:10:16,089{GMT}	INFO	[jepsen worker 0] jepsen.util: 32	:invoke	:read	nil
2024-11-28 00:10:16,091{GMT}	INFO	[jepsen worker 0] jepsen.util: 32	:ok	:read	[]
2024-11-28 00:10:16,093{GMT}	INFO	[jepsen worker 0] jepsen.util: 32	:invoke	:read	nil
2024-11-28 00:10:16,095{GMT}	INFO	[jepsen worker 0] jepsen.util: 32	:ok	:read	[]
2024-11-28 00:10:16,109{GMT}	INFO	[jepsen worker 0] jepsen.util: 32	:invoke	:read	nil
2024-11-28 00:10:16,110{GMT}	INFO	[jepsen worker 0] jepsen.util: 32	:ok	:read	[]
2024-11-28 00:10:16,288{GMT}	INFO	[jepsen worker 0] jepsen.util: 32	:invoke	:broadcast	32
2024-11-28 00:10:16,291{GMT}	INFO	[jepsen worker 0] jepsen.util: 32	:info	:broadcast	32	[:crash "malformed message"]
2024-11-28 00:10:16,335{GMT}	INFO	[jepsen worker 0] jepsen.util: 33	:invoke	:broadcast	33
2024-11-28 00:10:16,336{GMT}	INFO	[jepsen worker 0] jepsen.util: 33	:info	:broadcast	33	[:crash "malformed message"]
2024-11-28 00:10:16,454{GMT}	INFO	[jepsen worker 0] jepsen.util: 34	:invoke	:read	nil
2024-11-28 00:10:16,456{GMT}	INFO	[jepsen worker 0] jepsen.util: 34	:ok	:read	[]
2024-11-28 00:10:16,645{GMT}	INFO	[jepsen worker 0] jepsen.util: 34	:invoke	:broadcast	34
2024-11-28 00:10:16,649{GMT}	INFO	[jepsen worker 0] jepsen.util: 34	:info	:broadcast	34	[:crash "malformed message"]
2024-11-28 00:10:16,721{GMT}	INFO	[jepsen worker 0] jepsen.util: 35	:invoke	:read	nil
2024-11-28 00:10:16,723{GMT}	INFO	[jepsen worker 0] jepsen.util: 35	:ok	:read	[]
2024-11-28 00:10:16,780{GMT}	INFO	[jepsen worker 0] jepsen.util: 35	:invoke	:read	nil
2024-11-28 00:10:16,781{GMT}	INFO	[jepsen worker 0] jepsen.util: 35	:ok	:read	[]
2024-11-28 00:10:16,792{GMT}	INFO	[jepsen worker 0] jepsen.util: 35	:invoke	:broadcast	35
2024-11-28 00:10:16,793{GMT}	INFO	[jepsen worker 0] jepsen.util: 35	:info	:broadcast	35	[:crash "malformed message"]
2024-11-28 00:10:16,984{GMT}	INFO	[jepsen worker 0] jepsen.util: 36	:invoke	:read	nil
2024-11-28 00:10:16,986{GMT}	INFO	[jepsen worker 0] jepsen.util: 36	:ok	:read	[]
2024-11-28 00:10:17,186{GMT}	INFO	[jepsen worker 0] jepsen.util: 36	:invoke	:broadcast	36
2024-11-28 00:10:17,189{GMT}	INFO	[jepsen worker 0] jepsen.util: 36	:info	:broadcast	36	[:crash "malformed message"]
2024-11-28 00:10:17,227{GMT}	INFO	[jepsen worker 0] jepsen.util: 37	:invoke	:read	nil
2024-11-28 00:10:17,228{GMT}	INFO	[jepsen worker 0] jepsen.util: 37	:ok	:read	[]
2024-11-28 00:10:17,351{GMT}	INFO	[jepsen worker 0] jepsen.util: 37	:invoke	:broadcast	37
2024-11-28 00:10:17,353{GMT}	INFO	[jepsen worker 0] jepsen.util: 37	:info	:broadcast	37	[:crash "malformed message"]
2024-11-28 00:10:17,463{GMT}	INFO	[jepsen worker 0] jepsen.util: 38	:invoke	:read	nil
2024-11-28 00:10:17,466{GMT}	INFO	[jepsen worker 0] jepsen.util: 38	:ok	:read	[]
2024-11-28 00:10:17,520{GMT}	INFO	[jepsen worker 0] jepsen.util: 38	:invoke	:broadcast	38
2024-11-28 00:10:17,521{GMT}	INFO	[jepsen worker 0] jepsen.util: 38	:info	:broadcast	38	[:crash "malformed message"]
2024-11-28 00:10:17,711{GMT}	INFO	[jepsen worker 0] jepsen.util: 39	:invoke	:read	nil
2024-11-28 00:10:17,713{GMT}	INFO	[jepsen worker 0] jepsen.util: 39	:ok	:read	[]
2024-11-28 00:10:17,771{GMT}	INFO	[jepsen worker 0] jepsen.util: 39	:invoke	:broadcast	39
2024-11-28 00:10:17,772{GMT}	INFO	[jepsen worker 0] jepsen.util: 39	:info	:broadcast	39	[:crash "malformed message"]
2024-11-28 00:10:17,868{GMT}	INFO	[jepsen worker 0] jepsen.util: 40	:invoke	:broadcast	40
2024-11-28 00:10:17,871{GMT}	INFO	[jepsen worker 0] jepsen.util: 40	:info	:broadcast	40	[:crash "malformed message"]
2024-11-28 00:10:17,927{GMT}	INFO	[jepsen worker 0] jepsen.util: 41	:invoke	:read	nil
2024-11-28 00:10:17,927{GMT}	INFO	[jepsen worker 0] jepsen.util: 41	:ok	:read	[]
2024-11-28 00:10:18,057{GMT}	INFO	[jepsen worker 0] jepsen.util: 41	:invoke	:broadcast	41
2024-11-28 00:10:18,058{GMT}	INFO	[jepsen worker 0] jepsen.util: 41	:info	:broadcast	41	[:crash "malformed message"]
2024-11-28 00:10:18,164{GMT}	INFO	[jepsen worker 0] jepsen.util: 42	:invoke	:read	nil
2024-11-28 00:10:18,166{GMT}	INFO	[jepsen worker 0] jepsen.util: 42	:ok	:read	[]
2024-11-28 00:10:18,307{GMT}	INFO	[jepsen worker 0] jepsen.util: 42	:invoke	:broadcast	42
2024-11-28 00:10:18,310{GMT}	INFO	[jepsen worker 0] jepsen.util: 42	:info	:broadcast	42	[:crash "malformed message"]
2024-11-28 00:10:18,426{GMT}	INFO	[jepsen worker 0] jepsen.util: 43	:invoke	:broadcast	43
2024-11-28 00:10:18,429{GMT}	INFO	[jepsen worker 0] jepsen.util: 43	:info	:broadcast	43	[:crash "malformed message"]
2024-11-28 00:10:18,452{GMT}	INFO	[jepsen worker 0] jepsen.util: 44	:invoke	:read	nil
2024-11-28 00:10:18,454{GMT}	INFO	[jepsen worker 0] jepsen.util: 44	:ok	:read	[]
2024-11-28 00:10:18,534{GMT}	INFO	[jepsen worker 0] jepsen.util: 44	:invoke	:broadcast	44
2024-11-28 00:10:18,535{GMT}	INFO	[jepsen worker 0] jepsen.util: 44	:info	:broadcast	44	[:crash "malformed message"]
2024-11-28 00:10:18,672{GMT}	INFO	[jepsen worker 0] jepsen.util: 45	:invoke	:broadcast	45
2024-11-28 00:10:18,674{GMT}	INFO	[jepsen worker 0] jepsen.util: 45	:info	:broadcast	45	[:crash "malformed message"]
2024-11-28 00:10:18,698{GMT}	INFO	[jepsen worker 0] jepsen.util: 46	:invoke	:read	nil
2024-11-28 00:10:18,699{GMT}	INFO	[jepsen worker 0] jepsen.util: 46	:ok	:read	[]
2024-11-28 00:10:18,710{GMT}	INFO	[jepsen worker 0] jepsen.util: 46	:invoke	:read	nil
2024-11-28 00:10:18,710{GMT}	INFO	[jepsen worker 0] jepsen.util: 46	:ok	:read	[]
2024-11-28 00:10:18,908{GMT}	INFO	[jepsen worker 0] jepsen.util: 46	:invoke	:broadcast	46
2024-11-28 00:10:18,911{GMT}	INFO	[jepsen worker 0] jepsen.util: 46	:info	:broadcast	46	[:crash "malformed message"]
2024-11-28 00:10:19,021{GMT}	INFO	[jepsen worker 0] jepsen.util: 47	:invoke	:read	nil
2024-11-28 00:10:19,023{GMT}	INFO	[jepsen worker 0] jepsen.util: 47	:ok	:read	[]
2024-11-28 00:10:19,189{GMT}	INFO	[jepsen worker 0] jepsen.util: 47	:invoke	:read	nil
2024-11-28 00:10:19,191{GMT}	INFO	[jepsen worker 0] jepsen.util: 47	:ok	:read	[]
2024-11-28 00:10:19,288{GMT}	INFO	[jepsen worker 0] jepsen.util: 47	:invoke	:broadcast	47
2024-11-28 00:10:19,290{GMT}	INFO	[jepsen worker 0] jepsen.util: 47	:info	:broadcast	47	[:crash "malformed message"]
2024-11-28 00:10:19,465{GMT}	INFO	[jepsen worker 0] jepsen.util: 48	:invoke	:read	nil
2024-11-28 00:10:19,467{GMT}	INFO	[jepsen worker 0] jepsen.util: 48	:ok	:read	[]
2024-11-28 00:10:19,570{GMT}	INFO	[jepsen worker 0] jepsen.util: 48	:invoke	:read	nil
2024-11-28 00:10:19,571{GMT}	INFO	[jepsen worker 0] jepsen.util: 48	:ok	:read	[]
2024-11-28 00:10:19,671{GMT}	INFO	[jepsen worker 0] jepsen.util: 48	:invoke	:broadcast	48
2024-11-28 00:10:19,673{GMT}	INFO	[jepsen worker 0] jepsen.util: 48	:info	:broadcast	48	[:crash "malformed message"]
2024-11-28 00:10:19,699{GMT}	INFO	[jepsen worker 0] jepsen.util: 49	:invoke	:read	nil
2024-11-28 00:10:19,700{GMT}	INFO	[jepsen worker 0] jepsen.util: 49	:ok	:read	[]
2024-11-28 00:10:19,889{GMT}	INFO	[jepsen worker 0] jepsen.util: 49	:invoke	:read	nil
2024-11-28 00:10:19,891{GMT}	INFO	[jepsen worker 0] jepsen.util: 49	:ok	:read	[]
2024-11-28 00:10:20,051{GMT}	INFO	[jepsen worker 0] jepsen.util: 49	:invoke	:read	nil
2024-11-28 00:10:20,052{GMT}	INFO	[jepsen worker 0] jepsen.util: 49	:ok	:read	[]
2024-11-28 00:10:20,053{GMT}	INFO	[jepsen worker 0] jepsen.util: 49	:invoke	:broadcast	49
2024-11-28 00:10:20,054{GMT}	INFO	[jepsen worker 0] jepsen.util: 49	:info	:broadcast	49	[:crash "malformed message"]
2024-11-28 00:10:20,238{GMT}	INFO	[jepsen worker 0] jepsen.util: 50	:invoke	:read	nil
2024-11-28 00:10:20,241{GMT}	INFO	[jepsen worker 0] jepsen.util: 50	:ok	:read	[]
2024-11-28 00:10:20,429{GMT}	INFO	[jepsen worker 0] jepsen.util: 50	:invoke	:read	nil
2024-11-28 00:10:20,432{GMT}	INFO	[jepsen worker 0] jepsen.util: 50	:ok	:read	[]
2024-11-28 00:10:20,528{GMT}	INFO	[jepsen worker 0] jepsen.util: 50	:invoke	:broadcast	50
2024-11-28 00:10:20,531{GMT}	INFO	[jepsen worker 0] jepsen.util: 50	:info	:broadcast	50	[:crash "malformed message"]
2024-11-28 00:10:20,657{GMT}	INFO	[jepsen worker 0] jepsen.util: 51	:invoke	:read	nil
2024-11-28 00:10:20,658{GMT}	INFO	[jepsen worker 0] jepsen.util: 51	:ok	:read	[]
2024-11-28 00:10:20,854{GMT}	INFO	[jepsen worker 0] jepsen.util: 51	:invoke	:broadcast	51
2024-11-28 00:10:20,855{GMT}	INFO	[jepsen worker 0] jepsen.util: 51	:info	:broadcast	51	[:crash "malformed message"]
2024-11-28 00:10:20,954{GMT}	INFO	[jepsen worker 0] jepsen.util: 52	:invoke	:read	nil
2024-11-28 00:10:20,956{GMT}	INFO	[jepsen worker 0] jepsen.util: 52	:ok	:read	[]
2024-11-28 00:10:21,134{GMT}	INFO	[jepsen worker 0] jepsen.util: 52	:invoke	:read	nil
2024-11-28 00:10:21,136{GMT}	INFO	[jepsen worker 0] jepsen.util: 52	:ok	:read	[]
2024-11-28 00:10:21,136{GMT}	INFO	[jepsen worker 0] jepsen.util: 52	:invoke	:broadcast	52
2024-11-28 00:10:21,138{GMT}	INFO	[jepsen worker 0] jepsen.util: 52	:info	:broadcast	52	[:crash "malformed message"]
2024-11-28 00:10:21,247{GMT}	INFO	[jepsen worker 0] jepsen.util: 53	:invoke	:read	nil
2024-11-28 00:10:21,250{GMT}	INFO	[jepsen worker 0] jepsen.util: 53	:ok	:read	[]
2024-11-28 00:10:21,322{GMT}	INFO	[jepsen worker 0] jepsen.util: 53	:invoke	:read	nil
2024-11-28 00:10:21,323{GMT}	INFO	[jepsen worker 0] jepsen.util: 53	:ok	:read	[]
2024-11-28 00:10:21,389{GMT}	INFO	[jepsen worker 0] jepsen.util: 53	:invoke	:read	nil
2024-11-28 00:10:21,390{GMT}	INFO	[jepsen worker 0] jepsen.util: 53	:ok	:read	[]
2024-11-28 00:10:21,542{GMT}	INFO	[jepsen worker 0] jepsen.util: 53	:invoke	:broadcast	53
2024-11-28 00:10:21,545{GMT}	INFO	[jepsen worker 0] jepsen.util: 53	:info	:broadcast	53	[:crash "malformed message"]
2024-11-28 00:10:21,554{GMT}	INFO	[jepsen worker 0] jepsen.util: 54	:invoke	:broadcast	54
2024-11-28 00:10:21,556{GMT}	INFO	[jepsen worker 0] jepsen.util: 54	:info	:broadcast	54	[:crash "malformed message"]
2024-11-28 00:10:21,599{GMT}	INFO	[jepsen worker 0] jepsen.util: 55	:invoke	:read	nil
2024-11-28 00:10:21,600{GMT}	INFO	[jepsen worker 0] jepsen.util: 55	:ok	:read	[]
2024-11-28 00:10:21,660{GMT}	INFO	[jepsen worker 0] jepsen.util: 55	:invoke	:broadcast	55
2024-11-28 00:10:21,661{GMT}	INFO	[jepsen worker 0] jepsen.util: 55	:info	:broadcast	55	[:crash "malformed message"]
2024-11-28 00:10:21,717{GMT}	INFO	[jepsen worker 0] jepsen.util: 56	:invoke	:read	nil
2024-11-28 00:10:21,718{GMT}	INFO	[jepsen worker 0] jepsen.util: 56	:ok	:read	[]
2024-11-28 00:10:21,767{GMT}	INFO	[jepsen worker 0] jepsen.util: 56	:invoke	:broadcast	56
2024-11-28 00:10:21,768{GMT}	INFO	[jepsen worker 0] jepsen.util: 56	:info	:broadcast	56	[:crash "malformed message"]
2024-11-28 00:10:21,791{GMT}	INFO	[jepsen worker 0] jepsen.util: 57	:invoke	:broadcast	57
2024-11-28 00:10:21,792{GMT}	INFO	[jepsen worker 0] jepsen.util: 57	:info	:broadcast	57	[:crash "malformed message"]
2024-11-28 00:10:21,878{GMT}	INFO	[jepsen worker 0] jepsen.util: 58	:invoke	:read	nil
2024-11-28 00:10:21,879{GMT}	INFO	[jepsen worker 0] jepsen.util: 58	:ok	:read	[]
2024-11-28 00:10:22,018{GMT}	INFO	[jepsen worker 0] jepsen.util: 58	:invoke	:read	nil
2024-11-28 00:10:22,020{GMT}	INFO	[jepsen worker 0] jepsen.util: 58	:ok	:read	[]
2024-11-28 00:10:22,182{GMT}	INFO	[jepsen worker 0] jepsen.util: 58	:invoke	:broadcast	58
2024-11-28 00:10:22,185{GMT}	INFO	[jepsen worker 0] jepsen.util: 58	:info	:broadcast	58	[:crash "malformed message"]
2024-11-28 00:10:22,226{GMT}	INFO	[jepsen worker 0] jepsen.util: 59	:invoke	:broadcast	59
2024-11-28 00:10:22,226{GMT}	INFO	[jepsen worker 0] jepsen.util: 59	:info	:broadcast	59	[:crash "malformed message"]
2024-11-28 00:10:22,377{GMT}	INFO	[jepsen worker 0] jepsen.util: 60	:invoke	:read	nil
2024-11-28 00:10:22,379{GMT}	INFO	[jepsen worker 0] jepsen.util: 60	:ok	:read	[]
2024-11-28 00:10:22,461{GMT}	INFO	[jepsen worker 0] jepsen.util: 60	:invoke	:broadcast	60
2024-11-28 00:10:22,462{GMT}	INFO	[jepsen worker 0] jepsen.util: 60	:info	:broadcast	60	[:crash "malformed message"]
2024-11-28 00:10:22,557{GMT}	INFO	[jepsen worker 0] jepsen.util: 61	:invoke	:broadcast	61
2024-11-28 00:10:22,558{GMT}	INFO	[jepsen worker 0] jepsen.util: 61	:info	:broadcast	61	[:crash "malformed message"]
2024-11-28 00:10:22,725{GMT}	INFO	[jepsen worker 0] jepsen.util: 62	:invoke	:broadcast	62
2024-11-28 00:10:22,727{GMT}	INFO	[jepsen worker 0] jepsen.util: 62	:info	:broadcast	62	[:crash "malformed message"]
2024-11-28 00:10:22,727{GMT}	INFO	[jepsen worker 0] jepsen.util: 63	:invoke	:read	nil
2024-11-28 00:10:22,728{GMT}	INFO	[jepsen worker 0] jepsen.util: 63	:ok	:read	[]
2024-11-28 00:10:22,917{GMT}	INFO	[jepsen worker 0] jepsen.util: 63	:invoke	:read	nil
2024-11-28 00:10:22,919{GMT}	INFO	[jepsen worker 0] jepsen.util: 63	:ok	:read	[]
2024-11-28 00:10:23,050{GMT}	INFO	[jepsen worker 0] jepsen.util: 63	:invoke	:broadcast	63
2024-11-28 00:10:23,053{GMT}	INFO	[jepsen worker 0] jepsen.util: 63	:info	:broadcast	63	[:crash "malformed message"]
2024-11-28 00:10:23,239{GMT}	INFO	[jepsen worker 0] jepsen.util: 64	:invoke	:read	nil
2024-11-28 00:10:23,241{GMT}	INFO	[jepsen worker 0] jepsen.util: 64	:ok	:read	[]
2024-11-28 00:10:23,312{GMT}	INFO	[jepsen worker 0] jepsen.util: 64	:invoke	:read	nil
2024-11-28 00:10:23,313{GMT}	INFO	[jepsen worker 0] jepsen.util: 64	:ok	:read	[]
2024-11-28 00:10:23,516{GMT}	INFO	[jepsen worker 0] jepsen.util: 64	:invoke	:read	nil
2024-11-28 00:10:23,518{GMT}	INFO	[jepsen worker 0] jepsen.util: 64	:ok	:read	[]
2024-11-28 00:10:23,677{GMT}	INFO	[jepsen worker 0] jepsen.util: 64	:invoke	:broadcast	64
2024-11-28 00:10:23,680{GMT}	INFO	[jepsen worker 0] jepsen.util: 64	:info	:broadcast	64	[:crash "malformed message"]
2024-11-28 00:10:23,801{GMT}	INFO	[jepsen worker 0] jepsen.util: 65	:invoke	:broadcast	65
2024-11-28 00:10:23,804{GMT}	INFO	[jepsen worker 0] jepsen.util: 65	:info	:broadcast	65	[:crash "malformed message"]
2024-11-28 00:10:23,837{GMT}	INFO	[jepsen worker 0] jepsen.util: 66	:invoke	:broadcast	66
2024-11-28 00:10:23,838{GMT}	INFO	[jepsen worker 0] jepsen.util: 66	:info	:broadcast	66	[:crash "malformed message"]
2024-11-28 00:10:23,892{GMT}	INFO	[jepsen worker 0] jepsen.util: 67	:invoke	:broadcast	67
2024-11-28 00:10:23,893{GMT}	INFO	[jepsen worker 0] jepsen.util: 67	:info	:broadcast	67	[:crash "malformed message"]
2024-11-28 00:10:24,074{GMT}	INFO	[jepsen worker 0] jepsen.util: 68	:invoke	:broadcast	68
2024-11-28 00:10:24,076{GMT}	INFO	[jepsen worker 0] jepsen.util: 68	:info	:broadcast	68	[:crash "malformed message"]
2024-11-28 00:10:24,162{GMT}	INFO	[jepsen worker 0] jepsen.util: 69	:invoke	:broadcast	69
2024-11-28 00:10:24,163{GMT}	INFO	[jepsen worker 0] jepsen.util: 69	:info	:broadcast	69	[:crash "malformed message"]
2024-11-28 00:10:24,315{GMT}	INFO	[jepsen worker 0] jepsen.util: 70	:invoke	:broadcast	70
2024-11-28 00:10:24,318{GMT}	INFO	[jepsen worker 0] jepsen.util: 70	:info	:broadcast	70	[:crash "malformed message"]
2024-11-28 00:10:24,370{GMT}	INFO	[jepsen worker 0] jepsen.util: 71	:invoke	:read	nil
2024-11-28 00:10:24,371{GMT}	INFO	[jepsen worker 0] jepsen.util: 71	:ok	:read	[]
2024-11-28 00:10:24,457{GMT}	INFO	[jepsen worker 0] jepsen.util: 71	:invoke	:read	nil
2024-11-28 00:10:24,458{GMT}	INFO	[jepsen worker 0] jepsen.util: 71	:ok	:read	[]
2024-11-28 00:10:24,626{GMT}	INFO	[jepsen worker 0] jepsen.util: 71	:invoke	:read	nil
2024-11-28 00:10:24,628{GMT}	INFO	[jepsen worker 0] jepsen.util: 71	:ok	:read	[]
2024-11-28 00:10:24,763{GMT}	INFO	[jepsen worker 0] jepsen.util: 71	:invoke	:read	nil
2024-11-28 00:10:24,766{GMT}	INFO	[jepsen worker 0] jepsen.util: 71	:ok	:read	[]
2024-11-28 00:10:24,787{GMT}	INFO	[jepsen worker 0] jepsen.util: 71	:invoke	:read	nil
2024-11-28 00:10:24,788{GMT}	INFO	[jepsen worker 0] jepsen.util: 71	:ok	:read	[]
2024-11-28 00:10:24,818{GMT}	INFO	[jepsen worker 0] jepsen.util: 71	:invoke	:broadcast	71
2024-11-28 00:10:24,819{GMT}	INFO	[jepsen worker 0] jepsen.util: 71	:info	:broadcast	71	[:crash "malformed message"]
2024-11-28 00:10:24,939{GMT}	INFO	[jepsen worker 0] jepsen.util: 72	:invoke	:broadcast	72
2024-11-28 00:10:24,940{GMT}	INFO	[jepsen worker 0] jepsen.util: 72	:info	:broadcast	72	[:crash "malformed message"]
2024-11-28 00:10:25,089{GMT}	INFO	[jepsen worker 0] jepsen.util: 73	:invoke	:broadcast	73
2024-11-28 00:10:25,092{GMT}	INFO	[jepsen worker 0] jepsen.util: 73	:info	:broadcast	73	[:crash "malformed message"]
2024-11-28 00:10:25,254{GMT}	INFO	[jepsen worker 0] jepsen.util: 74	:invoke	:read	nil
2024-11-28 00:10:25,256{GMT}	INFO	[jepsen worker 0] jepsen.util: 74	:ok	:read	[]
2024-11-28 00:10:25,454{GMT}	INFO	[jepsen worker 0] jepsen.util: 74	:invoke	:read	nil
2024-11-28 00:10:25,457{GMT}	INFO	[jepsen worker 0] jepsen.util: 74	:ok	:read	[]
2024-11-28 00:10:25,477{GMT}	INFO	[jepsen worker 0] jepsen.util: 74	:invoke	:broadcast	74
2024-11-28 00:10:25,478{GMT}	INFO	[jepsen worker 0] jepsen.util: 74	:info	:broadcast	74	[:crash "malformed message"]
2024-11-28 00:10:25,614{GMT}	INFO	[jepsen worker 0] jepsen.util: 75	:invoke	:broadcast	75
2024-11-28 00:10:25,618{GMT}	INFO	[jepsen worker 0] jepsen.util: 75	:info	:broadcast	75	[:crash "malformed message"]
2024-11-28 00:10:25,638{GMT}	INFO	[jepsen worker 0] jepsen.util: 76	:invoke	:broadcast	76
2024-11-28 00:10:25,641{GMT}	INFO	[jepsen worker 0] jepsen.util: 76	:info	:broadcast	76	[:crash "malformed message"]
2024-11-28 00:10:25,731{GMT}	INFO	[jepsen worker 0] jepsen.util: 77	:invoke	:read	nil
2024-11-28 00:10:25,732{GMT}	INFO	[jepsen worker 0] jepsen.util: 77	:ok	:read	[]
2024-11-28 00:10:25,744{GMT}	INFO	[jepsen worker 0] jepsen.util: 77	:invoke	:broadcast	77
2024-11-28 00:10:25,745{GMT}	INFO	[jepsen worker 0] jepsen.util: 77	:info	:broadcast	77	[:crash "malformed message"]
2024-11-28 00:10:25,847{GMT}	INFO	[jepsen worker 0] jepsen.util: 78	:invoke	:broadcast	78
2024-11-28 00:10:25,849{GMT}	INFO	[jepsen worker 0] jepsen.util: 78	:info	:broadcast	78	[:crash "malformed message"]
2024-11-28 00:10:25,868{GMT}	INFO	[jepsen worker 0] jepsen.util: 79	:invoke	:read	nil
2024-11-28 00:10:25,869{GMT}	INFO	[jepsen worker 0] jepsen.util: 79	:ok	:read	[]
2024-11-28 00:10:25,943{GMT}	INFO	[jepsen worker 0] jepsen.util: 79	:invoke	:read	nil
2024-11-28 00:10:25,943{GMT}	INFO	[jepsen worker 0] jepsen.util: 79	:ok	:read	[]
2024-11-28 00:10:26,030{GMT}	INFO	[jepsen worker 0] jepsen.util: 79	:invoke	:broadcast	79
2024-11-28 00:10:26,031{GMT}	INFO	[jepsen worker 0] jepsen.util: 79	:info	:broadcast	79	[:crash "malformed message"]
2024-11-28 00:10:26,199{GMT}	INFO	[jepsen worker 0] jepsen.util: 80	:invoke	:read	nil
2024-11-28 00:10:26,202{GMT}	INFO	[jepsen worker 0] jepsen.util: 80	:ok	:read	[]
2024-11-28 00:10:26,348{GMT}	INFO	[jepsen worker 0] jepsen.util: 80	:invoke	:read	nil
2024-11-28 00:10:26,350{GMT}	INFO	[jepsen worker 0] jepsen.util: 80	:ok	:read	[]
2024-11-28 00:10:26,366{GMT}	INFO	[jepsen worker 0] jepsen.util: 80	:invoke	:read	nil
2024-11-28 00:10:26,367{GMT}	INFO	[jepsen worker 0] jepsen.util: 80	:ok	:read	[]
2024-11-28 00:10:26,454{GMT}	INFO	[jepsen worker 0] jepsen.util: 80	:invoke	:broadcast	80
2024-11-28 00:10:26,455{GMT}	INFO	[jepsen worker 0] jepsen.util: 80	:info	:broadcast	80	[:crash "malformed message"]
2024-11-28 00:10:26,593{GMT}	INFO	[jepsen worker 0] jepsen.util: 81	:invoke	:broadcast	81
2024-11-28 00:10:26,596{GMT}	INFO	[jepsen worker 0] jepsen.util: 81	:info	:broadcast	81	[:crash "malformed message"]
2024-11-28 00:10:26,624{GMT}	INFO	[jepsen worker 0] jepsen.util: 82	:invoke	:read	nil
2024-11-28 00:10:26,625{GMT}	INFO	[jepsen worker 0] jepsen.util: 82	:ok	:read	[]
2024-11-28 00:10:26,819{GMT}	INFO	[jepsen worker 0] jepsen.util: 82	:invoke	:read	nil
2024-11-28 00:10:26,821{GMT}	INFO	[jepsen worker 0] jepsen.util: 82	:ok	:read	[]
2024-11-28 00:10:26,963{GMT}	INFO	[jepsen worker 0] jepsen.util: 82	:invoke	:broadcast	82
2024-11-28 00:10:26,965{GMT}	INFO	[jepsen worker 0] jepsen.util: 82	:info	:broadcast	82	[:crash "malformed message"]
2024-11-28 00:10:27,154{GMT}	INFO	[jepsen worker 0] jepsen.util: 83	:invoke	:broadcast	83
2024-11-28 00:10:27,157{GMT}	INFO	[jepsen worker 0] jepsen.util: 83	:info	:broadcast	83	[:crash "malformed message"]
2024-11-28 00:10:27,347{GMT}	INFO	[jepsen worker 0] jepsen.util: 84	:invoke	:broadcast	84
2024-11-28 00:10:27,349{GMT}	INFO	[jepsen worker 0] jepsen.util: 84	:info	:broadcast	84	[:crash "malformed message"]
2024-11-28 00:10:27,424{GMT}	INFO	[jepsen worker 0] jepsen.util: 85	:invoke	:read	nil
2024-11-28 00:10:27,426{GMT}	INFO	[jepsen worker 0] jepsen.util: 85	:ok	:read	[]
2024-11-28 00:10:27,571{GMT}	INFO	[jepsen worker 0] jepsen.util: 85	:invoke	:broadcast	85
2024-11-28 00:10:27,574{GMT}	INFO	[jepsen worker 0] jepsen.util: 85	:info	:broadcast	85	[:crash "malformed message"]
2024-11-28 00:10:27,705{GMT}	INFO	[jepsen worker 0] jepsen.util: 86	:invoke	:broadcast	86
2024-11-28 00:10:27,709{GMT}	INFO	[jepsen worker 0] jepsen.util: 86	:info	:broadcast	86	[:crash "malformed message"]
2024-11-28 00:10:27,752{GMT}	INFO	[jepsen worker 0] jepsen.util: 87	:invoke	:broadcast	87
2024-11-28 00:10:27,753{GMT}	INFO	[jepsen worker 0] jepsen.util: 87	:info	:broadcast	87	[:crash "malformed message"]
2024-11-28 00:10:27,819{GMT}	INFO	[jepsen worker 0] jepsen.util: 88	:invoke	:read	nil
2024-11-28 00:10:27,820{GMT}	INFO	[jepsen worker 0] jepsen.util: 88	:ok	:read	[]
2024-11-28 00:10:27,882{GMT}	INFO	[jepsen worker 0] jepsen.util: 88	:invoke	:read	nil
2024-11-28 00:10:27,882{GMT}	INFO	[jepsen worker 0] jepsen.util: 88	:ok	:read	[]
2024-11-28 00:10:27,937{GMT}	INFO	[jepsen worker 0] jepsen.util: 88	:invoke	:read	nil
2024-11-28 00:10:27,938{GMT}	INFO	[jepsen worker 0] jepsen.util: 88	:ok	:read	[]
2024-11-28 00:10:28,002{GMT}	INFO	[jepsen worker 0] jepsen.util: 88	:invoke	:broadcast	88
2024-11-28 00:10:28,002{GMT}	INFO	[jepsen worker 0] jepsen.util: 88	:info	:broadcast	88	[:crash "malformed message"]
2024-11-28 00:10:28,169{GMT}	INFO	[jepsen worker 0] jepsen.util: 89	:invoke	:read	nil
2024-11-28 00:10:28,171{GMT}	INFO	[jepsen worker 0] jepsen.util: 89	:ok	:read	[]
2024-11-28 00:10:28,371{GMT}	INFO	[jepsen worker 0] jepsen.util: 89	:invoke	:broadcast	89
2024-11-28 00:10:28,374{GMT}	INFO	[jepsen worker 0] jepsen.util: 89	:info	:broadcast	89	[:crash "malformed message"]
2024-11-28 00:10:28,466{GMT}	INFO	[jepsen worker 0] jepsen.util: 90	:invoke	:read	nil
2024-11-28 00:10:28,467{GMT}	INFO	[jepsen worker 0] jepsen.util: 90	:ok	:read	[]
2024-11-28 00:10:28,638{GMT}	INFO	[jepsen worker 0] jepsen.util: 90	:invoke	:read	nil
2024-11-28 00:10:28,639{GMT}	INFO	[jepsen worker 0] jepsen.util: 90	:ok	:read	[]
2024-11-28 00:10:28,842{GMT}	INFO	[jepsen worker 0] jepsen.util: 90	:invoke	:broadcast	90
2024-11-28 00:10:28,844{GMT}	INFO	[jepsen worker 0] jepsen.util: 90	:info	:broadcast	90	[:crash "malformed message"]
2024-11-28 00:10:28,845{GMT}	INFO	[jepsen worker 0] jepsen.generator.interpreter: Waiting for recovery...
2024-11-28 00:10:38,852{GMT}	INFO	[jepsen worker 0] jepsen.util: 91	:invoke	:read	nil
2024-11-28 00:10:38,856{GMT}	INFO	[jepsen worker 0] jepsen.util: 91	:ok	:read	[]
2024-11-28 00:10:38,870{GMT}	INFO	[jepsen test runner] jepsen.core: Run complete, writing
2024-11-28 00:10:38,908{GMT}	INFO	[jepsen node n0] maelstrom.db: Tearing down n0
2024-11-28 00:10:39,989{GMT}	INFO	[jepsen node n0] maelstrom.net: Shutting down Maelstrom network
2024-11-28 00:10:39,990{GMT}	INFO	[jepsen test runner] jepsen.core: Analyzing...
2024-11-28 00:10:40,280{GMT}	INFO	[jepsen test runner] jepsen.core: Analysis complete
2024-11-28 00:10:40,286{GMT}	INFO	[jepsen results] jepsen.store: Wrote /Users/alex/Workspace/maelstrom/maelstrom-broadcast/store/broadcast/20241128T001008.004-0500/results.edn
2024-11-28 00:10:40,303{GMT}	INFO	[jepsen test runner] jepsen.core: {:perf {:latency-graph {:valid? true},
        :rate-graph {:valid? true},
        :valid? true},
 :timeline {:valid? true},
 :exceptions {:valid? true},
 :stats {:valid? false,
         :count 191,
         :ok-count 100,
         :fail-count 0,
         :info-count 91,
         :by-f {:broadcast {:valid? false,
                            :count 91,
                            :ok-count 0,
                            :fail-count 0,
                            :info-count 91},
                :read {:valid? true,
                       :count 100,
                       :ok-count 100,
                       :fail-count 0,
                       :info-count 0}}},
 :availability {:valid? true, :ok-fraction 0.5235602},
 :net {:all {:send-count 386,
             :recv-count 386,
             :msg-count 386,
             :msgs-per-op 2.0209424},
       :clients {:send-count 386, :recv-count 386, :msg-count 386},
       :servers {:send-count 0,
                 :recv-count 0,
                 :msg-count 0,
                 :msgs-per-op 0.0},
       :valid? true},
 :workload {:worst-stale (),
            :duplicated-count 0,
            :valid? :unknown,
            :lost-count 0,
            :lost (),
            :stable-count 0,
            :stale-count 0,
            :stale (),
            :never-read-count 91,
            :attempt-count 91,
            :never-read (0
                         1
                         2
                         3
                         4
                         5
                         6
                         7
                         8
                         9
                         10
                         11
                         12
                         13
                         14
                         15
                         16
                         17
                         18
                         19
                         20
                         21
                         22
                         23
                         24
                         25
                         26
                         27
                         28
                         29
                         30
                         31
                         32
                         33
                         34
                         35
                         36
                         37
                         38
                         39
                         40
                         41
                         42
                         43
                         44
                         45
                         46
                         47
                         48
                         49
                         50
                         51
                         52
                         53
                         54
                         55
                         56
                         57
                         58
                         59
                         60
                         61
                         62
                         63
                         64
                         65
                         66
                         67
                         68
                         69
                         70
                         71
                         72
                         73
                         74
                         75
                         76
                         77
                         78
                         79
                         80
                         81
                         82
                         83
                         84
                         85
                         86
                         87
                         88
                         89
                         90),
            :duplicated {}},
 :valid? false}


Analysis invalid! (ﾉಥ益ಥ）ﾉ ┻━┻
