2024-11-28 00:07:29,987{GMT}	INFO	[jepsen test runner] jepsen.core: Command line:
lein run test -w broadcast --bin /Users/alex/.go/bin/maelstrom-broadcast --node-count 1 --time-limit 20 --rate 10
2024-11-28 00:07:30,021{GMT}	INFO	[jepsen test runner] jepsen.core: Running test:
{:args []
 :remote
 #jepsen.control.retry.Remote{:remote #jepsen.control.scp.Remote{:cmd-remote #jepsen.control.sshj.SSHJRemote{:concurrency-limit 6,
                                                                                                             :conn-spec nil,
                                                                                                             :client nil,
                                                                                                             :semaphore nil},
                                                                 :conn-spec nil},
                              :conn nil}
 :log-net-send false
 :node-count 1
 :availability nil
 :max-txn-length 4
 :concurrency 1
 :db
 #object[maelstrom.db$db$reify__16142
         "0x3b42d7df"
         "maelstrom.db$db$reify__16142@3b42d7df"]
 :max-writes-per-key 16
 :leave-db-running? false
 :name "broadcast"
 :logging-json? false
 :start-time
 #object[org.joda.time.DateTime "0x64b262a7" "2024-11-28T00:07:29.963-05:00"]
 :nemesis-interval 10
 :net
 #object[maelstrom.net$jepsen_net$reify__15251
         "0x771c4015"
         "maelstrom.net$jepsen_net$reify__15251@771c4015"]
 :client
 #object[maelstrom.workload.broadcast$client$reify__16644
         "0x34d776eb"
         "maelstrom.workload.broadcast$client$reify__16644@34d776eb"]
 :barrier
 #object[java.util.concurrent.CyclicBarrier
         "0x60a3a0fa"
         "java.util.concurrent.CyclicBarrier@60a3a0fa"]
 :log-stderr false
 :pure-generators true
 :ssh {:dummy? true}
 :rate 10.0
 :checker
 #object[jepsen.checker$compose$reify__11881
         "0x17734113"
         "jepsen.checker$compose$reify__11881@17734113"]
 :argv
 ("test"
  "-w"
  "broadcast"
  "--bin"
  "/Users/alex/.go/bin/maelstrom-broadcast"
  "--node-count"
  "1"
  "--time-limit"
  "20"
  "--rate"
  "10")
 :nemesis
 (jepsen.nemesis.ReflCompose
  {:fm {:start-partition 0,
        :stop-partition 0,
        :kill 1,
        :start 1,
        :pause 1,
        :resume 1},
   :nemeses [#unprintable "jepsen.nemesis.combined$partition_nemesis$reify__16416@27aa700"
             #unprintable "jepsen.nemesis.combined$db_nemesis$reify__16397@d15f98a"]})
 :nodes ["n0"]
 :test-count 1
 :latency {:mean 0, :dist :constant}
 :bin "/Users/alex/.go/bin/maelstrom-broadcast"
 :generator
 ((jepsen.generator.Synchronize
   {:gen (jepsen.generator.TimeLimit
          {:limit 20000000000,
           :cutoff nil,
           :gen (jepsen.generator.Any
                 {:gens [(jepsen.generator.OnThreads
                          {:f #{:nemesis},
                           :context-filter #object[jepsen.generator.context$make_thread_filter$lazy_filter__9167
                                                   "0x9c88323"
                                                   "jepsen.generator.context$make_thread_filter$lazy_filter__9167@9c88323"],
                           :gen nil})
                         (jepsen.generator.OnThreads
                          {:f #jepsen.generator.context.AllBut{:element :nemesis},
                           :context-filter #object[jepsen.generator.context$make_thread_filter$lazy_filter__9167
                                                   "0x6d4bdb75"
                                                   "jepsen.generator.context$make_thread_filter$lazy_filter__9167@6d4bdb75"],
                           :gen (jepsen.generator.Stagger
                                 {:dt 200000000,
                                  :next-time nil,
                                  :gen (jepsen.generator.Mix
                                        {:i 1,
                                         :gens [({:f :broadcast, :value 0}
                                                 {:f :broadcast, :value 1}
                                                 {:f :broadcast, :value 2}
                                                 {:f :broadcast, :value 3}
                                                 {:f :broadcast, :value 4}
                                                 {:f :broadcast, :value 5}
                                                 {:f :broadcast, :value 6}
                                                 {:f :broadcast, :value 7}
                                                 ...)
                                                ({:f :read}
                                                 {:f :read}
                                                 {:f :read}
                                                 {:f :read}
                                                 {:f :read}
                                                 {:f :read}
                                                 {:f :read}
                                                 {:f :read}
                                                 ...)]})})})]})})})
  (jepsen.generator.Synchronize
   {:gen (jepsen.generator.OnThreads
          {:f #{:nemesis},
           :context-filter #object[jepsen.generator.context$make_thread_filter$lazy_filter__9167
                                   "0x256a25a8"
                                   "jepsen.generator.context$make_thread_filter$lazy_filter__9167@256a25a8"],
           :gen ()})})
  (jepsen.generator.Synchronize
   {:gen {:type :log, :value "Waiting for recovery..."}})
  (jepsen.generator.Synchronize {:gen {:type :sleep, :value 10}})
  (jepsen.generator.Synchronize
   {:gen (jepsen.generator.OnThreads
          {:f #jepsen.generator.context.AllBut{:element :nemesis},
           :context-filter #object[jepsen.generator.context$make_thread_filter$lazy_filter__9167
                                   "0x68f67bbd"
                                   "jepsen.generator.context$make_thread_filter$lazy_filter__9167@68f67bbd"],
           :gen (jepsen.generator.EachThread
                 {:fresh-gen {:f :read, :final? true},
                  :context-filters #object[clojure.core$promise$reify__8591
                                           "0x5bd585a5"
                                           {:status :pending, :val nil}],
                  :gens {}})})}))
 :log-net-recv false
 :os
 #object[maelstrom.net$jepsen_os$reify__15254
         "0x65c040c9"
         "maelstrom.net$jepsen_os$reify__15254@65c040c9"]
 :time-limit 20
 :workload :broadcast
 :consistency-models [:strict-serializable]
 :topology :grid}

2024-11-28 00:07:30,824{GMT}	INFO	[jepsen node n0] maelstrom.net: Starting Maelstrom network
2024-11-28 00:07:30,824{GMT}	INFO	[jepsen test runner] jepsen.db: Tearing down DB
2024-11-28 00:07:30,825{GMT}	INFO	[jepsen test runner] jepsen.db: Setting up DB
2024-11-28 00:07:30,826{GMT}	INFO	[jepsen node n0] maelstrom.service: Starting services: (lin-kv lin-tso lww-kv seq-kv)
2024-11-28 00:07:30,827{GMT}	INFO	[jepsen node n0] maelstrom.db: Setting up n0
2024-11-28 00:07:30,827{GMT}	INFO	[jepsen node n0] maelstrom.process: launching /Users/alex/.go/bin/maelstrom-broadcast []
2024-11-28 00:07:30,844{GMT}	INFO	[jepsen test runner] jepsen.core: Relative time begins now
2024-11-28 00:07:30,853{GMT}	INFO	[jepsen worker 0] jepsen.util: 0	:invoke	:read	nil
2024-11-28 00:07:30,854{GMT}	INFO	[jepsen worker 0] jepsen.util: 0	:ok	:read	[]
2024-11-28 00:07:30,901{GMT}	INFO	[jepsen worker 0] jepsen.util: 0	:invoke	:read	nil
2024-11-28 00:07:30,902{GMT}	INFO	[jepsen worker 0] jepsen.util: 0	:ok	:read	[]
2024-11-28 00:07:30,973{GMT}	INFO	[jepsen worker 0] jepsen.util: 0	:invoke	:read	nil
2024-11-28 00:07:30,974{GMT}	INFO	[jepsen worker 0] jepsen.util: 0	:ok	:read	[]
2024-11-28 00:07:31,091{GMT}	INFO	[jepsen worker 0] jepsen.util: 0	:invoke	:broadcast	0
2024-11-28 00:07:31,102{GMT}	INFO	[jepsen worker 0] jepsen.util: 0	:info	:broadcast	0	[:crash "malformed message"]
2024-11-28 00:07:31,143{GMT}	INFO	[jepsen worker 0] jepsen.util: 1	:invoke	:read	nil
2024-11-28 00:07:31,144{GMT}	INFO	[jepsen worker 0] jepsen.util: 1	:ok	:read	[]
2024-11-28 00:07:31,172{GMT}	INFO	[jepsen worker 0] jepsen.util: 1	:invoke	:broadcast	1
2024-11-28 00:07:31,173{GMT}	INFO	[jepsen worker 0] jepsen.util: 1	:info	:broadcast	1	[:crash "malformed message"]
2024-11-28 00:07:31,247{GMT}	INFO	[jepsen worker 0] jepsen.util: 2	:invoke	:read	nil
2024-11-28 00:07:31,248{GMT}	INFO	[jepsen worker 0] jepsen.util: 2	:ok	:read	[]
2024-11-28 00:07:31,407{GMT}	INFO	[jepsen worker 0] jepsen.util: 2	:invoke	:broadcast	2
2024-11-28 00:07:31,410{GMT}	INFO	[jepsen worker 0] jepsen.util: 2	:info	:broadcast	2	[:crash "malformed message"]
2024-11-28 00:07:31,595{GMT}	INFO	[jepsen worker 0] jepsen.util: 3	:invoke	:read	nil
2024-11-28 00:07:31,598{GMT}	INFO	[jepsen worker 0] jepsen.util: 3	:ok	:read	[]
2024-11-28 00:07:31,663{GMT}	INFO	[jepsen worker 0] jepsen.util: 3	:invoke	:read	nil
2024-11-28 00:07:31,664{GMT}	INFO	[jepsen worker 0] jepsen.util: 3	:ok	:read	[]
2024-11-28 00:07:31,717{GMT}	INFO	[jepsen worker 0] jepsen.util: 3	:invoke	:broadcast	3
2024-11-28 00:07:31,718{GMT}	INFO	[jepsen worker 0] jepsen.util: 3	:info	:broadcast	3	[:crash "malformed message"]
2024-11-28 00:07:31,828{GMT}	INFO	[jepsen worker 0] jepsen.util: 4	:invoke	:broadcast	4
2024-11-28 00:07:31,829{GMT}	INFO	[jepsen worker 0] jepsen.util: 4	:info	:broadcast	4	[:crash "malformed message"]
2024-11-28 00:07:32,030{GMT}	INFO	[jepsen worker 0] jepsen.util: 5	:invoke	:read	nil
2024-11-28 00:07:32,031{GMT}	INFO	[jepsen worker 0] jepsen.util: 5	:ok	:read	[]
2024-11-28 00:07:32,112{GMT}	INFO	[jepsen worker 0] jepsen.util: 5	:invoke	:broadcast	5
2024-11-28 00:07:32,113{GMT}	INFO	[jepsen worker 0] jepsen.util: 5	:info	:broadcast	5	[:crash "malformed message"]
2024-11-28 00:07:32,270{GMT}	INFO	[jepsen worker 0] jepsen.util: 6	:invoke	:read	nil
2024-11-28 00:07:32,272{GMT}	INFO	[jepsen worker 0] jepsen.util: 6	:ok	:read	[]
2024-11-28 00:07:32,335{GMT}	INFO	[jepsen worker 0] jepsen.util: 6	:invoke	:read	nil
2024-11-28 00:07:32,337{GMT}	INFO	[jepsen worker 0] jepsen.util: 6	:ok	:read	[]
2024-11-28 00:07:32,525{GMT}	INFO	[jepsen worker 0] jepsen.util: 6	:invoke	:broadcast	6
2024-11-28 00:07:32,528{GMT}	INFO	[jepsen worker 0] jepsen.util: 6	:info	:broadcast	6	[:crash "malformed message"]
2024-11-28 00:07:32,647{GMT}	INFO	[jepsen worker 0] jepsen.util: 7	:invoke	:broadcast	7
2024-11-28 00:07:32,649{GMT}	INFO	[jepsen worker 0] jepsen.util: 7	:info	:broadcast	7	[:crash "malformed message"]
2024-11-28 00:07:32,684{GMT}	INFO	[jepsen worker 0] jepsen.util: 8	:invoke	:read	nil
2024-11-28 00:07:32,685{GMT}	INFO	[jepsen worker 0] jepsen.util: 8	:ok	:read	[]
2024-11-28 00:07:32,802{GMT}	INFO	[jepsen worker 0] jepsen.util: 8	:invoke	:broadcast	8
2024-11-28 00:07:32,804{GMT}	INFO	[jepsen worker 0] jepsen.util: 8	:info	:broadcast	8	[:crash "malformed message"]
2024-11-28 00:07:32,844{GMT}	INFO	[jepsen worker 0] jepsen.util: 9	:invoke	:read	nil
2024-11-28 00:07:32,846{GMT}	INFO	[jepsen worker 0] jepsen.util: 9	:ok	:read	[]
2024-11-28 00:07:32,869{GMT}	INFO	[jepsen worker 0] jepsen.util: 9	:invoke	:read	nil
2024-11-28 00:07:32,869{GMT}	INFO	[jepsen worker 0] jepsen.util: 9	:ok	:read	[]
2024-11-28 00:07:32,991{GMT}	INFO	[jepsen worker 0] jepsen.util: 9	:invoke	:read	nil
2024-11-28 00:07:32,992{GMT}	INFO	[jepsen worker 0] jepsen.util: 9	:ok	:read	[]
2024-11-28 00:07:33,068{GMT}	INFO	[jepsen worker 0] jepsen.util: 9	:invoke	:read	nil
2024-11-28 00:07:33,070{GMT}	INFO	[jepsen worker 0] jepsen.util: 9	:ok	:read	[]
2024-11-28 00:07:33,210{GMT}	INFO	[jepsen worker 0] jepsen.util: 9	:invoke	:read	nil
2024-11-28 00:07:33,211{GMT}	INFO	[jepsen worker 0] jepsen.util: 9	:ok	:read	[]
2024-11-28 00:07:33,378{GMT}	INFO	[jepsen worker 0] jepsen.util: 9	:invoke	:read	nil
2024-11-28 00:07:33,379{GMT}	INFO	[jepsen worker 0] jepsen.util: 9	:ok	:read	[]
2024-11-28 00:07:33,510{GMT}	INFO	[jepsen worker 0] jepsen.util: 9	:invoke	:broadcast	9
2024-11-28 00:07:33,511{GMT}	INFO	[jepsen worker 0] jepsen.util: 9	:info	:broadcast	9	[:crash "malformed message"]
2024-11-28 00:07:33,671{GMT}	INFO	[jepsen worker 0] jepsen.util: 10	:invoke	:broadcast	10
2024-11-28 00:07:33,675{GMT}	INFO	[jepsen worker 0] jepsen.util: 10	:info	:broadcast	10	[:crash "malformed message"]
2024-11-28 00:07:33,859{GMT}	INFO	[jepsen worker 0] jepsen.util: 11	:invoke	:read	nil
2024-11-28 00:07:33,861{GMT}	INFO	[jepsen worker 0] jepsen.util: 11	:ok	:read	[]
2024-11-28 00:07:34,056{GMT}	INFO	[jepsen worker 0] jepsen.util: 11	:invoke	:read	nil
2024-11-28 00:07:34,058{GMT}	INFO	[jepsen worker 0] jepsen.util: 11	:ok	:read	[]
2024-11-28 00:07:34,228{GMT}	INFO	[jepsen worker 0] jepsen.util: 11	:invoke	:read	nil
2024-11-28 00:07:34,231{GMT}	INFO	[jepsen worker 0] jepsen.util: 11	:ok	:read	[]
2024-11-28 00:07:34,376{GMT}	INFO	[jepsen worker 0] jepsen.util: 11	:invoke	:broadcast	11
2024-11-28 00:07:34,379{GMT}	INFO	[jepsen worker 0] jepsen.util: 11	:info	:broadcast	11	[:crash "malformed message"]
2024-11-28 00:07:34,454{GMT}	INFO	[jepsen worker 0] jepsen.util: 12	:invoke	:broadcast	12
2024-11-28 00:07:34,457{GMT}	INFO	[jepsen worker 0] jepsen.util: 12	:info	:broadcast	12	[:crash "malformed message"]
2024-11-28 00:07:34,526{GMT}	INFO	[jepsen worker 0] jepsen.util: 13	:invoke	:read	nil
2024-11-28 00:07:34,527{GMT}	INFO	[jepsen worker 0] jepsen.util: 13	:ok	:read	[]
2024-11-28 00:07:34,530{GMT}	INFO	[jepsen worker 0] jepsen.util: 13	:invoke	:broadcast	13
2024-11-28 00:07:34,531{GMT}	INFO	[jepsen worker 0] jepsen.util: 13	:info	:broadcast	13	[:crash "malformed message"]
2024-11-28 00:07:34,665{GMT}	INFO	[jepsen worker 0] jepsen.util: 14	:invoke	:read	nil
2024-11-28 00:07:34,668{GMT}	INFO	[jepsen worker 0] jepsen.util: 14	:ok	:read	[]
2024-11-28 00:07:34,851{GMT}	INFO	[jepsen worker 0] jepsen.util: 14	:invoke	:read	nil
2024-11-28 00:07:34,854{GMT}	INFO	[jepsen worker 0] jepsen.util: 14	:ok	:read	[]
2024-11-28 00:07:34,879{GMT}	INFO	[jepsen worker 0] jepsen.util: 14	:invoke	:read	nil
2024-11-28 00:07:34,881{GMT}	INFO	[jepsen worker 0] jepsen.util: 14	:ok	:read	[]
2024-11-28 00:07:34,923{GMT}	INFO	[jepsen worker 0] jepsen.util: 14	:invoke	:broadcast	14
2024-11-28 00:07:34,924{GMT}	INFO	[jepsen worker 0] jepsen.util: 14	:info	:broadcast	14	[:crash "malformed message"]
2024-11-28 00:07:35,005{GMT}	INFO	[jepsen worker 0] jepsen.util: 15	:invoke	:read	nil
2024-11-28 00:07:35,006{GMT}	INFO	[jepsen worker 0] jepsen.util: 15	:ok	:read	[]
2024-11-28 00:07:35,140{GMT}	INFO	[jepsen worker 0] jepsen.util: 15	:invoke	:read	nil
2024-11-28 00:07:35,141{GMT}	INFO	[jepsen worker 0] jepsen.util: 15	:ok	:read	[]
2024-11-28 00:07:35,141{GMT}	INFO	[jepsen worker 0] jepsen.util: 15	:invoke	:read	nil
2024-11-28 00:07:35,142{GMT}	INFO	[jepsen worker 0] jepsen.util: 15	:ok	:read	[]
2024-11-28 00:07:35,279{GMT}	INFO	[jepsen worker 0] jepsen.util: 15	:invoke	:broadcast	15
2024-11-28 00:07:35,280{GMT}	INFO	[jepsen worker 0] jepsen.util: 15	:info	:broadcast	15	[:crash "malformed message"]
2024-11-28 00:07:35,452{GMT}	INFO	[jepsen worker 0] jepsen.util: 16	:invoke	:broadcast	16
2024-11-28 00:07:35,453{GMT}	INFO	[jepsen worker 0] jepsen.util: 16	:info	:broadcast	16	[:crash "malformed message"]
2024-11-28 00:07:35,498{GMT}	INFO	[jepsen worker 0] jepsen.util: 17	:invoke	:read	nil
2024-11-28 00:07:35,500{GMT}	INFO	[jepsen worker 0] jepsen.util: 17	:ok	:read	[]
2024-11-28 00:07:35,560{GMT}	INFO	[jepsen worker 0] jepsen.util: 17	:invoke	:read	nil
2024-11-28 00:07:35,561{GMT}	INFO	[jepsen worker 0] jepsen.util: 17	:ok	:read	[]
2024-11-28 00:07:35,566{GMT}	INFO	[jepsen worker 0] jepsen.util: 17	:invoke	:read	nil
2024-11-28 00:07:35,567{GMT}	INFO	[jepsen worker 0] jepsen.util: 17	:ok	:read	[]
2024-11-28 00:07:35,691{GMT}	INFO	[jepsen worker 0] jepsen.util: 17	:invoke	:read	nil
2024-11-28 00:07:35,692{GMT}	INFO	[jepsen worker 0] jepsen.util: 17	:ok	:read	[]
2024-11-28 00:07:35,887{GMT}	INFO	[jepsen worker 0] jepsen.util: 17	:invoke	:broadcast	17
2024-11-28 00:07:35,890{GMT}	INFO	[jepsen worker 0] jepsen.util: 17	:info	:broadcast	17	[:crash "malformed message"]
2024-11-28 00:07:35,941{GMT}	INFO	[jepsen worker 0] jepsen.util: 18	:invoke	:broadcast	18
2024-11-28 00:07:35,943{GMT}	INFO	[jepsen worker 0] jepsen.util: 18	:info	:broadcast	18	[:crash "malformed message"]
2024-11-28 00:07:36,078{GMT}	INFO	[jepsen worker 0] jepsen.util: 19	:invoke	:read	nil
2024-11-28 00:07:36,079{GMT}	INFO	[jepsen worker 0] jepsen.util: 19	:ok	:read	[]
2024-11-28 00:07:36,231{GMT}	INFO	[jepsen worker 0] jepsen.util: 19	:invoke	:broadcast	19
2024-11-28 00:07:36,233{GMT}	INFO	[jepsen worker 0] jepsen.util: 19	:info	:broadcast	19	[:crash "malformed message"]
2024-11-28 00:07:36,326{GMT}	INFO	[jepsen worker 0] jepsen.util: 20	:invoke	:read	nil
2024-11-28 00:07:36,327{GMT}	INFO	[jepsen worker 0] jepsen.util: 20	:ok	:read	[]
2024-11-28 00:07:36,485{GMT}	INFO	[jepsen worker 0] jepsen.util: 20	:invoke	:read	nil
2024-11-28 00:07:36,488{GMT}	INFO	[jepsen worker 0] jepsen.util: 20	:ok	:read	[]
2024-11-28 00:07:36,678{GMT}	INFO	[jepsen worker 0] jepsen.util: 20	:invoke	:read	nil
2024-11-28 00:07:36,680{GMT}	INFO	[jepsen worker 0] jepsen.util: 20	:ok	:read	[]
2024-11-28 00:07:36,865{GMT}	INFO	[jepsen worker 0] jepsen.util: 20	:invoke	:read	nil
2024-11-28 00:07:36,868{GMT}	INFO	[jepsen worker 0] jepsen.util: 20	:ok	:read	[]
2024-11-28 00:07:36,926{GMT}	INFO	[jepsen worker 0] jepsen.util: 20	:invoke	:broadcast	20
2024-11-28 00:07:36,928{GMT}	INFO	[jepsen worker 0] jepsen.util: 20	:info	:broadcast	20	[:crash "malformed message"]
2024-11-28 00:07:37,030{GMT}	INFO	[jepsen worker 0] jepsen.util: 21	:invoke	:read	nil
2024-11-28 00:07:37,032{GMT}	INFO	[jepsen worker 0] jepsen.util: 21	:ok	:read	[]
2024-11-28 00:07:37,213{GMT}	INFO	[jepsen worker 0] jepsen.util: 21	:invoke	:read	nil
2024-11-28 00:07:37,215{GMT}	INFO	[jepsen worker 0] jepsen.util: 21	:ok	:read	[]
2024-11-28 00:07:37,284{GMT}	INFO	[jepsen worker 0] jepsen.util: 21	:invoke	:read	nil
2024-11-28 00:07:37,285{GMT}	INFO	[jepsen worker 0] jepsen.util: 21	:ok	:read	[]
2024-11-28 00:07:37,352{GMT}	INFO	[jepsen worker 0] jepsen.util: 21	:invoke	:read	nil
2024-11-28 00:07:37,353{GMT}	INFO	[jepsen worker 0] jepsen.util: 21	:ok	:read	[]
2024-11-28 00:07:37,462{GMT}	INFO	[jepsen worker 0] jepsen.util: 21	:invoke	:read	nil
2024-11-28 00:07:37,464{GMT}	INFO	[jepsen worker 0] jepsen.util: 21	:ok	:read	[]
2024-11-28 00:07:37,660{GMT}	INFO	[jepsen worker 0] jepsen.util: 21	:invoke	:read	nil
2024-11-28 00:07:37,662{GMT}	INFO	[jepsen worker 0] jepsen.util: 21	:ok	:read	[]
2024-11-28 00:07:37,806{GMT}	INFO	[jepsen worker 0] jepsen.util: 21	:invoke	:broadcast	21
2024-11-28 00:07:37,810{GMT}	INFO	[jepsen worker 0] jepsen.util: 21	:info	:broadcast	21	[:crash "malformed message"]
2024-11-28 00:07:37,933{GMT}	INFO	[jepsen worker 0] jepsen.util: 22	:invoke	:read	nil
2024-11-28 00:07:37,935{GMT}	INFO	[jepsen worker 0] jepsen.util: 22	:ok	:read	[]
2024-11-28 00:07:37,974{GMT}	INFO	[jepsen worker 0] jepsen.util: 22	:invoke	:broadcast	22
2024-11-28 00:07:37,975{GMT}	INFO	[jepsen worker 0] jepsen.util: 22	:info	:broadcast	22	[:crash "malformed message"]
2024-11-28 00:07:38,172{GMT}	INFO	[jepsen worker 0] jepsen.util: 23	:invoke	:read	nil
2024-11-28 00:07:38,175{GMT}	INFO	[jepsen worker 0] jepsen.util: 23	:ok	:read	[]
2024-11-28 00:07:38,196{GMT}	INFO	[jepsen worker 0] jepsen.util: 23	:invoke	:read	nil
2024-11-28 00:07:38,197{GMT}	INFO	[jepsen worker 0] jepsen.util: 23	:ok	:read	[]
2024-11-28 00:07:38,345{GMT}	INFO	[jepsen worker 0] jepsen.util: 23	:invoke	:broadcast	23
2024-11-28 00:07:38,348{GMT}	INFO	[jepsen worker 0] jepsen.util: 23	:info	:broadcast	23	[:crash "malformed message"]
2024-11-28 00:07:38,437{GMT}	INFO	[jepsen worker 0] jepsen.util: 24	:invoke	:read	nil
2024-11-28 00:07:38,439{GMT}	INFO	[jepsen worker 0] jepsen.util: 24	:ok	:read	[]
2024-11-28 00:07:38,609{GMT}	INFO	[jepsen worker 0] jepsen.util: 24	:invoke	:broadcast	24
2024-11-28 00:07:38,612{GMT}	INFO	[jepsen worker 0] jepsen.util: 24	:info	:broadcast	24	[:crash "malformed message"]
2024-11-28 00:07:38,746{GMT}	INFO	[jepsen worker 0] jepsen.util: 25	:invoke	:read	nil
2024-11-28 00:07:38,748{GMT}	INFO	[jepsen worker 0] jepsen.util: 25	:ok	:read	[]
2024-11-28 00:07:38,854{GMT}	INFO	[jepsen worker 0] jepsen.util: 25	:invoke	:broadcast	25
2024-11-28 00:07:38,856{GMT}	INFO	[jepsen worker 0] jepsen.util: 25	:info	:broadcast	25	[:crash "malformed message"]
2024-11-28 00:07:38,984{GMT}	INFO	[jepsen worker 0] jepsen.util: 26	:invoke	:read	nil
2024-11-28 00:07:38,987{GMT}	INFO	[jepsen worker 0] jepsen.util: 26	:ok	:read	[]
2024-11-28 00:07:39,045{GMT}	INFO	[jepsen worker 0] jepsen.util: 26	:invoke	:read	nil
2024-11-28 00:07:39,046{GMT}	INFO	[jepsen worker 0] jepsen.util: 26	:ok	:read	[]
2024-11-28 00:07:39,105{GMT}	INFO	[jepsen worker 0] jepsen.util: 26	:invoke	:broadcast	26
2024-11-28 00:07:39,106{GMT}	INFO	[jepsen worker 0] jepsen.util: 26	:info	:broadcast	26	[:crash "malformed message"]
2024-11-28 00:07:39,117{GMT}	INFO	[jepsen worker 0] jepsen.util: 27	:invoke	:read	nil
2024-11-28 00:07:39,118{GMT}	INFO	[jepsen worker 0] jepsen.util: 27	:ok	:read	[]
2024-11-28 00:07:39,222{GMT}	INFO	[jepsen worker 0] jepsen.util: 27	:invoke	:read	nil
2024-11-28 00:07:39,222{GMT}	INFO	[jepsen worker 0] jepsen.util: 27	:ok	:read	[]
2024-11-28 00:07:39,232{GMT}	INFO	[jepsen worker 0] jepsen.util: 27	:invoke	:read	nil
2024-11-28 00:07:39,232{GMT}	INFO	[jepsen worker 0] jepsen.util: 27	:ok	:read	[]
2024-11-28 00:07:39,259{GMT}	INFO	[jepsen worker 0] jepsen.util: 27	:invoke	:read	nil
2024-11-28 00:07:39,260{GMT}	INFO	[jepsen worker 0] jepsen.util: 27	:ok	:read	[]
2024-11-28 00:07:39,286{GMT}	INFO	[jepsen worker 0] jepsen.util: 27	:invoke	:read	nil
2024-11-28 00:07:39,286{GMT}	INFO	[jepsen worker 0] jepsen.util: 27	:ok	:read	[]
2024-11-28 00:07:39,413{GMT}	INFO	[jepsen worker 0] jepsen.util: 27	:invoke	:read	nil
2024-11-28 00:07:39,414{GMT}	INFO	[jepsen worker 0] jepsen.util: 27	:ok	:read	[]
2024-11-28 00:07:39,578{GMT}	INFO	[jepsen worker 0] jepsen.util: 27	:invoke	:broadcast	27
2024-11-28 00:07:39,579{GMT}	INFO	[jepsen worker 0] jepsen.util: 27	:info	:broadcast	27	[:crash "malformed message"]
2024-11-28 00:07:39,579{GMT}	INFO	[jepsen worker 0] jepsen.util: 28	:invoke	:broadcast	28
2024-11-28 00:07:39,580{GMT}	INFO	[jepsen worker 0] jepsen.util: 28	:info	:broadcast	28	[:crash "malformed message"]
2024-11-28 00:07:39,756{GMT}	INFO	[jepsen worker 0] jepsen.util: 29	:invoke	:broadcast	29
2024-11-28 00:07:39,758{GMT}	INFO	[jepsen worker 0] jepsen.util: 29	:info	:broadcast	29	[:crash "malformed message"]
2024-11-28 00:07:39,820{GMT}	INFO	[jepsen worker 0] jepsen.util: 30	:invoke	:broadcast	30
2024-11-28 00:07:39,821{GMT}	INFO	[jepsen worker 0] jepsen.util: 30	:info	:broadcast	30	[:crash "malformed message"]
2024-11-28 00:07:39,889{GMT}	INFO	[jepsen worker 0] jepsen.util: 31	:invoke	:read	nil
2024-11-28 00:07:39,890{GMT}	INFO	[jepsen worker 0] jepsen.util: 31	:ok	:read	[]
2024-11-28 00:07:40,017{GMT}	INFO	[jepsen worker 0] jepsen.util: 31	:invoke	:broadcast	31
2024-11-28 00:07:40,019{GMT}	INFO	[jepsen worker 0] jepsen.util: 31	:info	:broadcast	31	[:crash "malformed message"]
2024-11-28 00:07:40,208{GMT}	INFO	[jepsen worker 0] jepsen.util: 32	:invoke	:read	nil
2024-11-28 00:07:40,210{GMT}	INFO	[jepsen worker 0] jepsen.util: 32	:ok	:read	[]
2024-11-28 00:07:40,250{GMT}	INFO	[jepsen worker 0] jepsen.util: 32	:invoke	:broadcast	32
2024-11-28 00:07:40,251{GMT}	INFO	[jepsen worker 0] jepsen.util: 32	:info	:broadcast	32	[:crash "malformed message"]
2024-11-28 00:07:40,444{GMT}	INFO	[jepsen worker 0] jepsen.util: 33	:invoke	:read	nil
2024-11-28 00:07:40,446{GMT}	INFO	[jepsen worker 0] jepsen.util: 33	:ok	:read	[]
2024-11-28 00:07:40,577{GMT}	INFO	[jepsen worker 0] jepsen.util: 33	:invoke	:read	nil
2024-11-28 00:07:40,579{GMT}	INFO	[jepsen worker 0] jepsen.util: 33	:ok	:read	[]
2024-11-28 00:07:40,710{GMT}	INFO	[jepsen worker 0] jepsen.util: 33	:invoke	:broadcast	33
2024-11-28 00:07:40,712{GMT}	INFO	[jepsen worker 0] jepsen.util: 33	:info	:broadcast	33	[:crash "malformed message"]
2024-11-28 00:07:40,851{GMT}	INFO	[jepsen worker 0] jepsen.util: 34	:invoke	:broadcast	34
2024-11-28 00:07:40,855{GMT}	INFO	[jepsen worker 0] jepsen.util: 34	:info	:broadcast	34	[:crash "malformed message"]
2024-11-28 00:07:41,029{GMT}	INFO	[jepsen worker 0] jepsen.util: 35	:invoke	:read	nil
2024-11-28 00:07:41,033{GMT}	INFO	[jepsen worker 0] jepsen.util: 35	:ok	:read	[]
2024-11-28 00:07:41,063{GMT}	INFO	[jepsen worker 0] jepsen.util: 35	:invoke	:broadcast	35
2024-11-28 00:07:41,065{GMT}	INFO	[jepsen worker 0] jepsen.util: 35	:info	:broadcast	35	[:crash "malformed message"]
2024-11-28 00:07:41,169{GMT}	INFO	[jepsen worker 0] jepsen.util: 36	:invoke	:broadcast	36
2024-11-28 00:07:41,170{GMT}	INFO	[jepsen worker 0] jepsen.util: 36	:info	:broadcast	36	[:crash "malformed message"]
2024-11-28 00:07:41,293{GMT}	INFO	[jepsen worker 0] jepsen.util: 37	:invoke	:broadcast	37
2024-11-28 00:07:41,296{GMT}	INFO	[jepsen worker 0] jepsen.util: 37	:info	:broadcast	37	[:crash "malformed message"]
2024-11-28 00:07:41,401{GMT}	INFO	[jepsen worker 0] jepsen.util: 38	:invoke	:read	nil
2024-11-28 00:07:41,402{GMT}	INFO	[jepsen worker 0] jepsen.util: 38	:ok	:read	[]
2024-11-28 00:07:41,531{GMT}	INFO	[jepsen worker 0] jepsen.util: 38	:invoke	:read	nil
2024-11-28 00:07:41,532{GMT}	INFO	[jepsen worker 0] jepsen.util: 38	:ok	:read	[]
2024-11-28 00:07:41,694{GMT}	INFO	[jepsen worker 0] jepsen.util: 38	:invoke	:read	nil
2024-11-28 00:07:41,696{GMT}	INFO	[jepsen worker 0] jepsen.util: 38	:ok	:read	[]
2024-11-28 00:07:41,763{GMT}	INFO	[jepsen worker 0] jepsen.util: 38	:invoke	:read	nil
2024-11-28 00:07:41,764{GMT}	INFO	[jepsen worker 0] jepsen.util: 38	:ok	:read	[]
2024-11-28 00:07:41,879{GMT}	INFO	[jepsen worker 0] jepsen.util: 38	:invoke	:read	nil
2024-11-28 00:07:41,880{GMT}	INFO	[jepsen worker 0] jepsen.util: 38	:ok	:read	[]
2024-11-28 00:07:42,083{GMT}	INFO	[jepsen worker 0] jepsen.util: 38	:invoke	:broadcast	38
2024-11-28 00:07:42,085{GMT}	INFO	[jepsen worker 0] jepsen.util: 38	:info	:broadcast	38	[:crash "malformed message"]
2024-11-28 00:07:42,185{GMT}	INFO	[jepsen worker 0] jepsen.util: 39	:invoke	:read	nil
2024-11-28 00:07:42,187{GMT}	INFO	[jepsen worker 0] jepsen.util: 39	:ok	:read	[]
2024-11-28 00:07:42,387{GMT}	INFO	[jepsen worker 0] jepsen.util: 39	:invoke	:read	nil
2024-11-28 00:07:42,389{GMT}	INFO	[jepsen worker 0] jepsen.util: 39	:ok	:read	[]
2024-11-28 00:07:42,469{GMT}	INFO	[jepsen worker 0] jepsen.util: 39	:invoke	:read	nil
2024-11-28 00:07:42,471{GMT}	INFO	[jepsen worker 0] jepsen.util: 39	:ok	:read	[]
2024-11-28 00:07:42,558{GMT}	INFO	[jepsen worker 0] jepsen.util: 39	:invoke	:broadcast	39
2024-11-28 00:07:42,560{GMT}	INFO	[jepsen worker 0] jepsen.util: 39	:info	:broadcast	39	[:crash "malformed message"]
2024-11-28 00:07:42,743{GMT}	INFO	[jepsen worker 0] jepsen.util: 40	:invoke	:read	nil
2024-11-28 00:07:42,746{GMT}	INFO	[jepsen worker 0] jepsen.util: 40	:ok	:read	[]
2024-11-28 00:07:42,754{GMT}	INFO	[jepsen worker 0] jepsen.util: 40	:invoke	:read	nil
2024-11-28 00:07:42,755{GMT}	INFO	[jepsen worker 0] jepsen.util: 40	:ok	:read	[]
2024-11-28 00:07:42,859{GMT}	INFO	[jepsen worker 0] jepsen.util: 40	:invoke	:read	nil
2024-11-28 00:07:42,861{GMT}	INFO	[jepsen worker 0] jepsen.util: 40	:ok	:read	[]
2024-11-28 00:07:43,051{GMT}	INFO	[jepsen worker 0] jepsen.util: 40	:invoke	:broadcast	40
2024-11-28 00:07:43,054{GMT}	INFO	[jepsen worker 0] jepsen.util: 40	:info	:broadcast	40	[:crash "malformed message"]
2024-11-28 00:07:43,215{GMT}	INFO	[jepsen worker 0] jepsen.util: 41	:invoke	:read	nil
2024-11-28 00:07:43,218{GMT}	INFO	[jepsen worker 0] jepsen.util: 41	:ok	:read	[]
2024-11-28 00:07:43,275{GMT}	INFO	[jepsen worker 0] jepsen.util: 41	:invoke	:broadcast	41
2024-11-28 00:07:43,277{GMT}	INFO	[jepsen worker 0] jepsen.util: 41	:info	:broadcast	41	[:crash "malformed message"]
2024-11-28 00:07:43,331{GMT}	INFO	[jepsen worker 0] jepsen.util: 42	:invoke	:broadcast	42
2024-11-28 00:07:43,332{GMT}	INFO	[jepsen worker 0] jepsen.util: 42	:info	:broadcast	42	[:crash "malformed message"]
2024-11-28 00:07:43,429{GMT}	INFO	[jepsen worker 0] jepsen.util: 43	:invoke	:read	nil
2024-11-28 00:07:43,429{GMT}	INFO	[jepsen worker 0] jepsen.util: 43	:ok	:read	[]
2024-11-28 00:07:43,582{GMT}	INFO	[jepsen worker 0] jepsen.util: 43	:invoke	:read	nil
2024-11-28 00:07:43,584{GMT}	INFO	[jepsen worker 0] jepsen.util: 43	:ok	:read	[]
2024-11-28 00:07:43,762{GMT}	INFO	[jepsen worker 0] jepsen.util: 43	:invoke	:read	nil
2024-11-28 00:07:43,764{GMT}	INFO	[jepsen worker 0] jepsen.util: 43	:ok	:read	[]
2024-11-28 00:07:43,904{GMT}	INFO	[jepsen worker 0] jepsen.util: 43	:invoke	:broadcast	43
2024-11-28 00:07:43,906{GMT}	INFO	[jepsen worker 0] jepsen.util: 43	:info	:broadcast	43	[:crash "malformed message"]
2024-11-28 00:07:43,931{GMT}	INFO	[jepsen worker 0] jepsen.util: 44	:invoke	:broadcast	44
2024-11-28 00:07:43,932{GMT}	INFO	[jepsen worker 0] jepsen.util: 44	:info	:broadcast	44	[:crash "malformed message"]
2024-11-28 00:07:44,073{GMT}	INFO	[jepsen worker 0] jepsen.util: 45	:invoke	:read	nil
2024-11-28 00:07:44,075{GMT}	INFO	[jepsen worker 0] jepsen.util: 45	:ok	:read	[]
2024-11-28 00:07:44,217{GMT}	INFO	[jepsen worker 0] jepsen.util: 45	:invoke	:broadcast	45
2024-11-28 00:07:44,220{GMT}	INFO	[jepsen worker 0] jepsen.util: 45	:info	:broadcast	45	[:crash "malformed message"]
2024-11-28 00:07:44,410{GMT}	INFO	[jepsen worker 0] jepsen.util: 46	:invoke	:read	nil
2024-11-28 00:07:44,412{GMT}	INFO	[jepsen worker 0] jepsen.util: 46	:ok	:read	[]
2024-11-28 00:07:44,569{GMT}	INFO	[jepsen worker 0] jepsen.util: 46	:invoke	:broadcast	46
2024-11-28 00:07:44,572{GMT}	INFO	[jepsen worker 0] jepsen.util: 46	:info	:broadcast	46	[:crash "malformed message"]
2024-11-28 00:07:44,762{GMT}	INFO	[jepsen worker 0] jepsen.util: 47	:invoke	:read	nil
2024-11-28 00:07:44,765{GMT}	INFO	[jepsen worker 0] jepsen.util: 47	:ok	:read	[]
2024-11-28 00:07:44,897{GMT}	INFO	[jepsen worker 0] jepsen.util: 47	:invoke	:read	nil
2024-11-28 00:07:44,900{GMT}	INFO	[jepsen worker 0] jepsen.util: 47	:ok	:read	[]
2024-11-28 00:07:45,017{GMT}	INFO	[jepsen worker 0] jepsen.util: 47	:invoke	:read	nil
2024-11-28 00:07:45,019{GMT}	INFO	[jepsen worker 0] jepsen.util: 47	:ok	:read	[]
2024-11-28 00:07:45,155{GMT}	INFO	[jepsen worker 0] jepsen.util: 47	:invoke	:broadcast	47
2024-11-28 00:07:45,157{GMT}	INFO	[jepsen worker 0] jepsen.util: 47	:info	:broadcast	47	[:crash "malformed message"]
2024-11-28 00:07:45,309{GMT}	INFO	[jepsen worker 0] jepsen.util: 48	:invoke	:broadcast	48
2024-11-28 00:07:45,313{GMT}	INFO	[jepsen worker 0] jepsen.util: 48	:info	:broadcast	48	[:crash "malformed message"]
2024-11-28 00:07:45,430{GMT}	INFO	[jepsen worker 0] jepsen.util: 49	:invoke	:read	nil
2024-11-28 00:07:45,433{GMT}	INFO	[jepsen worker 0] jepsen.util: 49	:ok	:read	[]
2024-11-28 00:07:45,495{GMT}	INFO	[jepsen worker 0] jepsen.util: 49	:invoke	:read	nil
2024-11-28 00:07:45,496{GMT}	INFO	[jepsen worker 0] jepsen.util: 49	:ok	:read	[]
2024-11-28 00:07:45,660{GMT}	INFO	[jepsen worker 0] jepsen.util: 49	:invoke	:read	nil
2024-11-28 00:07:45,662{GMT}	INFO	[jepsen worker 0] jepsen.util: 49	:ok	:read	[]
2024-11-28 00:07:45,693{GMT}	INFO	[jepsen worker 0] jepsen.util: 49	:invoke	:read	nil
2024-11-28 00:07:45,693{GMT}	INFO	[jepsen worker 0] jepsen.util: 49	:ok	:read	[]
2024-11-28 00:07:45,832{GMT}	INFO	[jepsen worker 0] jepsen.util: 49	:invoke	:read	nil
2024-11-28 00:07:45,834{GMT}	INFO	[jepsen worker 0] jepsen.util: 49	:ok	:read	[]
2024-11-28 00:07:45,898{GMT}	INFO	[jepsen worker 0] jepsen.util: 49	:invoke	:read	nil
2024-11-28 00:07:45,899{GMT}	INFO	[jepsen worker 0] jepsen.util: 49	:ok	:read	[]
2024-11-28 00:07:46,033{GMT}	INFO	[jepsen worker 0] jepsen.util: 49	:invoke	:read	nil
2024-11-28 00:07:46,036{GMT}	INFO	[jepsen worker 0] jepsen.util: 49	:ok	:read	[]
2024-11-28 00:07:46,084{GMT}	INFO	[jepsen worker 0] jepsen.util: 49	:invoke	:read	nil
2024-11-28 00:07:46,085{GMT}	INFO	[jepsen worker 0] jepsen.util: 49	:ok	:read	[]
2024-11-28 00:07:46,126{GMT}	INFO	[jepsen worker 0] jepsen.util: 49	:invoke	:read	nil
2024-11-28 00:07:46,127{GMT}	INFO	[jepsen worker 0] jepsen.util: 49	:ok	:read	[]
2024-11-28 00:07:46,194{GMT}	INFO	[jepsen worker 0] jepsen.util: 49	:invoke	:read	nil
2024-11-28 00:07:46,195{GMT}	INFO	[jepsen worker 0] jepsen.util: 49	:ok	:read	[]
2024-11-28 00:07:46,316{GMT}	INFO	[jepsen worker 0] jepsen.util: 49	:invoke	:broadcast	49
2024-11-28 00:07:46,318{GMT}	INFO	[jepsen worker 0] jepsen.util: 49	:info	:broadcast	49	[:crash "malformed message"]
2024-11-28 00:07:46,466{GMT}	INFO	[jepsen worker 0] jepsen.util: 50	:invoke	:read	nil
2024-11-28 00:07:46,467{GMT}	INFO	[jepsen worker 0] jepsen.util: 50	:ok	:read	[]
2024-11-28 00:07:46,544{GMT}	INFO	[jepsen worker 0] jepsen.util: 50	:invoke	:read	nil
2024-11-28 00:07:46,545{GMT}	INFO	[jepsen worker 0] jepsen.util: 50	:ok	:read	[]
2024-11-28 00:07:46,588{GMT}	INFO	[jepsen worker 0] jepsen.util: 50	:invoke	:read	nil
2024-11-28 00:07:46,589{GMT}	INFO	[jepsen worker 0] jepsen.util: 50	:ok	:read	[]
2024-11-28 00:07:46,779{GMT}	INFO	[jepsen worker 0] jepsen.util: 50	:invoke	:broadcast	50
2024-11-28 00:07:46,781{GMT}	INFO	[jepsen worker 0] jepsen.util: 50	:info	:broadcast	50	[:crash "malformed message"]
2024-11-28 00:07:46,982{GMT}	INFO	[jepsen worker 0] jepsen.util: 51	:invoke	:broadcast	51
2024-11-28 00:07:46,985{GMT}	INFO	[jepsen worker 0] jepsen.util: 51	:info	:broadcast	51	[:crash "malformed message"]
2024-11-28 00:07:47,012{GMT}	INFO	[jepsen worker 0] jepsen.util: 52	:invoke	:broadcast	52
2024-11-28 00:07:47,013{GMT}	INFO	[jepsen worker 0] jepsen.util: 52	:info	:broadcast	52	[:crash "malformed message"]
2024-11-28 00:07:47,037{GMT}	INFO	[jepsen worker 0] jepsen.util: 53	:invoke	:broadcast	53
2024-11-28 00:07:47,037{GMT}	INFO	[jepsen worker 0] jepsen.util: 53	:info	:broadcast	53	[:crash "malformed message"]
2024-11-28 00:07:47,058{GMT}	INFO	[jepsen worker 0] jepsen.util: 54	:invoke	:read	nil
2024-11-28 00:07:47,059{GMT}	INFO	[jepsen worker 0] jepsen.util: 54	:ok	:read	[]
2024-11-28 00:07:47,173{GMT}	INFO	[jepsen worker 0] jepsen.util: 54	:invoke	:read	nil
2024-11-28 00:07:47,173{GMT}	INFO	[jepsen worker 0] jepsen.util: 54	:ok	:read	[]
2024-11-28 00:07:47,346{GMT}	INFO	[jepsen worker 0] jepsen.util: 54	:invoke	:broadcast	54
2024-11-28 00:07:47,349{GMT}	INFO	[jepsen worker 0] jepsen.util: 54	:info	:broadcast	54	[:crash "malformed message"]
2024-11-28 00:07:47,535{GMT}	INFO	[jepsen worker 0] jepsen.util: 55	:invoke	:broadcast	55
2024-11-28 00:07:47,538{GMT}	INFO	[jepsen worker 0] jepsen.util: 55	:info	:broadcast	55	[:crash "malformed message"]
2024-11-28 00:07:47,592{GMT}	INFO	[jepsen worker 0] jepsen.util: 56	:invoke	:broadcast	56
2024-11-28 00:07:47,594{GMT}	INFO	[jepsen worker 0] jepsen.util: 56	:info	:broadcast	56	[:crash "malformed message"]
2024-11-28 00:07:47,710{GMT}	INFO	[jepsen worker 0] jepsen.util: 57	:invoke	:broadcast	57
2024-11-28 00:07:47,712{GMT}	INFO	[jepsen worker 0] jepsen.util: 57	:info	:broadcast	57	[:crash "malformed message"]
2024-11-28 00:07:47,768{GMT}	INFO	[jepsen worker 0] jepsen.util: 58	:invoke	:read	nil
2024-11-28 00:07:47,769{GMT}	INFO	[jepsen worker 0] jepsen.util: 58	:ok	:read	[]
2024-11-28 00:07:47,824{GMT}	INFO	[jepsen worker 0] jepsen.util: 58	:invoke	:broadcast	58
2024-11-28 00:07:47,825{GMT}	INFO	[jepsen worker 0] jepsen.util: 58	:info	:broadcast	58	[:crash "malformed message"]
2024-11-28 00:07:47,841{GMT}	INFO	[jepsen worker 0] jepsen.util: 59	:invoke	:broadcast	59
2024-11-28 00:07:47,841{GMT}	INFO	[jepsen worker 0] jepsen.util: 59	:info	:broadcast	59	[:crash "malformed message"]
2024-11-28 00:07:47,890{GMT}	INFO	[jepsen worker 0] jepsen.util: 60	:invoke	:broadcast	60
2024-11-28 00:07:47,891{GMT}	INFO	[jepsen worker 0] jepsen.util: 60	:info	:broadcast	60	[:crash "malformed message"]
2024-11-28 00:07:47,927{GMT}	INFO	[jepsen worker 0] jepsen.util: 61	:invoke	:broadcast	61
2024-11-28 00:07:47,928{GMT}	INFO	[jepsen worker 0] jepsen.util: 61	:info	:broadcast	61	[:crash "malformed message"]
2024-11-28 00:07:47,987{GMT}	INFO	[jepsen worker 0] jepsen.util: 62	:invoke	:broadcast	62
2024-11-28 00:07:47,988{GMT}	INFO	[jepsen worker 0] jepsen.util: 62	:info	:broadcast	62	[:crash "malformed message"]
2024-11-28 00:07:48,173{GMT}	INFO	[jepsen worker 0] jepsen.util: 63	:invoke	:broadcast	63
2024-11-28 00:07:48,176{GMT}	INFO	[jepsen worker 0] jepsen.util: 63	:info	:broadcast	63	[:crash "malformed message"]
2024-11-28 00:07:48,329{GMT}	INFO	[jepsen worker 0] jepsen.util: 64	:invoke	:broadcast	64
2024-11-28 00:07:48,332{GMT}	INFO	[jepsen worker 0] jepsen.util: 64	:info	:broadcast	64	[:crash "malformed message"]
2024-11-28 00:07:48,532{GMT}	INFO	[jepsen worker 0] jepsen.util: 65	:invoke	:broadcast	65
2024-11-28 00:07:48,535{GMT}	INFO	[jepsen worker 0] jepsen.util: 65	:info	:broadcast	65	[:crash "malformed message"]
2024-11-28 00:07:48,642{GMT}	INFO	[jepsen worker 0] jepsen.util: 66	:invoke	:read	nil
2024-11-28 00:07:48,643{GMT}	INFO	[jepsen worker 0] jepsen.util: 66	:ok	:read	[]
2024-11-28 00:07:48,707{GMT}	INFO	[jepsen worker 0] jepsen.util: 66	:invoke	:broadcast	66
2024-11-28 00:07:48,707{GMT}	INFO	[jepsen worker 0] jepsen.util: 66	:info	:broadcast	66	[:crash "malformed message"]
2024-11-28 00:07:48,717{GMT}	INFO	[jepsen worker 0] jepsen.util: 67	:invoke	:read	nil
2024-11-28 00:07:48,718{GMT}	INFO	[jepsen worker 0] jepsen.util: 67	:ok	:read	[]
2024-11-28 00:07:48,850{GMT}	INFO	[jepsen worker 0] jepsen.util: 67	:invoke	:broadcast	67
2024-11-28 00:07:48,852{GMT}	INFO	[jepsen worker 0] jepsen.util: 67	:info	:broadcast	67	[:crash "malformed message"]
2024-11-28 00:07:49,021{GMT}	INFO	[jepsen worker 0] jepsen.util: 68	:invoke	:read	nil
2024-11-28 00:07:49,023{GMT}	INFO	[jepsen worker 0] jepsen.util: 68	:ok	:read	[]
2024-11-28 00:07:49,123{GMT}	INFO	[jepsen worker 0] jepsen.util: 68	:invoke	:broadcast	68
2024-11-28 00:07:49,125{GMT}	INFO	[jepsen worker 0] jepsen.util: 68	:info	:broadcast	68	[:crash "malformed message"]
2024-11-28 00:07:49,259{GMT}	INFO	[jepsen worker 0] jepsen.util: 69	:invoke	:broadcast	69
2024-11-28 00:07:49,262{GMT}	INFO	[jepsen worker 0] jepsen.util: 69	:info	:broadcast	69	[:crash "malformed message"]
2024-11-28 00:07:49,296{GMT}	INFO	[jepsen worker 0] jepsen.util: 70	:invoke	:read	nil
2024-11-28 00:07:49,297{GMT}	INFO	[jepsen worker 0] jepsen.util: 70	:ok	:read	[]
2024-11-28 00:07:49,453{GMT}	INFO	[jepsen worker 0] jepsen.util: 70	:invoke	:broadcast	70
2024-11-28 00:07:49,455{GMT}	INFO	[jepsen worker 0] jepsen.util: 70	:info	:broadcast	70	[:crash "malformed message"]
2024-11-28 00:07:49,592{GMT}	INFO	[jepsen worker 0] jepsen.util: 71	:invoke	:read	nil
2024-11-28 00:07:49,594{GMT}	INFO	[jepsen worker 0] jepsen.util: 71	:ok	:read	[]
2024-11-28 00:07:49,717{GMT}	INFO	[jepsen worker 0] jepsen.util: 71	:invoke	:read	nil
2024-11-28 00:07:49,719{GMT}	INFO	[jepsen worker 0] jepsen.util: 71	:ok	:read	[]
2024-11-28 00:07:49,828{GMT}	INFO	[jepsen worker 0] jepsen.util: 71	:invoke	:broadcast	71
2024-11-28 00:07:49,830{GMT}	INFO	[jepsen worker 0] jepsen.util: 71	:info	:broadcast	71	[:crash "malformed message"]
2024-11-28 00:07:49,954{GMT}	INFO	[jepsen worker 0] jepsen.util: 72	:invoke	:broadcast	72
2024-11-28 00:07:49,957{GMT}	INFO	[jepsen worker 0] jepsen.util: 72	:info	:broadcast	72	[:crash "malformed message"]
2024-11-28 00:07:50,025{GMT}	INFO	[jepsen worker 0] jepsen.util: 73	:invoke	:broadcast	73
2024-11-28 00:07:50,026{GMT}	INFO	[jepsen worker 0] jepsen.util: 73	:info	:broadcast	73	[:crash "malformed message"]
2024-11-28 00:07:50,162{GMT}	INFO	[jepsen worker 0] jepsen.util: 74	:invoke	:broadcast	74
2024-11-28 00:07:50,165{GMT}	INFO	[jepsen worker 0] jepsen.util: 74	:info	:broadcast	74	[:crash "malformed message"]
2024-11-28 00:07:50,261{GMT}	INFO	[jepsen worker 0] jepsen.util: 75	:invoke	:read	nil
2024-11-28 00:07:50,262{GMT}	INFO	[jepsen worker 0] jepsen.util: 75	:ok	:read	[]
2024-11-28 00:07:50,426{GMT}	INFO	[jepsen worker 0] jepsen.util: 75	:invoke	:broadcast	75
2024-11-28 00:07:50,429{GMT}	INFO	[jepsen worker 0] jepsen.util: 75	:info	:broadcast	75	[:crash "malformed message"]
2024-11-28 00:07:50,434{GMT}	INFO	[jepsen worker 0] jepsen.util: 76	:invoke	:broadcast	76
2024-11-28 00:07:50,435{GMT}	INFO	[jepsen worker 0] jepsen.util: 76	:info	:broadcast	76	[:crash "malformed message"]
2024-11-28 00:07:50,611{GMT}	INFO	[jepsen worker 0] jepsen.util: 77	:invoke	:broadcast	77
2024-11-28 00:07:50,613{GMT}	INFO	[jepsen worker 0] jepsen.util: 77	:info	:broadcast	77	[:crash "malformed message"]
2024-11-28 00:07:50,788{GMT}	INFO	[jepsen worker 0] jepsen.util: 78	:invoke	:read	nil
2024-11-28 00:07:50,791{GMT}	INFO	[jepsen worker 0] jepsen.util: 78	:ok	:read	[]
2024-11-28 00:07:50,792{GMT}	INFO	[jepsen worker 0] jepsen.generator.interpreter: Waiting for recovery...
2024-11-28 00:08:00,798{GMT}	INFO	[jepsen worker 0] jepsen.util: 78	:invoke	:read	nil
2024-11-28 00:08:00,799{GMT}	INFO	[jepsen worker 0] jepsen.util: 78	:ok	:read	[]
2024-11-28 00:08:00,816{GMT}	INFO	[jepsen test runner] jepsen.core: Run complete, writing
2024-11-28 00:08:00,847{GMT}	INFO	[jepsen node n0] maelstrom.db: Tearing down n0
2024-11-28 00:08:01,935{GMT}	INFO	[jepsen node n0] maelstrom.net: Shutting down Maelstrom network
2024-11-28 00:08:01,936{GMT}	INFO	[jepsen test runner] jepsen.core: Analyzing...
2024-11-28 00:08:02,258{GMT}	INFO	[jepsen test runner] jepsen.core: Analysis complete
2024-11-28 00:08:02,263{GMT}	INFO	[jepsen results] jepsen.store: Wrote /Users/alex/Workspace/maelstrom/maelstrom-broadcast/store/broadcast/20241128T000729.963-0500/results.edn
2024-11-28 00:08:02,276{GMT}	INFO	[jepsen test runner] jepsen.core: {:perf {:latency-graph {:valid? true},
        :rate-graph {:valid? true},
        :valid? true},
 :timeline {:valid? true},
 :exceptions {:valid? true},
 :stats {:valid? false,
         :count 183,
         :ok-count 105,
         :fail-count 0,
         :info-count 78,
         :by-f {:broadcast {:valid? false,
                            :count 78,
                            :ok-count 0,
                            :fail-count 0,
                            :info-count 78},
                :read {:valid? true,
                       :count 105,
                       :ok-count 105,
                       :fail-count 0,
                       :info-count 0}}},
 :availability {:valid? true, :ok-fraction 0.57377046},
 :net {:all {:send-count 370,
             :recv-count 370,
             :msg-count 370,
             :msgs-per-op 2.021858},
       :clients {:send-count 370, :recv-count 370, :msg-count 370},
       :servers {:send-count 0,
                 :recv-count 0,
                 :msg-count 0,
                 :msgs-per-op 0.0},
       :valid? true},
 :workload {:worst-stale (),
            :duplicated-count 0,
            :valid? :unknown,
            :lost-count 0,
            :lost (),
            :stable-count 0,
            :stale-count 0,
            :stale (),
            :never-read-count 78,
            :attempt-count 78,
            :never-read (0
                         1
                         2
                         3
                         4
                         5
                         6
                         7
                         8
                         9
                         10
                         11
                         12
                         13
                         14
                         15
                         16
                         17
                         18
                         19
                         20
                         21
                         22
                         23
                         24
                         25
                         26
                         27
                         28
                         29
                         30
                         31
                         32
                         33
                         34
                         35
                         36
                         37
                         38
                         39
                         40
                         41
                         42
                         43
                         44
                         45
                         46
                         47
                         48
                         49
                         50
                         51
                         52
                         53
                         54
                         55
                         56
                         57
                         58
                         59
                         60
                         61
                         62
                         63
                         64
                         65
                         66
                         67
                         68
                         69
                         70
                         71
                         72
                         73
                         74
                         75
                         76
                         77),
            :duplicated {}},
 :valid? false}


Analysis invalid! (ﾉಥ益ಥ）ﾉ ┻━┻
