2024/11/28 00:26:30 Received {c0 n0 {"type":"init","node_id":"n0","node_ids":["n0"],"msg_id":1}}
2024/11/28 00:26:30 Node n0 initialized
2024/11/28 00:26:30 Sent {"src":"n0","dest":"c0","body":{"in_reply_to":1,"type":"init_ok"}}
2024/11/28 00:26:30 Received {c1 n0 {"type":"topology","topology":{"n0":[]},"msg_id":1}}
2024/11/28 00:26:30 Sent {"src":"n0","dest":"c1","body":{"in_reply_to":1,"type":"topology_ok"}}
2024/11/28 00:26:30 Received {c2 n0 {"type":"read","msg_id":1}}
2024/11/28 00:26:30 Sent {"src":"n0","dest":"c2","body":{"in_reply_to":1,"messages":null,"type":"read_ok"}}
2024/11/28 00:26:30 Received {c2 n0 {"type":"broadcast","message":0,"msg_id":2}}
2024/11/28 00:26:30 Sent {"src":"n0","dest":"c2","body":{"in_reply_to":2,"type":"broadcast_ok"}}
2024/11/28 00:26:30 Received {c2 n0 {"type":"read","msg_id":3}}
2024/11/28 00:26:30 Sent {"src":"n0","dest":"c2","body":{"in_reply_to":3,"messages":[0],"type":"read_ok"}}
2024/11/28 00:26:31 Received {c2 n0 {"type":"read","msg_id":4}}
2024/11/28 00:26:31 Sent {"src":"n0","dest":"c2","body":{"in_reply_to":4,"messages":[0],"type":"read_ok"}}
2024/11/28 00:26:31 Received {c2 n0 {"type":"broadcast","message":1,"msg_id":5}}
2024/11/28 00:26:31 Sent {"src":"n0","dest":"c2","body":{"in_reply_to":5,"type":"broadcast_ok"}}
2024/11/28 00:26:31 Received {c2 n0 {"type":"read","msg_id":6}}
2024/11/28 00:26:31 Sent {"src":"n0","dest":"c2","body":{"in_reply_to":6,"messages":[0,1],"type":"read_ok"}}
2024/11/28 00:26:31 Received {c2 n0 {"type":"read","msg_id":7}}
2024/11/28 00:26:31 Sent {"src":"n0","dest":"c2","body":{"in_reply_to":7,"messages":[0,1],"type":"read_ok"}}
2024/11/28 00:26:31 Received {c2 n0 {"type":"read","msg_id":8}}
2024/11/28 00:26:31 Sent {"src":"n0","dest":"c2","body":{"in_reply_to":8,"messages":[0,1],"type":"read_ok"}}
2024/11/28 00:26:31 Received {c2 n0 {"type":"read","msg_id":9}}
2024/11/28 00:26:31 Sent {"src":"n0","dest":"c2","body":{"in_reply_to":9,"messages":[0,1],"type":"read_ok"}}
2024/11/28 00:26:31 Received {c2 n0 {"type":"broadcast","message":2,"msg_id":10}}
2024/11/28 00:26:31 Sent {"src":"n0","dest":"c2","body":{"in_reply_to":10,"type":"broadcast_ok"}}
2024/11/28 00:26:31 Received {c2 n0 {"type":"broadcast","message":3,"msg_id":11}}
2024/11/28 00:26:31 Sent {"src":"n0","dest":"c2","body":{"in_reply_to":11,"type":"broadcast_ok"}}
2024/11/28 00:26:31 Received {c2 n0 {"type":"broadcast","message":4,"msg_id":12}}
2024/11/28 00:26:31 Sent {"src":"n0","dest":"c2","body":{"in_reply_to":12,"type":"broadcast_ok"}}
2024/11/28 00:26:31 Received {c2 n0 {"type":"broadcast","message":5,"msg_id":13}}
2024/11/28 00:26:31 Sent {"src":"n0","dest":"c2","body":{"in_reply_to":13,"type":"broadcast_ok"}}
2024/11/28 00:26:32 Received {c2 n0 {"type":"broadcast","message":6,"msg_id":14}}
2024/11/28 00:26:32 Sent {"src":"n0","dest":"c2","body":{"in_reply_to":14,"type":"broadcast_ok"}}
2024/11/28 00:26:32 Received {c2 n0 {"type":"broadcast","message":7,"msg_id":15}}
2024/11/28 00:26:32 Sent {"src":"n0","dest":"c2","body":{"in_reply_to":15,"type":"broadcast_ok"}}
2024/11/28 00:26:32 Received {c2 n0 {"type":"broadcast","message":8,"msg_id":16}}
2024/11/28 00:26:32 Sent {"src":"n0","dest":"c2","body":{"in_reply_to":16,"type":"broadcast_ok"}}
2024/11/28 00:26:32 Received {c2 n0 {"type":"broadcast","message":9,"msg_id":17}}
2024/11/28 00:26:32 Sent {"src":"n0","dest":"c2","body":{"in_reply_to":17,"type":"broadcast_ok"}}
2024/11/28 00:26:32 Received {c2 n0 {"type":"read","msg_id":18}}
2024/11/28 00:26:32 Sent {"src":"n0","dest":"c2","body":{"in_reply_to":18,"messages":[5,6,2,4,3,7,8,9,0,1],"type":"read_ok"}}
2024/11/28 00:26:32 Received {c2 n0 {"type":"read","msg_id":19}}
2024/11/28 00:26:32 Sent {"src":"n0","dest":"c2","body":{"in_reply_to":19,"messages":[0,1,3,7,8,9,2,4,5,6],"type":"read_ok"}}
2024/11/28 00:26:32 Received {c2 n0 {"type":"read","msg_id":20}}
2024/11/28 00:26:32 Sent {"src":"n0","dest":"c2","body":{"in_reply_to":20,"messages":[5,6,2,4,3,7,8,9,0,1],"type":"read_ok"}}
2024/11/28 00:26:32 Received {c2 n0 {"type":"broadcast","message":10,"msg_id":21}}
2024/11/28 00:26:32 Sent {"src":"n0","dest":"c2","body":{"in_reply_to":21,"type":"broadcast_ok"}}
2024/11/28 00:26:32 Received {c2 n0 {"type":"broadcast","message":11,"msg_id":22}}
2024/11/28 00:26:32 Sent {"src":"n0","dest":"c2","body":{"in_reply_to":22,"type":"broadcast_ok"}}
2024/11/28 00:26:33 Received {c2 n0 {"type":"read","msg_id":23}}
2024/11/28 00:26:33 Sent {"src":"n0","dest":"c2","body":{"in_reply_to":23,"messages":[0,1,3,7,8,9,2,4,5,6,10,11],"type":"read_ok"}}
2024/11/28 00:26:33 Received {c2 n0 {"type":"broadcast","message":12,"msg_id":24}}
2024/11/28 00:26:33 Sent {"src":"n0","dest":"c2","body":{"in_reply_to":24,"type":"broadcast_ok"}}
2024/11/28 00:26:33 Received {c2 n0 {"type":"read","msg_id":25}}
2024/11/28 00:26:33 Sent {"src":"n0","dest":"c2","body":{"in_reply_to":25,"messages":[3,7,8,9,0,1,5,6,10,11,12,2,4],"type":"read_ok"}}
2024/11/28 00:26:33 Received {c2 n0 {"type":"broadcast","message":13,"msg_id":26}}
2024/11/28 00:26:33 Sent {"src":"n0","dest":"c2","body":{"in_reply_to":26,"type":"broadcast_ok"}}
2024/11/28 00:26:33 Received {c2 n0 {"type":"broadcast","message":14,"msg_id":27}}
2024/11/28 00:26:33 Sent {"src":"n0","dest":"c2","body":{"in_reply_to":27,"type":"broadcast_ok"}}
2024/11/28 00:26:33 Received {c2 n0 {"type":"read","msg_id":28}}
2024/11/28 00:26:33 Sent {"src":"n0","dest":"c2","body":{"in_reply_to":28,"messages":[3,7,2,4,6,10,0,1,8,9,14,5,11,12,13],"type":"read_ok"}}
2024/11/28 00:26:33 Received {c2 n0 {"type":"read","msg_id":29}}
2024/11/28 00:26:33 Sent {"src":"n0","dest":"c2","body":{"in_reply_to":29,"messages":[4,6,10,2,1,8,9,14,0,11,12,13,5,7,3],"type":"read_ok"}}
2024/11/28 00:26:33 Received {c2 n0 {"type":"broadcast","message":15,"msg_id":30}}
2024/11/28 00:26:33 Sent {"src":"n0","dest":"c2","body":{"in_reply_to":30,"type":"broadcast_ok"}}
2024/11/28 00:26:33 Received {c2 n0 {"type":"broadcast","message":16,"msg_id":31}}
2024/11/28 00:26:33 Sent {"src":"n0","dest":"c2","body":{"in_reply_to":31,"type":"broadcast_ok"}}
2024/11/28 00:26:33 Received {c2 n0 {"type":"broadcast","message":17,"msg_id":32}}
2024/11/28 00:26:33 Sent {"src":"n0","dest":"c2","body":{"in_reply_to":32,"type":"broadcast_ok"}}
2024/11/28 00:26:33 Received {c2 n0 {"type":"broadcast","message":18,"msg_id":33}}
2024/11/28 00:26:33 Sent {"src":"n0","dest":"c2","body":{"in_reply_to":33,"type":"broadcast_ok"}}
2024/11/28 00:26:34 Received {c2 n0 {"type":"broadcast","message":19,"msg_id":34}}
2024/11/28 00:26:34 Sent {"src":"n0","dest":"c2","body":{"in_reply_to":34,"type":"broadcast_ok"}}
2024/11/28 00:26:34 Received {c2 n0 {"type":"read","msg_id":35}}
2024/11/28 00:26:34 Sent {"src":"n0","dest":"c2","body":{"in_reply_to":35,"messages":[3,7,19,17,18,2,4,6,10,16,0,1,8,9,14,5,11,12,13,15],"type":"read_ok"}}
2024/11/28 00:26:34 Received {c2 n0 {"type":"read","msg_id":36}}
2024/11/28 00:26:34 Sent {"src":"n0","dest":"c2","body":{"in_reply_to":36,"messages":[6,10,16,17,18,2,4,8,9,14,0,1,12,13,15,5,11,19,3,7],"type":"read_ok"}}
2024/11/28 00:26:34 Received {c2 n0 {"type":"broadcast","message":20,"msg_id":37}}
2024/11/28 00:26:34 Sent {"src":"n0","dest":"c2","body":{"in_reply_to":37,"type":"broadcast_ok"}}
2024/11/28 00:26:34 Received {c2 n0 {"type":"broadcast","message":21,"msg_id":38}}
2024/11/28 00:26:34 Sent {"src":"n0","dest":"c2","body":{"in_reply_to":38,"type":"broadcast_ok"}}
2024/11/28 00:26:34 Received {c2 n0 {"type":"read","msg_id":39}}
2024/11/28 00:26:34 Sent {"src":"n0","dest":"c2","body":{"in_reply_to":39,"messages":[15,20,5,11,12,13,3,7,19,21,16,17,18,2,4,6,10,14,0,1,8,9],"type":"read_ok"}}
2024/11/28 00:26:34 Received {c2 n0 {"type":"broadcast","message":22,"msg_id":40}}
2024/11/28 00:26:34 Sent {"src":"n0","dest":"c2","body":{"in_reply_to":40,"type":"broadcast_ok"}}
2024/11/28 00:26:34 Received {c2 n0 {"type":"broadcast","message":23,"msg_id":41}}
2024/11/28 00:26:34 Sent {"src":"n0","dest":"c2","body":{"in_reply_to":41,"type":"broadcast_ok"}}
2024/11/28 00:26:35 Received {c2 n0 {"type":"broadcast","message":24,"msg_id":42}}
2024/11/28 00:26:35 Sent {"src":"n0","dest":"c2","body":{"in_reply_to":42,"type":"broadcast_ok"}}
2024/11/28 00:26:35 Received {c2 n0 {"type":"read","msg_id":43}}
2024/11/28 00:26:35 Sent {"src":"n0","dest":"c2","body":{"in_reply_to":43,"messages":[2,4,6,10,16,17,18,0,1,8,9,14,5,11,12,13,15,20,23,3,7,19,21,22,24],"type":"read_ok"}}
2024/11/28 00:26:35 Received {c2 n0 {"type":"read","msg_id":44}}
2024/11/28 00:26:35 Sent {"src":"n0","dest":"c2","body":{"in_reply_to":44,"messages":[7,19,21,22,24,3,4,6,10,16,17,18,2,1,8,9,14,0,11,12,13,15,20,23,5],"type":"read_ok"}}
2024/11/28 00:26:35 Received {c2 n0 {"type":"broadcast","message":25,"msg_id":45}}
2024/11/28 00:26:35 Sent {"src":"n0","dest":"c2","body":{"in_reply_to":45,"type":"broadcast_ok"}}
2024/11/28 00:26:35 Received {c2 n0 {"type":"broadcast","message":26,"msg_id":46}}
2024/11/28 00:26:35 Sent {"src":"n0","dest":"c2","body":{"in_reply_to":46,"type":"broadcast_ok"}}
2024/11/28 00:26:35 Received {c2 n0 {"type":"broadcast","message":27,"msg_id":47}}
2024/11/28 00:26:35 Sent {"src":"n0","dest":"c2","body":{"in_reply_to":47,"type":"broadcast_ok"}}
2024/11/28 00:26:35 Received {c2 n0 {"type":"read","msg_id":48}}
2024/11/28 00:26:35 Sent {"src":"n0","dest":"c2","body":{"in_reply_to":48,"messages":[8,9,25,20,5,11,12,27,21,24,26,17,2,6,10,0,1,14,13,15,23,22,3,7,19,4,16,18],"type":"read_ok"}}
2024/11/28 00:26:36 Received {c2 n0 {"type":"read","msg_id":49}}
2024/11/28 00:26:36 Sent {"src":"n0","dest":"c2","body":{"in_reply_to":49,"messages":[23,13,15,3,7,19,22,4,16,18,8,9,25,5,11,12,20,21,24,26,27,2,6,10,17,0,1,14],"type":"read_ok"}}
2024/11/28 00:26:36 Received {c2 n0 {"type":"read","msg_id":50}}
2024/11/28 00:26:36 Sent {"src":"n0","dest":"c2","body":{"in_reply_to":50,"messages":[3,7,19,22,4,16,18,8,9,25,5,11,12,20,21,24,26,27,2,6,10,17,0,1,14,13,15,23],"type":"read_ok"}}
2024/11/28 00:26:36 Received {c2 n0 {"type":"broadcast","message":28,"msg_id":51}}
2024/11/28 00:26:36 Sent {"src":"n0","dest":"c2","body":{"in_reply_to":51,"type":"broadcast_ok"}}
2024/11/28 00:26:36 Received {c2 n0 {"type":"read","msg_id":52}}
2024/11/28 00:26:36 Sent {"src":"n0","dest":"c2","body":{"in_reply_to":52,"messages":[3,7,19,22,4,16,18,8,9,25,5,11,12,20,21,24,26,27,2,6,10,17,28,0,1,14,13,15,23],"type":"read_ok"}}
2024/11/28 00:26:36 Received {c2 n0 {"type":"read","msg_id":53}}
2024/11/28 00:26:36 Sent {"src":"n0","dest":"c2","body":{"in_reply_to":53,"messages":[2,6,10,17,28,0,1,14,13,15,23,3,7,19,22,4,16,18,8,9,25,5,11,12,20,21,24,26,27],"type":"read_ok"}}
2024/11/28 00:26:36 Received {c2 n0 {"type":"read","msg_id":54}}
2024/11/28 00:26:36 Sent {"src":"n0","dest":"c2","body":{"in_reply_to":54,"messages":[2,6,10,17,28,0,1,14,13,15,23,3,7,19,22,4,16,18,8,9,25,5,11,12,20,21,24,26,27],"type":"read_ok"}}
2024/11/28 00:26:36 Received {c2 n0 {"type":"read","msg_id":55}}
2024/11/28 00:26:36 Sent {"src":"n0","dest":"c2","body":{"in_reply_to":55,"messages":[13,15,23,3,7,19,22,4,16,18,8,9,25,5,11,12,20,21,24,26,27,28,2,6,10,17,0,1,14],"type":"read_ok"}}
2024/11/28 00:26:36 Received {c2 n0 {"type":"broadcast","message":29,"msg_id":56}}
2024/11/28 00:26:36 Sent {"src":"n0","dest":"c2","body":{"in_reply_to":56,"type":"broadcast_ok"}}
2024/11/28 00:26:37 Received {c2 n0 {"type":"broadcast","message":30,"msg_id":57}}
2024/11/28 00:26:37 Sent {"src":"n0","dest":"c2","body":{"in_reply_to":57,"type":"broadcast_ok"}}
2024/11/28 00:26:37 Received {c2 n0 {"type":"read","msg_id":58}}
2024/11/28 00:26:37 Sent {"src":"n0","dest":"c2","body":{"in_reply_to":58,"messages":[7,19,22,3,16,18,4,9,25,8,11,12,20,5,24,26,27,30,21,6,10,17,28,29,2,1,14,0,15,23,13],"type":"read_ok"}}
2024/11/28 00:26:37 Received {c2 n0 {"type":"broadcast","message":31,"msg_id":59}}
2024/11/28 00:26:37 Sent {"src":"n0","dest":"c2","body":{"in_reply_to":59,"type":"broadcast_ok"}}
2024/11/28 00:26:37 Received {c2 n0 {"type":"broadcast","message":32,"msg_id":60}}
2024/11/28 00:26:37 Sent {"src":"n0","dest":"c2","body":{"in_reply_to":60,"type":"broadcast_ok"}}
2024/11/28 00:26:37 Received {c2 n0 {"type":"broadcast","message":33,"msg_id":61}}
2024/11/28 00:26:37 Sent {"src":"n0","dest":"c2","body":{"in_reply_to":61,"type":"broadcast_ok"}}
2024/11/28 00:26:37 Received {c2 n0 {"type":"broadcast","message":34,"msg_id":62}}
2024/11/28 00:26:37 Sent {"src":"n0","dest":"c2","body":{"in_reply_to":62,"type":"broadcast_ok"}}
2024/11/28 00:26:37 Received {c2 n0 {"type":"broadcast","message":35,"msg_id":63}}
2024/11/28 00:26:37 Sent {"src":"n0","dest":"c2","body":{"in_reply_to":63,"type":"broadcast_ok"}}
2024/11/28 00:26:37 Received {c2 n0 {"type":"broadcast","message":36,"msg_id":64}}
2024/11/28 00:26:37 Sent {"src":"n0","dest":"c2","body":{"in_reply_to":64,"type":"broadcast_ok"}}
2024/11/28 00:26:38 Received {c2 n0 {"type":"broadcast","message":37,"msg_id":65}}
2024/11/28 00:26:38 Sent {"src":"n0","dest":"c2","body":{"in_reply_to":65,"type":"broadcast_ok"}}
2024/11/28 00:26:38 Received {c2 n0 {"type":"broadcast","message":38,"msg_id":66}}
2024/11/28 00:26:38 Sent {"src":"n0","dest":"c2","body":{"in_reply_to":66,"type":"broadcast_ok"}}
2024/11/28 00:26:38 Received {c2 n0 {"type":"read","msg_id":67}}
2024/11/28 00:26:38 Sent {"src":"n0","dest":"c2","body":{"in_reply_to":67,"messages":[11,12,20,5,24,26,27,30,33,36,21,6,10,17,28,29,37,2,1,14,0,15,23,13,7,19,22,31,3,16,18,32,34,38,4,9,25,35,8],"type":"read_ok"}}
2024/11/28 00:26:38 Received {c2 n0 {"type":"broadcast","message":39,"msg_id":68}}
2024/11/28 00:26:38 Sent {"src":"n0","dest":"c2","body":{"in_reply_to":68,"type":"broadcast_ok"}}
2024/11/28 00:26:38 Received {c2 n0 {"type":"read","msg_id":69}}
2024/11/28 00:26:38 Sent {"src":"n0","dest":"c2","body":{"in_reply_to":69,"messages":[21,24,26,27,30,33,36,2,6,10,17,28,29,37,39,0,1,14,13,15,23,3,7,19,22,31,4,16,18,32,34,38,8,9,25,35,5,11,12,20],"type":"read_ok"}}
2024/11/28 00:26:38 Received {c2 n0 {"type":"read","msg_id":70}}
2024/11/28 00:26:38 Sent {"src":"n0","dest":"c2","body":{"in_reply_to":70,"messages":[23,13,15,19,22,31,3,7,18,32,34,38,4,16,25,35,8,9,12,20,5,11,26,27,30,33,36,21,24,10,17,28,29,37,39,2,6,14,0,1],"type":"read_ok"}}
2024/11/28 00:26:38 Received {c2 n0 {"type":"read","msg_id":71}}
2024/11/28 00:26:38 Sent {"src":"n0","dest":"c2","body":{"in_reply_to":71,"messages":[21,24,26,27,30,33,36,2,6,10,17,28,29,37,39,0,1,14,13,15,23,3,7,19,22,31,4,16,18,32,34,38,8,9,25,35,5,11,12,20],"type":"read_ok"}}
2024/11/28 00:26:38 Received {c2 n0 {"type":"broadcast","message":40,"msg_id":72}}
2024/11/28 00:26:38 Sent {"src":"n0","dest":"c2","body":{"in_reply_to":72,"type":"broadcast_ok"}}
2024/11/28 00:26:38 Received {c2 n0 {"type":"broadcast","message":41,"msg_id":73}}
2024/11/28 00:26:38 Sent {"src":"n0","dest":"c2","body":{"in_reply_to":73,"type":"broadcast_ok"}}
2024/11/28 00:26:38 Received {c2 n0 {"type":"read","msg_id":74}}
2024/11/28 00:26:38 Sent {"src":"n0","dest":"c2","body":{"in_reply_to":74,"messages":[36,21,24,26,27,30,33,37,39,2,6,10,17,28,29,0,1,14,40,13,15,23,3,7,19,22,31,41,4,16,18,32,34,38,8,9,25,35,5,11,12,20],"type":"read_ok"}}
2024/11/28 00:26:38 Received {c2 n0 {"type":"read","msg_id":75}}
2024/11/28 00:26:38 Sent {"src":"n0","dest":"c2","body":{"in_reply_to":75,"messages":[39,2,6,10,17,28,29,37,0,1,14,40,13,15,23,3,7,19,22,31,4,16,18,32,34,38,41,8,9,25,35,5,11,12,20,21,24,26,27,30,33,36],"type":"read_ok"}}
2024/11/28 00:26:38 Received {c2 n0 {"type":"broadcast","message":42,"msg_id":76}}
2024/11/28 00:26:38 Sent {"src":"n0","dest":"c2","body":{"in_reply_to":76,"type":"broadcast_ok"}}
2024/11/28 00:26:38 Received {c2 n0 {"type":"broadcast","message":43,"msg_id":77}}
2024/11/28 00:26:38 Sent {"src":"n0","dest":"c2","body":{"in_reply_to":77,"type":"broadcast_ok"}}
2024/11/28 00:26:39 Received {c2 n0 {"type":"broadcast","message":44,"msg_id":78}}
2024/11/28 00:26:39 Sent {"src":"n0","dest":"c2","body":{"in_reply_to":78,"type":"broadcast_ok"}}
2024/11/28 00:26:39 Received {c2 n0 {"type":"read","msg_id":79}}
2024/11/28 00:26:39 Sent {"src":"n0","dest":"c2","body":{"in_reply_to":79,"messages":[35,44,8,9,25,20,5,11,12,27,30,33,36,21,24,26,17,28,29,37,39,2,6,10,42,40,0,1,14,43,13,15,23,22,31,3,7,19,32,34,38,41,4,16,18],"type":"read_ok"}}
2024/11/28 00:26:39 Received {c2 n0 {"type":"read","msg_id":80}}
2024/11/28 00:26:39 Sent {"src":"n0","dest":"c2","body":{"in_reply_to":80,"messages":[24,26,27,30,33,36,21,6,10,17,28,29,37,39,2,42,1,14,40,0,15,23,43,13,7,19,22,31,3,16,18,32,34,38,41,4,9,25,35,44,8,11,12,20,5],"type":"read_ok"}}
2024/11/28 00:26:39 Received {c2 n0 {"type":"read","msg_id":81}}
2024/11/28 00:26:39 Sent {"src":"n0","dest":"c2","body":{"in_reply_to":81,"messages":[35,44,8,9,25,20,5,11,12,27,30,33,36,21,24,26,17,28,29,37,39,2,6,10,42,40,0,1,14,43,13,15,23,22,31,3,7,19,32,34,38,41,4,16,18],"type":"read_ok"}}
2024/11/28 00:26:39 Received {c2 n0 {"type":"broadcast","message":45,"msg_id":82}}
2024/11/28 00:26:39 Sent {"src":"n0","dest":"c2","body":{"in_reply_to":82,"type":"broadcast_ok"}}
2024/11/28 00:26:39 Received {c2 n0 {"type":"read","msg_id":83}}
2024/11/28 00:26:39 Sent {"src":"n0","dest":"c2","body":{"in_reply_to":83,"messages":[28,29,37,39,2,6,10,17,42,0,1,14,40,13,15,23,43,31,45,3,7,19,22,34,38,41,4,16,18,32,44,8,9,25,35,5,11,12,20,30,33,36,21,24,26,27],"type":"read_ok"}}
2024/11/28 00:26:39 Received {c2 n0 {"type":"read","msg_id":84}}
2024/11/28 00:26:39 Sent {"src":"n0","dest":"c2","body":{"in_reply_to":84,"messages":[24,26,27,30,33,36,21,6,10,17,28,29,37,39,2,42,1,14,40,0,15,23,43,13,7,19,22,31,45,3,16,18,32,34,38,41,4,9,25,35,44,8,11,12,20,5],"type":"read_ok"}}
2024/11/28 00:26:39 Received {c2 n0 {"type":"read","msg_id":85}}
2024/11/28 00:26:39 Sent {"src":"n0","dest":"c2","body":{"in_reply_to":85,"messages":[22,31,45,3,7,19,32,34,38,41,4,16,18,35,44,8,9,25,20,5,11,12,27,30,33,36,21,24,26,17,28,29,37,39,2,6,10,42,40,0,1,14,43,13,15,23],"type":"read_ok"}}
2024/11/28 00:26:39 Received {c2 n0 {"type":"read","msg_id":86}}
2024/11/28 00:26:39 Sent {"src":"n0","dest":"c2","body":{"in_reply_to":86,"messages":[29,37,39,2,6,10,17,28,42,0,1,14,40,13,15,23,43,45,3,7,19,22,31,38,41,4,16,18,32,34,8,9,25,35,44,5,11,12,20,33,36,21,24,26,27,30],"type":"read_ok"}}
2024/11/28 00:26:39 Received {c2 n0 {"type":"broadcast","message":46,"msg_id":87}}
2024/11/28 00:26:39 Sent {"src":"n0","dest":"c2","body":{"in_reply_to":87,"type":"broadcast_ok"}}
2024/11/28 00:26:40 Received {c2 n0 {"type":"read","msg_id":88}}
2024/11/28 00:26:40 Sent {"src":"n0","dest":"c2","body":{"in_reply_to":88,"messages":[28,29,37,39,2,6,10,17,42,0,1,14,40,13,15,23,43,31,45,3,7,19,22,34,38,41,4,16,18,32,44,8,9,25,35,5,11,12,20,30,33,36,46,21,24,26,27],"type":"read_ok"}}
2024/11/28 00:26:40 Received {c2 n0 {"type":"read","msg_id":89}}
2024/11/28 00:26:40 Sent {"src":"n0","dest":"c2","body":{"in_reply_to":89,"messages":[26,27,30,33,36,46,21,24,10,17,28,29,37,39,2,6,42,14,40,0,1,23,43,13,15,19,22,31,45,3,7,18,32,34,38,41,4,16,25,35,44,8,9,12,20,5,11],"type":"read_ok"}}
2024/11/28 00:26:40 Received {c2 n0 {"type":"read","msg_id":90}}
2024/11/28 00:26:40 Sent {"src":"n0","dest":"c2","body":{"in_reply_to":90,"messages":[7,19,22,31,45,3,16,18,32,34,38,41,4,9,25,35,44,8,11,12,20,5,24,26,27,30,33,36,46,21,6,10,17,28,29,37,39,2,42,1,14,40,0,15,23,43,13],"type":"read_ok"}}
2024/11/28 00:26:40 Received {c2 n0 {"type":"read","msg_id":91}}
2024/11/28 00:26:40 Sent {"src":"n0","dest":"c2","body":{"in_reply_to":91,"messages":[24,26,27,30,33,36,46,21,6,10,17,28,29,37,39,2,42,1,14,40,0,15,23,43,13,7,19,22,31,45,3,16,18,32,34,38,41,4,9,25,35,44,8,11,12,20,5],"type":"read_ok"}}
2024/11/28 00:26:40 Received {c2 n0 {"type":"broadcast","message":47,"msg_id":92}}
2024/11/28 00:26:40 Sent {"src":"n0","dest":"c2","body":{"in_reply_to":92,"type":"broadcast_ok"}}
2024/11/28 00:26:40 Received {c2 n0 {"type":"broadcast","message":48,"msg_id":93}}
2024/11/28 00:26:40 Sent {"src":"n0","dest":"c2","body":{"in_reply_to":93,"type":"broadcast_ok"}}
2024/11/28 00:26:40 Received {c2 n0 {"type":"read","msg_id":94}}
2024/11/28 00:26:40 Sent {"src":"n0","dest":"c2","body":{"in_reply_to":94,"messages":[30,33,36,46,21,24,26,27,28,29,37,39,2,6,10,17,42,48,0,1,14,40,13,15,23,43,31,45,3,7,19,22,34,38,41,4,16,18,32,44,8,9,25,35,47,5,11,12,20],"type":"read_ok"}}
2024/11/28 00:26:40 Received {c2 n0 {"type":"broadcast","message":49,"msg_id":95}}
2024/11/28 00:26:40 Sent {"src":"n0","dest":"c2","body":{"in_reply_to":95,"type":"broadcast_ok"}}
2024/11/28 00:26:40 Received {c2 n0 {"type":"broadcast","message":50,"msg_id":96}}
2024/11/28 00:26:40 Sent {"src":"n0","dest":"c2","body":{"in_reply_to":96,"type":"broadcast_ok"}}
2024/11/28 00:26:41 Received {c2 n0 {"type":"broadcast","message":51,"msg_id":97}}
2024/11/28 00:26:41 Sent {"src":"n0","dest":"c2","body":{"in_reply_to":97,"type":"broadcast_ok"}}
2024/11/28 00:26:41 Received {c2 n0 {"type":"read","msg_id":98}}
2024/11/28 00:26:41 Sent {"src":"n0","dest":"c2","body":{"in_reply_to":98,"messages":[3,7,19,22,31,45,41,4,16,18,32,34,38,8,9,25,35,44,49,5,11,12,20,47,51,36,46,21,24,26,27,30,33,50,37,39,2,6,10,17,28,29,42,0,1,14,40,48,13,15,23,43],"type":"read_ok"}}
2024/11/28 00:26:41 Received {c2 n0 {"type":"read","msg_id":99}}
2024/11/28 00:26:41 Sent {"src":"n0","dest":"c2","body":{"in_reply_to":99,"messages":[49,8,9,25,35,44,51,5,11,12,20,47,33,36,46,21,24,26,27,30,50,29,37,39,2,6,10,17,28,42,0,1,14,40,48,13,15,23,43,45,3,7,19,22,31,38,41,4,16,18,32,34],"type":"read_ok"}}
2024/11/28 00:26:41 Received {c2 n0 {"type":"broadcast","message":52,"msg_id":100}}
2024/11/28 00:26:41 Sent {"src":"n0","dest":"c2","body":{"in_reply_to":100,"type":"broadcast_ok"}}
2024/11/28 00:26:41 Received {c2 n0 {"type":"read","msg_id":101}}
2024/11/28 00:26:41 Sent {"src":"n0","dest":"c2","body":{"in_reply_to":101,"messages":[19,31,52,7,16,32,34,38,4,25,8,47,51,5,26,33,46,6,17,29,37,39,42,14,48,15,23,43,13,22,45,3,41,18,9,35,44,49,11,12,20,24,27,30,36,21,50,10,28,2,1,40,0],"type":"read_ok"}}
2024/11/28 00:26:41 Received {c2 n0 {"type":"broadcast","message":53,"msg_id":102}}
2024/11/28 00:26:41 Sent {"src":"n0","dest":"c2","body":{"in_reply_to":102,"type":"broadcast_ok"}}
2024/11/28 00:26:41 Received {c2 n0 {"type":"broadcast","message":54,"msg_id":103}}
2024/11/28 00:26:41 Sent {"src":"n0","dest":"c2","body":{"in_reply_to":103,"type":"broadcast_ok"}}
2024/11/28 00:26:41 Received {c2 n0 {"type":"broadcast","message":55,"msg_id":104}}
2024/11/28 00:26:41 Sent {"src":"n0","dest":"c2","body":{"in_reply_to":104,"type":"broadcast_ok"}}
2024/11/28 00:26:41 Received {c2 n0 {"type":"broadcast","message":56,"msg_id":105}}
2024/11/28 00:26:41 Sent {"src":"n0","dest":"c2","body":{"in_reply_to":105,"type":"broadcast_ok"}}
2024/11/28 00:26:41 Received {c2 n0 {"type":"broadcast","message":57,"msg_id":106}}
2024/11/28 00:26:41 Sent {"src":"n0","dest":"c2","body":{"in_reply_to":106,"type":"broadcast_ok"}}
2024/11/28 00:26:41 Received {c2 n0 {"type":"read","msg_id":107}}
2024/11/28 00:26:41 Sent {"src":"n0","dest":"c2","body":{"in_reply_to":107,"messages":[14,48,57,54,13,15,23,43,3,22,45,53,18,41,9,35,44,49,11,12,20,36,50,21,24,27,30,56,2,10,28,55,0,1,40,7,19,31,52,38,4,16,32,34,8,25,5,47,51,26,33,46,39,42,6,17,29,37],"type":"read_ok"}}
2024/11/28 00:26:41 Received {c2 n0 {"type":"broadcast","message":58,"msg_id":108}}
2024/11/28 00:26:41 Sent {"src":"n0","dest":"c2","body":{"in_reply_to":108,"type":"broadcast_ok"}}
2024/11/28 00:26:42 Received {c2 n0 {"type":"read","msg_id":109}}
2024/11/28 00:26:42 Sent {"src":"n0","dest":"c2","body":{"in_reply_to":109,"messages":[11,12,20,21,24,27,30,36,50,2,10,28,55,56,0,1,40,58,7,19,31,52,4,16,32,34,38,8,25,5,47,51,26,33,46,6,17,29,37,39,42,14,48,57,13,15,23,43,54,3,22,45,53,18,41,9,35,44,49],"type":"read_ok"}}
2024/11/28 00:26:42 Received {c2 n0 {"type":"broadcast","message":59,"msg_id":110}}
2024/11/28 00:26:42 Sent {"src":"n0","dest":"c2","body":{"in_reply_to":110,"type":"broadcast_ok"}}
2024/11/28 00:26:42 Received {c2 n0 {"type":"read","msg_id":111}}
2024/11/28 00:26:42 Sent {"src":"n0","dest":"c2","body":{"in_reply_to":111,"messages":[8,25,5,47,51,59,26,33,46,39,42,6,17,29,37,14,48,57,54,13,15,23,43,3,22,45,53,18,41,9,35,44,49,11,12,20,36,50,21,24,27,30,56,2,10,28,55,0,1,40,58,7,19,31,52,38,4,16,32,34],"type":"read_ok"}}
2024/11/28 00:26:42 Received {c2 n0 {"type":"read","msg_id":112}}
2024/11/28 00:26:42 Sent {"src":"n0","dest":"c2","body":{"in_reply_to":112,"messages":[44,49,9,35,20,11,12,27,30,36,50,21,24,28,55,56,2,10,40,58,0,1,31,52,7,19,32,34,38,4,16,8,25,51,59,5,47,46,26,33,29,37,39,42,6,17,57,14,48,23,43,54,13,15,45,53,3,22,18,41],"type":"read_ok"}}
2024/11/28 00:26:42 Received {c2 n0 {"type":"read","msg_id":113}}
2024/11/28 00:26:42 Sent {"src":"n0","dest":"c2","body":{"in_reply_to":113,"messages":[29,37,39,42,6,17,57,14,48,23,43,54,13,15,45,53,3,22,18,41,44,49,9,35,20,11,12,27,30,36,50,21,24,28,55,56,2,10,40,58,0,1,31,52,7,19,32,34,38,4,16,8,25,51,59,5,47,46,26,33],"type":"read_ok"}}
2024/11/28 00:26:42 Received {c2 n0 {"type":"broadcast","message":60,"msg_id":114}}
2024/11/28 00:26:42 Sent {"src":"n0","dest":"c2","body":{"in_reply_to":114,"type":"broadcast_ok"}}
2024/11/28 00:26:42 Received {c2 n0 {"type":"broadcast","message":61,"msg_id":115}}
2024/11/28 00:26:42 Sent {"src":"n0","dest":"c2","body":{"in_reply_to":115,"type":"broadcast_ok"}}
2024/11/28 00:26:42 Received {c2 n0 {"type":"broadcast","message":62,"msg_id":116}}
2024/11/28 00:26:42 Sent {"src":"n0","dest":"c2","body":{"in_reply_to":116,"type":"broadcast_ok"}}
2024/11/28 00:26:43 Received {c2 n0 {"type":"read","msg_id":117}}
2024/11/28 00:26:43 Sent {"src":"n0","dest":"c2","body":{"in_reply_to":117,"messages":[59,5,47,51,26,33,46,37,39,42,6,17,29,14,48,57,43,54,62,13,15,23,53,3,22,45,18,41,49,9,35,44,11,12,20,30,36,50,21,24,27,55,56,2,10,28,58,60,61,0,1,40,52,7,19,31,34,38,4,16,32,8,25],"type":"read_ok"}}
2024/11/28 00:26:43 Received {c2 n0 {"type":"broadcast","message":63,"msg_id":118}}
2024/11/28 00:26:43 Sent {"src":"n0","dest":"c2","body":{"in_reply_to":118,"type":"broadcast_ok"}}
2024/11/28 00:26:43 Received {c2 n0 {"type":"read","msg_id":119}}
2024/11/28 00:26:43 Sent {"src":"n0","dest":"c2","body":{"in_reply_to":119,"messages":[6,17,29,37,39,42,14,48,57,13,15,23,43,54,62,3,22,45,53,18,41,9,35,44,49,11,12,20,21,24,27,30,36,50,2,10,28,55,56,0,1,40,58,60,61,7,19,31,52,4,16,32,34,38,8,25,5,47,51,59,26,33,46,63],"type":"read_ok"}}
2024/11/28 00:26:43 Received {c2 n0 {"type":"read","msg_id":120}}
2024/11/28 00:26:43 Sent {"src":"n0","dest":"c2","body":{"in_reply_to":120,"messages":[18,41,9,35,44,49,11,12,20,36,50,21,24,27,30,56,2,10,28,55,60,61,0,1,40,58,7,19,31,52,38,4,16,32,34,8,25,5,47,51,59,26,33,46,63,39,42,6,17,29,37,14,48,57,54,62,13,15,23,43,3,22,45,53],"type":"read_ok"}}
2024/11/28 00:26:43 Received {c2 n0 {"type":"broadcast","message":64,"msg_id":121}}
2024/11/28 00:26:43 Sent {"src":"n0","dest":"c2","body":{"in_reply_to":121,"type":"broadcast_ok"}}
2024/11/28 00:26:43 Received {c2 n0 {"type":"read","msg_id":122}}
2024/11/28 00:26:43 Sent {"src":"n0","dest":"c2","body":{"in_reply_to":122,"messages":[43,54,62,13,15,23,53,3,22,45,18,41,49,9,35,44,11,12,20,30,36,50,21,24,27,55,56,2,10,28,58,60,61,0,1,40,52,64,7,19,31,34,38,4,16,32,8,25,59,5,47,51,63,26,33,46,37,39,42,6,17,29,14,48,57],"type":"read_ok"}}
2024/11/28 00:26:43 Received {c2 n0 {"type":"read","msg_id":123}}
2024/11/28 00:26:43 Sent {"src":"n0","dest":"c2","body":{"in_reply_to":123,"messages":[40,58,60,61,0,1,31,52,64,7,19,32,34,38,4,16,8,25,51,59,5,47,46,63,26,33,29,37,39,42,6,17,57,14,48,23,43,54,62,13,15,45,53,3,22,18,41,44,49,9,35,20,11,12,27,30,36,50,21,24,28,55,56,2,10],"type":"read_ok"}}
2024/11/28 00:26:43 Received {c2 n0 {"type":"read","msg_id":124}}
2024/11/28 00:26:43 Sent {"src":"n0","dest":"c2","body":{"in_reply_to":124,"messages":[19,31,52,64,7,16,32,34,38,4,25,8,47,51,59,5,33,46,63,26,17,29,37,39,42,6,48,57,14,15,23,43,54,62,13,22,45,53,3,41,18,35,44,49,9,12,20,11,24,27,30,36,50,21,10,28,55,56,2,1,40,58,60,61,0],"type":"read_ok"}}
2024/11/28 00:26:43 Received {c2 n0 {"type":"broadcast","message":65,"msg_id":125}}
2024/11/28 00:26:43 Sent {"src":"n0","dest":"c2","body":{"in_reply_to":125,"type":"broadcast_ok"}}
2024/11/28 00:26:43 Received {c2 n0 {"type":"read","msg_id":126}}
2024/11/28 00:26:43 Sent {"src":"n0","dest":"c2","body":{"in_reply_to":126,"messages":[65,19,31,52,64,7,16,32,34,38,4,25,8,47,51,59,5,33,46,63,26,17,29,37,39,42,6,48,57,14,15,23,43,54,62,13,22,45,53,3,41,18,35,44,49,9,12,20,11,24,27,30,36,50,21,10,28,55,56,2,1,40,58,60,61,0],"type":"read_ok"}}
2024/11/28 00:26:44 Received {c2 n0 {"type":"broadcast","message":66,"msg_id":127}}
2024/11/28 00:26:44 Sent {"src":"n0","dest":"c2","body":{"in_reply_to":127,"type":"broadcast_ok"}}
2024/11/28 00:26:44 Received {c2 n0 {"type":"broadcast","message":67,"msg_id":128}}
2024/11/28 00:26:44 Sent {"src":"n0","dest":"c2","body":{"in_reply_to":128,"type":"broadcast_ok"}}
2024/11/28 00:26:44 Received {c2 n0 {"type":"broadcast","message":68,"msg_id":129}}
2024/11/28 00:26:44 Sent {"src":"n0","dest":"c2","body":{"in_reply_to":129,"type":"broadcast_ok"}}
2024/11/28 00:26:44 Received {c2 n0 {"type":"broadcast","message":69,"msg_id":130}}
2024/11/28 00:26:44 Sent {"src":"n0","dest":"c2","body":{"in_reply_to":130,"type":"broadcast_ok"}}
2024/11/28 00:26:44 Received {c2 n0 {"type":"broadcast","message":70,"msg_id":131}}
2024/11/28 00:26:44 Sent {"src":"n0","dest":"c2","body":{"in_reply_to":131,"type":"broadcast_ok"}}
2024/11/28 00:26:44 Received {c2 n0 {"type":"broadcast","message":71,"msg_id":132}}
2024/11/28 00:26:44 Sent {"src":"n0","dest":"c2","body":{"in_reply_to":132,"type":"broadcast_ok"}}
2024/11/28 00:26:44 Received {c2 n0 {"type":"read","msg_id":133}}
2024/11/28 00:26:44 Sent {"src":"n0","dest":"c2","body":{"in_reply_to":133,"messages":[3,22,45,53,18,41,9,35,44,49,11,12,20,71,21,24,27,30,36,50,2,10,28,55,56,69,0,1,40,58,60,61,65,7,19,31,52,64,70,4,16,32,34,38,66,8,25,5,47,51,59,26,33,46,63,68,6,17,29,37,39,42,14,48,57,67,13,15,23,43,54,62],"type":"read_ok"}}
2024/11/28 00:26:44 Received {c2 n0 {"type":"broadcast","message":72,"msg_id":134}}
2024/11/28 00:26:44 Sent {"src":"n0","dest":"c2","body":{"in_reply_to":134,"type":"broadcast_ok"}}
2024/11/28 00:26:44 Received {c2 n0 {"type":"read","msg_id":135}}
2024/11/28 00:26:44 Sent {"src":"n0","dest":"c2","body":{"in_reply_to":135,"messages":[6,17,29,37,39,42,68,14,48,57,13,15,23,43,54,62,67,3,22,45,53,18,41,9,35,44,49,11,12,20,71,21,24,27,30,36,50,2,10,28,55,56,0,1,40,58,60,61,69,65,7,19,31,52,64,4,16,32,34,38,66,70,8,25,72,5,47,51,59,26,33,46,63],"type":"read_ok"}}
2024/11/28 00:26:44 Received {c2 n0 {"type":"read","msg_id":136}}
2024/11/28 00:26:44 Sent {"src":"n0","dest":"c2","body":{"in_reply_to":136,"messages":[31,52,64,7,19,32,34,38,66,70,4,16,72,8,25,51,59,5,47,46,63,26,33,29,37,39,42,68,6,17,57,14,48,23,43,54,62,67,13,15,45,53,3,22,18,41,44,49,9,35,20,71,11,12,27,30,36,50,21,24,28,55,56,2,10,40,58,60,61,69,0,1,65],"type":"read_ok"}}
2024/11/28 00:26:44 Received {c2 n0 {"type":"broadcast","message":73,"msg_id":137}}
2024/11/28 00:26:44 Sent {"src":"n0","dest":"c2","body":{"in_reply_to":137,"type":"broadcast_ok"}}
2024/11/28 00:26:45 Received {c2 n0 {"type":"read","msg_id":138}}
2024/11/28 00:26:45 Sent {"src":"n0","dest":"c2","body":{"in_reply_to":138,"messages":[40,58,60,61,69,0,1,65,31,52,64,7,19,32,34,38,66,70,4,16,72,8,25,51,59,5,47,46,63,26,33,29,37,39,42,68,73,6,17,57,14,48,23,43,54,62,67,13,15,45,53,3,22,18,41,44,49,9,35,20,71,11,12,27,30,36,50,21,24,28,55,56,2,10],"type":"read_ok"}}
2024/11/28 00:26:45 Received {c2 n0 {"type":"read","msg_id":139}}
2024/11/28 00:26:45 Sent {"src":"n0","dest":"c2","body":{"in_reply_to":139,"messages":[67,13,15,23,43,54,62,3,22,45,53,18,41,9,35,44,49,11,12,20,71,21,24,27,30,36,50,2,10,28,55,56,69,0,1,40,58,60,61,65,7,19,31,52,64,70,4,16,32,34,38,66,8,25,72,5,47,51,59,26,33,46,63,68,73,6,17,29,37,39,42,14,48,57],"type":"read_ok"}}
2024/11/28 00:26:45 Received {c2 n0 {"type":"read","msg_id":140}}
2024/11/28 00:26:45 Sent {"src":"n0","dest":"c2","body":{"in_reply_to":140,"messages":[28,55,56,2,10,40,58,60,61,69,0,1,65,31,52,64,7,19,32,34,38,66,70,4,16,72,8,25,51,59,5,47,46,63,26,33,29,37,39,42,68,73,6,17,57,14,48,23,43,54,62,67,13,15,45,53,3,22,18,41,44,49,9,35,20,71,11,12,27,30,36,50,21,24],"type":"read_ok"}}
2024/11/28 00:26:45 Received {c2 n0 {"type":"read","msg_id":141}}
2024/11/28 00:26:45 Sent {"src":"n0","dest":"c2","body":{"in_reply_to":141,"messages":[34,38,66,70,4,16,32,8,25,72,59,5,47,51,63,26,33,46,37,39,42,68,73,6,17,29,14,48,57,43,54,62,67,13,15,23,53,3,22,45,18,41,49,9,35,44,71,11,12,20,30,36,50,21,24,27,55,56,2,10,28,58,60,61,69,0,1,40,65,52,64,7,19,31],"type":"read_ok"}}
2024/11/28 00:26:45 Received {c2 n0 {"type":"broadcast","message":74,"msg_id":142}}
2024/11/28 00:26:45 Sent {"src":"n0","dest":"c2","body":{"in_reply_to":142,"type":"broadcast_ok"}}
2024/11/28 00:26:45 Received {c2 n0 {"type":"broadcast","message":75,"msg_id":143}}
2024/11/28 00:26:45 Sent {"src":"n0","dest":"c2","body":{"in_reply_to":143,"type":"broadcast_ok"}}
2024/11/28 00:26:45 Received {c2 n0 {"type":"read","msg_id":144}}
2024/11/28 00:26:45 Sent {"src":"n0","dest":"c2","body":{"in_reply_to":144,"messages":[42,68,73,6,17,29,37,39,14,48,57,74,62,67,13,15,23,43,54,3,22,45,53,18,41,9,35,44,49,11,12,20,71,50,21,24,27,30,36,2,10,28,55,56,61,69,0,1,40,58,60,65,75,7,19,31,52,64,66,70,4,16,32,34,38,8,25,72,5,47,51,59,26,33,46,63],"type":"read_ok"}}
2024/11/28 00:26:45 Received {c2 n0 {"type":"read","msg_id":145}}
2024/11/28 00:26:45 Sent {"src":"n0","dest":"c2","body":{"in_reply_to":145,"messages":[73,6,17,29,37,39,42,68,14,48,57,74,13,15,23,43,54,62,67,3,22,45,53,18,41,9,35,44,49,11,12,20,71,21,24,27,30,36,50,2,10,28,55,56,0,1,40,58,60,61,69,65,7,19,31,52,64,75,4,16,32,34,38,66,70,8,25,72,5,47,51,59,26,33,46,63],"type":"read_ok"}}
2024/11/28 00:26:45 Received {c2 n0 {"type":"read","msg_id":146}}
2024/11/28 00:26:45 Sent {"src":"n0","dest":"c2","body":{"in_reply_to":146,"messages":[26,33,46,63,68,73,6,17,29,37,39,42,14,48,57,74,67,13,15,23,43,54,62,3,22,45,53,18,41,9,35,44,49,11,12,20,71,21,24,27,30,36,50,2,10,28,55,56,69,0,1,40,58,60,61,65,7,19,31,52,64,75,70,4,16,32,34,38,66,8,25,72,5,47,51,59],"type":"read_ok"}}
2024/11/28 00:26:46 Received {c2 n0 {"type":"broadcast","message":76,"msg_id":147}}
2024/11/28 00:26:46 Sent {"src":"n0","dest":"c2","body":{"in_reply_to":147,"type":"broadcast_ok"}}
2024/11/28 00:26:46 Received {c2 n0 {"type":"read","msg_id":148}}
2024/11/28 00:26:46 Sent {"src":"n0","dest":"c2","body":{"in_reply_to":148,"messages":[6,17,29,37,39,42,68,73,14,48,57,74,13,15,23,43,54,62,67,3,22,45,53,18,41,9,35,44,49,11,12,20,71,21,24,27,30,36,50,2,10,28,55,56,0,1,40,58,60,61,69,65,7,19,31,52,64,75,4,16,32,34,38,66,70,8,25,72,5,47,51,59,76,26,33,46,63],"type":"read_ok"}}
2024/11/28 00:26:46 Received {c2 n0 {"type":"read","msg_id":149}}
2024/11/28 00:26:46 Sent {"src":"n0","dest":"c2","body":{"in_reply_to":149,"messages":[49,9,35,44,71,11,12,20,30,36,50,21,24,27,55,56,2,10,28,58,60,61,69,0,1,40,65,52,64,75,7,19,31,34,38,66,70,4,16,32,8,25,72,59,76,5,47,51,63,26,33,46,37,39,42,68,73,6,17,29,74,14,48,57,43,54,62,67,13,15,23,53,3,22,45,18,41],"type":"read_ok"}}
2024/11/28 00:26:46 Received {c2 n0 {"type":"broadcast","message":77,"msg_id":150}}
2024/11/28 00:26:46 Sent {"src":"n0","dest":"c2","body":{"in_reply_to":150,"type":"broadcast_ok"}}
2024/11/28 00:26:46 Received {c2 n0 {"type":"read","msg_id":151}}
2024/11/28 00:26:46 Sent {"src":"n0","dest":"c2","body":{"in_reply_to":151,"messages":[26,33,46,63,39,42,68,73,6,17,29,37,14,48,57,74,54,62,67,13,15,23,43,3,22,45,53,18,41,77,9,35,44,49,11,12,20,71,36,50,21,24,27,30,56,2,10,28,55,60,61,69,0,1,40,58,65,64,75,7,19,31,52,38,66,70,4,16,32,34,8,25,72,76,5,47,51,59],"type":"read_ok"}}
2024/11/28 00:26:46 Received {c2 n0 {"type":"read","msg_id":152}}
2024/11/28 00:26:46 Sent {"src":"n0","dest":"c2","body":{"in_reply_to":152,"messages":[6,17,29,37,39,42,68,73,14,48,57,74,13,15,23,43,54,62,67,3,22,45,53,18,41,77,9,35,44,49,11,12,20,71,21,24,27,30,36,50,2,10,28,55,56,0,1,40,58,60,61,69,65,7,19,31,52,64,75,4,16,32,34,38,66,70,8,25,72,5,47,51,59,76,26,33,46,63],"type":"read_ok"}}
2024/11/28 00:26:46 Received {c2 n0 {"type":"broadcast","message":78,"msg_id":153}}
2024/11/28 00:26:46 Sent {"src":"n0","dest":"c2","body":{"in_reply_to":153,"type":"broadcast_ok"}}
2024/11/28 00:26:46 Received {c2 n0 {"type":"read","msg_id":154}}
2024/11/28 00:26:46 Sent {"src":"n0","dest":"c2","body":{"in_reply_to":154,"messages":[65,78,7,19,31,52,64,75,70,4,16,32,34,38,66,8,25,72,5,47,51,59,76,26,33,46,63,68,73,6,17,29,37,39,42,14,48,57,74,67,13,15,23,43,54,62,3,22,45,53,18,41,77,9,35,44,49,11,12,20,71,21,24,27,30,36,50,2,10,28,55,56,69,0,1,40,58,60,61],"type":"read_ok"}}
2024/11/28 00:26:47 Received {c2 n0 {"type":"read","msg_id":155}}
2024/11/28 00:26:47 Sent {"src":"n0","dest":"c2","body":{"in_reply_to":155,"messages":[65,78,52,64,75,7,19,31,34,38,66,70,4,16,32,8,25,72,59,76,5,47,51,63,26,33,46,37,39,42,68,73,6,17,29,74,14,48,57,43,54,62,67,13,15,23,53,3,22,45,18,41,77,49,9,35,44,71,11,12,20,30,36,50,21,24,27,55,56,2,10,28,58,60,61,69,0,1,40],"type":"read_ok"}}
2024/11/28 00:26:47 Received {c2 n0 {"type":"broadcast","message":79,"msg_id":156}}
2024/11/28 00:26:47 Sent {"src":"n0","dest":"c2","body":{"in_reply_to":156,"type":"broadcast_ok"}}
2024/11/28 00:26:47 Received {c2 n0 {"type":"read","msg_id":157}}
2024/11/28 00:26:47 Sent {"src":"n0","dest":"c2","body":{"in_reply_to":157,"messages":[73,6,17,29,37,39,42,68,14,48,57,74,13,15,23,43,54,62,67,3,22,45,53,18,41,77,9,35,44,49,11,12,20,71,21,24,27,30,36,50,79,2,10,28,55,56,0,1,40,58,60,61,69,65,78,7,19,31,52,64,75,4,16,32,34,38,66,70,8,25,72,5,47,51,59,76,26,33,46,63],"type":"read_ok"}}
2024/11/28 00:26:47 Received {c2 n0 {"type":"read","msg_id":158}}
2024/11/28 00:26:47 Sent {"src":"n0","dest":"c2","body":{"in_reply_to":158,"messages":[0,1,40,58,60,61,69,65,78,7,19,31,52,64,75,4,16,32,34,38,66,70,8,25,72,5,47,51,59,76,26,33,46,63,6,17,29,37,39,42,68,73,14,48,57,74,13,15,23,43,54,62,67,3,22,45,53,18,41,77,9,35,44,49,11,12,20,71,21,24,27,30,36,50,79,2,10,28,55,56],"type":"read_ok"}}
2024/11/28 00:26:47 Received {c2 n0 {"type":"read","msg_id":159}}
2024/11/28 00:26:47 Sent {"src":"n0","dest":"c2","body":{"in_reply_to":159,"messages":[40,58,60,61,69,0,1,65,78,31,52,64,75,7,19,32,34,38,66,70,4,16,72,8,25,51,59,76,5,47,46,63,26,33,29,37,39,42,68,73,6,17,57,74,14,48,23,43,54,62,67,13,15,45,53,3,22,77,18,41,44,49,9,35,20,71,11,12,27,30,36,50,79,21,24,28,55,56,2,10],"type":"read_ok"}}
2024/11/28 00:26:47 Received {c2 n0 {"type":"read","msg_id":160}}
2024/11/28 00:26:47 Sent {"src":"n0","dest":"c2","body":{"in_reply_to":160,"messages":[11,12,20,71,50,79,21,24,27,30,36,2,10,28,55,56,61,69,0,1,40,58,60,65,78,75,7,19,31,52,64,66,70,4,16,32,34,38,8,25,72,5,47,51,59,76,26,33,46,63,42,68,73,6,17,29,37,39,14,48,57,74,62,67,13,15,23,43,54,3,22,45,53,18,41,77,9,35,44,49],"type":"read_ok"}}
2024/11/28 00:26:47 Received {c2 n0 {"type":"broadcast","message":80,"msg_id":161}}
2024/11/28 00:26:47 Sent {"src":"n0","dest":"c2","body":{"in_reply_to":161,"type":"broadcast_ok"}}
2024/11/28 00:26:47 Received {c2 n0 {"type":"read","msg_id":162}}
2024/11/28 00:26:47 Sent {"src":"n0","dest":"c2","body":{"in_reply_to":162,"messages":[6,17,29,37,39,42,68,73,14,48,57,74,13,15,23,43,54,62,67,3,22,45,53,80,18,41,77,9,35,44,49,11,12,20,71,21,24,27,30,36,50,79,2,10,28,55,56,0,1,40,58,60,61,69,65,78,7,19,31,52,64,75,4,16,32,34,38,66,70,8,25,72,5,47,51,59,76,26,33,46,63],"type":"read_ok"}}
2024/11/28 00:26:48 Received {c2 n0 {"type":"read","msg_id":163}}
2024/11/28 00:26:48 Sent {"src":"n0","dest":"c2","body":{"in_reply_to":163,"messages":[62,67,13,15,23,43,54,3,22,45,53,80,18,41,77,9,35,44,49,11,12,20,71,50,79,21,24,27,30,36,2,10,28,55,56,61,69,0,1,40,58,60,65,78,75,7,19,31,52,64,66,70,4,16,32,34,38,8,25,72,5,47,51,59,76,26,33,46,63,42,68,73,6,17,29,37,39,14,48,57,74],"type":"read_ok"}}
2024/11/28 00:26:48 Received {c2 n0 {"type":"read","msg_id":164}}
2024/11/28 00:26:48 Sent {"src":"n0","dest":"c2","body":{"in_reply_to":164,"messages":[70,4,16,32,34,38,66,8,25,72,5,47,51,59,76,26,33,46,63,68,73,6,17,29,37,39,42,14,48,57,74,67,13,15,23,43,54,62,3,22,45,53,80,18,41,77,9,35,44,49,11,12,20,71,79,21,24,27,30,36,50,2,10,28,55,56,69,0,1,40,58,60,61,65,78,7,19,31,52,64,75],"type":"read_ok"}}
2024/11/28 00:26:48 Received {c2 n0 {"type":"broadcast","message":81,"msg_id":165}}
2024/11/28 00:26:48 Sent {"src":"n0","dest":"c2","body":{"in_reply_to":165,"type":"broadcast_ok"}}
2024/11/28 00:26:48 Received {c2 n0 {"type":"broadcast","message":82,"msg_id":166}}
2024/11/28 00:26:48 Sent {"src":"n0","dest":"c2","body":{"in_reply_to":166,"type":"broadcast_ok"}}
2024/11/28 00:26:48 Received {c2 n0 {"type":"broadcast","message":83,"msg_id":167}}
2024/11/28 00:26:48 Sent {"src":"n0","dest":"c2","body":{"in_reply_to":167,"type":"broadcast_ok"}}
2024/11/28 00:26:48 Received {c2 n0 {"type":"read","msg_id":168}}
2024/11/28 00:26:48 Sent {"src":"n0","dest":"c2","body":{"in_reply_to":168,"messages":[31,52,64,75,7,19,32,34,38,66,70,4,16,72,81,8,25,51,59,76,83,5,47,46,63,26,33,29,37,39,42,68,73,6,17,57,74,14,48,23,43,54,62,67,13,15,45,53,80,3,22,77,18,41,44,49,9,35,20,71,11,12,27,30,36,50,79,21,24,28,55,56,2,10,40,58,60,61,69,82,0,1,65,78],"type":"read_ok"}}
2024/11/28 00:26:48 Received {c2 n0 {"type":"broadcast","message":84,"msg_id":169}}
2024/11/28 00:26:48 Sent {"src":"n0","dest":"c2","body":{"in_reply_to":169,"type":"broadcast_ok"}}
2024/11/28 00:26:48 Received {c2 n0 {"type":"broadcast","message":85,"msg_id":170}}
2024/11/28 00:26:48 Sent {"src":"n0","dest":"c2","body":{"in_reply_to":170,"type":"broadcast_ok"}}
2024/11/28 00:26:48 Received {c2 n0 {"type":"broadcast","message":86,"msg_id":171}}
2024/11/28 00:26:48 Sent {"src":"n0","dest":"c2","body":{"in_reply_to":171,"type":"broadcast_ok"}}
2024/11/28 00:26:48 Received {c2 n0 {"type":"broadcast","message":87,"msg_id":172}}
2024/11/28 00:26:48 Sent {"src":"n0","dest":"c2","body":{"in_reply_to":172,"type":"broadcast_ok"}}
2024/11/28 00:26:49 Received {c2 n0 {"type":"read","msg_id":173}}
2024/11/28 00:26:49 Sent {"src":"n0","dest":"c2","body":{"in_reply_to":173,"messages":[59,76,83,5,47,51,63,26,33,46,37,39,42,68,73,6,17,29,74,14,48,57,43,54,62,67,86,13,15,23,53,80,85,3,22,45,18,41,77,49,84,9,35,44,71,11,12,20,30,36,50,79,21,24,27,55,56,87,2,10,28,58,60,61,69,82,0,1,40,65,78,52,64,75,7,19,31,34,38,66,70,4,16,32,81,8,25,72],"type":"read_ok"}}
2024/11/28 00:26:49 Received {c2 n0 {"type":"read","msg_id":174}}
2024/11/28 00:26:49 Sent {"src":"n0","dest":"c2","body":{"in_reply_to":174,"messages":[37,39,42,68,73,6,17,29,74,14,48,57,43,54,62,67,86,13,15,23,53,80,85,3,22,45,18,41,77,49,84,9,35,44,71,11,12,20,30,36,50,79,21,24,27,55,56,87,2,10,28,58,60,61,69,82,0,1,40,65,78,52,64,75,7,19,31,34,38,66,70,4,16,32,81,8,25,72,59,76,83,5,47,51,63,26,33,46],"type":"read_ok"}}
2024/11/28 00:26:49 Received {c2 n0 {"type":"broadcast","message":88,"msg_id":175}}
2024/11/28 00:26:49 Sent {"src":"n0","dest":"c2","body":{"in_reply_to":175,"type":"broadcast_ok"}}
2024/11/28 00:26:49 Received {c2 n0 {"type":"read","msg_id":176}}
2024/11/28 00:26:49 Sent {"src":"n0","dest":"c2","body":{"in_reply_to":176,"messages":[5,47,51,59,76,83,26,33,46,63,6,17,29,37,39,42,68,73,14,48,57,74,13,15,23,43,54,62,67,86,3,22,45,53,80,85,88,18,41,77,9,35,44,49,84,11,12,20,71,21,24,27,30,36,50,79,2,10,28,55,56,87,0,1,40,58,60,61,69,82,65,78,7,19,31,52,64,75,4,16,32,34,38,66,70,8,25,72,81],"type":"read_ok"}}
2024/11/28 00:26:49 Received {c2 n0 {"type":"broadcast","message":89,"msg_id":177}}
2024/11/28 00:26:49 Sent {"src":"n0","dest":"c2","body":{"in_reply_to":177,"type":"broadcast_ok"}}
2024/11/28 00:26:49 Received {c2 n0 {"type":"read","msg_id":178}}
2024/11/28 00:26:49 Sent {"src":"n0","dest":"c2","body":{"in_reply_to":178,"messages":[18,41,77,49,84,9,35,44,71,11,12,20,30,36,50,79,21,24,27,55,56,87,89,2,10,28,58,60,61,69,82,0,1,40,65,78,52,64,75,7,19,31,34,38,66,70,4,16,32,81,8,25,72,59,76,83,5,47,51,63,26,33,46,37,39,42,68,73,6,17,29,74,14,48,57,43,54,62,67,86,13,15,23,53,80,85,88,3,22,45],"type":"read_ok"}}
2024/11/28 00:26:49 Received {c2 n0 {"type":"broadcast","message":90,"msg_id":179}}
2024/11/28 00:26:49 Sent {"src":"n0","dest":"c2","body":{"in_reply_to":179,"type":"broadcast_ok"}}
2024/11/28 00:26:49 Received {c2 n0 {"type":"read","msg_id":180}}
2024/11/28 00:26:49 Sent {"src":"n0","dest":"c2","body":{"in_reply_to":180,"messages":[8,25,72,81,5,47,51,59,76,83,26,33,46,63,73,6,17,29,37,39,42,68,14,48,57,74,86,13,15,23,43,54,62,67,3,22,45,53,80,85,88,18,41,77,90,9,35,44,49,84,11,12,20,71,21,24,27,30,36,50,79,2,10,28,55,56,87,89,82,0,1,40,58,60,61,69,65,78,7,19,31,52,64,75,4,16,32,34,38,66,70],"type":"read_ok"}}
2024/11/28 00:26:49 Received {c2 n0 {"type":"read","msg_id":181}}
2024/11/28 00:26:49 Sent {"src":"n0","dest":"c2","body":{"in_reply_to":181,"messages":[37,39,42,68,73,6,17,29,74,14,48,57,43,54,62,67,86,13,15,23,53,80,85,88,3,22,45,90,18,41,77,49,84,9,35,44,71,11,12,20,30,36,50,79,21,24,27,55,56,87,89,2,10,28,58,60,61,69,82,0,1,40,65,78,52,64,75,7,19,31,34,38,66,70,4,16,32,81,8,25,72,59,76,83,5,47,51,63,26,33,46],"type":"read_ok"}}
2024/11/28 00:26:50 Received {c2 n0 {"type":"broadcast","message":91,"msg_id":182}}
2024/11/28 00:26:50 Sent {"src":"n0","dest":"c2","body":{"in_reply_to":182,"type":"broadcast_ok"}}
2024/11/28 00:26:50 Received {c2 n0 {"type":"broadcast","message":92,"msg_id":183}}
2024/11/28 00:26:50 Sent {"src":"n0","dest":"c2","body":{"in_reply_to":183,"type":"broadcast_ok"}}
2024/11/28 00:26:50 Received {c2 n0 {"type":"read","msg_id":184}}
2024/11/28 00:26:50 Sent {"src":"n0","dest":"c2","body":{"in_reply_to":184,"messages":[15,23,43,54,62,67,86,13,22,45,53,80,85,88,3,41,77,90,91,92,18,35,44,49,84,9,12,20,71,11,24,27,30,36,50,79,21,10,28,55,56,87,89,2,1,40,58,60,61,69,82,0,78,65,19,31,52,64,75,7,16,32,34,38,66,70,4,25,72,81,8,47,51,59,76,83,5,33,46,63,26,17,29,37,39,42,68,73,6,48,57,74,14],"type":"read_ok"}}
2024/11/28 00:26:50 Received {c2 n0 {"type":"broadcast","message":93,"msg_id":185}}
2024/11/28 00:26:50 Sent {"src":"n0","dest":"c2","body":{"in_reply_to":185,"type":"broadcast_ok"}}
2024/11/28 00:26:50 Received {c2 n0 {"type":"broadcast","message":94,"msg_id":186}}
2024/11/28 00:26:50 Sent {"src":"n0","dest":"c2","body":{"in_reply_to":186,"type":"broadcast_ok"}}
2024/11/28 00:26:50 Received {c2 n0 {"type":"broadcast","message":95,"msg_id":187}}
2024/11/28 00:26:50 Sent {"src":"n0","dest":"c2","body":{"in_reply_to":187,"type":"broadcast_ok"}}
2024/11/28 00:26:50 Received {c2 n0 {"type":"read","msg_id":188}}
2024/11/28 00:26:50 Sent {"src":"n0","dest":"c2","body":{"in_reply_to":188,"messages":[77,90,91,92,18,41,44,49,84,95,9,35,20,71,11,12,27,30,36,50,79,21,24,28,55,56,87,89,2,10,40,58,60,61,69,82,0,1,94,65,78,31,52,64,75,7,19,32,34,38,66,70,4,16,72,81,8,25,51,59,76,83,5,47,46,63,26,33,29,37,39,42,68,73,6,17,57,74,14,48,23,43,54,62,67,86,13,15,93,45,53,80,85,88,3,22],"type":"read_ok"}}
2024/11/28 00:27:00 Received {c2 n0 {"type":"read","msg_id":189}}
2024/11/28 00:27:00 Sent {"src":"n0","dest":"c2","body":{"in_reply_to":189,"messages":[26,33,46,63,42,68,73,6,17,29,37,39,14,48,57,74,62,67,86,13,15,23,43,54,93,85,88,3,22,45,53,80,92,18,41,77,90,91,95,9,35,44,49,84,11,12,20,71,50,79,21,24,27,30,36,87,89,2,10,28,55,56,61,69,82,0,1,40,58,60,94,65,78,75,7,19,31,52,64,66,70,4,16,32,34,38,8,25,72,81,83,5,47,51,59,76],"type":"read_ok"}}
