2024-11-28 00:00:19,459{GMT}	INFO	[jepsen test runner] jepsen.core: Command line:
lein run test -w broadcast --bin /Users/alex/.go/bin/maelstrom-broadcast --node-count 1 --time-limit 20 --rate 10
2024-11-28 00:00:19,533{GMT}	INFO	[jepsen test runner] jepsen.core: Running test:
{:args []
 :remote
 #jepsen.control.retry.Remote{:remote #jepsen.control.scp.Remote{:cmd-remote #jepsen.control.sshj.SSHJRemote{:concurrency-limit 6,
                                                                                                             :conn-spec nil,
                                                                                                             :client nil,
                                                                                                             :semaphore nil},
                                                                 :conn-spec nil},
                              :conn nil}
 :log-net-send false
 :node-count 1
 :availability nil
 :max-txn-length 4
 :concurrency 1
 :db
 #object[maelstrom.db$db$reify__16142
         "0x1660bba7"
         "maelstrom.db$db$reify__16142@1660bba7"]
 :max-writes-per-key 16
 :leave-db-running? false
 :name "broadcast"
 :logging-json? false
 :start-time
 #object[org.joda.time.DateTime "0x771c4015" "2024-11-28T00:00:19.422-05:00"]
 :nemesis-interval 10
 :net
 #object[maelstrom.net$jepsen_net$reify__15251
         "0x34d776eb"
         "maelstrom.net$jepsen_net$reify__15251@34d776eb"]
 :client
 #object[maelstrom.workload.broadcast$client$reify__16644
         "0x60a3a0fa"
         "maelstrom.workload.broadcast$client$reify__16644@60a3a0fa"]
 :barrier
 #object[java.util.concurrent.CyclicBarrier
         "0x17734113"
         "java.util.concurrent.CyclicBarrier@17734113"]
 :log-stderr false
 :pure-generators true
 :ssh {:dummy? true}
 :rate 10.0
 :checker
 #object[jepsen.checker$compose$reify__11881
         "0x27aa700"
         "jepsen.checker$compose$reify__11881@27aa700"]
 :argv
 ("test"
  "-w"
  "broadcast"
  "--bin"
  "/Users/alex/.go/bin/maelstrom-broadcast"
  "--node-count"
  "1"
  "--time-limit"
  "20"
  "--rate"
  "10")
 :nemesis
 (jepsen.nemesis.ReflCompose
  {:fm {:start-partition 0,
        :stop-partition 0,
        :kill 1,
        :start 1,
        :pause 1,
        :resume 1},
   :nemeses [#unprintable "jepsen.nemesis.combined$partition_nemesis$reify__16416@d15f98a"
             #unprintable "jepsen.nemesis.combined$db_nemesis$reify__16397@704c3ca2"]})
 :nodes ["n0"]
 :test-count 1
 :latency {:mean 0, :dist :constant}
 :bin "/Users/alex/.go/bin/maelstrom-broadcast"
 :generator
 ((jepsen.generator.Synchronize
   {:gen (jepsen.generator.TimeLimit
          {:limit 20000000000,
           :cutoff nil,
           :gen (jepsen.generator.Any
                 {:gens [(jepsen.generator.OnThreads
                          {:f #{:nemesis},
                           :context-filter #object[jepsen.generator.context$make_thread_filter$lazy_filter__9167
                                                   "0x6d4bdb75"
                                                   "jepsen.generator.context$make_thread_filter$lazy_filter__9167@6d4bdb75"],
                           :gen nil})
                         (jepsen.generator.OnThreads
                          {:f #jepsen.generator.context.AllBut{:element :nemesis},
                           :context-filter #object[jepsen.generator.context$make_thread_filter$lazy_filter__9167
                                                   "0x1dc47df3"
                                                   "jepsen.generator.context$make_thread_filter$lazy_filter__9167@1dc47df3"],
                           :gen (jepsen.generator.Stagger
                                 {:dt 200000000,
                                  :next-time nil,
                                  :gen (jepsen.generator.Mix
                                        {:i 0,
                                         :gens [({:f :broadcast, :value 0}
                                                 {:f :broadcast, :value 1}
                                                 {:f :broadcast, :value 2}
                                                 {:f :broadcast, :value 3}
                                                 {:f :broadcast, :value 4}
                                                 {:f :broadcast, :value 5}
                                                 {:f :broadcast, :value 6}
                                                 {:f :broadcast, :value 7}
                                                 ...)
                                                ({:f :read}
                                                 {:f :read}
                                                 {:f :read}
                                                 {:f :read}
                                                 {:f :read}
                                                 {:f :read}
                                                 {:f :read}
                                                 {:f :read}
                                                 ...)]})})})]})})})
  (jepsen.generator.Synchronize
   {:gen (jepsen.generator.OnThreads
          {:f #{:nemesis},
           :context-filter #object[jepsen.generator.context$make_thread_filter$lazy_filter__9167
                                   "0x68f67bbd"
                                   "jepsen.generator.context$make_thread_filter$lazy_filter__9167@68f67bbd"],
           :gen ()})})
  (jepsen.generator.Synchronize
   {:gen {:type :log, :value "Waiting for recovery..."}})
  (jepsen.generator.Synchronize {:gen {:type :sleep, :value 10}})
  (jepsen.generator.Synchronize
   {:gen (jepsen.generator.OnThreads
          {:f #jepsen.generator.context.AllBut{:element :nemesis},
           :context-filter #object[jepsen.generator.context$make_thread_filter$lazy_filter__9167
                                   "0x5bd585a5"
                                   "jepsen.generator.context$make_thread_filter$lazy_filter__9167@5bd585a5"],
           :gen (jepsen.generator.EachThread
                 {:fresh-gen {:f :read, :final? true},
                  :context-filters #object[clojure.core$promise$reify__8591
                                           "0x65c040c9"
                                           {:status :pending, :val nil}],
                  :gens {}})})}))
 :log-net-recv false
 :os
 #object[maelstrom.net$jepsen_os$reify__15254
         "0x11736ebc"
         "maelstrom.net$jepsen_os$reify__15254@11736ebc"]
 :time-limit 20
 :workload :broadcast
 :consistency-models [:strict-serializable]
 :topology :grid}

2024-11-28 00:00:20,366{GMT}	INFO	[jepsen node n0] maelstrom.net: Starting Maelstrom network
2024-11-28 00:00:20,367{GMT}	INFO	[jepsen test runner] jepsen.db: Tearing down DB
2024-11-28 00:00:20,368{GMT}	INFO	[jepsen test runner] jepsen.db: Setting up DB
2024-11-28 00:00:20,369{GMT}	INFO	[jepsen node n0] maelstrom.service: Starting services: (lin-kv lin-tso lww-kv seq-kv)
2024-11-28 00:00:20,370{GMT}	INFO	[jepsen node n0] maelstrom.db: Setting up n0
2024-11-28 00:00:20,370{GMT}	INFO	[jepsen node n0] maelstrom.process: launching /Users/alex/.go/bin/maelstrom-broadcast []
2024-11-28 00:00:20,637{GMT}	INFO	[jepsen test runner] jepsen.core: Relative time begins now
2024-11-28 00:00:20,651{GMT}	INFO	[jepsen worker 0] jepsen.util: 0	:invoke	:broadcast	0
2024-11-28 00:00:20,658{GMT}	INFO	[jepsen worker 0] jepsen.util: 0	:info	:broadcast	0	[:crash "malformed message"]
2024-11-28 00:00:20,665{GMT}	INFO	[jepsen worker 0] jepsen.util: 1	:invoke	:broadcast	1
2024-11-28 00:00:20,666{GMT}	INFO	[jepsen worker 0] jepsen.util: 1	:info	:broadcast	1	[:crash "malformed message"]
2024-11-28 00:00:20,848{GMT}	INFO	[jepsen worker 0] jepsen.util: 2	:invoke	:read	nil
2024-11-28 00:00:20,852{GMT}	INFO	[jepsen worker 0] jepsen.util: 2	:ok	:read	[]
2024-11-28 00:00:20,852{GMT}	INFO	[jepsen worker 0] jepsen.util: 2	:invoke	:read	nil
2024-11-28 00:00:20,854{GMT}	INFO	[jepsen worker 0] jepsen.util: 2	:ok	:read	[]
2024-11-28 00:00:20,992{GMT}	INFO	[jepsen worker 0] jepsen.util: 2	:invoke	:read	nil
2024-11-28 00:00:20,993{GMT}	INFO	[jepsen worker 0] jepsen.util: 2	:ok	:read	[]
2024-11-28 00:00:21,055{GMT}	INFO	[jepsen worker 0] jepsen.util: 2	:invoke	:read	nil
2024-11-28 00:00:21,056{GMT}	INFO	[jepsen worker 0] jepsen.util: 2	:ok	:read	[]
2024-11-28 00:00:21,218{GMT}	INFO	[jepsen worker 0] jepsen.util: 2	:invoke	:read	nil
2024-11-28 00:00:21,221{GMT}	INFO	[jepsen worker 0] jepsen.util: 2	:ok	:read	[]
2024-11-28 00:00:21,363{GMT}	INFO	[jepsen worker 0] jepsen.util: 2	:invoke	:broadcast	2
2024-11-28 00:00:21,367{GMT}	INFO	[jepsen worker 0] jepsen.util: 2	:info	:broadcast	2	[:crash "malformed message"]
2024-11-28 00:00:21,380{GMT}	INFO	[jepsen worker 0] jepsen.util: 3	:invoke	:broadcast	3
2024-11-28 00:00:21,382{GMT}	INFO	[jepsen worker 0] jepsen.util: 3	:info	:broadcast	3	[:crash "malformed message"]
2024-11-28 00:00:21,437{GMT}	INFO	[jepsen worker 0] jepsen.util: 4	:invoke	:read	nil
2024-11-28 00:00:21,438{GMT}	INFO	[jepsen worker 0] jepsen.util: 4	:ok	:read	[]
2024-11-28 00:00:21,610{GMT}	INFO	[jepsen worker 0] jepsen.util: 4	:invoke	:broadcast	4
2024-11-28 00:00:21,613{GMT}	INFO	[jepsen worker 0] jepsen.util: 4	:info	:broadcast	4	[:crash "malformed message"]
2024-11-28 00:00:21,664{GMT}	INFO	[jepsen worker 0] jepsen.util: 5	:invoke	:broadcast	5
2024-11-28 00:00:21,666{GMT}	INFO	[jepsen worker 0] jepsen.util: 5	:info	:broadcast	5	[:crash "malformed message"]
2024-11-28 00:00:21,822{GMT}	INFO	[jepsen worker 0] jepsen.util: 6	:invoke	:broadcast	6
2024-11-28 00:00:21,828{GMT}	INFO	[jepsen worker 0] jepsen.util: 6	:info	:broadcast	6	[:crash "malformed message"]
2024-11-28 00:00:21,897{GMT}	INFO	[jepsen worker 0] jepsen.util: 7	:invoke	:read	nil
2024-11-28 00:00:21,898{GMT}	INFO	[jepsen worker 0] jepsen.util: 7	:ok	:read	[]
2024-11-28 00:00:21,988{GMT}	INFO	[jepsen worker 0] jepsen.util: 7	:invoke	:broadcast	7
2024-11-28 00:00:21,990{GMT}	INFO	[jepsen worker 0] jepsen.util: 7	:info	:broadcast	7	[:crash "malformed message"]
2024-11-28 00:00:22,120{GMT}	INFO	[jepsen worker 0] jepsen.util: 8	:invoke	:broadcast	8
2024-11-28 00:00:22,123{GMT}	INFO	[jepsen worker 0] jepsen.util: 8	:info	:broadcast	8	[:crash "malformed message"]
2024-11-28 00:00:22,190{GMT}	INFO	[jepsen worker 0] jepsen.util: 9	:invoke	:read	nil
2024-11-28 00:00:22,193{GMT}	INFO	[jepsen worker 0] jepsen.util: 9	:ok	:read	[]
2024-11-28 00:00:22,346{GMT}	INFO	[jepsen worker 0] jepsen.util: 9	:invoke	:read	nil
2024-11-28 00:00:22,349{GMT}	INFO	[jepsen worker 0] jepsen.util: 9	:ok	:read	[]
2024-11-28 00:00:22,463{GMT}	INFO	[jepsen worker 0] jepsen.util: 9	:invoke	:broadcast	9
2024-11-28 00:00:22,465{GMT}	INFO	[jepsen worker 0] jepsen.util: 9	:info	:broadcast	9	[:crash "malformed message"]
2024-11-28 00:00:22,522{GMT}	INFO	[jepsen worker 0] jepsen.util: 10	:invoke	:broadcast	10
2024-11-28 00:00:22,523{GMT}	INFO	[jepsen worker 0] jepsen.util: 10	:info	:broadcast	10	[:crash "malformed message"]
2024-11-28 00:00:22,622{GMT}	INFO	[jepsen worker 0] jepsen.util: 11	:invoke	:broadcast	11
2024-11-28 00:00:22,622{GMT}	INFO	[jepsen worker 0] jepsen.util: 11	:info	:broadcast	11	[:crash "malformed message"]
2024-11-28 00:00:22,742{GMT}	INFO	[jepsen worker 0] jepsen.util: 12	:invoke	:read	nil
2024-11-28 00:00:22,743{GMT}	INFO	[jepsen worker 0] jepsen.util: 12	:ok	:read	[]
2024-11-28 00:00:22,891{GMT}	INFO	[jepsen worker 0] jepsen.util: 12	:invoke	:read	nil
2024-11-28 00:00:22,893{GMT}	INFO	[jepsen worker 0] jepsen.util: 12	:ok	:read	[]
2024-11-28 00:00:23,078{GMT}	INFO	[jepsen worker 0] jepsen.util: 12	:invoke	:broadcast	12
2024-11-28 00:00:23,082{GMT}	INFO	[jepsen worker 0] jepsen.util: 12	:info	:broadcast	12	[:crash "malformed message"]
2024-11-28 00:00:23,116{GMT}	INFO	[jepsen worker 0] jepsen.util: 13	:invoke	:read	nil
2024-11-28 00:00:23,117{GMT}	INFO	[jepsen worker 0] jepsen.util: 13	:ok	:read	[]
2024-11-28 00:00:23,186{GMT}	INFO	[jepsen worker 0] jepsen.util: 13	:invoke	:read	nil
2024-11-28 00:00:23,187{GMT}	INFO	[jepsen worker 0] jepsen.util: 13	:ok	:read	[]
2024-11-28 00:00:23,287{GMT}	INFO	[jepsen worker 0] jepsen.util: 13	:invoke	:broadcast	13
2024-11-28 00:00:23,290{GMT}	INFO	[jepsen worker 0] jepsen.util: 13	:info	:broadcast	13	[:crash "malformed message"]
2024-11-28 00:00:23,380{GMT}	INFO	[jepsen worker 0] jepsen.util: 14	:invoke	:broadcast	14
2024-11-28 00:00:23,383{GMT}	INFO	[jepsen worker 0] jepsen.util: 14	:info	:broadcast	14	[:crash "malformed message"]
2024-11-28 00:00:23,490{GMT}	INFO	[jepsen worker 0] jepsen.util: 15	:invoke	:broadcast	15
2024-11-28 00:00:23,493{GMT}	INFO	[jepsen worker 0] jepsen.util: 15	:info	:broadcast	15	[:crash "malformed message"]
2024-11-28 00:00:23,523{GMT}	INFO	[jepsen worker 0] jepsen.util: 16	:invoke	:read	nil
2024-11-28 00:00:23,524{GMT}	INFO	[jepsen worker 0] jepsen.util: 16	:ok	:read	[]
2024-11-28 00:00:23,571{GMT}	INFO	[jepsen worker 0] jepsen.util: 16	:invoke	:broadcast	16
2024-11-28 00:00:23,572{GMT}	INFO	[jepsen worker 0] jepsen.util: 16	:info	:broadcast	16	[:crash "malformed message"]
2024-11-28 00:00:23,592{GMT}	INFO	[jepsen worker 0] jepsen.util: 17	:invoke	:broadcast	17
2024-11-28 00:00:23,592{GMT}	INFO	[jepsen worker 0] jepsen.util: 17	:info	:broadcast	17	[:crash "malformed message"]
2024-11-28 00:00:23,709{GMT}	INFO	[jepsen worker 0] jepsen.util: 18	:invoke	:read	nil
2024-11-28 00:00:23,710{GMT}	INFO	[jepsen worker 0] jepsen.util: 18	:ok	:read	[]
2024-11-28 00:00:23,806{GMT}	INFO	[jepsen worker 0] jepsen.util: 18	:invoke	:read	nil
2024-11-28 00:00:23,808{GMT}	INFO	[jepsen worker 0] jepsen.util: 18	:ok	:read	[]
2024-11-28 00:00:23,935{GMT}	INFO	[jepsen worker 0] jepsen.util: 18	:invoke	:read	nil
2024-11-28 00:00:23,938{GMT}	INFO	[jepsen worker 0] jepsen.util: 18	:ok	:read	[]
2024-11-28 00:00:24,047{GMT}	INFO	[jepsen worker 0] jepsen.util: 18	:invoke	:broadcast	18
2024-11-28 00:00:24,050{GMT}	INFO	[jepsen worker 0] jepsen.util: 18	:info	:broadcast	18	[:crash "malformed message"]
2024-11-28 00:00:24,091{GMT}	INFO	[jepsen worker 0] jepsen.util: 19	:invoke	:broadcast	19
2024-11-28 00:00:24,092{GMT}	INFO	[jepsen worker 0] jepsen.util: 19	:info	:broadcast	19	[:crash "malformed message"]
2024-11-28 00:00:24,127{GMT}	INFO	[jepsen worker 0] jepsen.util: 20	:invoke	:broadcast	20
2024-11-28 00:00:24,128{GMT}	INFO	[jepsen worker 0] jepsen.util: 20	:info	:broadcast	20	[:crash "malformed message"]
2024-11-28 00:00:24,312{GMT}	INFO	[jepsen worker 0] jepsen.util: 21	:invoke	:read	nil
2024-11-28 00:00:24,314{GMT}	INFO	[jepsen worker 0] jepsen.util: 21	:ok	:read	[]
2024-11-28 00:00:24,447{GMT}	INFO	[jepsen worker 0] jepsen.util: 21	:invoke	:broadcast	21
2024-11-28 00:00:24,450{GMT}	INFO	[jepsen worker 0] jepsen.util: 21	:info	:broadcast	21	[:crash "malformed message"]
2024-11-28 00:00:24,477{GMT}	INFO	[jepsen worker 0] jepsen.util: 22	:invoke	:read	nil
2024-11-28 00:00:24,478{GMT}	INFO	[jepsen worker 0] jepsen.util: 22	:ok	:read	[]
2024-11-28 00:00:24,594{GMT}	INFO	[jepsen worker 0] jepsen.util: 22	:invoke	:read	nil
2024-11-28 00:00:24,596{GMT}	INFO	[jepsen worker 0] jepsen.util: 22	:ok	:read	[]
2024-11-28 00:00:24,653{GMT}	INFO	[jepsen worker 0] jepsen.util: 22	:invoke	:read	nil
2024-11-28 00:00:24,654{GMT}	INFO	[jepsen worker 0] jepsen.util: 22	:ok	:read	[]
2024-11-28 00:00:24,656{GMT}	INFO	[jepsen worker 0] jepsen.util: 22	:invoke	:read	nil
2024-11-28 00:00:24,657{GMT}	INFO	[jepsen worker 0] jepsen.util: 22	:ok	:read	[]
2024-11-28 00:00:24,756{GMT}	INFO	[jepsen worker 0] jepsen.util: 22	:invoke	:broadcast	22
2024-11-28 00:00:24,758{GMT}	INFO	[jepsen worker 0] jepsen.util: 22	:info	:broadcast	22	[:crash "malformed message"]
2024-11-28 00:00:24,948{GMT}	INFO	[jepsen worker 0] jepsen.util: 23	:invoke	:read	nil
2024-11-28 00:00:24,951{GMT}	INFO	[jepsen worker 0] jepsen.util: 23	:ok	:read	[]
2024-11-28 00:00:25,060{GMT}	INFO	[jepsen worker 0] jepsen.util: 23	:invoke	:broadcast	23
2024-11-28 00:00:25,062{GMT}	INFO	[jepsen worker 0] jepsen.util: 23	:info	:broadcast	23	[:crash "malformed message"]
2024-11-28 00:00:25,223{GMT}	INFO	[jepsen worker 0] jepsen.util: 24	:invoke	:broadcast	24
2024-11-28 00:00:25,226{GMT}	INFO	[jepsen worker 0] jepsen.util: 24	:info	:broadcast	24	[:crash "malformed message"]
2024-11-28 00:00:25,312{GMT}	INFO	[jepsen worker 0] jepsen.util: 25	:invoke	:broadcast	25
2024-11-28 00:00:25,314{GMT}	INFO	[jepsen worker 0] jepsen.util: 25	:info	:broadcast	25	[:crash "malformed message"]
2024-11-28 00:00:25,497{GMT}	INFO	[jepsen worker 0] jepsen.util: 26	:invoke	:broadcast	26
2024-11-28 00:00:25,499{GMT}	INFO	[jepsen worker 0] jepsen.util: 26	:info	:broadcast	26	[:crash "malformed message"]
2024-11-28 00:00:25,532{GMT}	INFO	[jepsen worker 0] jepsen.util: 27	:invoke	:broadcast	27
2024-11-28 00:00:25,533{GMT}	INFO	[jepsen worker 0] jepsen.util: 27	:info	:broadcast	27	[:crash "malformed message"]
2024-11-28 00:00:25,580{GMT}	INFO	[jepsen worker 0] jepsen.util: 28	:invoke	:read	nil
2024-11-28 00:00:25,581{GMT}	INFO	[jepsen worker 0] jepsen.util: 28	:ok	:read	[]
2024-11-28 00:00:25,633{GMT}	INFO	[jepsen worker 0] jepsen.util: 28	:invoke	:broadcast	28
2024-11-28 00:00:25,634{GMT}	INFO	[jepsen worker 0] jepsen.util: 28	:info	:broadcast	28	[:crash "malformed message"]
2024-11-28 00:00:25,704{GMT}	INFO	[jepsen worker 0] jepsen.util: 29	:invoke	:read	nil
2024-11-28 00:00:25,705{GMT}	INFO	[jepsen worker 0] jepsen.util: 29	:ok	:read	[]
2024-11-28 00:00:25,869{GMT}	INFO	[jepsen worker 0] jepsen.util: 29	:invoke	:broadcast	29
2024-11-28 00:00:25,870{GMT}	INFO	[jepsen worker 0] jepsen.util: 29	:info	:broadcast	29	[:crash "malformed message"]
2024-11-28 00:00:26,041{GMT}	INFO	[jepsen worker 0] jepsen.util: 30	:invoke	:read	nil
2024-11-28 00:00:26,043{GMT}	INFO	[jepsen worker 0] jepsen.util: 30	:ok	:read	[]
2024-11-28 00:00:26,212{GMT}	INFO	[jepsen worker 0] jepsen.util: 30	:invoke	:broadcast	30
2024-11-28 00:00:26,215{GMT}	INFO	[jepsen worker 0] jepsen.util: 30	:info	:broadcast	30	[:crash "malformed message"]
2024-11-28 00:00:26,280{GMT}	INFO	[jepsen worker 0] jepsen.util: 31	:invoke	:broadcast	31
2024-11-28 00:00:26,282{GMT}	INFO	[jepsen worker 0] jepsen.util: 31	:info	:broadcast	31	[:crash "malformed message"]
2024-11-28 00:00:26,420{GMT}	INFO	[jepsen worker 0] jepsen.util: 32	:invoke	:read	nil
2024-11-28 00:00:26,421{GMT}	INFO	[jepsen worker 0] jepsen.util: 32	:ok	:read	[]
2024-11-28 00:00:26,504{GMT}	INFO	[jepsen worker 0] jepsen.util: 32	:invoke	:read	nil
2024-11-28 00:00:26,505{GMT}	INFO	[jepsen worker 0] jepsen.util: 32	:ok	:read	[]
2024-11-28 00:00:26,639{GMT}	INFO	[jepsen worker 0] jepsen.util: 32	:invoke	:broadcast	32
2024-11-28 00:00:26,640{GMT}	INFO	[jepsen worker 0] jepsen.util: 32	:info	:broadcast	32	[:crash "malformed message"]
2024-11-28 00:00:26,692{GMT}	INFO	[jepsen worker 0] jepsen.util: 33	:invoke	:read	nil
2024-11-28 00:00:26,694{GMT}	INFO	[jepsen worker 0] jepsen.util: 33	:ok	:read	[]
2024-11-28 00:00:26,789{GMT}	INFO	[jepsen worker 0] jepsen.util: 33	:invoke	:broadcast	33
2024-11-28 00:00:26,790{GMT}	INFO	[jepsen worker 0] jepsen.util: 33	:info	:broadcast	33	[:crash "malformed message"]
2024-11-28 00:00:26,907{GMT}	INFO	[jepsen worker 0] jepsen.util: 34	:invoke	:broadcast	34
2024-11-28 00:00:26,909{GMT}	INFO	[jepsen worker 0] jepsen.util: 34	:info	:broadcast	34	[:crash "malformed message"]
2024-11-28 00:00:26,913{GMT}	INFO	[jepsen worker 0] jepsen.util: 35	:invoke	:broadcast	35
2024-11-28 00:00:26,914{GMT}	INFO	[jepsen worker 0] jepsen.util: 35	:info	:broadcast	35	[:crash "malformed message"]
2024-11-28 00:00:27,025{GMT}	INFO	[jepsen worker 0] jepsen.util: 36	:invoke	:broadcast	36
2024-11-28 00:00:27,028{GMT}	INFO	[jepsen worker 0] jepsen.util: 36	:info	:broadcast	36	[:crash "malformed message"]
2024-11-28 00:00:27,132{GMT}	INFO	[jepsen worker 0] jepsen.util: 37	:invoke	:read	nil
2024-11-28 00:00:27,133{GMT}	INFO	[jepsen worker 0] jepsen.util: 37	:ok	:read	[]
2024-11-28 00:00:27,281{GMT}	INFO	[jepsen worker 0] jepsen.util: 37	:invoke	:read	nil
2024-11-28 00:00:27,282{GMT}	INFO	[jepsen worker 0] jepsen.util: 37	:ok	:read	[]
2024-11-28 00:00:27,350{GMT}	INFO	[jepsen worker 0] jepsen.util: 37	:invoke	:read	nil
2024-11-28 00:00:27,351{GMT}	INFO	[jepsen worker 0] jepsen.util: 37	:ok	:read	[]
2024-11-28 00:00:27,425{GMT}	INFO	[jepsen worker 0] jepsen.util: 37	:invoke	:broadcast	37
2024-11-28 00:00:27,426{GMT}	INFO	[jepsen worker 0] jepsen.util: 37	:info	:broadcast	37	[:crash "malformed message"]
2024-11-28 00:00:27,459{GMT}	INFO	[jepsen worker 0] jepsen.util: 38	:invoke	:broadcast	38
2024-11-28 00:00:27,460{GMT}	INFO	[jepsen worker 0] jepsen.util: 38	:info	:broadcast	38	[:crash "malformed message"]
2024-11-28 00:00:27,599{GMT}	INFO	[jepsen worker 0] jepsen.util: 39	:invoke	:broadcast	39
2024-11-28 00:00:27,600{GMT}	INFO	[jepsen worker 0] jepsen.util: 39	:info	:broadcast	39	[:crash "malformed message"]
2024-11-28 00:00:27,620{GMT}	INFO	[jepsen worker 0] jepsen.util: 40	:invoke	:read	nil
2024-11-28 00:00:27,621{GMT}	INFO	[jepsen worker 0] jepsen.util: 40	:ok	:read	[]
2024-11-28 00:00:27,693{GMT}	INFO	[jepsen worker 0] jepsen.util: 40	:invoke	:read	nil
2024-11-28 00:00:27,694{GMT}	INFO	[jepsen worker 0] jepsen.util: 40	:ok	:read	[]
2024-11-28 00:00:27,774{GMT}	INFO	[jepsen worker 0] jepsen.util: 40	:invoke	:read	nil
2024-11-28 00:00:27,774{GMT}	INFO	[jepsen worker 0] jepsen.util: 40	:ok	:read	[]
2024-11-28 00:00:27,862{GMT}	INFO	[jepsen worker 0] jepsen.util: 40	:invoke	:broadcast	40
2024-11-28 00:00:27,863{GMT}	INFO	[jepsen worker 0] jepsen.util: 40	:info	:broadcast	40	[:crash "malformed message"]
2024-11-28 00:00:28,022{GMT}	INFO	[jepsen worker 0] jepsen.util: 41	:invoke	:broadcast	41
2024-11-28 00:00:28,024{GMT}	INFO	[jepsen worker 0] jepsen.util: 41	:info	:broadcast	41	[:crash "malformed message"]
2024-11-28 00:00:28,153{GMT}	INFO	[jepsen worker 0] jepsen.util: 42	:invoke	:broadcast	42
2024-11-28 00:00:28,156{GMT}	INFO	[jepsen worker 0] jepsen.util: 42	:info	:broadcast	42	[:crash "malformed message"]
2024-11-28 00:00:28,156{GMT}	INFO	[jepsen worker 0] jepsen.util: 43	:invoke	:broadcast	43
2024-11-28 00:00:28,158{GMT}	INFO	[jepsen worker 0] jepsen.util: 43	:info	:broadcast	43	[:crash "malformed message"]
2024-11-28 00:00:28,283{GMT}	INFO	[jepsen worker 0] jepsen.util: 44	:invoke	:read	nil
2024-11-28 00:00:28,284{GMT}	INFO	[jepsen worker 0] jepsen.util: 44	:ok	:read	[]
2024-11-28 00:00:28,424{GMT}	INFO	[jepsen worker 0] jepsen.util: 44	:invoke	:read	nil
2024-11-28 00:00:28,425{GMT}	INFO	[jepsen worker 0] jepsen.util: 44	:ok	:read	[]
2024-11-28 00:00:28,486{GMT}	INFO	[jepsen worker 0] jepsen.util: 44	:invoke	:broadcast	44
2024-11-28 00:00:28,487{GMT}	INFO	[jepsen worker 0] jepsen.util: 44	:info	:broadcast	44	[:crash "malformed message"]
2024-11-28 00:00:28,558{GMT}	INFO	[jepsen worker 0] jepsen.util: 45	:invoke	:read	nil
2024-11-28 00:00:28,559{GMT}	INFO	[jepsen worker 0] jepsen.util: 45	:ok	:read	[]
2024-11-28 00:00:28,735{GMT}	INFO	[jepsen worker 0] jepsen.util: 45	:invoke	:read	nil
2024-11-28 00:00:28,736{GMT}	INFO	[jepsen worker 0] jepsen.util: 45	:ok	:read	[]
2024-11-28 00:00:28,779{GMT}	INFO	[jepsen worker 0] jepsen.util: 45	:invoke	:read	nil
2024-11-28 00:00:28,779{GMT}	INFO	[jepsen worker 0] jepsen.util: 45	:ok	:read	[]
2024-11-28 00:00:28,814{GMT}	INFO	[jepsen worker 0] jepsen.util: 45	:invoke	:broadcast	45
2024-11-28 00:00:28,814{GMT}	INFO	[jepsen worker 0] jepsen.util: 45	:info	:broadcast	45	[:crash "malformed message"]
2024-11-28 00:00:28,989{GMT}	INFO	[jepsen worker 0] jepsen.util: 46	:invoke	:broadcast	46
2024-11-28 00:00:28,990{GMT}	INFO	[jepsen worker 0] jepsen.util: 46	:info	:broadcast	46	[:crash "malformed message"]
2024-11-28 00:00:29,029{GMT}	INFO	[jepsen worker 0] jepsen.util: 47	:invoke	:broadcast	47
2024-11-28 00:00:29,030{GMT}	INFO	[jepsen worker 0] jepsen.util: 47	:info	:broadcast	47	[:crash "malformed message"]
2024-11-28 00:00:29,069{GMT}	INFO	[jepsen worker 0] jepsen.util: 48	:invoke	:read	nil
2024-11-28 00:00:29,069{GMT}	INFO	[jepsen worker 0] jepsen.util: 48	:ok	:read	[]
2024-11-28 00:00:29,074{GMT}	INFO	[jepsen worker 0] jepsen.util: 48	:invoke	:broadcast	48
2024-11-28 00:00:29,075{GMT}	INFO	[jepsen worker 0] jepsen.util: 48	:info	:broadcast	48	[:crash "malformed message"]
2024-11-28 00:00:29,110{GMT}	INFO	[jepsen worker 0] jepsen.util: 49	:invoke	:broadcast	49
2024-11-28 00:00:29,111{GMT}	INFO	[jepsen worker 0] jepsen.util: 49	:info	:broadcast	49	[:crash "malformed message"]
2024-11-28 00:00:29,173{GMT}	INFO	[jepsen worker 0] jepsen.util: 50	:invoke	:read	nil
2024-11-28 00:00:29,174{GMT}	INFO	[jepsen worker 0] jepsen.util: 50	:ok	:read	[]
2024-11-28 00:00:29,258{GMT}	INFO	[jepsen worker 0] jepsen.util: 50	:invoke	:broadcast	50
2024-11-28 00:00:29,259{GMT}	INFO	[jepsen worker 0] jepsen.util: 50	:info	:broadcast	50	[:crash "malformed message"]
2024-11-28 00:00:29,452{GMT}	INFO	[jepsen worker 0] jepsen.util: 51	:invoke	:read	nil
2024-11-28 00:00:29,454{GMT}	INFO	[jepsen worker 0] jepsen.util: 51	:ok	:read	[]
2024-11-28 00:00:29,527{GMT}	INFO	[jepsen worker 0] jepsen.util: 51	:invoke	:broadcast	51
2024-11-28 00:00:29,529{GMT}	INFO	[jepsen worker 0] jepsen.util: 51	:info	:broadcast	51	[:crash "malformed message"]
2024-11-28 00:00:29,647{GMT}	INFO	[jepsen worker 0] jepsen.util: 52	:invoke	:broadcast	52
2024-11-28 00:00:29,650{GMT}	INFO	[jepsen worker 0] jepsen.util: 52	:info	:broadcast	52	[:crash "malformed message"]
2024-11-28 00:00:29,689{GMT}	INFO	[jepsen worker 0] jepsen.util: 53	:invoke	:broadcast	53
2024-11-28 00:00:29,690{GMT}	INFO	[jepsen worker 0] jepsen.util: 53	:info	:broadcast	53	[:crash "malformed message"]
2024-11-28 00:00:29,777{GMT}	INFO	[jepsen worker 0] jepsen.util: 54	:invoke	:broadcast	54
2024-11-28 00:00:29,779{GMT}	INFO	[jepsen worker 0] jepsen.util: 54	:info	:broadcast	54	[:crash "malformed message"]
2024-11-28 00:00:29,935{GMT}	INFO	[jepsen worker 0] jepsen.util: 55	:invoke	:read	nil
2024-11-28 00:00:29,938{GMT}	INFO	[jepsen worker 0] jepsen.util: 55	:ok	:read	[]
2024-11-28 00:00:29,993{GMT}	INFO	[jepsen worker 0] jepsen.util: 55	:invoke	:read	nil
2024-11-28 00:00:29,994{GMT}	INFO	[jepsen worker 0] jepsen.util: 55	:ok	:read	[]
2024-11-28 00:00:30,166{GMT}	INFO	[jepsen worker 0] jepsen.util: 55	:invoke	:read	nil
2024-11-28 00:00:30,168{GMT}	INFO	[jepsen worker 0] jepsen.util: 55	:ok	:read	[]
2024-11-28 00:00:30,364{GMT}	INFO	[jepsen worker 0] jepsen.util: 55	:invoke	:broadcast	55
2024-11-28 00:00:30,367{GMT}	INFO	[jepsen worker 0] jepsen.util: 55	:info	:broadcast	55	[:crash "malformed message"]
2024-11-28 00:00:30,445{GMT}	INFO	[jepsen worker 0] jepsen.util: 56	:invoke	:read	nil
2024-11-28 00:00:30,447{GMT}	INFO	[jepsen worker 0] jepsen.util: 56	:ok	:read	[]
2024-11-28 00:00:30,623{GMT}	INFO	[jepsen worker 0] jepsen.util: 56	:invoke	:read	nil
2024-11-28 00:00:30,626{GMT}	INFO	[jepsen worker 0] jepsen.util: 56	:ok	:read	[]
2024-11-28 00:00:30,822{GMT}	INFO	[jepsen worker 0] jepsen.util: 56	:invoke	:read	nil
2024-11-28 00:00:30,824{GMT}	INFO	[jepsen worker 0] jepsen.util: 56	:ok	:read	[]
2024-11-28 00:00:30,942{GMT}	INFO	[jepsen worker 0] jepsen.util: 56	:invoke	:broadcast	56
2024-11-28 00:00:30,944{GMT}	INFO	[jepsen worker 0] jepsen.util: 56	:info	:broadcast	56	[:crash "malformed message"]
2024-11-28 00:00:31,130{GMT}	INFO	[jepsen worker 0] jepsen.util: 57	:invoke	:broadcast	57
2024-11-28 00:00:31,133{GMT}	INFO	[jepsen worker 0] jepsen.util: 57	:info	:broadcast	57	[:crash "malformed message"]
2024-11-28 00:00:31,151{GMT}	INFO	[jepsen worker 0] jepsen.util: 58	:invoke	:read	nil
2024-11-28 00:00:31,152{GMT}	INFO	[jepsen worker 0] jepsen.util: 58	:ok	:read	[]
2024-11-28 00:00:31,200{GMT}	INFO	[jepsen worker 0] jepsen.util: 58	:invoke	:broadcast	58
2024-11-28 00:00:31,201{GMT}	INFO	[jepsen worker 0] jepsen.util: 58	:info	:broadcast	58	[:crash "malformed message"]
2024-11-28 00:00:31,252{GMT}	INFO	[jepsen worker 0] jepsen.util: 59	:invoke	:broadcast	59
2024-11-28 00:00:31,253{GMT}	INFO	[jepsen worker 0] jepsen.util: 59	:info	:broadcast	59	[:crash "malformed message"]
2024-11-28 00:00:31,405{GMT}	INFO	[jepsen worker 0] jepsen.util: 60	:invoke	:read	nil
2024-11-28 00:00:31,406{GMT}	INFO	[jepsen worker 0] jepsen.util: 60	:ok	:read	[]
2024-11-28 00:00:31,586{GMT}	INFO	[jepsen worker 0] jepsen.util: 60	:invoke	:broadcast	60
2024-11-28 00:00:31,588{GMT}	INFO	[jepsen worker 0] jepsen.util: 60	:info	:broadcast	60	[:crash "malformed message"]
2024-11-28 00:00:31,741{GMT}	INFO	[jepsen worker 0] jepsen.util: 61	:invoke	:read	nil
2024-11-28 00:00:31,744{GMT}	INFO	[jepsen worker 0] jepsen.util: 61	:ok	:read	[]
2024-11-28 00:00:31,915{GMT}	INFO	[jepsen worker 0] jepsen.util: 61	:invoke	:broadcast	61
2024-11-28 00:00:31,918{GMT}	INFO	[jepsen worker 0] jepsen.util: 61	:info	:broadcast	61	[:crash "malformed message"]
2024-11-28 00:00:31,991{GMT}	INFO	[jepsen worker 0] jepsen.util: 62	:invoke	:read	nil
2024-11-28 00:00:31,993{GMT}	INFO	[jepsen worker 0] jepsen.util: 62	:ok	:read	[]
2024-11-28 00:00:32,125{GMT}	INFO	[jepsen worker 0] jepsen.util: 62	:invoke	:broadcast	62
2024-11-28 00:00:32,127{GMT}	INFO	[jepsen worker 0] jepsen.util: 62	:info	:broadcast	62	[:crash "malformed message"]
2024-11-28 00:00:32,135{GMT}	INFO	[jepsen worker 0] jepsen.util: 63	:invoke	:broadcast	63
2024-11-28 00:00:32,136{GMT}	INFO	[jepsen worker 0] jepsen.util: 63	:info	:broadcast	63	[:crash "malformed message"]
2024-11-28 00:00:32,278{GMT}	INFO	[jepsen worker 0] jepsen.util: 64	:invoke	:broadcast	64
2024-11-28 00:00:32,280{GMT}	INFO	[jepsen worker 0] jepsen.util: 64	:info	:broadcast	64	[:crash "malformed message"]
2024-11-28 00:00:32,420{GMT}	INFO	[jepsen worker 0] jepsen.util: 65	:invoke	:broadcast	65
2024-11-28 00:00:32,423{GMT}	INFO	[jepsen worker 0] jepsen.util: 65	:info	:broadcast	65	[:crash "malformed message"]
2024-11-28 00:00:32,475{GMT}	INFO	[jepsen worker 0] jepsen.util: 66	:invoke	:broadcast	66
2024-11-28 00:00:32,476{GMT}	INFO	[jepsen worker 0] jepsen.util: 66	:info	:broadcast	66	[:crash "malformed message"]
2024-11-28 00:00:32,568{GMT}	INFO	[jepsen worker 0] jepsen.util: 67	:invoke	:read	nil
2024-11-28 00:00:32,568{GMT}	INFO	[jepsen worker 0] jepsen.util: 67	:ok	:read	[]
2024-11-28 00:00:32,628{GMT}	INFO	[jepsen worker 0] jepsen.util: 67	:invoke	:broadcast	67
2024-11-28 00:00:32,629{GMT}	INFO	[jepsen worker 0] jepsen.util: 67	:info	:broadcast	67	[:crash "malformed message"]
2024-11-28 00:00:32,770{GMT}	INFO	[jepsen worker 0] jepsen.util: 68	:invoke	:read	nil
2024-11-28 00:00:32,771{GMT}	INFO	[jepsen worker 0] jepsen.util: 68	:ok	:read	[]
2024-11-28 00:00:32,973{GMT}	INFO	[jepsen worker 0] jepsen.util: 68	:invoke	:broadcast	68
2024-11-28 00:00:32,976{GMT}	INFO	[jepsen worker 0] jepsen.util: 68	:info	:broadcast	68	[:crash "malformed message"]
2024-11-28 00:00:33,015{GMT}	INFO	[jepsen worker 0] jepsen.util: 69	:invoke	:broadcast	69
2024-11-28 00:00:33,016{GMT}	INFO	[jepsen worker 0] jepsen.util: 69	:info	:broadcast	69	[:crash "malformed message"]
2024-11-28 00:00:33,066{GMT}	INFO	[jepsen worker 0] jepsen.util: 70	:invoke	:read	nil
2024-11-28 00:00:33,067{GMT}	INFO	[jepsen worker 0] jepsen.util: 70	:ok	:read	[]
2024-11-28 00:00:33,068{GMT}	INFO	[jepsen worker 0] jepsen.util: 70	:invoke	:broadcast	70
2024-11-28 00:00:33,069{GMT}	INFO	[jepsen worker 0] jepsen.util: 70	:info	:broadcast	70	[:crash "malformed message"]
2024-11-28 00:00:33,272{GMT}	INFO	[jepsen worker 0] jepsen.util: 71	:invoke	:read	nil
2024-11-28 00:00:33,275{GMT}	INFO	[jepsen worker 0] jepsen.util: 71	:ok	:read	[]
2024-11-28 00:00:33,410{GMT}	INFO	[jepsen worker 0] jepsen.util: 71	:invoke	:broadcast	71
2024-11-28 00:00:33,412{GMT}	INFO	[jepsen worker 0] jepsen.util: 71	:info	:broadcast	71	[:crash "malformed message"]
2024-11-28 00:00:33,452{GMT}	INFO	[jepsen worker 0] jepsen.util: 72	:invoke	:broadcast	72
2024-11-28 00:00:33,454{GMT}	INFO	[jepsen worker 0] jepsen.util: 72	:info	:broadcast	72	[:crash "malformed message"]
2024-11-28 00:00:33,487{GMT}	INFO	[jepsen worker 0] jepsen.util: 73	:invoke	:read	nil
2024-11-28 00:00:33,487{GMT}	INFO	[jepsen worker 0] jepsen.util: 73	:ok	:read	[]
2024-11-28 00:00:33,545{GMT}	INFO	[jepsen worker 0] jepsen.util: 73	:invoke	:read	nil
2024-11-28 00:00:33,545{GMT}	INFO	[jepsen worker 0] jepsen.util: 73	:ok	:read	[]
2024-11-28 00:00:33,686{GMT}	INFO	[jepsen worker 0] jepsen.util: 73	:invoke	:broadcast	73
2024-11-28 00:00:33,687{GMT}	INFO	[jepsen worker 0] jepsen.util: 73	:info	:broadcast	73	[:crash "malformed message"]
2024-11-28 00:00:33,719{GMT}	INFO	[jepsen worker 0] jepsen.util: 74	:invoke	:broadcast	74
2024-11-28 00:00:33,720{GMT}	INFO	[jepsen worker 0] jepsen.util: 74	:info	:broadcast	74	[:crash "malformed message"]
2024-11-28 00:00:33,739{GMT}	INFO	[jepsen worker 0] jepsen.util: 75	:invoke	:read	nil
2024-11-28 00:00:33,739{GMT}	INFO	[jepsen worker 0] jepsen.util: 75	:ok	:read	[]
2024-11-28 00:00:33,809{GMT}	INFO	[jepsen worker 0] jepsen.util: 75	:invoke	:broadcast	75
2024-11-28 00:00:33,809{GMT}	INFO	[jepsen worker 0] jepsen.util: 75	:info	:broadcast	75	[:crash "malformed message"]
2024-11-28 00:00:34,000{GMT}	INFO	[jepsen worker 0] jepsen.util: 76	:invoke	:read	nil
2024-11-28 00:00:34,000{GMT}	INFO	[jepsen worker 0] jepsen.util: 76	:ok	:read	[]
2024-11-28 00:00:34,162{GMT}	INFO	[jepsen worker 0] jepsen.util: 76	:invoke	:broadcast	76
2024-11-28 00:00:34,164{GMT}	INFO	[jepsen worker 0] jepsen.util: 76	:info	:broadcast	76	[:crash "malformed message"]
2024-11-28 00:00:34,263{GMT}	INFO	[jepsen worker 0] jepsen.util: 77	:invoke	:read	nil
2024-11-28 00:00:34,265{GMT}	INFO	[jepsen worker 0] jepsen.util: 77	:ok	:read	[]
2024-11-28 00:00:34,321{GMT}	INFO	[jepsen worker 0] jepsen.util: 77	:invoke	:broadcast	77
2024-11-28 00:00:34,322{GMT}	INFO	[jepsen worker 0] jepsen.util: 77	:info	:broadcast	77	[:crash "malformed message"]
2024-11-28 00:00:34,420{GMT}	INFO	[jepsen worker 0] jepsen.util: 78	:invoke	:broadcast	78
2024-11-28 00:00:34,421{GMT}	INFO	[jepsen worker 0] jepsen.util: 78	:info	:broadcast	78	[:crash "malformed message"]
2024-11-28 00:00:34,442{GMT}	INFO	[jepsen worker 0] jepsen.util: 79	:invoke	:broadcast	79
2024-11-28 00:00:34,442{GMT}	INFO	[jepsen worker 0] jepsen.util: 79	:info	:broadcast	79	[:crash "malformed message"]
2024-11-28 00:00:34,489{GMT}	INFO	[jepsen worker 0] jepsen.util: 80	:invoke	:broadcast	80
2024-11-28 00:00:34,490{GMT}	INFO	[jepsen worker 0] jepsen.util: 80	:info	:broadcast	80	[:crash "malformed message"]
2024-11-28 00:00:34,517{GMT}	INFO	[jepsen worker 0] jepsen.util: 81	:invoke	:broadcast	81
2024-11-28 00:00:34,517{GMT}	INFO	[jepsen worker 0] jepsen.util: 81	:info	:broadcast	81	[:crash "malformed message"]
2024-11-28 00:00:34,615{GMT}	INFO	[jepsen worker 0] jepsen.util: 82	:invoke	:read	nil
2024-11-28 00:00:34,616{GMT}	INFO	[jepsen worker 0] jepsen.util: 82	:ok	:read	[]
2024-11-28 00:00:34,734{GMT}	INFO	[jepsen worker 0] jepsen.util: 82	:invoke	:read	nil
2024-11-28 00:00:34,736{GMT}	INFO	[jepsen worker 0] jepsen.util: 82	:ok	:read	[]
2024-11-28 00:00:34,914{GMT}	INFO	[jepsen worker 0] jepsen.util: 82	:invoke	:broadcast	82
2024-11-28 00:00:34,916{GMT}	INFO	[jepsen worker 0] jepsen.util: 82	:info	:broadcast	82	[:crash "malformed message"]
2024-11-28 00:00:35,014{GMT}	INFO	[jepsen worker 0] jepsen.util: 83	:invoke	:broadcast	83
2024-11-28 00:00:35,017{GMT}	INFO	[jepsen worker 0] jepsen.util: 83	:info	:broadcast	83	[:crash "malformed message"]
2024-11-28 00:00:35,159{GMT}	INFO	[jepsen worker 0] jepsen.util: 84	:invoke	:read	nil
2024-11-28 00:00:35,161{GMT}	INFO	[jepsen worker 0] jepsen.util: 84	:ok	:read	[]
2024-11-28 00:00:35,257{GMT}	INFO	[jepsen worker 0] jepsen.util: 84	:invoke	:broadcast	84
2024-11-28 00:00:35,259{GMT}	INFO	[jepsen worker 0] jepsen.util: 84	:info	:broadcast	84	[:crash "malformed message"]
2024-11-28 00:00:35,338{GMT}	INFO	[jepsen worker 0] jepsen.util: 85	:invoke	:read	nil
2024-11-28 00:00:35,340{GMT}	INFO	[jepsen worker 0] jepsen.util: 85	:ok	:read	[]
2024-11-28 00:00:35,453{GMT}	INFO	[jepsen worker 0] jepsen.util: 85	:invoke	:broadcast	85
2024-11-28 00:00:35,456{GMT}	INFO	[jepsen worker 0] jepsen.util: 85	:info	:broadcast	85	[:crash "malformed message"]
2024-11-28 00:00:35,579{GMT}	INFO	[jepsen worker 0] jepsen.util: 86	:invoke	:read	nil
2024-11-28 00:00:35,581{GMT}	INFO	[jepsen worker 0] jepsen.util: 86	:ok	:read	[]
2024-11-28 00:00:35,619{GMT}	INFO	[jepsen worker 0] jepsen.util: 86	:invoke	:read	nil
2024-11-28 00:00:35,619{GMT}	INFO	[jepsen worker 0] jepsen.util: 86	:ok	:read	[]
2024-11-28 00:00:35,633{GMT}	INFO	[jepsen worker 0] jepsen.util: 86	:invoke	:read	nil
2024-11-28 00:00:35,634{GMT}	INFO	[jepsen worker 0] jepsen.util: 86	:ok	:read	[]
2024-11-28 00:00:35,774{GMT}	INFO	[jepsen worker 0] jepsen.util: 86	:invoke	:broadcast	86
2024-11-28 00:00:35,776{GMT}	INFO	[jepsen worker 0] jepsen.util: 86	:info	:broadcast	86	[:crash "malformed message"]
2024-11-28 00:00:35,840{GMT}	INFO	[jepsen worker 0] jepsen.util: 87	:invoke	:read	nil
2024-11-28 00:00:35,841{GMT}	INFO	[jepsen worker 0] jepsen.util: 87	:ok	:read	[]
2024-11-28 00:00:36,009{GMT}	INFO	[jepsen worker 0] jepsen.util: 87	:invoke	:broadcast	87
2024-11-28 00:00:36,014{GMT}	INFO	[jepsen worker 0] jepsen.util: 87	:info	:broadcast	87	[:crash "malformed message"]
2024-11-28 00:00:36,031{GMT}	INFO	[jepsen worker 0] jepsen.util: 88	:invoke	:broadcast	88
2024-11-28 00:00:36,033{GMT}	INFO	[jepsen worker 0] jepsen.util: 88	:info	:broadcast	88	[:crash "malformed message"]
2024-11-28 00:00:36,199{GMT}	INFO	[jepsen worker 0] jepsen.util: 89	:invoke	:read	nil
2024-11-28 00:00:36,201{GMT}	INFO	[jepsen worker 0] jepsen.util: 89	:ok	:read	[]
2024-11-28 00:00:36,286{GMT}	INFO	[jepsen worker 0] jepsen.util: 89	:invoke	:read	nil
2024-11-28 00:00:36,287{GMT}	INFO	[jepsen worker 0] jepsen.util: 89	:ok	:read	[]
2024-11-28 00:00:36,401{GMT}	INFO	[jepsen worker 0] jepsen.util: 89	:invoke	:read	nil
2024-11-28 00:00:36,402{GMT}	INFO	[jepsen worker 0] jepsen.util: 89	:ok	:read	[]
2024-11-28 00:00:36,458{GMT}	INFO	[jepsen worker 0] jepsen.util: 89	:invoke	:read	nil
2024-11-28 00:00:36,459{GMT}	INFO	[jepsen worker 0] jepsen.util: 89	:ok	:read	[]
2024-11-28 00:00:36,580{GMT}	INFO	[jepsen worker 0] jepsen.util: 89	:invoke	:read	nil
2024-11-28 00:00:36,582{GMT}	INFO	[jepsen worker 0] jepsen.util: 89	:ok	:read	[]
2024-11-28 00:00:36,726{GMT}	INFO	[jepsen worker 0] jepsen.util: 89	:invoke	:broadcast	89
2024-11-28 00:00:36,729{GMT}	INFO	[jepsen worker 0] jepsen.util: 89	:info	:broadcast	89	[:crash "malformed message"]
2024-11-28 00:00:36,885{GMT}	INFO	[jepsen worker 0] jepsen.util: 90	:invoke	:broadcast	90
2024-11-28 00:00:36,886{GMT}	INFO	[jepsen worker 0] jepsen.util: 90	:info	:broadcast	90	[:crash "malformed message"]
2024-11-28 00:00:36,947{GMT}	INFO	[jepsen worker 0] jepsen.util: 91	:invoke	:broadcast	91
2024-11-28 00:00:36,948{GMT}	INFO	[jepsen worker 0] jepsen.util: 91	:info	:broadcast	91	[:crash "malformed message"]
2024-11-28 00:00:37,101{GMT}	INFO	[jepsen worker 0] jepsen.util: 92	:invoke	:read	nil
2024-11-28 00:00:37,103{GMT}	INFO	[jepsen worker 0] jepsen.util: 92	:ok	:read	[]
2024-11-28 00:00:37,161{GMT}	INFO	[jepsen worker 0] jepsen.util: 92	:invoke	:broadcast	92
2024-11-28 00:00:37,162{GMT}	INFO	[jepsen worker 0] jepsen.util: 92	:info	:broadcast	92	[:crash "malformed message"]
2024-11-28 00:00:37,295{GMT}	INFO	[jepsen worker 0] jepsen.util: 93	:invoke	:broadcast	93
2024-11-28 00:00:37,296{GMT}	INFO	[jepsen worker 0] jepsen.util: 93	:info	:broadcast	93	[:crash "malformed message"]
2024-11-28 00:00:37,344{GMT}	INFO	[jepsen worker 0] jepsen.util: 94	:invoke	:broadcast	94
2024-11-28 00:00:37,344{GMT}	INFO	[jepsen worker 0] jepsen.util: 94	:info	:broadcast	94	[:crash "malformed message"]
2024-11-28 00:00:37,392{GMT}	INFO	[jepsen worker 0] jepsen.util: 95	:invoke	:read	nil
2024-11-28 00:00:37,393{GMT}	INFO	[jepsen worker 0] jepsen.util: 95	:ok	:read	[]
2024-11-28 00:00:37,513{GMT}	INFO	[jepsen worker 0] jepsen.util: 95	:invoke	:broadcast	95
2024-11-28 00:00:37,514{GMT}	INFO	[jepsen worker 0] jepsen.util: 95	:info	:broadcast	95	[:crash "malformed message"]
2024-11-28 00:00:37,689{GMT}	INFO	[jepsen worker 0] jepsen.util: 96	:invoke	:broadcast	96
2024-11-28 00:00:37,693{GMT}	INFO	[jepsen worker 0] jepsen.util: 96	:info	:broadcast	96	[:crash "malformed message"]
2024-11-28 00:00:37,838{GMT}	INFO	[jepsen worker 0] jepsen.util: 97	:invoke	:read	nil
2024-11-28 00:00:37,841{GMT}	INFO	[jepsen worker 0] jepsen.util: 97	:ok	:read	[]
2024-11-28 00:00:37,894{GMT}	INFO	[jepsen worker 0] jepsen.util: 97	:invoke	:broadcast	97
2024-11-28 00:00:37,896{GMT}	INFO	[jepsen worker 0] jepsen.util: 97	:info	:broadcast	97	[:crash "malformed message"]
2024-11-28 00:00:37,975{GMT}	INFO	[jepsen worker 0] jepsen.util: 98	:invoke	:read	nil
2024-11-28 00:00:37,976{GMT}	INFO	[jepsen worker 0] jepsen.util: 98	:ok	:read	[]
2024-11-28 00:00:37,997{GMT}	INFO	[jepsen worker 0] jepsen.util: 98	:invoke	:broadcast	98
2024-11-28 00:00:37,998{GMT}	INFO	[jepsen worker 0] jepsen.util: 98	:info	:broadcast	98	[:crash "malformed message"]
2024-11-28 00:00:38,094{GMT}	INFO	[jepsen worker 0] jepsen.util: 99	:invoke	:read	nil
2024-11-28 00:00:38,095{GMT}	INFO	[jepsen worker 0] jepsen.util: 99	:ok	:read	[]
2024-11-28 00:00:38,183{GMT}	INFO	[jepsen worker 0] jepsen.util: 99	:invoke	:read	nil
2024-11-28 00:00:38,185{GMT}	INFO	[jepsen worker 0] jepsen.util: 99	:ok	:read	[]
2024-11-28 00:00:38,212{GMT}	INFO	[jepsen worker 0] jepsen.util: 99	:invoke	:read	nil
2024-11-28 00:00:38,213{GMT}	INFO	[jepsen worker 0] jepsen.util: 99	:ok	:read	[]
2024-11-28 00:00:38,336{GMT}	INFO	[jepsen worker 0] jepsen.util: 99	:invoke	:read	nil
2024-11-28 00:00:38,337{GMT}	INFO	[jepsen worker 0] jepsen.util: 99	:ok	:read	[]
2024-11-28 00:00:38,514{GMT}	INFO	[jepsen worker 0] jepsen.util: 99	:invoke	:broadcast	99
2024-11-28 00:00:38,516{GMT}	INFO	[jepsen worker 0] jepsen.util: 99	:info	:broadcast	99	[:crash "malformed message"]
2024-11-28 00:00:38,517{GMT}	INFO	[jepsen worker 0] jepsen.util: 100	:invoke	:read	nil
2024-11-28 00:00:38,518{GMT}	INFO	[jepsen worker 0] jepsen.util: 100	:ok	:read	[]
2024-11-28 00:00:38,579{GMT}	INFO	[jepsen worker 0] jepsen.util: 100	:invoke	:broadcast	100
2024-11-28 00:00:38,581{GMT}	INFO	[jepsen worker 0] jepsen.util: 100	:info	:broadcast	100	[:crash "malformed message"]
2024-11-28 00:00:38,655{GMT}	INFO	[jepsen worker 0] jepsen.util: 101	:invoke	:read	nil
2024-11-28 00:00:38,657{GMT}	INFO	[jepsen worker 0] jepsen.util: 101	:ok	:read	[]
2024-11-28 00:00:38,782{GMT}	INFO	[jepsen worker 0] jepsen.util: 101	:invoke	:broadcast	101
2024-11-28 00:00:38,785{GMT}	INFO	[jepsen worker 0] jepsen.util: 101	:info	:broadcast	101	[:crash "malformed message"]
2024-11-28 00:00:38,832{GMT}	INFO	[jepsen worker 0] jepsen.util: 102	:invoke	:read	nil
2024-11-28 00:00:38,833{GMT}	INFO	[jepsen worker 0] jepsen.util: 102	:ok	:read	[]
2024-11-28 00:00:38,997{GMT}	INFO	[jepsen worker 0] jepsen.util: 102	:invoke	:read	nil
2024-11-28 00:00:39,000{GMT}	INFO	[jepsen worker 0] jepsen.util: 102	:ok	:read	[]
2024-11-28 00:00:39,030{GMT}	INFO	[jepsen worker 0] jepsen.util: 102	:invoke	:read	nil
2024-11-28 00:00:39,034{GMT}	INFO	[jepsen worker 0] jepsen.util: 102	:ok	:read	[]
2024-11-28 00:00:39,156{GMT}	INFO	[jepsen worker 0] jepsen.util: 102	:invoke	:read	nil
2024-11-28 00:00:39,158{GMT}	INFO	[jepsen worker 0] jepsen.util: 102	:ok	:read	[]
2024-11-28 00:00:39,255{GMT}	INFO	[jepsen worker 0] jepsen.util: 102	:invoke	:broadcast	102
2024-11-28 00:00:39,258{GMT}	INFO	[jepsen worker 0] jepsen.util: 102	:info	:broadcast	102	[:crash "malformed message"]
2024-11-28 00:00:39,286{GMT}	INFO	[jepsen worker 0] jepsen.util: 103	:invoke	:read	nil
2024-11-28 00:00:39,288{GMT}	INFO	[jepsen worker 0] jepsen.util: 103	:ok	:read	[]
2024-11-28 00:00:39,313{GMT}	INFO	[jepsen worker 0] jepsen.util: 103	:invoke	:broadcast	103
2024-11-28 00:00:39,314{GMT}	INFO	[jepsen worker 0] jepsen.util: 103	:info	:broadcast	103	[:crash "malformed message"]
2024-11-28 00:00:39,348{GMT}	INFO	[jepsen worker 0] jepsen.util: 104	:invoke	:broadcast	104
2024-11-28 00:00:39,349{GMT}	INFO	[jepsen worker 0] jepsen.util: 104	:info	:broadcast	104	[:crash "malformed message"]
2024-11-28 00:00:39,469{GMT}	INFO	[jepsen worker 0] jepsen.util: 105	:invoke	:read	nil
2024-11-28 00:00:39,471{GMT}	INFO	[jepsen worker 0] jepsen.util: 105	:ok	:read	[]
2024-11-28 00:00:39,647{GMT}	INFO	[jepsen worker 0] jepsen.util: 105	:invoke	:read	nil
2024-11-28 00:00:39,649{GMT}	INFO	[jepsen worker 0] jepsen.util: 105	:ok	:read	[]
2024-11-28 00:00:39,702{GMT}	INFO	[jepsen worker 0] jepsen.util: 105	:invoke	:read	nil
2024-11-28 00:00:39,704{GMT}	INFO	[jepsen worker 0] jepsen.util: 105	:ok	:read	[]
2024-11-28 00:00:39,879{GMT}	INFO	[jepsen worker 0] jepsen.util: 105	:invoke	:broadcast	105
2024-11-28 00:00:39,882{GMT}	INFO	[jepsen worker 0] jepsen.util: 105	:info	:broadcast	105	[:crash "malformed message"]
2024-11-28 00:00:39,887{GMT}	INFO	[jepsen worker 0] jepsen.util: 106	:invoke	:read	nil
2024-11-28 00:00:39,888{GMT}	INFO	[jepsen worker 0] jepsen.util: 106	:ok	:read	[]
2024-11-28 00:00:39,893{GMT}	INFO	[jepsen worker 0] jepsen.util: 106	:invoke	:read	nil
2024-11-28 00:00:39,893{GMT}	INFO	[jepsen worker 0] jepsen.util: 106	:ok	:read	[]
2024-11-28 00:00:39,995{GMT}	INFO	[jepsen worker 0] jepsen.util: 106	:invoke	:read	nil
2024-11-28 00:00:39,997{GMT}	INFO	[jepsen worker 0] jepsen.util: 106	:ok	:read	[]
2024-11-28 00:00:40,084{GMT}	INFO	[jepsen worker 0] jepsen.util: 106	:invoke	:read	nil
2024-11-28 00:00:40,086{GMT}	INFO	[jepsen worker 0] jepsen.util: 106	:ok	:read	[]
2024-11-28 00:00:40,210{GMT}	INFO	[jepsen worker 0] jepsen.util: 106	:invoke	:broadcast	106
2024-11-28 00:00:40,213{GMT}	INFO	[jepsen worker 0] jepsen.util: 106	:info	:broadcast	106	[:crash "malformed message"]
2024-11-28 00:00:40,394{GMT}	INFO	[jepsen worker 0] jepsen.util: 107	:invoke	:broadcast	107
2024-11-28 00:00:40,397{GMT}	INFO	[jepsen worker 0] jepsen.util: 107	:info	:broadcast	107	[:crash "malformed message"]
2024-11-28 00:00:40,556{GMT}	INFO	[jepsen worker 0] jepsen.util: 108	:invoke	:read	nil
2024-11-28 00:00:40,558{GMT}	INFO	[jepsen worker 0] jepsen.util: 108	:ok	:read	[]
2024-11-28 00:00:40,579{GMT}	INFO	[jepsen worker 0] jepsen.util: 108	:invoke	:broadcast	108
2024-11-28 00:00:40,581{GMT}	INFO	[jepsen worker 0] jepsen.util: 108	:info	:broadcast	108	[:crash "malformed message"]
2024-11-28 00:00:40,582{GMT}	INFO	[jepsen worker nemesis] jepsen.generator.interpreter: Waiting for recovery...
2024-11-28 00:00:50,587{GMT}	INFO	[jepsen worker 0] jepsen.util: 109	:invoke	:read	nil
2024-11-28 00:00:50,589{GMT}	INFO	[jepsen worker 0] jepsen.util: 109	:ok	:read	[]
2024-11-28 00:00:50,604{GMT}	INFO	[jepsen test runner] jepsen.core: Run complete, writing
2024-11-28 00:00:50,634{GMT}	INFO	[jepsen node n0] maelstrom.db: Tearing down n0
2024-11-28 00:00:52,477{GMT}	INFO	[jepsen node n0] maelstrom.net: Shutting down Maelstrom network
2024-11-28 00:00:52,479{GMT}	INFO	[jepsen test runner] jepsen.core: Analyzing...
2024-11-28 00:00:52,812{GMT}	INFO	[jepsen test runner] jepsen.core: Analysis complete
2024-11-28 00:00:52,818{GMT}	INFO	[jepsen results] jepsen.store: Wrote /Users/alex/Workspace/maelstrom/maelstrom-broadcast/store/broadcast/20241128T000019.422-0500/results.edn
2024-11-28 00:00:52,833{GMT}	INFO	[jepsen test runner] jepsen.core: {:perf {:latency-graph {:valid? true},
        :rate-graph {:valid? true},
        :valid? true},
 :timeline {:valid? true},
 :exceptions {:valid? true},
 :stats {:valid? false,
         :count 208,
         :ok-count 99,
         :fail-count 0,
         :info-count 109,
         :by-f {:broadcast {:valid? false,
                            :count 109,
                            :ok-count 0,
                            :fail-count 0,
                            :info-count 109},
                :read {:valid? true,
                       :count 99,
                       :ok-count 99,
                       :fail-count 0,
                       :info-count 0}}},
 :availability {:valid? true, :ok-fraction 0.47596154},
 :net {:all {:send-count 420,
             :recv-count 420,
             :msg-count 420,
             :msgs-per-op 2.0192308},
       :clients {:send-count 420, :recv-count 420, :msg-count 420},
       :servers {:send-count 0,
                 :recv-count 0,
                 :msg-count 0,
                 :msgs-per-op 0.0},
       :valid? true},
 :workload {:worst-stale (),
            :duplicated-count 0,
            :valid? :unknown,
            :lost-count 0,
            :lost (),
            :stable-count 0,
            :stale-count 0,
            :stale (),
            :never-read-count 109,
            :attempt-count 109,
            :never-read (0
                         1
                         2
                         3
                         4
                         5
                         6
                         7
                         8
                         9
                         10
                         11
                         12
                         13
                         14
                         15
                         16
                         17
                         18
                         19
                         20
                         21
                         22
                         23
                         24
                         25
                         26
                         27
                         28
                         29
                         30
                         31
                         32
                         33
                         34
                         35
                         36
                         37
                         38
                         39
                         40
                         41
                         42
                         43
                         44
                         45
                         46
                         47
                         48
                         49
                         50
                         51
                         52
                         53
                         54
                         55
                         56
                         57
                         58
                         59
                         60
                         61
                         62
                         63
                         64
                         65
                         66
                         67
                         68
                         69
                         70
                         71
                         72
                         73
                         74
                         75
                         76
                         77
                         78
                         79
                         80
                         81
                         82
                         83
                         84
                         85
                         86
                         87
                         88
                         89
                         90
                         91
                         92
                         93
                         94
                         95
                         96
                         97
                         98
                         99
                         100
                         101
                         102
                         103
                         104
                         105
                         106
                         107
                         108),
            :duplicated {}},
 :valid? false}


Analysis invalid! ( 
