2024/11/28 00:00:20 Received {c0 n0 {"type":"init","node_id":"n0","node_ids":["n0"],"msg_id":1}}
2024/11/28 00:00:20 Node n0 initialized
2024/11/28 00:00:20 Sent {"src":"n0","dest":"c0","body":{"in_reply_to":1,"type":"init_ok"}}
2024/11/28 00:00:20 Received {c1 n0 {"type":"topology","topology":{"n0":[]},"msg_id":1}}
2024/11/28 00:00:20 Sent {"src":"n0","dest":"c1","body":{"in_reply_to":1,"type":"topology_ok"}}
2024/11/28 00:00:20 Received {c2 n0 {"type":"broadcast","message":0,"msg_id":1}}
2024/11/28 00:00:20 Exception handling maelstrom.Message{Src:"c2", Dest:"n0", Body:json.RawMessage{0x7b, 0x22, 0x74, 0x79, 0x70, 0x65, 0x22, 0x3a, 0x22, 0x62, 0x72, 0x6f, 0x61, 0x64, 0x63, 0x61, 0x73, 0x74, 0x22, 0x2c, 0x22, 0x6d, 0x65, 0x73, 0x73, 0x61, 0x67, 0x65, 0x22, 0x3a, 0x30, 0x2c, 0x22, 0x6d, 0x73, 0x67, 0x5f, 0x69, 0x64, 0x22, 0x3a, 0x31, 0x7d}}:
malformed message
2024/11/28 00:00:20 Sent {"src":"n0","dest":"c2","body":{"code":13,"in_reply_to":1,"text":"malformed message","type":"error"}}
2024/11/28 00:00:20 Received {c3 n0 {"type":"broadcast","message":1,"msg_id":1}}
2024/11/28 00:00:20 Exception handling maelstrom.Message{Src:"c3", Dest:"n0", Body:json.RawMessage{0x7b, 0x22, 0x74, 0x79, 0x70, 0x65, 0x22, 0x3a, 0x22, 0x62, 0x72, 0x6f, 0x61, 0x64, 0x63, 0x61, 0x73, 0x74, 0x22, 0x2c, 0x22, 0x6d, 0x65, 0x73, 0x73, 0x61, 0x67, 0x65, 0x22, 0x3a, 0x31, 0x2c, 0x22, 0x6d, 0x73, 0x67, 0x5f, 0x69, 0x64, 0x22, 0x3a, 0x31, 0x7d}}:
malformed message
2024/11/28 00:00:20 Sent {"src":"n0","dest":"c3","body":{"code":13,"in_reply_to":1,"text":"malformed message","type":"error"}}
2024/11/28 00:00:20 Received {c4 n0 {"type":"read","msg_id":1}}
2024/11/28 00:00:20 Sent {"src":"n0","dest":"c4","body":{"in_reply_to":1,"messages":[],"type":"read_ok"}}
2024/11/28 00:00:20 Received {c4 n0 {"type":"read","msg_id":2}}
2024/11/28 00:00:20 Sent {"src":"n0","dest":"c4","body":{"in_reply_to":2,"messages":[],"type":"read_ok"}}
2024/11/28 00:00:20 Received {c4 n0 {"type":"read","msg_id":3}}
2024/11/28 00:00:20 Sent {"src":"n0","dest":"c4","body":{"in_reply_to":3,"messages":[],"type":"read_ok"}}
2024/11/28 00:00:21 Received {c4 n0 {"type":"read","msg_id":4}}
2024/11/28 00:00:21 Sent {"src":"n0","dest":"c4","body":{"in_reply_to":4,"messages":[],"type":"read_ok"}}
2024/11/28 00:00:21 Received {c4 n0 {"type":"read","msg_id":5}}
2024/11/28 00:00:21 Sent {"src":"n0","dest":"c4","body":{"in_reply_to":5,"messages":[],"type":"read_ok"}}
2024/11/28 00:00:21 Received {c4 n0 {"type":"broadcast","message":2,"msg_id":6}}
2024/11/28 00:00:21 Exception handling maelstrom.Message{Src:"c4", Dest:"n0", Body:json.RawMessage{0x7b, 0x22, 0x74, 0x79, 0x70, 0x65, 0x22, 0x3a, 0x22, 0x62, 0x72, 0x6f, 0x61, 0x64, 0x63, 0x61, 0x73, 0x74, 0x22, 0x2c, 0x22, 0x6d, 0x65, 0x73, 0x73, 0x61, 0x67, 0x65, 0x22, 0x3a, 0x32, 0x2c, 0x22, 0x6d, 0x73, 0x67, 0x5f, 0x69, 0x64, 0x22, 0x3a, 0x36, 0x7d}}:
malformed message
2024/11/28 00:00:21 Sent {"src":"n0","dest":"c4","body":{"code":13,"in_reply_to":6,"text":"malformed message","type":"error"}}
2024/11/28 00:00:21 Received {c5 n0 {"type":"broadcast","message":3,"msg_id":1}}
2024/11/28 00:00:21 Exception handling maelstrom.Message{Src:"c5", Dest:"n0", Body:json.RawMessage{0x7b, 0x22, 0x74, 0x79, 0x70, 0x65, 0x22, 0x3a, 0x22, 0x62, 0x72, 0x6f, 0x61, 0x64, 0x63, 0x61, 0x73, 0x74, 0x22, 0x2c, 0x22, 0x6d, 0x65, 0x73, 0x73, 0x61, 0x67, 0x65, 0x22, 0x3a, 0x33, 0x2c, 0x22, 0x6d, 0x73, 0x67, 0x5f, 0x69, 0x64, 0x22, 0x3a, 0x31, 0x7d}}:
malformed message
2024/11/28 00:00:21 Sent {"src":"n0","dest":"c5","body":{"code":13,"in_reply_to":1,"text":"malformed message","type":"error"}}
2024/11/28 00:00:21 Received {c6 n0 {"type":"read","msg_id":1}}
2024/11/28 00:00:21 Sent {"src":"n0","dest":"c6","body":{"in_reply_to":1,"messages":[],"type":"read_ok"}}
2024/11/28 00:00:21 Received {c6 n0 {"type":"broadcast","message":4,"msg_id":2}}
2024/11/28 00:00:21 Exception handling maelstrom.Message{Src:"c6", Dest:"n0", Body:json.RawMessage{0x7b, 0x22, 0x74, 0x79, 0x70, 0x65, 0x22, 0x3a, 0x22, 0x62, 0x72, 0x6f, 0x61, 0x64, 0x63, 0x61, 0x73, 0x74, 0x22, 0x2c, 0x22, 0x6d, 0x65, 0x73, 0x73, 0x61, 0x67, 0x65, 0x22, 0x3a, 0x34, 0x2c, 0x22, 0x6d, 0x73, 0x67, 0x5f, 0x69, 0x64, 0x22, 0x3a, 0x32, 0x7d}}:
malformed message
2024/11/28 00:00:21 Sent {"src":"n0","dest":"c6","body":{"code":13,"in_reply_to":2,"text":"malformed message","type":"error"}}
2024/11/28 00:00:21 Received {c7 n0 {"type":"broadcast","message":5,"msg_id":1}}
2024/11/28 00:00:21 Exception handling maelstrom.Message{Src:"c7", Dest:"n0", Body:json.RawMessage{0x7b, 0x22, 0x74, 0x79, 0x70, 0x65, 0x22, 0x3a, 0x22, 0x62, 0x72, 0x6f, 0x61, 0x64, 0x63, 0x61, 0x73, 0x74, 0x22, 0x2c, 0x22, 0x6d, 0x65, 0x73, 0x73, 0x61, 0x67, 0x65, 0x22, 0x3a, 0x35, 0x2c, 0x22, 0x6d, 0x73, 0x67, 0x5f, 0x69, 0x64, 0x22, 0x3a, 0x31, 0x7d}}:
malformed message
2024/11/28 00:00:21 Sent {"src":"n0","dest":"c7","body":{"code":13,"in_reply_to":1,"text":"malformed message","type":"error"}}
2024/11/28 00:00:21 Received {c8 n0 {"type":"broadcast","message":6,"msg_id":1}}
2024/11/28 00:00:21 Exception handling maelstrom.Message{Src:"c8", Dest:"n0", Body:json.RawMessage{0x7b, 0x22, 0x74, 0x79, 0x70, 0x65, 0x22, 0x3a, 0x22, 0x62, 0x72, 0x6f, 0x61, 0x64, 0x63, 0x61, 0x73, 0x74, 0x22, 0x2c, 0x22, 0x6d, 0x65, 0x73, 0x73, 0x61, 0x67, 0x65, 0x22, 0x3a, 0x36, 0x2c, 0x22, 0x6d, 0x73, 0x67, 0x5f, 0x69, 0x64, 0x22, 0x3a, 0x31, 0x7d}}:
malformed message
2024/11/28 00:00:21 Sent {"src":"n0","dest":"c8","body":{"code":13,"in_reply_to":1,"text":"malformed message","type":"error"}}
2024/11/28 00:00:21 Received {c9 n0 {"type":"read","msg_id":1}}
2024/11/28 00:00:21 Sent {"src":"n0","dest":"c9","body":{"in_reply_to":1,"messages":[],"type":"read_ok"}}
2024/11/28 00:00:21 Received {c9 n0 {"type":"broadcast","message":7,"msg_id":2}}
2024/11/28 00:00:21 Exception handling maelstrom.Message{Src:"c9", Dest:"n0", Body:json.RawMessage{0x7b, 0x22, 0x74, 0x79, 0x70, 0x65, 0x22, 0x3a, 0x22, 0x62, 0x72, 0x6f, 0x61, 0x64, 0x63, 0x61, 0x73, 0x74, 0x22, 0x2c, 0x22, 0x6d, 0x65, 0x73, 0x73, 0x61, 0x67, 0x65, 0x22, 0x3a, 0x37, 0x2c, 0x22, 0x6d, 0x73, 0x67, 0x5f, 0x69, 0x64, 0x22, 0x3a, 0x32, 0x7d}}:
malformed message
2024/11/28 00:00:21 Sent {"src":"n0","dest":"c9","body":{"code":13,"in_reply_to":2,"text":"malformed message","type":"error"}}
2024/11/28 00:00:22 Received {c10 n0 {"type":"broadcast","message":8,"msg_id":1}}
2024/11/28 00:00:22 Exception handling maelstrom.Message{Src:"c10", Dest:"n0", Body:json.RawMessage{0x7b, 0x22, 0x74, 0x79, 0x70, 0x65, 0x22, 0x3a, 0x22, 0x62, 0x72, 0x6f, 0x61, 0x64, 0x63, 0x61, 0x73, 0x74, 0x22, 0x2c, 0x22, 0x6d, 0x65, 0x73, 0x73, 0x61, 0x67, 0x65, 0x22, 0x3a, 0x38, 0x2c, 0x22, 0x6d, 0x73, 0x67, 0x5f, 0x69, 0x64, 0x22, 0x3a, 0x31, 0x7d}}:
malformed message
2024/11/28 00:00:22 Sent {"src":"n0","dest":"c10","body":{"code":13,"in_reply_to":1,"text":"malformed message","type":"error"}}
2024/11/28 00:00:22 Received {c11 n0 {"type":"read","msg_id":1}}
2024/11/28 00:00:22 Sent {"src":"n0","dest":"c11","body":{"in_reply_to":1,"messages":[],"type":"read_ok"}}
2024/11/28 00:00:22 Received {c11 n0 {"type":"read","msg_id":2}}
2024/11/28 00:00:22 Sent {"src":"n0","dest":"c11","body":{"in_reply_to":2,"messages":[],"type":"read_ok"}}
2024/11/28 00:00:22 Received {c11 n0 {"type":"broadcast","message":9,"msg_id":3}}
2024/11/28 00:00:22 Exception handling maelstrom.Message{Src:"c11", Dest:"n0", Body:json.RawMessage{0x7b, 0x22, 0x74, 0x79, 0x70, 0x65, 0x22, 0x3a, 0x22, 0x62, 0x72, 0x6f, 0x61, 0x64, 0x63, 0x61, 0x73, 0x74, 0x22, 0x2c, 0x22, 0x6d, 0x65, 0x73, 0x73, 0x61, 0x67, 0x65, 0x22, 0x3a, 0x39, 0x2c, 0x22, 0x6d, 0x73, 0x67, 0x5f, 0x69, 0x64, 0x22, 0x3a, 0x33, 0x7d}}:
malformed message
2024/11/28 00:00:22 Sent {"src":"n0","dest":"c11","body":{"code":13,"in_reply_to":3,"text":"malformed message","type":"error"}}
2024/11/28 00:00:22 Received {c12 n0 {"type":"broadcast","message":10,"msg_id":1}}
2024/11/28 00:00:22 Exception handling maelstrom.Message{Src:"c12", Dest:"n0", Body:json.RawMessage{0x7b, 0x22, 0x74, 0x79, 0x70, 0x65, 0x22, 0x3a, 0x22, 0x62, 0x72, 0x6f, 0x61, 0x64, 0x63, 0x61, 0x73, 0x74, 0x22, 0x2c, 0x22, 0x6d, 0x65, 0x73, 0x73, 0x61, 0x67, 0x65, 0x22, 0x3a, 0x31, 0x30, 0x2c, 0x22, 0x6d, 0x73, 0x67, 0x5f, 0x69, 0x64, 0x22, 0x3a, 0x31, 0x7d}}:
malformed message
2024/11/28 00:00:22 Sent {"src":"n0","dest":"c12","body":{"code":13,"in_reply_to":1,"text":"malformed message","type":"error"}}
2024/11/28 00:00:22 Received {c13 n0 {"type":"broadcast","message":11,"msg_id":1}}
2024/11/28 00:00:22 Exception handling maelstrom.Message{Src:"c13", Dest:"n0", Body:json.RawMessage{0x7b, 0x22, 0x74, 0x79, 0x70, 0x65, 0x22, 0x3a, 0x22, 0x62, 0x72, 0x6f, 0x61, 0x64, 0x63, 0x61, 0x73, 0x74, 0x22, 0x2c, 0x22, 0x6d, 0x65, 0x73, 0x73, 0x61, 0x67, 0x65, 0x22, 0x3a, 0x31, 0x31, 0x2c, 0x22, 0x6d, 0x73, 0x67, 0x5f, 0x69, 0x64, 0x22, 0x3a, 0x31, 0x7d}}:
malformed message
2024/11/28 00:00:22 Sent {"src":"n0","dest":"c13","body":{"code":13,"in_reply_to":1,"text":"malformed message","type":"error"}}
2024/11/28 00:00:22 Received {c14 n0 {"type":"read","msg_id":1}}
2024/11/28 00:00:22 Sent {"src":"n0","dest":"c14","body":{"in_reply_to":1,"messages":[],"type":"read_ok"}}
2024/11/28 00:00:22 Received {c14 n0 {"type":"read","msg_id":2}}
2024/11/28 00:00:22 Sent {"src":"n0","dest":"c14","body":{"in_reply_to":2,"messages":[],"type":"read_ok"}}
2024/11/28 00:00:23 Received {c14 n0 {"type":"broadcast","message":12,"msg_id":3}}
2024/11/28 00:00:23 Exception handling maelstrom.Message{Src:"c14", Dest:"n0", Body:json.RawMessage{0x7b, 0x22, 0x74, 0x79, 0x70, 0x65, 0x22, 0x3a, 0x22, 0x62, 0x72, 0x6f, 0x61, 0x64, 0x63, 0x61, 0x73, 0x74, 0x22, 0x2c, 0x22, 0x6d, 0x65, 0x73, 0x73, 0x61, 0x67, 0x65, 0x22, 0x3a, 0x31, 0x32, 0x2c, 0x22, 0x6d, 0x73, 0x67, 0x5f, 0x69, 0x64, 0x22, 0x3a, 0x33, 0x7d}}:
malformed message
2024/11/28 00:00:23 Sent {"src":"n0","dest":"c14","body":{"code":13,"in_reply_to":3,"text":"malformed message","type":"error"}}
2024/11/28 00:00:23 Received {c15 n0 {"type":"read","msg_id":1}}
2024/11/28 00:00:23 Sent {"src":"n0","dest":"c15","body":{"in_reply_to":1,"messages":[],"type":"read_ok"}}
2024/11/28 00:00:23 Received {c15 n0 {"type":"read","msg_id":2}}
2024/11/28 00:00:23 Sent {"src":"n0","dest":"c15","body":{"in_reply_to":2,"messages":[],"type":"read_ok"}}
2024/11/28 00:00:23 Received {c15 n0 {"type":"broadcast","message":13,"msg_id":3}}
2024/11/28 00:00:23 Exception handling maelstrom.Message{Src:"c15", Dest:"n0", Body:json.RawMessage{0x7b, 0x22, 0x74, 0x79, 0x70, 0x65, 0x22, 0x3a, 0x22, 0x62, 0x72, 0x6f, 0x61, 0x64, 0x63, 0x61, 0x73, 0x74, 0x22, 0x2c, 0x22, 0x6d, 0x65, 0x73, 0x73, 0x61, 0x67, 0x65, 0x22, 0x3a, 0x31, 0x33, 0x2c, 0x22, 0x6d, 0x73, 0x67, 0x5f, 0x69, 0x64, 0x22, 0x3a, 0x33, 0x7d}}:
malformed message
2024/11/28 00:00:23 Sent {"src":"n0","dest":"c15","body":{"code":13,"in_reply_to":3,"text":"malformed message","type":"error"}}
2024/11/28 00:00:23 Received {c16 n0 {"type":"broadcast","message":14,"msg_id":1}}
2024/11/28 00:00:23 Exception handling maelstrom.Message{Src:"c16", Dest:"n0", Body:json.RawMessage{0x7b, 0x22, 0x74, 0x79, 0x70, 0x65, 0x22, 0x3a, 0x22, 0x62, 0x72, 0x6f, 0x61, 0x64, 0x63, 0x61, 0x73, 0x74, 0x22, 0x2c, 0x22, 0x6d, 0x65, 0x73, 0x73, 0x61, 0x67, 0x65, 0x22, 0x3a, 0x31, 0x34, 0x2c, 0x22, 0x6d, 0x73, 0x67, 0x5f, 0x69, 0x64, 0x22, 0x3a, 0x31, 0x7d}}:
malformed message
2024/11/28 00:00:23 Sent {"src":"n0","dest":"c16","body":{"code":13,"in_reply_to":1,"text":"malformed message","type":"error"}}
2024/11/28 00:00:23 Received {c17 n0 {"type":"broadcast","message":15,"msg_id":1}}
2024/11/28 00:00:23 Exception handling maelstrom.Message{Src:"c17", Dest:"n0", Body:json.RawMessage{0x7b, 0x22, 0x74, 0x79, 0x70, 0x65, 0x22, 0x3a, 0x22, 0x62, 0x72, 0x6f, 0x61, 0x64, 0x63, 0x61, 0x73, 0x74, 0x22, 0x2c, 0x22, 0x6d, 0x65, 0x73, 0x73, 0x61, 0x67, 0x65, 0x22, 0x3a, 0x31, 0x35, 0x2c, 0x22, 0x6d, 0x73, 0x67, 0x5f, 0x69, 0x64, 0x22, 0x3a, 0x31, 0x7d}}:
malformed message
2024/11/28 00:00:23 Sent {"src":"n0","dest":"c17","body":{"code":13,"in_reply_to":1,"text":"malformed message","type":"error"}}
2024/11/28 00:00:23 Received {c18 n0 {"type":"read","msg_id":1}}
2024/11/28 00:00:23 Sent {"src":"n0","dest":"c18","body":{"in_reply_to":1,"messages":[],"type":"read_ok"}}
2024/11/28 00:00:23 Received {c18 n0 {"type":"broadcast","message":16,"msg_id":2}}
2024/11/28 00:00:23 Exception handling maelstrom.Message{Src:"c18", Dest:"n0", Body:json.RawMessage{0x7b, 0x22, 0x74, 0x79, 0x70, 0x65, 0x22, 0x3a, 0x22, 0x62, 0x72, 0x6f, 0x61, 0x64, 0x63, 0x61, 0x73, 0x74, 0x22, 0x2c, 0x22, 0x6d, 0x65, 0x73, 0x73, 0x61, 0x67, 0x65, 0x22, 0x3a, 0x31, 0x36, 0x2c, 0x22, 0x6d, 0x73, 0x67, 0x5f, 0x69, 0x64, 0x22, 0x3a, 0x32, 0x7d}}:
malformed message
2024/11/28 00:00:23 Sent {"src":"n0","dest":"c18","body":{"code":13,"in_reply_to":2,"text":"malformed message","type":"error"}}
2024/11/28 00:00:23 Received {c19 n0 {"type":"broadcast","message":17,"msg_id":1}}
2024/11/28 00:00:23 Exception handling maelstrom.Message{Src:"c19", Dest:"n0", Body:json.RawMessage{0x7b, 0x22, 0x74, 0x79, 0x70, 0x65, 0x22, 0x3a, 0x22, 0x62, 0x72, 0x6f, 0x61, 0x64, 0x63, 0x61, 0x73, 0x74, 0x22, 0x2c, 0x22, 0x6d, 0x65, 0x73, 0x73, 0x61, 0x67, 0x65, 0x22, 0x3a, 0x31, 0x37, 0x2c, 0x22, 0x6d, 0x73, 0x67, 0x5f, 0x69, 0x64, 0x22, 0x3a, 0x31, 0x7d}}:
malformed message
2024/11/28 00:00:23 Sent {"src":"n0","dest":"c19","body":{"code":13,"in_reply_to":1,"text":"malformed message","type":"error"}}
2024/11/28 00:00:23 Received {c20 n0 {"type":"read","msg_id":1}}
2024/11/28 00:00:23 Sent {"src":"n0","dest":"c20","body":{"in_reply_to":1,"messages":[],"type":"read_ok"}}
2024/11/28 00:00:23 Received {c20 n0 {"type":"read","msg_id":2}}
2024/11/28 00:00:23 Sent {"src":"n0","dest":"c20","body":{"in_reply_to":2,"messages":[],"type":"read_ok"}}
2024/11/28 00:00:23 Received {c20 n0 {"type":"read","msg_id":3}}
2024/11/28 00:00:23 Sent {"src":"n0","dest":"c20","body":{"in_reply_to":3,"messages":[],"type":"read_ok"}}
2024/11/28 00:00:24 Received {c20 n0 {"type":"broadcast","message":18,"msg_id":4}}
2024/11/28 00:00:24 Exception handling maelstrom.Message{Src:"c20", Dest:"n0", Body:json.RawMessage{0x7b, 0x22, 0x74, 0x79, 0x70, 0x65, 0x22, 0x3a, 0x22, 0x62, 0x72, 0x6f, 0x61, 0x64, 0x63, 0x61, 0x73, 0x74, 0x22, 0x2c, 0x22, 0x6d, 0x65, 0x73, 0x73, 0x61, 0x67, 0x65, 0x22, 0x3a, 0x31, 0x38, 0x2c, 0x22, 0x6d, 0x73, 0x67, 0x5f, 0x69, 0x64, 0x22, 0x3a, 0x34, 0x7d}}:
malformed message
2024/11/28 00:00:24 Sent {"src":"n0","dest":"c20","body":{"code":13,"in_reply_to":4,"text":"malformed message","type":"error"}}
2024/11/28 00:00:24 Received {c21 n0 {"type":"broadcast","message":19,"msg_id":1}}
2024/11/28 00:00:24 Exception handling maelstrom.Message{Src:"c21", Dest:"n0", Body:json.RawMessage{0x7b, 0x22, 0x74, 0x79, 0x70, 0x65, 0x22, 0x3a, 0x22, 0x62, 0x72, 0x6f, 0x61, 0x64, 0x63, 0x61, 0x73, 0x74, 0x22, 0x2c, 0x22, 0x6d, 0x65, 0x73, 0x73, 0x61, 0x67, 0x65, 0x22, 0x3a, 0x31, 0x39, 0x2c, 0x22, 0x6d, 0x73, 0x67, 0x5f, 0x69, 0x64, 0x22, 0x3a, 0x31, 0x7d}}:
malformed message
2024/11/28 00:00:24 Sent {"src":"n0","dest":"c21","body":{"code":13,"in_reply_to":1,"text":"malformed message","type":"error"}}
2024/11/28 00:00:24 Received {c22 n0 {"type":"broadcast","message":20,"msg_id":1}}
2024/11/28 00:00:24 Exception handling maelstrom.Message{Src:"c22", Dest:"n0", Body:json.RawMessage{0x7b, 0x22, 0x74, 0x79, 0x70, 0x65, 0x22, 0x3a, 0x22, 0x62, 0x72, 0x6f, 0x61, 0x64, 0x63, 0x61, 0x73, 0x74, 0x22, 0x2c, 0x22, 0x6d, 0x65, 0x73, 0x73, 0x61, 0x67, 0x65, 0x22, 0x3a, 0x32, 0x30, 0x2c, 0x22, 0x6d, 0x73, 0x67, 0x5f, 0x69, 0x64, 0x22, 0x3a, 0x31, 0x7d}}:
malformed message
2024/11/28 00:00:24 Sent {"src":"n0","dest":"c22","body":{"code":13,"in_reply_to":1,"text":"malformed message","type":"error"}}
2024/11/28 00:00:24 Received {c23 n0 {"type":"read","msg_id":1}}
2024/11/28 00:00:24 Sent {"src":"n0","dest":"c23","body":{"in_reply_to":1,"messages":[],"type":"read_ok"}}
2024/11/28 00:00:24 Received {c23 n0 {"type":"broadcast","message":21,"msg_id":2}}
2024/11/28 00:00:24 Exception handling maelstrom.Message{Src:"c23", Dest:"n0", Body:json.RawMessage{0x7b, 0x22, 0x74, 0x79, 0x70, 0x65, 0x22, 0x3a, 0x22, 0x62, 0x72, 0x6f, 0x61, 0x64, 0x63, 0x61, 0x73, 0x74, 0x22, 0x2c, 0x22, 0x6d, 0x65, 0x73, 0x73, 0x61, 0x67, 0x65, 0x22, 0x3a, 0x32, 0x31, 0x2c, 0x22, 0x6d, 0x73, 0x67, 0x5f, 0x69, 0x64, 0x22, 0x3a, 0x32, 0x7d}}:
malformed message
2024/11/28 00:00:24 Sent {"src":"n0","dest":"c23","body":{"code":13,"in_reply_to":2,"text":"malformed message","type":"error"}}
2024/11/28 00:00:24 Received {c24 n0 {"type":"read","msg_id":1}}
2024/11/28 00:00:24 Sent {"src":"n0","dest":"c24","body":{"in_reply_to":1,"messages":[],"type":"read_ok"}}
2024/11/28 00:00:24 Received {c24 n0 {"type":"read","msg_id":2}}
2024/11/28 00:00:24 Sent {"src":"n0","dest":"c24","body":{"in_reply_to":2,"messages":[],"type":"read_ok"}}
2024/11/28 00:00:24 Received {c24 n0 {"type":"read","msg_id":3}}
2024/11/28 00:00:24 Sent {"src":"n0","dest":"c24","body":{"in_reply_to":3,"messages":[],"type":"read_ok"}}
2024/11/28 00:00:24 Received {c24 n0 {"type":"read","msg_id":4}}
2024/11/28 00:00:24 Sent {"src":"n0","dest":"c24","body":{"in_reply_to":4,"messages":[],"type":"read_ok"}}
2024/11/28 00:00:24 Received {c24 n0 {"type":"broadcast","message":22,"msg_id":5}}
2024/11/28 00:00:24 Exception handling maelstrom.Message{Src:"c24", Dest:"n0", Body:json.RawMessage{0x7b, 0x22, 0x74, 0x79, 0x70, 0x65, 0x22, 0x3a, 0x22, 0x62, 0x72, 0x6f, 0x61, 0x64, 0x63, 0x61, 0x73, 0x74, 0x22, 0x2c, 0x22, 0x6d, 0x65, 0x73, 0x73, 0x61, 0x67, 0x65, 0x22, 0x3a, 0x32, 0x32, 0x2c, 0x22, 0x6d, 0x73, 0x67, 0x5f, 0x69, 0x64, 0x22, 0x3a, 0x35, 0x7d}}:
malformed message
2024/11/28 00:00:24 Sent {"src":"n0","dest":"c24","body":{"code":13,"in_reply_to":5,"text":"malformed message","type":"error"}}
2024/11/28 00:00:24 Received {c25 n0 {"type":"read","msg_id":1}}
2024/11/28 00:00:24 Sent {"src":"n0","dest":"c25","body":{"in_reply_to":1,"messages":[],"type":"read_ok"}}
2024/11/28 00:00:25 Received {c25 n0 {"type":"broadcast","message":23,"msg_id":2}}
2024/11/28 00:00:25 Exception handling maelstrom.Message{Src:"c25", Dest:"n0", Body:json.RawMessage{0x7b, 0x22, 0x74, 0x79, 0x70, 0x65, 0x22, 0x3a, 0x22, 0x62, 0x72, 0x6f, 0x61, 0x64, 0x63, 0x61, 0x73, 0x74, 0x22, 0x2c, 0x22, 0x6d, 0x65, 0x73, 0x73, 0x61, 0x67, 0x65, 0x22, 0x3a, 0x32, 0x33, 0x2c, 0x22, 0x6d, 0x73, 0x67, 0x5f, 0x69, 0x64, 0x22, 0x3a, 0x32, 0x7d}}:
malformed message
2024/11/28 00:00:25 Sent {"src":"n0","dest":"c25","body":{"code":13,"in_reply_to":2,"text":"malformed message","type":"error"}}
2024/11/28 00:00:25 Received {c26 n0 {"type":"broadcast","message":24,"msg_id":1}}
2024/11/28 00:00:25 Exception handling maelstrom.Message{Src:"c26", Dest:"n0", Body:json.RawMessage{0x7b, 0x22, 0x74, 0x79, 0x70, 0x65, 0x22, 0x3a, 0x22, 0x62, 0x72, 0x6f, 0x61, 0x64, 0x63, 0x61, 0x73, 0x74, 0x22, 0x2c, 0x22, 0x6d, 0x65, 0x73, 0x73, 0x61, 0x67, 0x65, 0x22, 0x3a, 0x32, 0x34, 0x2c, 0x22, 0x6d, 0x73, 0x67, 0x5f, 0x69, 0x64, 0x22, 0x3a, 0x31, 0x7d}}:
malformed message
2024/11/28 00:00:25 Sent {"src":"n0","dest":"c26","body":{"code":13,"in_reply_to":1,"text":"malformed message","type":"error"}}
2024/11/28 00:00:25 Received {c27 n0 {"type":"broadcast","message":25,"msg_id":1}}
2024/11/28 00:00:25 Exception handling maelstrom.Message{Src:"c27", Dest:"n0", Body:json.RawMessage{0x7b, 0x22, 0x74, 0x79, 0x70, 0x65, 0x22, 0x3a, 0x22, 0x62, 0x72, 0x6f, 0x61, 0x64, 0x63, 0x61, 0x73, 0x74, 0x22, 0x2c, 0x22, 0x6d, 0x65, 0x73, 0x73, 0x61, 0x67, 0x65, 0x22, 0x3a, 0x32, 0x35, 0x2c, 0x22, 0x6d, 0x73, 0x67, 0x5f, 0x69, 0x64, 0x22, 0x3a, 0x31, 0x7d}}:
malformed message
2024/11/28 00:00:25 Sent {"src":"n0","dest":"c27","body":{"code":13,"in_reply_to":1,"text":"malformed message","type":"error"}}
2024/11/28 00:00:25 Received {c28 n0 {"type":"broadcast","message":26,"msg_id":1}}
2024/11/28 00:00:25 Exception handling maelstrom.Message{Src:"c28", Dest:"n0", Body:json.RawMessage{0x7b, 0x22, 0x74, 0x79, 0x70, 0x65, 0x22, 0x3a, 0x22, 0x62, 0x72, 0x6f, 0x61, 0x64, 0x63, 0x61, 0x73, 0x74, 0x22, 0x2c, 0x22, 0x6d, 0x65, 0x73, 0x73, 0x61, 0x67, 0x65, 0x22, 0x3a, 0x32, 0x36, 0x2c, 0x22, 0x6d, 0x73, 0x67, 0x5f, 0x69, 0x64, 0x22, 0x3a, 0x31, 0x7d}}:
malformed message
2024/11/28 00:00:25 Sent {"src":"n0","dest":"c28","body":{"code":13,"in_reply_to":1,"text":"malformed message","type":"error"}}
2024/11/28 00:00:25 Received {c29 n0 {"type":"broadcast","message":27,"msg_id":1}}
2024/11/28 00:00:25 Exception handling maelstrom.Message{Src:"c29", Dest:"n0", Body:json.RawMessage{0x7b, 0x22, 0x74, 0x79, 0x70, 0x65, 0x22, 0x3a, 0x22, 0x62, 0x72, 0x6f, 0x61, 0x64, 0x63, 0x61, 0x73, 0x74, 0x22, 0x2c, 0x22, 0x6d, 0x65, 0x73, 0x73, 0x61, 0x67, 0x65, 0x22, 0x3a, 0x32, 0x37, 0x2c, 0x22, 0x6d, 0x73, 0x67, 0x5f, 0x69, 0x64, 0x22, 0x3a, 0x31, 0x7d}}:
malformed message
2024/11/28 00:00:25 Sent {"src":"n0","dest":"c29","body":{"code":13,"in_reply_to":1,"text":"malformed message","type":"error"}}
2024/11/28 00:00:25 Received {c30 n0 {"type":"read","msg_id":1}}
2024/11/28 00:00:25 Sent {"src":"n0","dest":"c30","body":{"in_reply_to":1,"messages":[],"type":"read_ok"}}
2024/11/28 00:00:25 Received {c30 n0 {"type":"broadcast","message":28,"msg_id":2}}
2024/11/28 00:00:25 Exception handling maelstrom.Message{Src:"c30", Dest:"n0", Body:json.RawMessage{0x7b, 0x22, 0x74, 0x79, 0x70, 0x65, 0x22, 0x3a, 0x22, 0x62, 0x72, 0x6f, 0x61, 0x64, 0x63, 0x61, 0x73, 0x74, 0x22, 0x2c, 0x22, 0x6d, 0x65, 0x73, 0x73, 0x61, 0x67, 0x65, 0x22, 0x3a, 0x32, 0x38, 0x2c, 0x22, 0x6d, 0x73, 0x67, 0x5f, 0x69, 0x64, 0x22, 0x3a, 0x32, 0x7d}}:
malformed message
2024/11/28 00:00:25 Sent {"src":"n0","dest":"c30","body":{"code":13,"in_reply_to":2,"text":"malformed message","type":"error"}}
2024/11/28 00:00:25 Received {c31 n0 {"type":"read","msg_id":1}}
2024/11/28 00:00:25 Sent {"src":"n0","dest":"c31","body":{"in_reply_to":1,"messages":[],"type":"read_ok"}}
2024/11/28 00:00:25 Received {c31 n0 {"type":"broadcast","message":29,"msg_id":2}}
2024/11/28 00:00:25 Exception handling maelstrom.Message{Src:"c31", Dest:"n0", Body:json.RawMessage{0x7b, 0x22, 0x74, 0x79, 0x70, 0x65, 0x22, 0x3a, 0x22, 0x62, 0x72, 0x6f, 0x61, 0x64, 0x63, 0x61, 0x73, 0x74, 0x22, 0x2c, 0x22, 0x6d, 0x65, 0x73, 0x73, 0x61, 0x67, 0x65, 0x22, 0x3a, 0x32, 0x39, 0x2c, 0x22, 0x6d, 0x73, 0x67, 0x5f, 0x69, 0x64, 0x22, 0x3a, 0x32, 0x7d}}:
malformed message
2024/11/28 00:00:25 Sent {"src":"n0","dest":"c31","body":{"code":13,"in_reply_to":2,"text":"malformed message","type":"error"}}
2024/11/28 00:00:26 Received {c32 n0 {"type":"read","msg_id":1}}
2024/11/28 00:00:26 Sent {"src":"n0","dest":"c32","body":{"in_reply_to":1,"messages":[],"type":"read_ok"}}
2024/11/28 00:00:26 Received {c32 n0 {"type":"broadcast","message":30,"msg_id":2}}
2024/11/28 00:00:26 Exception handling maelstrom.Message{Src:"c32", Dest:"n0", Body:json.RawMessage{0x7b, 0x22, 0x74, 0x79, 0x70, 0x65, 0x22, 0x3a, 0x22, 0x62, 0x72, 0x6f, 0x61, 0x64, 0x63, 0x61, 0x73, 0x74, 0x22, 0x2c, 0x22, 0x6d, 0x65, 0x73, 0x73, 0x61, 0x67, 0x65, 0x22, 0x3a, 0x33, 0x30, 0x2c, 0x22, 0x6d, 0x73, 0x67, 0x5f, 0x69, 0x64, 0x22, 0x3a, 0x32, 0x7d}}:
malformed message
2024/11/28 00:00:26 Sent {"src":"n0","dest":"c32","body":{"code":13,"in_reply_to":2,"text":"malformed message","type":"error"}}
2024/11/28 00:00:26 Received {c33 n0 {"type":"broadcast","message":31,"msg_id":1}}
2024/11/28 00:00:26 Exception handling maelstrom.Message{Src:"c33", Dest:"n0", Body:json.RawMessage{0x7b, 0x22, 0x74, 0x79, 0x70, 0x65, 0x22, 0x3a, 0x22, 0x62, 0x72, 0x6f, 0x61, 0x64, 0x63, 0x61, 0x73, 0x74, 0x22, 0x2c, 0x22, 0x6d, 0x65, 0x73, 0x73, 0x61, 0x67, 0x65, 0x22, 0x3a, 0x33, 0x31, 0x2c, 0x22, 0x6d, 0x73, 0x67, 0x5f, 0x69, 0x64, 0x22, 0x3a, 0x31, 0x7d}}:
malformed message
2024/11/28 00:00:26 Sent {"src":"n0","dest":"c33","body":{"code":13,"in_reply_to":1,"text":"malformed message","type":"error"}}
2024/11/28 00:00:26 Received {c34 n0 {"type":"read","msg_id":1}}
2024/11/28 00:00:26 Sent {"src":"n0","dest":"c34","body":{"in_reply_to":1,"messages":[],"type":"read_ok"}}
2024/11/28 00:00:26 Received {c34 n0 {"type":"read","msg_id":2}}
2024/11/28 00:00:26 Sent {"src":"n0","dest":"c34","body":{"in_reply_to":2,"messages":[],"type":"read_ok"}}
2024/11/28 00:00:26 Received {c34 n0 {"type":"broadcast","message":32,"msg_id":3}}
2024/11/28 00:00:26 Exception handling maelstrom.Message{Src:"c34", Dest:"n0", Body:json.RawMessage{0x7b, 0x22, 0x74, 0x79, 0x70, 0x65, 0x22, 0x3a, 0x22, 0x62, 0x72, 0x6f, 0x61, 0x64, 0x63, 0x61, 0x73, 0x74, 0x22, 0x2c, 0x22, 0x6d, 0x65, 0x73, 0x73, 0x61, 0x67, 0x65, 0x22, 0x3a, 0x33, 0x32, 0x2c, 0x22, 0x6d, 0x73, 0x67, 0x5f, 0x69, 0x64, 0x22, 0x3a, 0x33, 0x7d}}:
malformed message
2024/11/28 00:00:26 Sent {"src":"n0","dest":"c34","body":{"code":13,"in_reply_to":3,"text":"malformed message","type":"error"}}
2024/11/28 00:00:26 Received {c35 n0 {"type":"read","msg_id":1}}
2024/11/28 00:00:26 Sent {"src":"n0","dest":"c35","body":{"in_reply_to":1,"messages":[],"type":"read_ok"}}
2024/11/28 00:00:26 Received {c35 n0 {"type":"broadcast","message":33,"msg_id":2}}
2024/11/28 00:00:26 Exception handling maelstrom.Message{Src:"c35", Dest:"n0", Body:json.RawMessage{0x7b, 0x22, 0x74, 0x79, 0x70, 0x65, 0x22, 0x3a, 0x22, 0x62, 0x72, 0x6f, 0x61, 0x64, 0x63, 0x61, 0x73, 0x74, 0x22, 0x2c, 0x22, 0x6d, 0x65, 0x73, 0x73, 0x61, 0x67, 0x65, 0x22, 0x3a, 0x33, 0x33, 0x2c, 0x22, 0x6d, 0x73, 0x67, 0x5f, 0x69, 0x64, 0x22, 0x3a, 0x32, 0x7d}}:
malformed message
2024/11/28 00:00:26 Sent {"src":"n0","dest":"c35","body":{"code":13,"in_reply_to":2,"text":"malformed message","type":"error"}}
2024/11/28 00:00:26 Received {c36 n0 {"type":"broadcast","message":34,"msg_id":1}}
2024/11/28 00:00:26 Exception handling maelstrom.Message{Src:"c36", Dest:"n0", Body:json.RawMessage{0x7b, 0x22, 0x74, 0x79, 0x70, 0x65, 0x22, 0x3a, 0x22, 0x62, 0x72, 0x6f, 0x61, 0x64, 0x63, 0x61, 0x73, 0x74, 0x22, 0x2c, 0x22, 0x6d, 0x65, 0x73, 0x73, 0x61, 0x67, 0x65, 0x22, 0x3a, 0x33, 0x34, 0x2c, 0x22, 0x6d, 0x73, 0x67, 0x5f, 0x69, 0x64, 0x22, 0x3a, 0x31, 0x7d}}:
malformed message
2024/11/28 00:00:26 Sent {"src":"n0","dest":"c36","body":{"code":13,"in_reply_to":1,"text":"malformed message","type":"error"}}
2024/11/28 00:00:26 Received {c37 n0 {"type":"broadcast","message":35,"msg_id":1}}
2024/11/28 00:00:26 Exception handling maelstrom.Message{Src:"c37", Dest:"n0", Body:json.RawMessage{0x7b, 0x22, 0x74, 0x79, 0x70, 0x65, 0x22, 0x3a, 0x22, 0x62, 0x72, 0x6f, 0x61, 0x64, 0x63, 0x61, 0x73, 0x74, 0x22, 0x2c, 0x22, 0x6d, 0x65, 0x73, 0x73, 0x61, 0x67, 0x65, 0x22, 0x3a, 0x33, 0x35, 0x2c, 0x22, 0x6d, 0x73, 0x67, 0x5f, 0x69, 0x64, 0x22, 0x3a, 0x31, 0x7d}}:
malformed message
2024/11/28 00:00:26 Sent {"src":"n0","dest":"c37","body":{"code":13,"in_reply_to":1,"text":"malformed message","type":"error"}}
2024/11/28 00:00:27 Received {c38 n0 {"type":"broadcast","message":36,"msg_id":1}}
2024/11/28 00:00:27 Exception handling maelstrom.Message{Src:"c38", Dest:"n0", Body:json.RawMessage{0x7b, 0x22, 0x74, 0x79, 0x70, 0x65, 0x22, 0x3a, 0x22, 0x62, 0x72, 0x6f, 0x61, 0x64, 0x63, 0x61, 0x73, 0x74, 0x22, 0x2c, 0x22, 0x6d, 0x65, 0x73, 0x73, 0x61, 0x67, 0x65, 0x22, 0x3a, 0x33, 0x36, 0x2c, 0x22, 0x6d, 0x73, 0x67, 0x5f, 0x69, 0x64, 0x22, 0x3a, 0x31, 0x7d}}:
malformed message
2024/11/28 00:00:27 Sent {"src":"n0","dest":"c38","body":{"code":13,"in_reply_to":1,"text":"malformed message","type":"error"}}
2024/11/28 00:00:27 Received {c39 n0 {"type":"read","msg_id":1}}
2024/11/28 00:00:27 Sent {"src":"n0","dest":"c39","body":{"in_reply_to":1,"messages":[],"type":"read_ok"}}
2024/11/28 00:00:27 Received {c39 n0 {"type":"read","msg_id":2}}
2024/11/28 00:00:27 Sent {"src":"n0","dest":"c39","body":{"in_reply_to":2,"messages":[],"type":"read_ok"}}
2024/11/28 00:00:27 Received {c39 n0 {"type":"read","msg_id":3}}
2024/11/28 00:00:27 Sent {"src":"n0","dest":"c39","body":{"in_reply_to":3,"messages":[],"type":"read_ok"}}
2024/11/28 00:00:27 Received {c39 n0 {"type":"broadcast","message":37,"msg_id":4}}
2024/11/28 00:00:27 Exception handling maelstrom.Message{Src:"c39", Dest:"n0", Body:json.RawMessage{0x7b, 0x22, 0x74, 0x79, 0x70, 0x65, 0x22, 0x3a, 0x22, 0x62, 0x72, 0x6f, 0x61, 0x64, 0x63, 0x61, 0x73, 0x74, 0x22, 0x2c, 0x22, 0x6d, 0x65, 0x73, 0x73, 0x61, 0x67, 0x65, 0x22, 0x3a, 0x33, 0x37, 0x2c, 0x22, 0x6d, 0x73, 0x67, 0x5f, 0x69, 0x64, 0x22, 0x3a, 0x34, 0x7d}}:
malformed message
2024/11/28 00:00:27 Sent {"src":"n0","dest":"c39","body":{"code":13,"in_reply_to":4,"text":"malformed message","type":"error"}}
2024/11/28 00:00:27 Received {c40 n0 {"type":"broadcast","message":38,"msg_id":1}}
2024/11/28 00:00:27 Exception handling maelstrom.Message{Src:"c40", Dest:"n0", Body:json.RawMessage{0x7b, 0x22, 0x74, 0x79, 0x70, 0x65, 0x22, 0x3a, 0x22, 0x62, 0x72, 0x6f, 0x61, 0x64, 0x63, 0x61, 0x73, 0x74, 0x22, 0x2c, 0x22, 0x6d, 0x65, 0x73, 0x73, 0x61, 0x67, 0x65, 0x22, 0x3a, 0x33, 0x38, 0x2c, 0x22, 0x6d, 0x73, 0x67, 0x5f, 0x69, 0x64, 0x22, 0x3a, 0x31, 0x7d}}:
malformed message
2024/11/28 00:00:27 Sent {"src":"n0","dest":"c40","body":{"code":13,"in_reply_to":1,"text":"malformed message","type":"error"}}
2024/11/28 00:00:27 Received {c41 n0 {"type":"broadcast","message":39,"msg_id":1}}
2024/11/28 00:00:27 Exception handling maelstrom.Message{Src:"c41", Dest:"n0", Body:json.RawMessage{0x7b, 0x22, 0x74, 0x79, 0x70, 0x65, 0x22, 0x3a, 0x22, 0x62, 0x72, 0x6f, 0x61, 0x64, 0x63, 0x61, 0x73, 0x74, 0x22, 0x2c, 0x22, 0x6d, 0x65, 0x73, 0x73, 0x61, 0x67, 0x65, 0x22, 0x3a, 0x33, 0x39, 0x2c, 0x22, 0x6d, 0x73, 0x67, 0x5f, 0x69, 0x64, 0x22, 0x3a, 0x31, 0x7d}}:
malformed message
2024/11/28 00:00:27 Sent {"src":"n0","dest":"c41","body":{"code":13,"in_reply_to":1,"text":"malformed message","type":"error"}}
2024/11/28 00:00:27 Received {c42 n0 {"type":"read","msg_id":1}}
2024/11/28 00:00:27 Sent {"src":"n0","dest":"c42","body":{"in_reply_to":1,"messages":[],"type":"read_ok"}}
2024/11/28 00:00:27 Received {c42 n0 {"type":"read","msg_id":2}}
2024/11/28 00:00:27 Sent {"src":"n0","dest":"c42","body":{"in_reply_to":2,"messages":[],"type":"read_ok"}}
2024/11/28 00:00:27 Received {c42 n0 {"type":"read","msg_id":3}}
2024/11/28 00:00:27 Sent {"src":"n0","dest":"c42","body":{"in_reply_to":3,"messages":[],"type":"read_ok"}}
2024/11/28 00:00:27 Received {c42 n0 {"type":"broadcast","message":40,"msg_id":4}}
2024/11/28 00:00:27 Exception handling maelstrom.Message{Src:"c42", Dest:"n0", Body:json.RawMessage{0x7b, 0x22, 0x74, 0x79, 0x70, 0x65, 0x22, 0x3a, 0x22, 0x62, 0x72, 0x6f, 0x61, 0x64, 0x63, 0x61, 0x73, 0x74, 0x22, 0x2c, 0x22, 0x6d, 0x65, 0x73, 0x73, 0x61, 0x67, 0x65, 0x22, 0x3a, 0x34, 0x30, 0x2c, 0x22, 0x6d, 0x73, 0x67, 0x5f, 0x69, 0x64, 0x22, 0x3a, 0x34, 0x7d}}:
malformed message
2024/11/28 00:00:27 Sent {"src":"n0","dest":"c42","body":{"code":13,"in_reply_to":4,"text":"malformed message","type":"error"}}
2024/11/28 00:00:28 Received {c43 n0 {"type":"broadcast","message":41,"msg_id":1}}
2024/11/28 00:00:28 Exception handling maelstrom.Message{Src:"c43", Dest:"n0", Body:json.RawMessage{0x7b, 0x22, 0x74, 0x79, 0x70, 0x65, 0x22, 0x3a, 0x22, 0x62, 0x72, 0x6f, 0x61, 0x64, 0x63, 0x61, 0x73, 0x74, 0x22, 0x2c, 0x22, 0x6d, 0x65, 0x73, 0x73, 0x61, 0x67, 0x65, 0x22, 0x3a, 0x34, 0x31, 0x2c, 0x22, 0x6d, 0x73, 0x67, 0x5f, 0x69, 0x64, 0x22, 0x3a, 0x31, 0x7d}}:
malformed message
2024/11/28 00:00:28 Sent {"src":"n0","dest":"c43","body":{"code":13,"in_reply_to":1,"text":"malformed message","type":"error"}}
2024/11/28 00:00:28 Received {c44 n0 {"type":"broadcast","message":42,"msg_id":1}}
2024/11/28 00:00:28 Exception handling maelstrom.Message{Src:"c44", Dest:"n0", Body:json.RawMessage{0x7b, 0x22, 0x74, 0x79, 0x70, 0x65, 0x22, 0x3a, 0x22, 0x62, 0x72, 0x6f, 0x61, 0x64, 0x63, 0x61, 0x73, 0x74, 0x22, 0x2c, 0x22, 0x6d, 0x65, 0x73, 0x73, 0x61, 0x67, 0x65, 0x22, 0x3a, 0x34, 0x32, 0x2c, 0x22, 0x6d, 0x73, 0x67, 0x5f, 0x69, 0x64, 0x22, 0x3a, 0x31, 0x7d}}:
malformed message
2024/11/28 00:00:28 Sent {"src":"n0","dest":"c44","body":{"code":13,"in_reply_to":1,"text":"malformed message","type":"error"}}
2024/11/28 00:00:28 Received {c45 n0 {"type":"broadcast","message":43,"msg_id":1}}
2024/11/28 00:00:28 Exception handling maelstrom.Message{Src:"c45", Dest:"n0", Body:json.RawMessage{0x7b, 0x22, 0x74, 0x79, 0x70, 0x65, 0x22, 0x3a, 0x22, 0x62, 0x72, 0x6f, 0x61, 0x64, 0x63, 0x61, 0x73, 0x74, 0x22, 0x2c, 0x22, 0x6d, 0x65, 0x73, 0x73, 0x61, 0x67, 0x65, 0x22, 0x3a, 0x34, 0x33, 0x2c, 0x22, 0x6d, 0x73, 0x67, 0x5f, 0x69, 0x64, 0x22, 0x3a, 0x31, 0x7d}}:
malformed message
2024/11/28 00:00:28 Sent {"src":"n0","dest":"c45","body":{"code":13,"in_reply_to":1,"text":"malformed message","type":"error"}}
2024/11/28 00:00:28 Received {c46 n0 {"type":"read","msg_id":1}}
2024/11/28 00:00:28 Sent {"src":"n0","dest":"c46","body":{"in_reply_to":1,"messages":[],"type":"read_ok"}}
2024/11/28 00:00:28 Received {c46 n0 {"type":"read","msg_id":2}}
2024/11/28 00:00:28 Sent {"src":"n0","dest":"c46","body":{"in_reply_to":2,"messages":[],"type":"read_ok"}}
2024/11/28 00:00:28 Received {c46 n0 {"type":"broadcast","message":44,"msg_id":3}}
2024/11/28 00:00:28 Exception handling maelstrom.Message{Src:"c46", Dest:"n0", Body:json.RawMessage{0x7b, 0x22, 0x74, 0x79, 0x70, 0x65, 0x22, 0x3a, 0x22, 0x62, 0x72, 0x6f, 0x61, 0x64, 0x63, 0x61, 0x73, 0x74, 0x22, 0x2c, 0x22, 0x6d, 0x65, 0x73, 0x73, 0x61, 0x67, 0x65, 0x22, 0x3a, 0x34, 0x34, 0x2c, 0x22, 0x6d, 0x73, 0x67, 0x5f, 0x69, 0x64, 0x22, 0x3a, 0x33, 0x7d}}:
malformed message
2024/11/28 00:00:28 Sent {"src":"n0","dest":"c46","body":{"code":13,"in_reply_to":3,"text":"malformed message","type":"error"}}
2024/11/28 00:00:28 Received {c47 n0 {"type":"read","msg_id":1}}
2024/11/28 00:00:28 Sent {"src":"n0","dest":"c47","body":{"in_reply_to":1,"messages":[],"type":"read_ok"}}
2024/11/28 00:00:28 Received {c47 n0 {"type":"read","msg_id":2}}
2024/11/28 00:00:28 Sent {"src":"n0","dest":"c47","body":{"in_reply_to":2,"messages":[],"type":"read_ok"}}
2024/11/28 00:00:28 Received {c47 n0 {"type":"read","msg_id":3}}
2024/11/28 00:00:28 Sent {"src":"n0","dest":"c47","body":{"in_reply_to":3,"messages":[],"type":"read_ok"}}
2024/11/28 00:00:28 Received {c47 n0 {"type":"broadcast","message":45,"msg_id":4}}
2024/11/28 00:00:28 Exception handling maelstrom.Message{Src:"c47", Dest:"n0", Body:json.RawMessage{0x7b, 0x22, 0x74, 0x79, 0x70, 0x65, 0x22, 0x3a, 0x22, 0x62, 0x72, 0x6f, 0x61, 0x64, 0x63, 0x61, 0x73, 0x74, 0x22, 0x2c, 0x22, 0x6d, 0x65, 0x73, 0x73, 0x61, 0x67, 0x65, 0x22, 0x3a, 0x34, 0x35, 0x2c, 0x22, 0x6d, 0x73, 0x67, 0x5f, 0x69, 0x64, 0x22, 0x3a, 0x34, 0x7d}}:
malformed message
2024/11/28 00:00:28 Sent {"src":"n0","dest":"c47","body":{"code":13,"in_reply_to":4,"text":"malformed message","type":"error"}}
2024/11/28 00:00:28 Received {c48 n0 {"type":"broadcast","message":46,"msg_id":1}}
2024/11/28 00:00:28 Exception handling maelstrom.Message{Src:"c48", Dest:"n0", Body:json.RawMessage{0x7b, 0x22, 0x74, 0x79, 0x70, 0x65, 0x22, 0x3a, 0x22, 0x62, 0x72, 0x6f, 0x61, 0x64, 0x63, 0x61, 0x73, 0x74, 0x22, 0x2c, 0x22, 0x6d, 0x65, 0x73, 0x73, 0x61, 0x67, 0x65, 0x22, 0x3a, 0x34, 0x36, 0x2c, 0x22, 0x6d, 0x73, 0x67, 0x5f, 0x69, 0x64, 0x22, 0x3a, 0x31, 0x7d}}:
malformed message
2024/11/28 00:00:28 Sent {"src":"n0","dest":"c48","body":{"code":13,"in_reply_to":1,"text":"malformed message","type":"error"}}
2024/11/28 00:00:29 Received {c49 n0 {"type":"broadcast","message":47,"msg_id":1}}
2024/11/28 00:00:29 Exception handling maelstrom.Message{Src:"c49", Dest:"n0", Body:json.RawMessage{0x7b, 0x22, 0x74, 0x79, 0x70, 0x65, 0x22, 0x3a, 0x22, 0x62, 0x72, 0x6f, 0x61, 0x64, 0x63, 0x61, 0x73, 0x74, 0x22, 0x2c, 0x22, 0x6d, 0x65, 0x73, 0x73, 0x61, 0x67, 0x65, 0x22, 0x3a, 0x34, 0x37, 0x2c, 0x22, 0x6d, 0x73, 0x67, 0x5f, 0x69, 0x64, 0x22, 0x3a, 0x31, 0x7d}}:
malformed message
2024/11/28 00:00:29 Sent {"src":"n0","dest":"c49","body":{"code":13,"in_reply_to":1,"text":"malformed message","type":"error"}}
2024/11/28 00:00:29 Received {c50 n0 {"type":"read","msg_id":1}}
2024/11/28 00:00:29 Sent {"src":"n0","dest":"c50","body":{"in_reply_to":1,"messages":[],"type":"read_ok"}}
2024/11/28 00:00:29 Received {c50 n0 {"type":"broadcast","message":48,"msg_id":2}}
2024/11/28 00:00:29 Exception handling maelstrom.Message{Src:"c50", Dest:"n0", Body:json.RawMessage{0x7b, 0x22, 0x74, 0x79, 0x70, 0x65, 0x22, 0x3a, 0x22, 0x62, 0x72, 0x6f, 0x61, 0x64, 0x63, 0x61, 0x73, 0x74, 0x22, 0x2c, 0x22, 0x6d, 0x65, 0x73, 0x73, 0x61, 0x67, 0x65, 0x22, 0x3a, 0x34, 0x38, 0x2c, 0x22, 0x6d, 0x73, 0x67, 0x5f, 0x69, 0x64, 0x22, 0x3a, 0x32, 0x7d}}:
malformed message
2024/11/28 00:00:29 Sent {"src":"n0","dest":"c50","body":{"code":13,"in_reply_to":2,"text":"malformed message","type":"error"}}
2024/11/28 00:00:29 Received {c51 n0 {"type":"broadcast","message":49,"msg_id":1}}
2024/11/28 00:00:29 Exception handling maelstrom.Message{Src:"c51", Dest:"n0", Body:json.RawMessage{0x7b, 0x22, 0x74, 0x79, 0x70, 0x65, 0x22, 0x3a, 0x22, 0x62, 0x72, 0x6f, 0x61, 0x64, 0x63, 0x61, 0x73, 0x74, 0x22, 0x2c, 0x22, 0x6d, 0x65, 0x73, 0x73, 0x61, 0x67, 0x65, 0x22, 0x3a, 0x34, 0x39, 0x2c, 0x22, 0x6d, 0x73, 0x67, 0x5f, 0x69, 0x64, 0x22, 0x3a, 0x31, 0x7d}}:
malformed message
2024/11/28 00:00:29 Sent {"src":"n0","dest":"c51","body":{"code":13,"in_reply_to":1,"text":"malformed message","type":"error"}}
2024/11/28 00:00:29 Received {c52 n0 {"type":"read","msg_id":1}}
2024/11/28 00:00:29 Sent {"src":"n0","dest":"c52","body":{"in_reply_to":1,"messages":[],"type":"read_ok"}}
2024/11/28 00:00:29 Received {c52 n0 {"type":"broadcast","message":50,"msg_id":2}}
2024/11/28 00:00:29 Exception handling maelstrom.Message{Src:"c52", Dest:"n0", Body:json.RawMessage{0x7b, 0x22, 0x74, 0x79, 0x70, 0x65, 0x22, 0x3a, 0x22, 0x62, 0x72, 0x6f, 0x61, 0x64, 0x63, 0x61, 0x73, 0x74, 0x22, 0x2c, 0x22, 0x6d, 0x65, 0x73, 0x73, 0x61, 0x67, 0x65, 0x22, 0x3a, 0x35, 0x30, 0x2c, 0x22, 0x6d, 0x73, 0x67, 0x5f, 0x69, 0x64, 0x22, 0x3a, 0x32, 0x7d}}:
malformed message
2024/11/28 00:00:29 Sent {"src":"n0","dest":"c52","body":{"code":13,"in_reply_to":2,"text":"malformed message","type":"error"}}
2024/11/28 00:00:29 Received {c53 n0 {"type":"read","msg_id":1}}
2024/11/28 00:00:29 Sent {"src":"n0","dest":"c53","body":{"in_reply_to":1,"messages":[],"type":"read_ok"}}
2024/11/28 00:00:29 Received {c53 n0 {"type":"broadcast","message":51,"msg_id":2}}
2024/11/28 00:00:29 Exception handling maelstrom.Message{Src:"c53", Dest:"n0", Body:json.RawMessage{0x7b, 0x22, 0x74, 0x79, 0x70, 0x65, 0x22, 0x3a, 0x22, 0x62, 0x72, 0x6f, 0x61, 0x64, 0x63, 0x61, 0x73, 0x74, 0x22, 0x2c, 0x22, 0x6d, 0x65, 0x73, 0x73, 0x61, 0x67, 0x65, 0x22, 0x3a, 0x35, 0x31, 0x2c, 0x22, 0x6d, 0x73, 0x67, 0x5f, 0x69, 0x64, 0x22, 0x3a, 0x32, 0x7d}}:
malformed message
2024/11/28 00:00:29 Sent {"src":"n0","dest":"c53","body":{"code":13,"in_reply_to":2,"text":"malformed message","type":"error"}}
2024/11/28 00:00:29 Received {c54 n0 {"type":"broadcast","message":52,"msg_id":1}}
2024/11/28 00:00:29 Exception handling maelstrom.Message{Src:"c54", Dest:"n0", Body:json.RawMessage{0x7b, 0x22, 0x74, 0x79, 0x70, 0x65, 0x22, 0x3a, 0x22, 0x62, 0x72, 0x6f, 0x61, 0x64, 0x63, 0x61, 0x73, 0x74, 0x22, 0x2c, 0x22, 0x6d, 0x65, 0x73, 0x73, 0x61, 0x67, 0x65, 0x22, 0x3a, 0x35, 0x32, 0x2c, 0x22, 0x6d, 0x73, 0x67, 0x5f, 0x69, 0x64, 0x22, 0x3a, 0x31, 0x7d}}:
malformed message
2024/11/28 00:00:29 Sent {"src":"n0","dest":"c54","body":{"code":13,"in_reply_to":1,"text":"malformed message","type":"error"}}
2024/11/28 00:00:29 Received {c55 n0 {"type":"broadcast","message":53,"msg_id":1}}
2024/11/28 00:00:29 Exception handling maelstrom.Message{Src:"c55", Dest:"n0", Body:json.RawMessage{0x7b, 0x22, 0x74, 0x79, 0x70, 0x65, 0x22, 0x3a, 0x22, 0x62, 0x72, 0x6f, 0x61, 0x64, 0x63, 0x61, 0x73, 0x74, 0x22, 0x2c, 0x22, 0x6d, 0x65, 0x73, 0x73, 0x61, 0x67, 0x65, 0x22, 0x3a, 0x35, 0x33, 0x2c, 0x22, 0x6d, 0x73, 0x67, 0x5f, 0x69, 0x64, 0x22, 0x3a, 0x31, 0x7d}}:
malformed message
2024/11/28 00:00:29 Sent {"src":"n0","dest":"c55","body":{"code":13,"in_reply_to":1,"text":"malformed message","type":"error"}}
2024/11/28 00:00:29 Received {c56 n0 {"type":"broadcast","message":54,"msg_id":1}}
2024/11/28 00:00:29 Exception handling maelstrom.Message{Src:"c56", Dest:"n0", Body:json.RawMessage{0x7b, 0x22, 0x74, 0x79, 0x70, 0x65, 0x22, 0x3a, 0x22, 0x62, 0x72, 0x6f, 0x61, 0x64, 0x63, 0x61, 0x73, 0x74, 0x22, 0x2c, 0x22, 0x6d, 0x65, 0x73, 0x73, 0x61, 0x67, 0x65, 0x22, 0x3a, 0x35, 0x34, 0x2c, 0x22, 0x6d, 0x73, 0x67, 0x5f, 0x69, 0x64, 0x22, 0x3a, 0x31, 0x7d}}:
malformed message
2024/11/28 00:00:29 Sent {"src":"n0","dest":"c56","body":{"code":13,"in_reply_to":1,"text":"malformed message","type":"error"}}
2024/11/28 00:00:29 Received {c57 n0 {"type":"read","msg_id":1}}
2024/11/28 00:00:29 Sent {"src":"n0","dest":"c57","body":{"in_reply_to":1,"messages":[],"type":"read_ok"}}
2024/11/28 00:00:29 Received {c57 n0 {"type":"read","msg_id":2}}
2024/11/28 00:00:29 Sent {"src":"n0","dest":"c57","body":{"in_reply_to":2,"messages":[],"type":"read_ok"}}
2024/11/28 00:00:30 Received {c57 n0 {"type":"read","msg_id":3}}
2024/11/28 00:00:30 Sent {"src":"n0","dest":"c57","body":{"in_reply_to":3,"messages":[],"type":"read_ok"}}
2024/11/28 00:00:30 Received {c57 n0 {"type":"broadcast","message":55,"msg_id":4}}
2024/11/28 00:00:30 Exception handling maelstrom.Message{Src:"c57", Dest:"n0", Body:json.RawMessage{0x7b, 0x22, 0x74, 0x79, 0x70, 0x65, 0x22, 0x3a, 0x22, 0x62, 0x72, 0x6f, 0x61, 0x64, 0x63, 0x61, 0x73, 0x74, 0x22, 0x2c, 0x22, 0x6d, 0x65, 0x73, 0x73, 0x61, 0x67, 0x65, 0x22, 0x3a, 0x35, 0x35, 0x2c, 0x22, 0x6d, 0x73, 0x67, 0x5f, 0x69, 0x64, 0x22, 0x3a, 0x34, 0x7d}}:
malformed message
2024/11/28 00:00:30 Sent {"src":"n0","dest":"c57","body":{"code":13,"in_reply_to":4,"text":"malformed message","type":"error"}}
2024/11/28 00:00:30 Received {c58 n0 {"type":"read","msg_id":1}}
2024/11/28 00:00:30 Sent {"src":"n0","dest":"c58","body":{"in_reply_to":1,"messages":[],"type":"read_ok"}}
2024/11/28 00:00:30 Received {c58 n0 {"type":"read","msg_id":2}}
2024/11/28 00:00:30 Sent {"src":"n0","dest":"c58","body":{"in_reply_to":2,"messages":[],"type":"read_ok"}}
2024/11/28 00:00:30 Received {c58 n0 {"type":"read","msg_id":3}}
2024/11/28 00:00:30 Sent {"src":"n0","dest":"c58","body":{"in_reply_to":3,"messages":[],"type":"read_ok"}}
2024/11/28 00:00:30 Received {c58 n0 {"type":"broadcast","message":56,"msg_id":4}}
2024/11/28 00:00:30 Exception handling maelstrom.Message{Src:"c58", Dest:"n0", Body:json.RawMessage{0x7b, 0x22, 0x74, 0x79, 0x70, 0x65, 0x22, 0x3a, 0x22, 0x62, 0x72, 0x6f, 0x61, 0x64, 0x63, 0x61, 0x73, 0x74, 0x22, 0x2c, 0x22, 0x6d, 0x65, 0x73, 0x73, 0x61, 0x67, 0x65, 0x22, 0x3a, 0x35, 0x36, 0x2c, 0x22, 0x6d, 0x73, 0x67, 0x5f, 0x69, 0x64, 0x22, 0x3a, 0x34, 0x7d}}:
malformed message
2024/11/28 00:00:30 Sent {"src":"n0","dest":"c58","body":{"code":13,"in_reply_to":4,"text":"malformed message","type":"error"}}
2024/11/28 00:00:31 Received {c59 n0 {"type":"broadcast","message":57,"msg_id":1}}
2024/11/28 00:00:31 Exception handling maelstrom.Message{Src:"c59", Dest:"n0", Body:json.RawMessage{0x7b, 0x22, 0x74, 0x79, 0x70, 0x65, 0x22, 0x3a, 0x22, 0x62, 0x72, 0x6f, 0x61, 0x64, 0x63, 0x61, 0x73, 0x74, 0x22, 0x2c, 0x22, 0x6d, 0x65, 0x73, 0x73, 0x61, 0x67, 0x65, 0x22, 0x3a, 0x35, 0x37, 0x2c, 0x22, 0x6d, 0x73, 0x67, 0x5f, 0x69, 0x64, 0x22, 0x3a, 0x31, 0x7d}}:
malformed message
2024/11/28 00:00:31 Sent {"src":"n0","dest":"c59","body":{"code":13,"in_reply_to":1,"text":"malformed message","type":"error"}}
2024/11/28 00:00:31 Received {c60 n0 {"type":"read","msg_id":1}}
2024/11/28 00:00:31 Sent {"src":"n0","dest":"c60","body":{"in_reply_to":1,"messages":[],"type":"read_ok"}}
2024/11/28 00:00:31 Received {c60 n0 {"type":"broadcast","message":58,"msg_id":2}}
2024/11/28 00:00:31 Exception handling maelstrom.Message{Src:"c60", Dest:"n0", Body:json.RawMessage{0x7b, 0x22, 0x74, 0x79, 0x70, 0x65, 0x22, 0x3a, 0x22, 0x62, 0x72, 0x6f, 0x61, 0x64, 0x63, 0x61, 0x73, 0x74, 0x22, 0x2c, 0x22, 0x6d, 0x65, 0x73, 0x73, 0x61, 0x67, 0x65, 0x22, 0x3a, 0x35, 0x38, 0x2c, 0x22, 0x6d, 0x73, 0x67, 0x5f, 0x69, 0x64, 0x22, 0x3a, 0x32, 0x7d}}:
malformed message
2024/11/28 00:00:31 Sent {"src":"n0","dest":"c60","body":{"code":13,"in_reply_to":2,"text":"malformed message","type":"error"}}
2024/11/28 00:00:31 Received {c61 n0 {"type":"broadcast","message":59,"msg_id":1}}
2024/11/28 00:00:31 Exception handling maelstrom.Message{Src:"c61", Dest:"n0", Body:json.RawMessage{0x7b, 0x22, 0x74, 0x79, 0x70, 0x65, 0x22, 0x3a, 0x22, 0x62, 0x72, 0x6f, 0x61, 0x64, 0x63, 0x61, 0x73, 0x74, 0x22, 0x2c, 0x22, 0x6d, 0x65, 0x73, 0x73, 0x61, 0x67, 0x65, 0x22, 0x3a, 0x35, 0x39, 0x2c, 0x22, 0x6d, 0x73, 0x67, 0x5f, 0x69, 0x64, 0x22, 0x3a, 0x31, 0x7d}}:
malformed message
2024/11/28 00:00:31 Sent {"src":"n0","dest":"c61","body":{"code":13,"in_reply_to":1,"text":"malformed message","type":"error"}}
2024/11/28 00:00:31 Received {c62 n0 {"type":"read","msg_id":1}}
2024/11/28 00:00:31 Sent {"src":"n0","dest":"c62","body":{"in_reply_to":1,"messages":[],"type":"read_ok"}}
2024/11/28 00:00:31 Received {c62 n0 {"type":"broadcast","message":60,"msg_id":2}}
2024/11/28 00:00:31 Exception handling maelstrom.Message{Src:"c62", Dest:"n0", Body:json.RawMessage{0x7b, 0x22, 0x74, 0x79, 0x70, 0x65, 0x22, 0x3a, 0x22, 0x62, 0x72, 0x6f, 0x61, 0x64, 0x63, 0x61, 0x73, 0x74, 0x22, 0x2c, 0x22, 0x6d, 0x65, 0x73, 0x73, 0x61, 0x67, 0x65, 0x22, 0x3a, 0x36, 0x30, 0x2c, 0x22, 0x6d, 0x73, 0x67, 0x5f, 0x69, 0x64, 0x22, 0x3a, 0x32, 0x7d}}:
malformed message
2024/11/28 00:00:31 Sent {"src":"n0","dest":"c62","body":{"code":13,"in_reply_to":2,"text":"malformed message","type":"error"}}
2024/11/28 00:00:31 Received {c63 n0 {"type":"read","msg_id":1}}
2024/11/28 00:00:31 Sent {"src":"n0","dest":"c63","body":{"in_reply_to":1,"messages":[],"type":"read_ok"}}
2024/11/28 00:00:31 Received {c63 n0 {"type":"broadcast","message":61,"msg_id":2}}
2024/11/28 00:00:31 Exception handling maelstrom.Message{Src:"c63", Dest:"n0", Body:json.RawMessage{0x7b, 0x22, 0x74, 0x79, 0x70, 0x65, 0x22, 0x3a, 0x22, 0x62, 0x72, 0x6f, 0x61, 0x64, 0x63, 0x61, 0x73, 0x74, 0x22, 0x2c, 0x22, 0x6d, 0x65, 0x73, 0x73, 0x61, 0x67, 0x65, 0x22, 0x3a, 0x36, 0x31, 0x2c, 0x22, 0x6d, 0x73, 0x67, 0x5f, 0x69, 0x64, 0x22, 0x3a, 0x32, 0x7d}}:
malformed message
2024/11/28 00:00:31 Sent {"src":"n0","dest":"c63","body":{"code":13,"in_reply_to":2,"text":"malformed message","type":"error"}}
2024/11/28 00:00:31 Received {c64 n0 {"type":"read","msg_id":1}}
2024/11/28 00:00:31 Sent {"src":"n0","dest":"c64","body":{"in_reply_to":1,"messages":[],"type":"read_ok"}}
2024/11/28 00:00:32 Received {c64 n0 {"type":"broadcast","message":62,"msg_id":2}}
2024/11/28 00:00:32 Exception handling maelstrom.Message{Src:"c64", Dest:"n0", Body:json.RawMessage{0x7b, 0x22, 0x74, 0x79, 0x70, 0x65, 0x22, 0x3a, 0x22, 0x62, 0x72, 0x6f, 0x61, 0x64, 0x63, 0x61, 0x73, 0x74, 0x22, 0x2c, 0x22, 0x6d, 0x65, 0x73, 0x73, 0x61, 0x67, 0x65, 0x22, 0x3a, 0x36, 0x32, 0x2c, 0x22, 0x6d, 0x73, 0x67, 0x5f, 0x69, 0x64, 0x22, 0x3a, 0x32, 0x7d}}:
malformed message
2024/11/28 00:00:32 Sent {"src":"n0","dest":"c64","body":{"code":13,"in_reply_to":2,"text":"malformed message","type":"error"}}
2024/11/28 00:00:32 Received {c65 n0 {"type":"broadcast","message":63,"msg_id":1}}
2024/11/28 00:00:32 Exception handling maelstrom.Message{Src:"c65", Dest:"n0", Body:json.RawMessage{0x7b, 0x22, 0x74, 0x79, 0x70, 0x65, 0x22, 0x3a, 0x22, 0x62, 0x72, 0x6f, 0x61, 0x64, 0x63, 0x61, 0x73, 0x74, 0x22, 0x2c, 0x22, 0x6d, 0x65, 0x73, 0x73, 0x61, 0x67, 0x65, 0x22, 0x3a, 0x36, 0x33, 0x2c, 0x22, 0x6d, 0x73, 0x67, 0x5f, 0x69, 0x64, 0x22, 0x3a, 0x31, 0x7d}}:
malformed message
2024/11/28 00:00:32 Sent {"src":"n0","dest":"c65","body":{"code":13,"in_reply_to":1,"text":"malformed message","type":"error"}}
2024/11/28 00:00:32 Received {c66 n0 {"type":"broadcast","message":64,"msg_id":1}}
2024/11/28 00:00:32 Exception handling maelstrom.Message{Src:"c66", Dest:"n0", Body:json.RawMessage{0x7b, 0x22, 0x74, 0x79, 0x70, 0x65, 0x22, 0x3a, 0x22, 0x62, 0x72, 0x6f, 0x61, 0x64, 0x63, 0x61, 0x73, 0x74, 0x22, 0x2c, 0x22, 0x6d, 0x65, 0x73, 0x73, 0x61, 0x67, 0x65, 0x22, 0x3a, 0x36, 0x34, 0x2c, 0x22, 0x6d, 0x73, 0x67, 0x5f, 0x69, 0x64, 0x22, 0x3a, 0x31, 0x7d}}:
malformed message
2024/11/28 00:00:32 Sent {"src":"n0","dest":"c66","body":{"code":13,"in_reply_to":1,"text":"malformed message","type":"error"}}
2024/11/28 00:00:32 Received {c67 n0 {"type":"broadcast","message":65,"msg_id":1}}
2024/11/28 00:00:32 Exception handling maelstrom.Message{Src:"c67", Dest:"n0", Body:json.RawMessage{0x7b, 0x22, 0x74, 0x79, 0x70, 0x65, 0x22, 0x3a, 0x22, 0x62, 0x72, 0x6f, 0x61, 0x64, 0x63, 0x61, 0x73, 0x74, 0x22, 0x2c, 0x22, 0x6d, 0x65, 0x73, 0x73, 0x61, 0x67, 0x65, 0x22, 0x3a, 0x36, 0x35, 0x2c, 0x22, 0x6d, 0x73, 0x67, 0x5f, 0x69, 0x64, 0x22, 0x3a, 0x31, 0x7d}}:
malformed message
2024/11/28 00:00:32 Sent {"src":"n0","dest":"c67","body":{"code":13,"in_reply_to":1,"text":"malformed message","type":"error"}}
2024/11/28 00:00:32 Received {c68 n0 {"type":"broadcast","message":66,"msg_id":1}}
2024/11/28 00:00:32 Exception handling maelstrom.Message{Src:"c68", Dest:"n0", Body:json.RawMessage{0x7b, 0x22, 0x74, 0x79, 0x70, 0x65, 0x22, 0x3a, 0x22, 0x62, 0x72, 0x6f, 0x61, 0x64, 0x63, 0x61, 0x73, 0x74, 0x22, 0x2c, 0x22, 0x6d, 0x65, 0x73, 0x73, 0x61, 0x67, 0x65, 0x22, 0x3a, 0x36, 0x36, 0x2c, 0x22, 0x6d, 0x73, 0x67, 0x5f, 0x69, 0x64, 0x22, 0x3a, 0x31, 0x7d}}:
malformed message
2024/11/28 00:00:32 Sent {"src":"n0","dest":"c68","body":{"code":13,"in_reply_to":1,"text":"malformed message","type":"error"}}
2024/11/28 00:00:32 Received {c69 n0 {"type":"read","msg_id":1}}
2024/11/28 00:00:32 Sent {"src":"n0","dest":"c69","body":{"in_reply_to":1,"messages":[],"type":"read_ok"}}
2024/11/28 00:00:32 Received {c69 n0 {"type":"broadcast","message":67,"msg_id":2}}
2024/11/28 00:00:32 Exception handling maelstrom.Message{Src:"c69", Dest:"n0", Body:json.RawMessage{0x7b, 0x22, 0x74, 0x79, 0x70, 0x65, 0x22, 0x3a, 0x22, 0x62, 0x72, 0x6f, 0x61, 0x64, 0x63, 0x61, 0x73, 0x74, 0x22, 0x2c, 0x22, 0x6d, 0x65, 0x73, 0x73, 0x61, 0x67, 0x65, 0x22, 0x3a, 0x36, 0x37, 0x2c, 0x22, 0x6d, 0x73, 0x67, 0x5f, 0x69, 0x64, 0x22, 0x3a, 0x32, 0x7d}}:
malformed message
2024/11/28 00:00:32 Sent {"src":"n0","dest":"c69","body":{"code":13,"in_reply_to":2,"text":"malformed message","type":"error"}}
2024/11/28 00:00:32 Received {c70 n0 {"type":"read","msg_id":1}}
2024/11/28 00:00:32 Sent {"src":"n0","dest":"c70","body":{"in_reply_to":1,"messages":[],"type":"read_ok"}}
2024/11/28 00:00:32 Received {c70 n0 {"type":"broadcast","message":68,"msg_id":2}}
2024/11/28 00:00:32 Exception handling maelstrom.Message{Src:"c70", Dest:"n0", Body:json.RawMessage{0x7b, 0x22, 0x74, 0x79, 0x70, 0x65, 0x22, 0x3a, 0x22, 0x62, 0x72, 0x6f, 0x61, 0x64, 0x63, 0x61, 0x73, 0x74, 0x22, 0x2c, 0x22, 0x6d, 0x65, 0x73, 0x73, 0x61, 0x67, 0x65, 0x22, 0x3a, 0x36, 0x38, 0x2c, 0x22, 0x6d, 0x73, 0x67, 0x5f, 0x69, 0x64, 0x22, 0x3a, 0x32, 0x7d}}:
malformed message
2024/11/28 00:00:32 Sent {"src":"n0","dest":"c70","body":{"code":13,"in_reply_to":2,"text":"malformed message","type":"error"}}
2024/11/28 00:00:33 Received {c71 n0 {"type":"broadcast","message":69,"msg_id":1}}
2024/11/28 00:00:33 Exception handling maelstrom.Message{Src:"c71", Dest:"n0", Body:json.RawMessage{0x7b, 0x22, 0x74, 0x79, 0x70, 0x65, 0x22, 0x3a, 0x22, 0x62, 0x72, 0x6f, 0x61, 0x64, 0x63, 0x61, 0x73, 0x74, 0x22, 0x2c, 0x22, 0x6d, 0x65, 0x73, 0x73, 0x61, 0x67, 0x65, 0x22, 0x3a, 0x36, 0x39, 0x2c, 0x22, 0x6d, 0x73, 0x67, 0x5f, 0x69, 0x64, 0x22, 0x3a, 0x31, 0x7d}}:
malformed message
2024/11/28 00:00:33 Sent {"src":"n0","dest":"c71","body":{"code":13,"in_reply_to":1,"text":"malformed message","type":"error"}}
2024/11/28 00:00:33 Received {c72 n0 {"type":"read","msg_id":1}}
2024/11/28 00:00:33 Sent {"src":"n0","dest":"c72","body":{"in_reply_to":1,"messages":[],"type":"read_ok"}}
2024/11/28 00:00:33 Received {c72 n0 {"type":"broadcast","message":70,"msg_id":2}}
2024/11/28 00:00:33 Exception handling maelstrom.Message{Src:"c72", Dest:"n0", Body:json.RawMessage{0x7b, 0x22, 0x74, 0x79, 0x70, 0x65, 0x22, 0x3a, 0x22, 0x62, 0x72, 0x6f, 0x61, 0x64, 0x63, 0x61, 0x73, 0x74, 0x22, 0x2c, 0x22, 0x6d, 0x65, 0x73, 0x73, 0x61, 0x67, 0x65, 0x22, 0x3a, 0x37, 0x30, 0x2c, 0x22, 0x6d, 0x73, 0x67, 0x5f, 0x69, 0x64, 0x22, 0x3a, 0x32, 0x7d}}:
malformed message
2024/11/28 00:00:33 Sent {"src":"n0","dest":"c72","body":{"code":13,"in_reply_to":2,"text":"malformed message","type":"error"}}
2024/11/28 00:00:33 Received {c73 n0 {"type":"read","msg_id":1}}
2024/11/28 00:00:33 Sent {"src":"n0","dest":"c73","body":{"in_reply_to":1,"messages":[],"type":"read_ok"}}
2024/11/28 00:00:33 Received {c73 n0 {"type":"broadcast","message":71,"msg_id":2}}
2024/11/28 00:00:33 Exception handling maelstrom.Message{Src:"c73", Dest:"n0", Body:json.RawMessage{0x7b, 0x22, 0x74, 0x79, 0x70, 0x65, 0x22, 0x3a, 0x22, 0x62, 0x72, 0x6f, 0x61, 0x64, 0x63, 0x61, 0x73, 0x74, 0x22, 0x2c, 0x22, 0x6d, 0x65, 0x73, 0x73, 0x61, 0x67, 0x65, 0x22, 0x3a, 0x37, 0x31, 0x2c, 0x22, 0x6d, 0x73, 0x67, 0x5f, 0x69, 0x64, 0x22, 0x3a, 0x32, 0x7d}}:
malformed message
2024/11/28 00:00:33 Sent {"src":"n0","dest":"c73","body":{"code":13,"in_reply_to":2,"text":"malformed message","type":"error"}}
2024/11/28 00:00:33 Received {c74 n0 {"type":"broadcast","message":72,"msg_id":1}}
2024/11/28 00:00:33 Exception handling maelstrom.Message{Src:"c74", Dest:"n0", Body:json.RawMessage{0x7b, 0x22, 0x74, 0x79, 0x70, 0x65, 0x22, 0x3a, 0x22, 0x62, 0x72, 0x6f, 0x61, 0x64, 0x63, 0x61, 0x73, 0x74, 0x22, 0x2c, 0x22, 0x6d, 0x65, 0x73, 0x73, 0x61, 0x67, 0x65, 0x22, 0x3a, 0x37, 0x32, 0x2c, 0x22, 0x6d, 0x73, 0x67, 0x5f, 0x69, 0x64, 0x22, 0x3a, 0x31, 0x7d}}:
malformed message
2024/11/28 00:00:33 Sent {"src":"n0","dest":"c74","body":{"code":13,"in_reply_to":1,"text":"malformed message","type":"error"}}
2024/11/28 00:00:33 Received {c75 n0 {"type":"read","msg_id":1}}
2024/11/28 00:00:33 Sent {"src":"n0","dest":"c75","body":{"in_reply_to":1,"messages":[],"type":"read_ok"}}
2024/11/28 00:00:33 Received {c75 n0 {"type":"read","msg_id":2}}
2024/11/28 00:00:33 Sent {"src":"n0","dest":"c75","body":{"in_reply_to":2,"messages":[],"type":"read_ok"}}
2024/11/28 00:00:33 Received {c75 n0 {"type":"broadcast","message":73,"msg_id":3}}
2024/11/28 00:00:33 Exception handling maelstrom.Message{Src:"c75", Dest:"n0", Body:json.RawMessage{0x7b, 0x22, 0x74, 0x79, 0x70, 0x65, 0x22, 0x3a, 0x22, 0x62, 0x72, 0x6f, 0x61, 0x64, 0x63, 0x61, 0x73, 0x74, 0x22, 0x2c, 0x22, 0x6d, 0x65, 0x73, 0x73, 0x61, 0x67, 0x65, 0x22, 0x3a, 0x37, 0x33, 0x2c, 0x22, 0x6d, 0x73, 0x67, 0x5f, 0x69, 0x64, 0x22, 0x3a, 0x33, 0x7d}}:
malformed message
2024/11/28 00:00:33 Sent {"src":"n0","dest":"c75","body":{"code":13,"in_reply_to":3,"text":"malformed message","type":"error"}}
2024/11/28 00:00:33 Received {c76 n0 {"type":"broadcast","message":74,"msg_id":1}}
2024/11/28 00:00:33 Exception handling maelstrom.Message{Src:"c76", Dest:"n0", Body:json.RawMessage{0x7b, 0x22, 0x74, 0x79, 0x70, 0x65, 0x22, 0x3a, 0x22, 0x62, 0x72, 0x6f, 0x61, 0x64, 0x63, 0x61, 0x73, 0x74, 0x22, 0x2c, 0x22, 0x6d, 0x65, 0x73, 0x73, 0x61, 0x67, 0x65, 0x22, 0x3a, 0x37, 0x34, 0x2c, 0x22, 0x6d, 0x73, 0x67, 0x5f, 0x69, 0x64, 0x22, 0x3a, 0x31, 0x7d}}:
malformed message
2024/11/28 00:00:33 Sent {"src":"n0","dest":"c76","body":{"code":13,"in_reply_to":1,"text":"malformed message","type":"error"}}
2024/11/28 00:00:33 Received {c77 n0 {"type":"read","msg_id":1}}
2024/11/28 00:00:33 Sent {"src":"n0","dest":"c77","body":{"in_reply_to":1,"messages":[],"type":"read_ok"}}
2024/11/28 00:00:33 Received {c77 n0 {"type":"broadcast","message":75,"msg_id":2}}
2024/11/28 00:00:33 Exception handling maelstrom.Message{Src:"c77", Dest:"n0", Body:json.RawMessage{0x7b, 0x22, 0x74, 0x79, 0x70, 0x65, 0x22, 0x3a, 0x22, 0x62, 0x72, 0x6f, 0x61, 0x64, 0x63, 0x61, 0x73, 0x74, 0x22, 0x2c, 0x22, 0x6d, 0x65, 0x73, 0x73, 0x61, 0x67, 0x65, 0x22, 0x3a, 0x37, 0x35, 0x2c, 0x22, 0x6d, 0x73, 0x67, 0x5f, 0x69, 0x64, 0x22, 0x3a, 0x32, 0x7d}}:
malformed message
2024/11/28 00:00:33 Sent {"src":"n0","dest":"c77","body":{"code":13,"in_reply_to":2,"text":"malformed message","type":"error"}}
2024/11/28 00:00:34 Received {c78 n0 {"type":"read","msg_id":1}}
2024/11/28 00:00:34 Sent {"src":"n0","dest":"c78","body":{"in_reply_to":1,"messages":[],"type":"read_ok"}}
2024/11/28 00:00:34 Received {c78 n0 {"type":"broadcast","message":76,"msg_id":2}}
2024/11/28 00:00:34 Exception handling maelstrom.Message{Src:"c78", Dest:"n0", Body:json.RawMessage{0x7b, 0x22, 0x74, 0x79, 0x70, 0x65, 0x22, 0x3a, 0x22, 0x62, 0x72, 0x6f, 0x61, 0x64, 0x63, 0x61, 0x73, 0x74, 0x22, 0x2c, 0x22, 0x6d, 0x65, 0x73, 0x73, 0x61, 0x67, 0x65, 0x22, 0x3a, 0x37, 0x36, 0x2c, 0x22, 0x6d, 0x73, 0x67, 0x5f, 0x69, 0x64, 0x22, 0x3a, 0x32, 0x7d}}:
malformed message
2024/11/28 00:00:34 Sent {"src":"n0","dest":"c78","body":{"code":13,"in_reply_to":2,"text":"malformed message","type":"error"}}
2024/11/28 00:00:34 Received {c79 n0 {"type":"read","msg_id":1}}
2024/11/28 00:00:34 Sent {"src":"n0","dest":"c79","body":{"in_reply_to":1,"messages":[],"type":"read_ok"}}
2024/11/28 00:00:34 Received {c79 n0 {"type":"broadcast","message":77,"msg_id":2}}
2024/11/28 00:00:34 Exception handling maelstrom.Message{Src:"c79", Dest:"n0", Body:json.RawMessage{0x7b, 0x22, 0x74, 0x79, 0x70, 0x65, 0x22, 0x3a, 0x22, 0x62, 0x72, 0x6f, 0x61, 0x64, 0x63, 0x61, 0x73, 0x74, 0x22, 0x2c, 0x22, 0x6d, 0x65, 0x73, 0x73, 0x61, 0x67, 0x65, 0x22, 0x3a, 0x37, 0x37, 0x2c, 0x22, 0x6d, 0x73, 0x67, 0x5f, 0x69, 0x64, 0x22, 0x3a, 0x32, 0x7d}}:
malformed message
2024/11/28 00:00:34 Sent {"src":"n0","dest":"c79","body":{"code":13,"in_reply_to":2,"text":"malformed message","type":"error"}}
2024/11/28 00:00:34 Received {c80 n0 {"type":"broadcast","message":78,"msg_id":1}}
2024/11/28 00:00:34 Exception handling maelstrom.Message{Src:"c80", Dest:"n0", Body:json.RawMessage{0x7b, 0x22, 0x74, 0x79, 0x70, 0x65, 0x22, 0x3a, 0x22, 0x62, 0x72, 0x6f, 0x61, 0x64, 0x63, 0x61, 0x73, 0x74, 0x22, 0x2c, 0x22, 0x6d, 0x65, 0x73, 0x73, 0x61, 0x67, 0x65, 0x22, 0x3a, 0x37, 0x38, 0x2c, 0x22, 0x6d, 0x73, 0x67, 0x5f, 0x69, 0x64, 0x22, 0x3a, 0x31, 0x7d}}:
malformed message
2024/11/28 00:00:34 Sent {"src":"n0","dest":"c80","body":{"code":13,"in_reply_to":1,"text":"malformed message","type":"error"}}
2024/11/28 00:00:34 Received {c81 n0 {"type":"broadcast","message":79,"msg_id":1}}
2024/11/28 00:00:34 Exception handling maelstrom.Message{Src:"c81", Dest:"n0", Body:json.RawMessage{0x7b, 0x22, 0x74, 0x79, 0x70, 0x65, 0x22, 0x3a, 0x22, 0x62, 0x72, 0x6f, 0x61, 0x64, 0x63, 0x61, 0x73, 0x74, 0x22, 0x2c, 0x22, 0x6d, 0x65, 0x73, 0x73, 0x61, 0x67, 0x65, 0x22, 0x3a, 0x37, 0x39, 0x2c, 0x22, 0x6d, 0x73, 0x67, 0x5f, 0x69, 0x64, 0x22, 0x3a, 0x31, 0x7d}}:
malformed message
2024/11/28 00:00:34 Sent {"src":"n0","dest":"c81","body":{"code":13,"in_reply_to":1,"text":"malformed message","type":"error"}}
2024/11/28 00:00:34 Received {c82 n0 {"type":"broadcast","message":80,"msg_id":1}}
2024/11/28 00:00:34 Exception handling maelstrom.Message{Src:"c82", Dest:"n0", Body:json.RawMessage{0x7b, 0x22, 0x74, 0x79, 0x70, 0x65, 0x22, 0x3a, 0x22, 0x62, 0x72, 0x6f, 0x61, 0x64, 0x63, 0x61, 0x73, 0x74, 0x22, 0x2c, 0x22, 0x6d, 0x65, 0x73, 0x73, 0x61, 0x67, 0x65, 0x22, 0x3a, 0x38, 0x30, 0x2c, 0x22, 0x6d, 0x73, 0x67, 0x5f, 0x69, 0x64, 0x22, 0x3a, 0x31, 0x7d}}:
malformed message
2024/11/28 00:00:34 Sent {"src":"n0","dest":"c82","body":{"code":13,"in_reply_to":1,"text":"malformed message","type":"error"}}
2024/11/28 00:00:34 Received {c83 n0 {"type":"broadcast","message":81,"msg_id":1}}
2024/11/28 00:00:34 Exception handling maelstrom.Message{Src:"c83", Dest:"n0", Body:json.RawMessage{0x7b, 0x22, 0x74, 0x79, 0x70, 0x65, 0x22, 0x3a, 0x22, 0x62, 0x72, 0x6f, 0x61, 0x64, 0x63, 0x61, 0x73, 0x74, 0x22, 0x2c, 0x22, 0x6d, 0x65, 0x73, 0x73, 0x61, 0x67, 0x65, 0x22, 0x3a, 0x38, 0x31, 0x2c, 0x22, 0x6d, 0x73, 0x67, 0x5f, 0x69, 0x64, 0x22, 0x3a, 0x31, 0x7d}}:
malformed message
2024/11/28 00:00:34 Sent {"src":"n0","dest":"c83","body":{"code":13,"in_reply_to":1,"text":"malformed message","type":"error"}}
2024/11/28 00:00:34 Received {c84 n0 {"type":"read","msg_id":1}}
2024/11/28 00:00:34 Sent {"src":"n0","dest":"c84","body":{"in_reply_to":1,"messages":[],"type":"read_ok"}}
2024/11/28 00:00:34 Received {c84 n0 {"type":"read","msg_id":2}}
2024/11/28 00:00:34 Sent {"src":"n0","dest":"c84","body":{"in_reply_to":2,"messages":[],"type":"read_ok"}}
2024/11/28 00:00:34 Received {c84 n0 {"type":"broadcast","message":82,"msg_id":3}}
2024/11/28 00:00:34 Exception handling maelstrom.Message{Src:"c84", Dest:"n0", Body:json.RawMessage{0x7b, 0x22, 0x74, 0x79, 0x70, 0x65, 0x22, 0x3a, 0x22, 0x62, 0x72, 0x6f, 0x61, 0x64, 0x63, 0x61, 0x73, 0x74, 0x22, 0x2c, 0x22, 0x6d, 0x65, 0x73, 0x73, 0x61, 0x67, 0x65, 0x22, 0x3a, 0x38, 0x32, 0x2c, 0x22, 0x6d, 0x73, 0x67, 0x5f, 0x69, 0x64, 0x22, 0x3a, 0x33, 0x7d}}:
malformed message
2024/11/28 00:00:34 Sent {"src":"n0","dest":"c84","body":{"code":13,"in_reply_to":3,"text":"malformed message","type":"error"}}
2024/11/28 00:00:35 Received {c85 n0 {"type":"broadcast","message":83,"msg_id":1}}
2024/11/28 00:00:35 Exception handling maelstrom.Message{Src:"c85", Dest:"n0", Body:json.RawMessage{0x7b, 0x22, 0x74, 0x79, 0x70, 0x65, 0x22, 0x3a, 0x22, 0x62, 0x72, 0x6f, 0x61, 0x64, 0x63, 0x61, 0x73, 0x74, 0x22, 0x2c, 0x22, 0x6d, 0x65, 0x73, 0x73, 0x61, 0x67, 0x65, 0x22, 0x3a, 0x38, 0x33, 0x2c, 0x22, 0x6d, 0x73, 0x67, 0x5f, 0x69, 0x64, 0x22, 0x3a, 0x31, 0x7d}}:
malformed message
2024/11/28 00:00:35 Sent {"src":"n0","dest":"c85","body":{"code":13,"in_reply_to":1,"text":"malformed message","type":"error"}}
2024/11/28 00:00:35 Received {c86 n0 {"type":"read","msg_id":1}}
2024/11/28 00:00:35 Sent {"src":"n0","dest":"c86","body":{"in_reply_to":1,"messages":[],"type":"read_ok"}}
2024/11/28 00:00:35 Received {c86 n0 {"type":"broadcast","message":84,"msg_id":2}}
2024/11/28 00:00:35 Exception handling maelstrom.Message{Src:"c86", Dest:"n0", Body:json.RawMessage{0x7b, 0x22, 0x74, 0x79, 0x70, 0x65, 0x22, 0x3a, 0x22, 0x62, 0x72, 0x6f, 0x61, 0x64, 0x63, 0x61, 0x73, 0x74, 0x22, 0x2c, 0x22, 0x6d, 0x65, 0x73, 0x73, 0x61, 0x67, 0x65, 0x22, 0x3a, 0x38, 0x34, 0x2c, 0x22, 0x6d, 0x73, 0x67, 0x5f, 0x69, 0x64, 0x22, 0x3a, 0x32, 0x7d}}:
malformed message
2024/11/28 00:00:35 Sent {"src":"n0","dest":"c86","body":{"code":13,"in_reply_to":2,"text":"malformed message","type":"error"}}
2024/11/28 00:00:35 Received {c87 n0 {"type":"read","msg_id":1}}
2024/11/28 00:00:35 Sent {"src":"n0","dest":"c87","body":{"in_reply_to":1,"messages":[],"type":"read_ok"}}
2024/11/28 00:00:35 Received {c87 n0 {"type":"broadcast","message":85,"msg_id":2}}
2024/11/28 00:00:35 Exception handling maelstrom.Message{Src:"c87", Dest:"n0", Body:json.RawMessage{0x7b, 0x22, 0x74, 0x79, 0x70, 0x65, 0x22, 0x3a, 0x22, 0x62, 0x72, 0x6f, 0x61, 0x64, 0x63, 0x61, 0x73, 0x74, 0x22, 0x2c, 0x22, 0x6d, 0x65, 0x73, 0x73, 0x61, 0x67, 0x65, 0x22, 0x3a, 0x38, 0x35, 0x2c, 0x22, 0x6d, 0x73, 0x67, 0x5f, 0x69, 0x64, 0x22, 0x3a, 0x32, 0x7d}}:
malformed message
2024/11/28 00:00:35 Sent {"src":"n0","dest":"c87","body":{"code":13,"in_reply_to":2,"text":"malformed message","type":"error"}}
2024/11/28 00:00:35 Received {c88 n0 {"type":"read","msg_id":1}}
2024/11/28 00:00:35 Sent {"src":"n0","dest":"c88","body":{"in_reply_to":1,"messages":[],"type":"read_ok"}}
2024/11/28 00:00:35 Received {c88 n0 {"type":"read","msg_id":2}}
2024/11/28 00:00:35 Sent {"src":"n0","dest":"c88","body":{"in_reply_to":2,"messages":[],"type":"read_ok"}}
2024/11/28 00:00:35 Received {c88 n0 {"type":"read","msg_id":3}}
2024/11/28 00:00:35 Sent {"src":"n0","dest":"c88","body":{"in_reply_to":3,"messages":[],"type":"read_ok"}}
2024/11/28 00:00:35 Received {c88 n0 {"type":"broadcast","message":86,"msg_id":4}}
2024/11/28 00:00:35 Exception handling maelstrom.Message{Src:"c88", Dest:"n0", Body:json.RawMessage{0x7b, 0x22, 0x74, 0x79, 0x70, 0x65, 0x22, 0x3a, 0x22, 0x62, 0x72, 0x6f, 0x61, 0x64, 0x63, 0x61, 0x73, 0x74, 0x22, 0x2c, 0x22, 0x6d, 0x65, 0x73, 0x73, 0x61, 0x67, 0x65, 0x22, 0x3a, 0x38, 0x36, 0x2c, 0x22, 0x6d, 0x73, 0x67, 0x5f, 0x69, 0x64, 0x22, 0x3a, 0x34, 0x7d}}:
malformed message
2024/11/28 00:00:35 Sent {"src":"n0","dest":"c88","body":{"code":13,"in_reply_to":4,"text":"malformed message","type":"error"}}
2024/11/28 00:00:35 Received {c89 n0 {"type":"read","msg_id":1}}
2024/11/28 00:00:35 Sent {"src":"n0","dest":"c89","body":{"in_reply_to":1,"messages":[],"type":"read_ok"}}
2024/11/28 00:00:36 Received {c89 n0 {"type":"broadcast","message":87,"msg_id":2}}
2024/11/28 00:00:36 Exception handling maelstrom.Message{Src:"c89", Dest:"n0", Body:json.RawMessage{0x7b, 0x22, 0x74, 0x79, 0x70, 0x65, 0x22, 0x3a, 0x22, 0x62, 0x72, 0x6f, 0x61, 0x64, 0x63, 0x61, 0x73, 0x74, 0x22, 0x2c, 0x22, 0x6d, 0x65, 0x73, 0x73, 0x61, 0x67, 0x65, 0x22, 0x3a, 0x38, 0x37, 0x2c, 0x22, 0x6d, 0x73, 0x67, 0x5f, 0x69, 0x64, 0x22, 0x3a, 0x32, 0x7d}}:
malformed message
2024/11/28 00:00:36 Sent {"src":"n0","dest":"c89","body":{"code":13,"in_reply_to":2,"text":"malformed message","type":"error"}}
2024/11/28 00:00:36 Received {c90 n0 {"type":"broadcast","message":88,"msg_id":1}}
2024/11/28 00:00:36 Exception handling maelstrom.Message{Src:"c90", Dest:"n0", Body:json.RawMessage{0x7b, 0x22, 0x74, 0x79, 0x70, 0x65, 0x22, 0x3a, 0x22, 0x62, 0x72, 0x6f, 0x61, 0x64, 0x63, 0x61, 0x73, 0x74, 0x22, 0x2c, 0x22, 0x6d, 0x65, 0x73, 0x73, 0x61, 0x67, 0x65, 0x22, 0x3a, 0x38, 0x38, 0x2c, 0x22, 0x6d, 0x73, 0x67, 0x5f, 0x69, 0x64, 0x22, 0x3a, 0x31, 0x7d}}:
malformed message
2024/11/28 00:00:36 Sent {"src":"n0","dest":"c90","body":{"code":13,"in_reply_to":1,"text":"malformed message","type":"error"}}
2024/11/28 00:00:36 Received {c91 n0 {"type":"read","msg_id":1}}
2024/11/28 00:00:36 Sent {"src":"n0","dest":"c91","body":{"in_reply_to":1,"messages":[],"type":"read_ok"}}
2024/11/28 00:00:36 Received {c91 n0 {"type":"read","msg_id":2}}
2024/11/28 00:00:36 Sent {"src":"n0","dest":"c91","body":{"in_reply_to":2,"messages":[],"type":"read_ok"}}
2024/11/28 00:00:36 Received {c91 n0 {"type":"read","msg_id":3}}
2024/11/28 00:00:36 Sent {"src":"n0","dest":"c91","body":{"in_reply_to":3,"messages":[],"type":"read_ok"}}
2024/11/28 00:00:36 Received {c91 n0 {"type":"read","msg_id":4}}
2024/11/28 00:00:36 Sent {"src":"n0","dest":"c91","body":{"in_reply_to":4,"messages":[],"type":"read_ok"}}
2024/11/28 00:00:36 Received {c91 n0 {"type":"read","msg_id":5}}
2024/11/28 00:00:36 Sent {"src":"n0","dest":"c91","body":{"in_reply_to":5,"messages":[],"type":"read_ok"}}
2024/11/28 00:00:36 Received {c91 n0 {"type":"broadcast","message":89,"msg_id":6}}
2024/11/28 00:00:36 Exception handling maelstrom.Message{Src:"c91", Dest:"n0", Body:json.RawMessage{0x7b, 0x22, 0x74, 0x79, 0x70, 0x65, 0x22, 0x3a, 0x22, 0x62, 0x72, 0x6f, 0x61, 0x64, 0x63, 0x61, 0x73, 0x74, 0x22, 0x2c, 0x22, 0x6d, 0x65, 0x73, 0x73, 0x61, 0x67, 0x65, 0x22, 0x3a, 0x38, 0x39, 0x2c, 0x22, 0x6d, 0x73, 0x67, 0x5f, 0x69, 0x64, 0x22, 0x3a, 0x36, 0x7d}}:
malformed message
2024/11/28 00:00:36 Sent {"src":"n0","dest":"c91","body":{"code":13,"in_reply_to":6,"text":"malformed message","type":"error"}}
2024/11/28 00:00:36 Received {c92 n0 {"type":"broadcast","message":90,"msg_id":1}}
2024/11/28 00:00:36 Exception handling maelstrom.Message{Src:"c92", Dest:"n0", Body:json.RawMessage{0x7b, 0x22, 0x74, 0x79, 0x70, 0x65, 0x22, 0x3a, 0x22, 0x62, 0x72, 0x6f, 0x61, 0x64, 0x63, 0x61, 0x73, 0x74, 0x22, 0x2c, 0x22, 0x6d, 0x65, 0x73, 0x73, 0x61, 0x67, 0x65, 0x22, 0x3a, 0x39, 0x30, 0x2c, 0x22, 0x6d, 0x73, 0x67, 0x5f, 0x69, 0x64, 0x22, 0x3a, 0x31, 0x7d}}:
malformed message
2024/11/28 00:00:36 Sent {"src":"n0","dest":"c92","body":{"code":13,"in_reply_to":1,"text":"malformed message","type":"error"}}
2024/11/28 00:00:36 Received {c93 n0 {"type":"broadcast","message":91,"msg_id":1}}
2024/11/28 00:00:36 Exception handling maelstrom.Message{Src:"c93", Dest:"n0", Body:json.RawMessage{0x7b, 0x22, 0x74, 0x79, 0x70, 0x65, 0x22, 0x3a, 0x22, 0x62, 0x72, 0x6f, 0x61, 0x64, 0x63, 0x61, 0x73, 0x74, 0x22, 0x2c, 0x22, 0x6d, 0x65, 0x73, 0x73, 0x61, 0x67, 0x65, 0x22, 0x3a, 0x39, 0x31, 0x2c, 0x22, 0x6d, 0x73, 0x67, 0x5f, 0x69, 0x64, 0x22, 0x3a, 0x31, 0x7d}}:
malformed message
2024/11/28 00:00:36 Sent {"src":"n0","dest":"c93","body":{"code":13,"in_reply_to":1,"text":"malformed message","type":"error"}}
2024/11/28 00:00:37 Received {c94 n0 {"type":"read","msg_id":1}}
2024/11/28 00:00:37 Sent {"src":"n0","dest":"c94","body":{"in_reply_to":1,"messages":[],"type":"read_ok"}}
2024/11/28 00:00:37 Received {c94 n0 {"type":"broadcast","message":92,"msg_id":2}}
2024/11/28 00:00:37 Exception handling maelstrom.Message{Src:"c94", Dest:"n0", Body:json.RawMessage{0x7b, 0x22, 0x74, 0x79, 0x70, 0x65, 0x22, 0x3a, 0x22, 0x62, 0x72, 0x6f, 0x61, 0x64, 0x63, 0x61, 0x73, 0x74, 0x22, 0x2c, 0x22, 0x6d, 0x65, 0x73, 0x73, 0x61, 0x67, 0x65, 0x22, 0x3a, 0x39, 0x32, 0x2c, 0x22, 0x6d, 0x73, 0x67, 0x5f, 0x69, 0x64, 0x22, 0x3a, 0x32, 0x7d}}:
malformed message
2024/11/28 00:00:37 Sent {"src":"n0","dest":"c94","body":{"code":13,"in_reply_to":2,"text":"malformed message","type":"error"}}
2024/11/28 00:00:37 Received {c95 n0 {"type":"broadcast","message":93,"msg_id":1}}
2024/11/28 00:00:37 Exception handling maelstrom.Message{Src:"c95", Dest:"n0", Body:json.RawMessage{0x7b, 0x22, 0x74, 0x79, 0x70, 0x65, 0x22, 0x3a, 0x22, 0x62, 0x72, 0x6f, 0x61, 0x64, 0x63, 0x61, 0x73, 0x74, 0x22, 0x2c, 0x22, 0x6d, 0x65, 0x73, 0x73, 0x61, 0x67, 0x65, 0x22, 0x3a, 0x39, 0x33, 0x2c, 0x22, 0x6d, 0x73, 0x67, 0x5f, 0x69, 0x64, 0x22, 0x3a, 0x31, 0x7d}}:
malformed message
2024/11/28 00:00:37 Sent {"src":"n0","dest":"c95","body":{"code":13,"in_reply_to":1,"text":"malformed message","type":"error"}}
2024/11/28 00:00:37 Received {c96 n0 {"type":"broadcast","message":94,"msg_id":1}}
2024/11/28 00:00:37 Exception handling maelstrom.Message{Src:"c96", Dest:"n0", Body:json.RawMessage{0x7b, 0x22, 0x74, 0x79, 0x70, 0x65, 0x22, 0x3a, 0x22, 0x62, 0x72, 0x6f, 0x61, 0x64, 0x63, 0x61, 0x73, 0x74, 0x22, 0x2c, 0x22, 0x6d, 0x65, 0x73, 0x73, 0x61, 0x67, 0x65, 0x22, 0x3a, 0x39, 0x34, 0x2c, 0x22, 0x6d, 0x73, 0x67, 0x5f, 0x69, 0x64, 0x22, 0x3a, 0x31, 0x7d}}:
malformed message
2024/11/28 00:00:37 Sent {"src":"n0","dest":"c96","body":{"code":13,"in_reply_to":1,"text":"malformed message","type":"error"}}
2024/11/28 00:00:37 Received {c97 n0 {"type":"read","msg_id":1}}
2024/11/28 00:00:37 Sent {"src":"n0","dest":"c97","body":{"in_reply_to":1,"messages":[],"type":"read_ok"}}
2024/11/28 00:00:37 Received {c97 n0 {"type":"broadcast","message":95,"msg_id":2}}
2024/11/28 00:00:37 Exception handling maelstrom.Message{Src:"c97", Dest:"n0", Body:json.RawMessage{0x7b, 0x22, 0x74, 0x79, 0x70, 0x65, 0x22, 0x3a, 0x22, 0x62, 0x72, 0x6f, 0x61, 0x64, 0x63, 0x61, 0x73, 0x74, 0x22, 0x2c, 0x22, 0x6d, 0x65, 0x73, 0x73, 0x61, 0x67, 0x65, 0x22, 0x3a, 0x39, 0x35, 0x2c, 0x22, 0x6d, 0x73, 0x67, 0x5f, 0x69, 0x64, 0x22, 0x3a, 0x32, 0x7d}}:
malformed message
2024/11/28 00:00:37 Sent {"src":"n0","dest":"c97","body":{"code":13,"in_reply_to":2,"text":"malformed message","type":"error"}}
2024/11/28 00:00:37 Received {c98 n0 {"type":"broadcast","message":96,"msg_id":1}}
2024/11/28 00:00:37 Exception handling maelstrom.Message{Src:"c98", Dest:"n0", Body:json.RawMessage{0x7b, 0x22, 0x74, 0x79, 0x70, 0x65, 0x22, 0x3a, 0x22, 0x62, 0x72, 0x6f, 0x61, 0x64, 0x63, 0x61, 0x73, 0x74, 0x22, 0x2c, 0x22, 0x6d, 0x65, 0x73, 0x73, 0x61, 0x67, 0x65, 0x22, 0x3a, 0x39, 0x36, 0x2c, 0x22, 0x6d, 0x73, 0x67, 0x5f, 0x69, 0x64, 0x22, 0x3a, 0x31, 0x7d}}:
malformed message
2024/11/28 00:00:37 Sent {"src":"n0","dest":"c98","body":{"code":13,"in_reply_to":1,"text":"malformed message","type":"error"}}
2024/11/28 00:00:37 Received {c99 n0 {"type":"read","msg_id":1}}
2024/11/28 00:00:37 Sent {"src":"n0","dest":"c99","body":{"in_reply_to":1,"messages":[],"type":"read_ok"}}
2024/11/28 00:00:37 Received {c99 n0 {"type":"broadcast","message":97,"msg_id":2}}
2024/11/28 00:00:37 Exception handling maelstrom.Message{Src:"c99", Dest:"n0", Body:json.RawMessage{0x7b, 0x22, 0x74, 0x79, 0x70, 0x65, 0x22, 0x3a, 0x22, 0x62, 0x72, 0x6f, 0x61, 0x64, 0x63, 0x61, 0x73, 0x74, 0x22, 0x2c, 0x22, 0x6d, 0x65, 0x73, 0x73, 0x61, 0x67, 0x65, 0x22, 0x3a, 0x39, 0x37, 0x2c, 0x22, 0x6d, 0x73, 0x67, 0x5f, 0x69, 0x64, 0x22, 0x3a, 0x32, 0x7d}}:
malformed message
2024/11/28 00:00:37 Sent {"src":"n0","dest":"c99","body":{"code":13,"in_reply_to":2,"text":"malformed message","type":"error"}}
2024/11/28 00:00:37 Received {c100 n0 {"type":"read","msg_id":1}}
2024/11/28 00:00:37 Sent {"src":"n0","dest":"c100","body":{"in_reply_to":1,"messages":[],"type":"read_ok"}}
2024/11/28 00:00:37 Received {c100 n0 {"type":"broadcast","message":98,"msg_id":2}}
2024/11/28 00:00:37 Exception handling maelstrom.Message{Src:"c100", Dest:"n0", Body:json.RawMessage{0x7b, 0x22, 0x74, 0x79, 0x70, 0x65, 0x22, 0x3a, 0x22, 0x62, 0x72, 0x6f, 0x61, 0x64, 0x63, 0x61, 0x73, 0x74, 0x22, 0x2c, 0x22, 0x6d, 0x65, 0x73, 0x73, 0x61, 0x67, 0x65, 0x22, 0x3a, 0x39, 0x38, 0x2c, 0x22, 0x6d, 0x73, 0x67, 0x5f, 0x69, 0x64, 0x22, 0x3a, 0x32, 0x7d}}:
malformed message
2024/11/28 00:00:37 Sent {"src":"n0","dest":"c100","body":{"code":13,"in_reply_to":2,"text":"malformed message","type":"error"}}
2024/11/28 00:00:38 Received {c101 n0 {"type":"read","msg_id":1}}
2024/11/28 00:00:38 Sent {"src":"n0","dest":"c101","body":{"in_reply_to":1,"messages":[],"type":"read_ok"}}
2024/11/28 00:00:38 Received {c101 n0 {"type":"read","msg_id":2}}
2024/11/28 00:00:38 Sent {"src":"n0","dest":"c101","body":{"in_reply_to":2,"messages":[],"type":"read_ok"}}
2024/11/28 00:00:38 Received {c101 n0 {"type":"read","msg_id":3}}
2024/11/28 00:00:38 Sent {"src":"n0","dest":"c101","body":{"in_reply_to":3,"messages":[],"type":"read_ok"}}
2024/11/28 00:00:38 Received {c101 n0 {"type":"read","msg_id":4}}
2024/11/28 00:00:38 Sent {"src":"n0","dest":"c101","body":{"in_reply_to":4,"messages":[],"type":"read_ok"}}
2024/11/28 00:00:38 Received {c101 n0 {"type":"broadcast","message":99,"msg_id":5}}
2024/11/28 00:00:38 Exception handling maelstrom.Message{Src:"c101", Dest:"n0", Body:json.RawMessage{0x7b, 0x22, 0x74, 0x79, 0x70, 0x65, 0x22, 0x3a, 0x22, 0x62, 0x72, 0x6f, 0x61, 0x64, 0x63, 0x61, 0x73, 0x74, 0x22, 0x2c, 0x22, 0x6d, 0x65, 0x73, 0x73, 0x61, 0x67, 0x65, 0x22, 0x3a, 0x39, 0x39, 0x2c, 0x22, 0x6d, 0x73, 0x67, 0x5f, 0x69, 0x64, 0x22, 0x3a, 0x35, 0x7d}}:
malformed message
2024/11/28 00:00:38 Sent {"src":"n0","dest":"c101","body":{"code":13,"in_reply_to":5,"text":"malformed message","type":"error"}}
2024/11/28 00:00:38 Received {c102 n0 {"type":"read","msg_id":1}}
2024/11/28 00:00:38 Sent {"src":"n0","dest":"c102","body":{"in_reply_to":1,"messages":[],"type":"read_ok"}}
2024/11/28 00:00:38 Received {c102 n0 {"type":"broadcast","message":100,"msg_id":2}}
2024/11/28 00:00:38 Exception handling maelstrom.Message{Src:"c102", Dest:"n0", Body:json.RawMessage{0x7b, 0x22, 0x74, 0x79, 0x70, 0x65, 0x22, 0x3a, 0x22, 0x62, 0x72, 0x6f, 0x61, 0x64, 0x63, 0x61, 0x73, 0x74, 0x22, 0x2c, 0x22, 0x6d, 0x65, 0x73, 0x73, 0x61, 0x67, 0x65, 0x22, 0x3a, 0x31, 0x30, 0x30, 0x2c, 0x22, 0x6d, 0x73, 0x67, 0x5f, 0x69, 0x64, 0x22, 0x3a, 0x32, 0x7d}}:
malformed message
2024/11/28 00:00:38 Sent {"src":"n0","dest":"c102","body":{"code":13,"in_reply_to":2,"text":"malformed message","type":"error"}}
2024/11/28 00:00:38 Received {c103 n0 {"type":"read","msg_id":1}}
2024/11/28 00:00:38 Sent {"src":"n0","dest":"c103","body":{"in_reply_to":1,"messages":[],"type":"read_ok"}}
2024/11/28 00:00:38 Received {c103 n0 {"type":"broadcast","message":101,"msg_id":2}}
2024/11/28 00:00:38 Exception handling maelstrom.Message{Src:"c103", Dest:"n0", Body:json.RawMessage{0x7b, 0x22, 0x74, 0x79, 0x70, 0x65, 0x22, 0x3a, 0x22, 0x62, 0x72, 0x6f, 0x61, 0x64, 0x63, 0x61, 0x73, 0x74, 0x22, 0x2c, 0x22, 0x6d, 0x65, 0x73, 0x73, 0x61, 0x67, 0x65, 0x22, 0x3a, 0x31, 0x30, 0x31, 0x2c, 0x22, 0x6d, 0x73, 0x67, 0x5f, 0x69, 0x64, 0x22, 0x3a, 0x32, 0x7d}}:
malformed message
2024/11/28 00:00:38 Sent {"src":"n0","dest":"c103","body":{"code":13,"in_reply_to":2,"text":"malformed message","type":"error"}}
2024/11/28 00:00:38 Received {c104 n0 {"type":"read","msg_id":1}}
2024/11/28 00:00:38 Sent {"src":"n0","dest":"c104","body":{"in_reply_to":1,"messages":[],"type":"read_ok"}}
2024/11/28 00:00:38 Received {c104 n0 {"type":"read","msg_id":2}}
2024/11/28 00:00:38 Sent {"src":"n0","dest":"c104","body":{"in_reply_to":2,"messages":[],"type":"read_ok"}}
2024/11/28 00:00:39 Received {c104 n0 {"type":"read","msg_id":3}}
2024/11/28 00:00:39 Sent {"src":"n0","dest":"c104","body":{"in_reply_to":3,"messages":[],"type":"read_ok"}}
2024/11/28 00:00:39 Received {c104 n0 {"type":"read","msg_id":4}}
2024/11/28 00:00:39 Sent {"src":"n0","dest":"c104","body":{"in_reply_to":4,"messages":[],"type":"read_ok"}}
2024/11/28 00:00:39 Received {c104 n0 {"type":"broadcast","message":102,"msg_id":5}}
2024/11/28 00:00:39 Exception handling maelstrom.Message{Src:"c104", Dest:"n0", Body:json.RawMessage{0x7b, 0x22, 0x74, 0x79, 0x70, 0x65, 0x22, 0x3a, 0x22, 0x62, 0x72, 0x6f, 0x61, 0x64, 0x63, 0x61, 0x73, 0x74, 0x22, 0x2c, 0x22, 0x6d, 0x65, 0x73, 0x73, 0x61, 0x67, 0x65, 0x22, 0x3a, 0x31, 0x30, 0x32, 0x2c, 0x22, 0x6d, 0x73, 0x67, 0x5f, 0x69, 0x64, 0x22, 0x3a, 0x35, 0x7d}}:
malformed message
2024/11/28 00:00:39 Sent {"src":"n0","dest":"c104","body":{"code":13,"in_reply_to":5,"text":"malformed message","type":"error"}}
2024/11/28 00:00:39 Received {c105 n0 {"type":"read","msg_id":1}}
2024/11/28 00:00:39 Sent {"src":"n0","dest":"c105","body":{"in_reply_to":1,"messages":[],"type":"read_ok"}}
2024/11/28 00:00:39 Received {c105 n0 {"type":"broadcast","message":103,"msg_id":2}}
2024/11/28 00:00:39 Exception handling maelstrom.Message{Src:"c105", Dest:"n0", Body:json.RawMessage{0x7b, 0x22, 0x74, 0x79, 0x70, 0x65, 0x22, 0x3a, 0x22, 0x62, 0x72, 0x6f, 0x61, 0x64, 0x63, 0x61, 0x73, 0x74, 0x22, 0x2c, 0x22, 0x6d, 0x65, 0x73, 0x73, 0x61, 0x67, 0x65, 0x22, 0x3a, 0x31, 0x30, 0x33, 0x2c, 0x22, 0x6d, 0x73, 0x67, 0x5f, 0x69, 0x64, 0x22, 0x3a, 0x32, 0x7d}}:
malformed message
2024/11/28 00:00:39 Sent {"src":"n0","dest":"c105","body":{"code":13,"in_reply_to":2,"text":"malformed message","type":"error"}}
2024/11/28 00:00:39 Received {c106 n0 {"type":"broadcast","message":104,"msg_id":1}}
2024/11/28 00:00:39 Exception handling maelstrom.Message{Src:"c106", Dest:"n0", Body:json.RawMessage{0x7b, 0x22, 0x74, 0x79, 0x70, 0x65, 0x22, 0x3a, 0x22, 0x62, 0x72, 0x6f, 0x61, 0x64, 0x63, 0x61, 0x73, 0x74, 0x22, 0x2c, 0x22, 0x6d, 0x65, 0x73, 0x73, 0x61, 0x67, 0x65, 0x22, 0x3a, 0x31, 0x30, 0x34, 0x2c, 0x22, 0x6d, 0x73, 0x67, 0x5f, 0x69, 0x64, 0x22, 0x3a, 0x31, 0x7d}}:
malformed message
2024/11/28 00:00:39 Sent {"src":"n0","dest":"c106","body":{"code":13,"in_reply_to":1,"text":"malformed message","type":"error"}}
2024/11/28 00:00:39 Received {c107 n0 {"type":"read","msg_id":1}}
2024/11/28 00:00:39 Sent {"src":"n0","dest":"c107","body":{"in_reply_to":1,"messages":[],"type":"read_ok"}}
2024/11/28 00:00:39 Received {c107 n0 {"type":"read","msg_id":2}}
2024/11/28 00:00:39 Sent {"src":"n0","dest":"c107","body":{"in_reply_to":2,"messages":[],"type":"read_ok"}}
2024/11/28 00:00:39 Received {c107 n0 {"type":"read","msg_id":3}}
2024/11/28 00:00:39 Sent {"src":"n0","dest":"c107","body":{"in_reply_to":3,"messages":[],"type":"read_ok"}}
2024/11/28 00:00:39 Received {c107 n0 {"type":"broadcast","message":105,"msg_id":4}}
2024/11/28 00:00:39 Exception handling maelstrom.Message{Src:"c107", Dest:"n0", Body:json.RawMessage{0x7b, 0x22, 0x74, 0x79, 0x70, 0x65, 0x22, 0x3a, 0x22, 0x62, 0x72, 0x6f, 0x61, 0x64, 0x63, 0x61, 0x73, 0x74, 0x22, 0x2c, 0x22, 0x6d, 0x65, 0x73, 0x73, 0x61, 0x67, 0x65, 0x22, 0x3a, 0x31, 0x30, 0x35, 0x2c, 0x22, 0x6d, 0x73, 0x67, 0x5f, 0x69, 0x64, 0x22, 0x3a, 0x34, 0x7d}}:
malformed message
2024/11/28 00:00:39 Sent {"src":"n0","dest":"c107","body":{"code":13,"in_reply_to":4,"text":"malformed message","type":"error"}}
2024/11/28 00:00:39 Received {c108 n0 {"type":"read","msg_id":1}}
2024/11/28 00:00:39 Sent {"src":"n0","dest":"c108","body":{"in_reply_to":1,"messages":[],"type":"read_ok"}}
2024/11/28 00:00:39 Received {c108 n0 {"type":"read","msg_id":2}}
2024/11/28 00:00:39 Sent {"src":"n0","dest":"c108","body":{"in_reply_to":2,"messages":[],"type":"read_ok"}}
2024/11/28 00:00:39 Received {c108 n0 {"type":"read","msg_id":3}}
2024/11/28 00:00:39 Sent {"src":"n0","dest":"c108","body":{"in_reply_to":3,"messages":[],"type":"read_ok"}}
2024/11/28 00:00:40 Received {c108 n0 {"type":"read","msg_id":4}}
2024/11/28 00:00:40 Sent {"src":"n0","dest":"c108","body":{"in_reply_to":4,"messages":[],"type":"read_ok"}}
2024/11/28 00:00:40 Received {c108 n0 {"type":"broadcast","message":106,"msg_id":5}}
2024/11/28 00:00:40 Exception handling maelstrom.Message{Src:"c108", Dest:"n0", Body:json.RawMessage{0x7b, 0x22, 0x74, 0x79, 0x70, 0x65, 0x22, 0x3a, 0x22, 0x62, 0x72, 0x6f, 0x61, 0x64, 0x63, 0x61, 0x73, 0x74, 0x22, 0x2c, 0x22, 0x6d, 0x65, 0x73, 0x73, 0x61, 0x67, 0x65, 0x22, 0x3a, 0x31, 0x30, 0x36, 0x2c, 0x22, 0x6d, 0x73, 0x67, 0x5f, 0x69, 0x64, 0x22, 0x3a, 0x35, 0x7d}}:
malformed message
2024/11/28 00:00:40 Sent {"src":"n0","dest":"c108","body":{"code":13,"in_reply_to":5,"text":"malformed message","type":"error"}}
2024/11/28 00:00:40 Received {c109 n0 {"type":"broadcast","message":107,"msg_id":1}}
2024/11/28 00:00:40 Exception handling maelstrom.Message{Src:"c109", Dest:"n0", Body:json.RawMessage{0x7b, 0x22, 0x74, 0x79, 0x70, 0x65, 0x22, 0x3a, 0x22, 0x62, 0x72, 0x6f, 0x61, 0x64, 0x63, 0x61, 0x73, 0x74, 0x22, 0x2c, 0x22, 0x6d, 0x65, 0x73, 0x73, 0x61, 0x67, 0x65, 0x22, 0x3a, 0x31, 0x30, 0x37, 0x2c, 0x22, 0x6d, 0x73, 0x67, 0x5f, 0x69, 0x64, 0x22, 0x3a, 0x31, 0x7d}}:
malformed message
2024/11/28 00:00:40 Sent {"src":"n0","dest":"c109","body":{"code":13,"in_reply_to":1,"text":"malformed message","type":"error"}}
2024/11/28 00:00:40 Received {c110 n0 {"type":"read","msg_id":1}}
2024/11/28 00:00:40 Sent {"src":"n0","dest":"c110","body":{"in_reply_to":1,"messages":[],"type":"read_ok"}}
2024/11/28 00:00:40 Received {c110 n0 {"type":"broadcast","message":108,"msg_id":2}}
2024/11/28 00:00:40 Exception handling maelstrom.Message{Src:"c110", Dest:"n0", Body:json.RawMessage{0x7b, 0x22, 0x74, 0x79, 0x70, 0x65, 0x22, 0x3a, 0x22, 0x62, 0x72, 0x6f, 0x61, 0x64, 0x63, 0x61, 0x73, 0x74, 0x22, 0x2c, 0x22, 0x6d, 0x65, 0x73, 0x73, 0x61, 0x67, 0x65, 0x22, 0x3a, 0x31, 0x30, 0x38, 0x2c, 0x22, 0x6d, 0x73, 0x67, 0x5f, 0x69, 0x64, 0x22, 0x3a, 0x32, 0x7d}}:
malformed message
2024/11/28 00:00:40 Sent {"src":"n0","dest":"c110","body":{"code":13,"in_reply_to":2,"text":"malformed message","type":"error"}}
2024/11/28 00:00:50 Received {c111 n0 {"type":"read","msg_id":1}}
2024/11/28 00:00:50 Sent {"src":"n0","dest":"c111","body":{"in_reply_to":1,"messages":[],"type":"read_ok"}}
