2024-11-28 00:14:03,785{GMT}	INFO	[jepsen test runner] jepsen.core: Command line:
lein run test -w broadcast --bin /Users/alex/.go/bin/maelstrom-broadcast --node-count 1 --time-limit 20 --rate 10
2024-11-28 00:14:03,820{GMT}	INFO	[jepsen test runner] jepsen.core: Running test:
{:args []
 :remote
 #jepsen.control.retry.Remote{:remote #jepsen.control.scp.Remote{:cmd-remote #jepsen.control.sshj.SSHJRemote{:concurrency-limit 6,
                                                                                                             :conn-spec nil,
                                                                                                             :client nil,
                                                                                                             :semaphore nil},
                                                                 :conn-spec nil},
                              :conn nil}
 :log-net-send false
 :node-count 1
 :availability nil
 :max-txn-length 4
 :concurrency 1
 :db
 #object[maelstrom.db$db$reify__16142
         "0x1660bba7"
         "maelstrom.db$db$reify__16142@1660bba7"]
 :max-writes-per-key 16
 :leave-db-running? false
 :name "broadcast"
 :logging-json? false
 :start-time
 #object[org.joda.time.DateTime "0x771c4015" "2024-11-28T00:14:03.770-05:00"]
 :nemesis-interval 10
 :net
 #object[maelstrom.net$jepsen_net$reify__15251
         "0x34d776eb"
         "maelstrom.net$jepsen_net$reify__15251@34d776eb"]
 :client
 #object[maelstrom.workload.broadcast$client$reify__16644
         "0x60a3a0fa"
         "maelstrom.workload.broadcast$client$reify__16644@60a3a0fa"]
 :barrier
 #object[java.util.concurrent.CyclicBarrier
         "0x17734113"
         "java.util.concurrent.CyclicBarrier@17734113"]
 :log-stderr false
 :pure-generators true
 :ssh {:dummy? true}
 :rate 10.0
 :checker
 #object[jepsen.checker$compose$reify__11881
         "0x27aa700"
         "jepsen.checker$compose$reify__11881@27aa700"]
 :argv
 ("test"
  "-w"
  "broadcast"
  "--bin"
  "/Users/alex/.go/bin/maelstrom-broadcast"
  "--node-count"
  "1"
  "--time-limit"
  "20"
  "--rate"
  "10")
 :nemesis
 (jepsen.nemesis.ReflCompose
  {:fm {:start-partition 0,
        :stop-partition 0,
        :kill 1,
        :start 1,
        :pause 1,
        :resume 1},
   :nemeses [#unprintable "jepsen.nemesis.combined$partition_nemesis$reify__16416@d15f98a"
             #unprintable "jepsen.nemesis.combined$db_nemesis$reify__16397@704c3ca2"]})
 :nodes ["n0"]
 :test-count 1
 :latency {:mean 0, :dist :constant}
 :bin "/Users/alex/.go/bin/maelstrom-broadcast"
 :generator
 ((jepsen.generator.Synchronize
   {:gen (jepsen.generator.TimeLimit
          {:limit 20000000000,
           :cutoff nil,
           :gen (jepsen.generator.Any
                 {:gens [(jepsen.generator.OnThreads
                          {:f #{:nemesis},
                           :context-filter #object[jepsen.generator.context$make_thread_filter$lazy_filter__9167
                                                   "0x6d4bdb75"
                                                   "jepsen.generator.context$make_thread_filter$lazy_filter__9167@6d4bdb75"],
                           :gen nil})
                         (jepsen.generator.OnThreads
                          {:f #jepsen.generator.context.AllBut{:element :nemesis},
                           :context-filter #object[jepsen.generator.context$make_thread_filter$lazy_filter__9167
                                                   "0x1dc47df3"
                                                   "jepsen.generator.context$make_thread_filter$lazy_filter__9167@1dc47df3"],
                           :gen (jepsen.generator.Stagger
                                 {:dt 200000000,
                                  :next-time nil,
                                  :gen (jepsen.generator.Mix
                                        {:i 0,
                                         :gens [({:f :broadcast, :value 0}
                                                 {:f :broadcast, :value 1}
                                                 {:f :broadcast, :value 2}
                                                 {:f :broadcast, :value 3}
                                                 {:f :broadcast, :value 4}
                                                 {:f :broadcast, :value 5}
                                                 {:f :broadcast, :value 6}
                                                 {:f :broadcast, :value 7}
                                                 ...)
                                                ({:f :read}
                                                 {:f :read}
                                                 {:f :read}
                                                 {:f :read}
                                                 {:f :read}
                                                 {:f :read}
                                                 {:f :read}
                                                 {:f :read}
                                                 ...)]})})})]})})})
  (jepsen.generator.Synchronize
   {:gen (jepsen.generator.OnThreads
          {:f #{:nemesis},
           :context-filter #object[jepsen.generator.context$make_thread_filter$lazy_filter__9167
                                   "0x68f67bbd"
                                   "jepsen.generator.context$make_thread_filter$lazy_filter__9167@68f67bbd"],
           :gen ()})})
  (jepsen.generator.Synchronize
   {:gen {:type :log, :value "Waiting for recovery..."}})
  (jepsen.generator.Synchronize {:gen {:type :sleep, :value 10}})
  (jepsen.generator.Synchronize
   {:gen (jepsen.generator.OnThreads
          {:f #jepsen.generator.context.AllBut{:element :nemesis},
           :context-filter #object[jepsen.generator.context$make_thread_filter$lazy_filter__9167
                                   "0x5bd585a5"
                                   "jepsen.generator.context$make_thread_filter$lazy_filter__9167@5bd585a5"],
           :gen (jepsen.generator.EachThread
                 {:fresh-gen {:f :read, :final? true},
                  :context-filters #object[clojure.core$promise$reify__8591
                                           "0x65c040c9"
                                           {:status :pending, :val nil}],
                  :gens {}})})}))
 :log-net-recv false
 :os
 #object[maelstrom.net$jepsen_os$reify__15254
         "0x11736ebc"
         "maelstrom.net$jepsen_os$reify__15254@11736ebc"]
 :time-limit 20
 :workload :broadcast
 :consistency-models [:strict-serializable]
 :topology :grid}

2024-11-28 00:14:04,595{GMT}	INFO	[jepsen node n0] maelstrom.net: Starting Maelstrom network
2024-11-28 00:14:04,596{GMT}	INFO	[jepsen test runner] jepsen.db: Tearing down DB
2024-11-28 00:14:04,597{GMT}	INFO	[jepsen test runner] jepsen.db: Setting up DB
2024-11-28 00:14:04,598{GMT}	INFO	[jepsen node n0] maelstrom.service: Starting services: (lin-kv lin-tso lww-kv seq-kv)
2024-11-28 00:14:04,598{GMT}	INFO	[jepsen node n0] maelstrom.db: Setting up n0
2024-11-28 00:14:04,598{GMT}	INFO	[jepsen node n0] maelstrom.process: launching /Users/alex/.go/bin/maelstrom-broadcast []
2024-11-28 00:14:04,788{GMT}	INFO	[jepsen test runner] jepsen.core: Relative time begins now
2024-11-28 00:14:04,800{GMT}	INFO	[jepsen worker 0] jepsen.util: 0	:invoke	:broadcast	0
2024-11-28 00:14:04,807{GMT}	INFO	[jepsen worker 0] jepsen.util: 0	:info	:broadcast	0	[:crash "malformed message"]
2024-11-28 00:14:04,816{GMT}	INFO	[jepsen worker 0] jepsen.util: 1	:invoke	:read	nil
2024-11-28 00:14:04,817{GMT}	INFO	[jepsen worker 0] jepsen.util: 1	:ok	:read	[]
2024-11-28 00:14:04,953{GMT}	INFO	[jepsen worker 0] jepsen.util: 1	:invoke	:read	nil
2024-11-28 00:14:04,954{GMT}	INFO	[jepsen worker 0] jepsen.util: 1	:ok	:read	[]
2024-11-28 00:14:04,979{GMT}	INFO	[jepsen worker 0] jepsen.util: 1	:invoke	:broadcast	1
2024-11-28 00:14:04,980{GMT}	INFO	[jepsen worker 0] jepsen.util: 1	:info	:broadcast	1	[:crash "malformed message"]
2024-11-28 00:14:05,112{GMT}	INFO	[jepsen worker 0] jepsen.util: 2	:invoke	:broadcast	2
2024-11-28 00:14:05,114{GMT}	INFO	[jepsen worker 0] jepsen.util: 2	:info	:broadcast	2	[:crash "malformed message"]
2024-11-28 00:14:05,264{GMT}	INFO	[jepsen worker 0] jepsen.util: 3	:invoke	:read	nil
2024-11-28 00:14:05,267{GMT}	INFO	[jepsen worker 0] jepsen.util: 3	:ok	:read	[]
2024-11-28 00:14:05,278{GMT}	INFO	[jepsen worker 0] jepsen.util: 3	:invoke	:broadcast	3
2024-11-28 00:14:05,280{GMT}	INFO	[jepsen worker 0] jepsen.util: 3	:info	:broadcast	3	[:crash "malformed message"]
2024-11-28 00:14:05,409{GMT}	INFO	[jepsen worker 0] jepsen.util: 4	:invoke	:read	nil
2024-11-28 00:14:05,411{GMT}	INFO	[jepsen worker 0] jepsen.util: 4	:ok	:read	[]
2024-11-28 00:14:05,583{GMT}	INFO	[jepsen worker 0] jepsen.util: 4	:invoke	:read	nil
2024-11-28 00:14:05,586{GMT}	INFO	[jepsen worker 0] jepsen.util: 4	:ok	:read	[]
2024-11-28 00:14:05,673{GMT}	INFO	[jepsen worker 0] jepsen.util: 4	:invoke	:read	nil
2024-11-28 00:14:05,675{GMT}	INFO	[jepsen worker 0] jepsen.util: 4	:ok	:read	[]
2024-11-28 00:14:05,763{GMT}	INFO	[jepsen worker 0] jepsen.util: 4	:invoke	:broadcast	4
2024-11-28 00:14:05,767{GMT}	INFO	[jepsen worker 0] jepsen.util: 4	:info	:broadcast	4	[:crash "malformed message"]
2024-11-28 00:14:05,930{GMT}	INFO	[jepsen worker 0] jepsen.util: 5	:invoke	:read	nil
2024-11-28 00:14:05,933{GMT}	INFO	[jepsen worker 0] jepsen.util: 5	:ok	:read	[]
2024-11-28 00:14:06,072{GMT}	INFO	[jepsen worker 0] jepsen.util: 5	:invoke	:read	nil
2024-11-28 00:14:06,075{GMT}	INFO	[jepsen worker 0] jepsen.util: 5	:ok	:read	[]
2024-11-28 00:14:06,130{GMT}	INFO	[jepsen worker 0] jepsen.util: 5	:invoke	:broadcast	5
2024-11-28 00:14:06,132{GMT}	INFO	[jepsen worker 0] jepsen.util: 5	:info	:broadcast	5	[:crash "malformed message"]
2024-11-28 00:14:06,220{GMT}	INFO	[jepsen worker 0] jepsen.util: 6	:invoke	:read	nil
2024-11-28 00:14:06,222{GMT}	INFO	[jepsen worker 0] jepsen.util: 6	:ok	:read	[]
2024-11-28 00:14:06,349{GMT}	INFO	[jepsen worker 0] jepsen.util: 6	:invoke	:read	nil
2024-11-28 00:14:06,351{GMT}	INFO	[jepsen worker 0] jepsen.util: 6	:ok	:read	[]
2024-11-28 00:14:06,520{GMT}	INFO	[jepsen worker 0] jepsen.util: 6	:invoke	:read	nil
2024-11-28 00:14:06,522{GMT}	INFO	[jepsen worker 0] jepsen.util: 6	:ok	:read	[]
2024-11-28 00:14:06,605{GMT}	INFO	[jepsen worker 0] jepsen.util: 6	:invoke	:broadcast	6
2024-11-28 00:14:06,608{GMT}	INFO	[jepsen worker 0] jepsen.util: 6	:info	:broadcast	6	[:crash "malformed message"]
2024-11-28 00:14:06,624{GMT}	INFO	[jepsen worker 0] jepsen.util: 7	:invoke	:read	nil
2024-11-28 00:14:06,625{GMT}	INFO	[jepsen worker 0] jepsen.util: 7	:ok	:read	[]
2024-11-28 00:14:06,694{GMT}	INFO	[jepsen worker 0] jepsen.util: 7	:invoke	:broadcast	7
2024-11-28 00:14:06,695{GMT}	INFO	[jepsen worker 0] jepsen.util: 7	:info	:broadcast	7	[:crash "malformed message"]
2024-11-28 00:14:06,778{GMT}	INFO	[jepsen worker 0] jepsen.util: 8	:invoke	:broadcast	8
2024-11-28 00:14:06,780{GMT}	INFO	[jepsen worker 0] jepsen.util: 8	:info	:broadcast	8	[:crash "malformed message"]
2024-11-28 00:14:06,824{GMT}	INFO	[jepsen worker 0] jepsen.util: 9	:invoke	:broadcast	9
2024-11-28 00:14:06,826{GMT}	INFO	[jepsen worker 0] jepsen.util: 9	:info	:broadcast	9	[:crash "malformed message"]
2024-11-28 00:14:06,954{GMT}	INFO	[jepsen worker 0] jepsen.util: 10	:invoke	:read	nil
2024-11-28 00:14:06,956{GMT}	INFO	[jepsen worker 0] jepsen.util: 10	:ok	:read	[]
2024-11-28 00:14:07,049{GMT}	INFO	[jepsen worker 0] jepsen.util: 10	:invoke	:read	nil
2024-11-28 00:14:07,051{GMT}	INFO	[jepsen worker 0] jepsen.util: 10	:ok	:read	[]
2024-11-28 00:14:07,164{GMT}	INFO	[jepsen worker 0] jepsen.util: 10	:invoke	:read	nil
2024-11-28 00:14:07,166{GMT}	INFO	[jepsen worker 0] jepsen.util: 10	:ok	:read	[]
2024-11-28 00:14:07,171{GMT}	INFO	[jepsen worker 0] jepsen.util: 10	:invoke	:broadcast	10
2024-11-28 00:14:07,173{GMT}	INFO	[jepsen worker 0] jepsen.util: 10	:info	:broadcast	10	[:crash "malformed message"]
2024-11-28 00:14:07,284{GMT}	INFO	[jepsen worker 0] jepsen.util: 11	:invoke	:broadcast	11
2024-11-28 00:14:07,287{GMT}	INFO	[jepsen worker 0] jepsen.util: 11	:info	:broadcast	11	[:crash "malformed message"]
2024-11-28 00:14:07,478{GMT}	INFO	[jepsen worker 0] jepsen.util: 12	:invoke	:read	nil
2024-11-28 00:14:07,480{GMT}	INFO	[jepsen worker 0] jepsen.util: 12	:ok	:read	[]
2024-11-28 00:14:07,544{GMT}	INFO	[jepsen worker 0] jepsen.util: 12	:invoke	:read	nil
2024-11-28 00:14:07,546{GMT}	INFO	[jepsen worker 0] jepsen.util: 12	:ok	:read	[]
2024-11-28 00:14:07,616{GMT}	INFO	[jepsen worker 0] jepsen.util: 12	:invoke	:read	nil
2024-11-28 00:14:07,617{GMT}	INFO	[jepsen worker 0] jepsen.util: 12	:ok	:read	[]
2024-11-28 00:14:07,655{GMT}	INFO	[jepsen worker 0] jepsen.util: 12	:invoke	:read	nil
2024-11-28 00:14:07,656{GMT}	INFO	[jepsen worker 0] jepsen.util: 12	:ok	:read	[]
2024-11-28 00:14:07,663{GMT}	INFO	[jepsen worker 0] jepsen.util: 12	:invoke	:broadcast	12
2024-11-28 00:14:07,665{GMT}	INFO	[jepsen worker 0] jepsen.util: 12	:info	:broadcast	12	[:crash "malformed message"]
2024-11-28 00:14:07,814{GMT}	INFO	[jepsen worker 0] jepsen.util: 13	:invoke	:broadcast	13
2024-11-28 00:14:07,817{GMT}	INFO	[jepsen worker 0] jepsen.util: 13	:info	:broadcast	13	[:crash "malformed message"]
2024-11-28 00:14:07,874{GMT}	INFO	[jepsen worker 0] jepsen.util: 14	:invoke	:read	nil
2024-11-28 00:14:07,876{GMT}	INFO	[jepsen worker 0] jepsen.util: 14	:ok	:read	[]
2024-11-28 00:14:07,970{GMT}	INFO	[jepsen worker 0] jepsen.util: 14	:invoke	:read	nil
2024-11-28 00:14:07,971{GMT}	INFO	[jepsen worker 0] jepsen.util: 14	:ok	:read	[]
2024-11-28 00:14:07,991{GMT}	INFO	[jepsen worker 0] jepsen.util: 14	:invoke	:broadcast	14
2024-11-28 00:14:07,992{GMT}	INFO	[jepsen worker 0] jepsen.util: 14	:info	:broadcast	14	[:crash "malformed message"]
2024-11-28 00:14:08,188{GMT}	INFO	[jepsen worker 0] jepsen.util: 15	:invoke	:read	nil
2024-11-28 00:14:08,189{GMT}	INFO	[jepsen worker 0] jepsen.util: 15	:ok	:read	[]
2024-11-28 00:14:08,315{GMT}	INFO	[jepsen worker 0] jepsen.util: 15	:invoke	:read	nil
2024-11-28 00:14:08,316{GMT}	INFO	[jepsen worker 0] jepsen.util: 15	:ok	:read	[]
2024-11-28 00:14:08,440{GMT}	INFO	[jepsen worker 0] jepsen.util: 15	:invoke	:broadcast	15
2024-11-28 00:14:08,443{GMT}	INFO	[jepsen worker 0] jepsen.util: 15	:info	:broadcast	15	[:crash "malformed message"]
2024-11-28 00:14:08,558{GMT}	INFO	[jepsen worker 0] jepsen.util: 16	:invoke	:read	nil
2024-11-28 00:14:08,560{GMT}	INFO	[jepsen worker 0] jepsen.util: 16	:ok	:read	[]
2024-11-28 00:14:08,593{GMT}	INFO	[jepsen worker 0] jepsen.util: 16	:invoke	:read	nil
2024-11-28 00:14:08,594{GMT}	INFO	[jepsen worker 0] jepsen.util: 16	:ok	:read	[]
2024-11-28 00:14:08,762{GMT}	INFO	[jepsen worker 0] jepsen.util: 16	:invoke	:broadcast	16
2024-11-28 00:14:08,764{GMT}	INFO	[jepsen worker 0] jepsen.util: 16	:info	:broadcast	16	[:crash "malformed message"]
2024-11-28 00:14:08,770{GMT}	INFO	[jepsen worker 0] jepsen.util: 17	:invoke	:broadcast	17
2024-11-28 00:14:08,772{GMT}	INFO	[jepsen worker 0] jepsen.util: 17	:info	:broadcast	17	[:crash "malformed message"]
2024-11-28 00:14:08,932{GMT}	INFO	[jepsen worker 0] jepsen.util: 18	:invoke	:broadcast	18
2024-11-28 00:14:08,935{GMT}	INFO	[jepsen worker 0] jepsen.util: 18	:info	:broadcast	18	[:crash "malformed message"]
2024-11-28 00:14:09,032{GMT}	INFO	[jepsen worker 0] jepsen.util: 19	:invoke	:broadcast	19
2024-11-28 00:14:09,034{GMT}	INFO	[jepsen worker 0] jepsen.util: 19	:info	:broadcast	19	[:crash "malformed message"]
2024-11-28 00:14:09,124{GMT}	INFO	[jepsen worker 0] jepsen.util: 20	:invoke	:read	nil
2024-11-28 00:14:09,125{GMT}	INFO	[jepsen worker 0] jepsen.util: 20	:ok	:read	[]
2024-11-28 00:14:09,220{GMT}	INFO	[jepsen worker 0] jepsen.util: 20	:invoke	:broadcast	20
2024-11-28 00:14:09,222{GMT}	INFO	[jepsen worker 0] jepsen.util: 20	:info	:broadcast	20	[:crash "malformed message"]
2024-11-28 00:14:09,413{GMT}	INFO	[jepsen worker 0] jepsen.util: 21	:invoke	:read	nil
2024-11-28 00:14:09,416{GMT}	INFO	[jepsen worker 0] jepsen.util: 21	:ok	:read	[]
2024-11-28 00:14:09,485{GMT}	INFO	[jepsen worker 0] jepsen.util: 21	:invoke	:broadcast	21
2024-11-28 00:14:09,487{GMT}	INFO	[jepsen worker 0] jepsen.util: 21	:info	:broadcast	21	[:crash "malformed message"]
2024-11-28 00:14:09,601{GMT}	INFO	[jepsen worker 0] jepsen.util: 22	:invoke	:broadcast	22
2024-11-28 00:14:09,604{GMT}	INFO	[jepsen worker 0] jepsen.util: 22	:info	:broadcast	22	[:crash "malformed message"]
2024-11-28 00:14:09,780{GMT}	INFO	[jepsen worker 0] jepsen.util: 23	:invoke	:read	nil
2024-11-28 00:14:09,783{GMT}	INFO	[jepsen worker 0] jepsen.util: 23	:ok	:read	[]
2024-11-28 00:14:09,865{GMT}	INFO	[jepsen worker 0] jepsen.util: 23	:invoke	:broadcast	23
2024-11-28 00:14:09,867{GMT}	INFO	[jepsen worker 0] jepsen.util: 23	:info	:broadcast	23	[:crash "malformed message"]
2024-11-28 00:14:10,040{GMT}	INFO	[jepsen worker 0] jepsen.util: 24	:invoke	:read	nil
2024-11-28 00:14:10,043{GMT}	INFO	[jepsen worker 0] jepsen.util: 24	:ok	:read	[]
2024-11-28 00:14:10,134{GMT}	INFO	[jepsen worker 0] jepsen.util: 24	:invoke	:broadcast	24
2024-11-28 00:14:10,136{GMT}	INFO	[jepsen worker 0] jepsen.util: 24	:info	:broadcast	24	[:crash "malformed message"]
2024-11-28 00:14:10,174{GMT}	INFO	[jepsen worker 0] jepsen.util: 25	:invoke	:broadcast	25
2024-11-28 00:14:10,176{GMT}	INFO	[jepsen worker 0] jepsen.util: 25	:info	:broadcast	25	[:crash "malformed message"]
2024-11-28 00:14:10,244{GMT}	INFO	[jepsen worker 0] jepsen.util: 26	:invoke	:read	nil
2024-11-28 00:14:10,245{GMT}	INFO	[jepsen worker 0] jepsen.util: 26	:ok	:read	[]
2024-11-28 00:14:10,351{GMT}	INFO	[jepsen worker 0] jepsen.util: 26	:invoke	:read	nil
2024-11-28 00:14:10,352{GMT}	INFO	[jepsen worker 0] jepsen.util: 26	:ok	:read	[]
2024-11-28 00:14:10,427{GMT}	INFO	[jepsen worker 0] jepsen.util: 26	:invoke	:broadcast	26
2024-11-28 00:14:10,429{GMT}	INFO	[jepsen worker 0] jepsen.util: 26	:info	:broadcast	26	[:crash "malformed message"]
2024-11-28 00:14:10,517{GMT}	INFO	[jepsen worker 0] jepsen.util: 27	:invoke	:broadcast	27
2024-11-28 00:14:10,518{GMT}	INFO	[jepsen worker 0] jepsen.util: 27	:info	:broadcast	27	[:crash "malformed message"]
2024-11-28 00:14:10,695{GMT}	INFO	[jepsen worker 0] jepsen.util: 28	:invoke	:broadcast	28
2024-11-28 00:14:10,698{GMT}	INFO	[jepsen worker 0] jepsen.util: 28	:info	:broadcast	28	[:crash "malformed message"]
2024-11-28 00:14:10,715{GMT}	INFO	[jepsen worker 0] jepsen.util: 29	:invoke	:broadcast	29
2024-11-28 00:14:10,716{GMT}	INFO	[jepsen worker 0] jepsen.util: 29	:info	:broadcast	29	[:crash "malformed message"]
2024-11-28 00:14:10,793{GMT}	INFO	[jepsen worker 0] jepsen.util: 30	:invoke	:broadcast	30
2024-11-28 00:14:10,795{GMT}	INFO	[jepsen worker 0] jepsen.util: 30	:info	:broadcast	30	[:crash "malformed message"]
2024-11-28 00:14:10,942{GMT}	INFO	[jepsen worker 0] jepsen.util: 31	:invoke	:read	nil
2024-11-28 00:14:10,944{GMT}	INFO	[jepsen worker 0] jepsen.util: 31	:ok	:read	[]
2024-11-28 00:14:11,113{GMT}	INFO	[jepsen worker 0] jepsen.util: 31	:invoke	:broadcast	31
2024-11-28 00:14:11,115{GMT}	INFO	[jepsen worker 0] jepsen.util: 31	:info	:broadcast	31	[:crash "malformed message"]
2024-11-28 00:14:11,271{GMT}	INFO	[jepsen worker 0] jepsen.util: 32	:invoke	:read	nil
2024-11-28 00:14:11,274{GMT}	INFO	[jepsen worker 0] jepsen.util: 32	:ok	:read	[]
2024-11-28 00:14:11,463{GMT}	INFO	[jepsen worker 0] jepsen.util: 32	:invoke	:broadcast	32
2024-11-28 00:14:11,466{GMT}	INFO	[jepsen worker 0] jepsen.util: 32	:info	:broadcast	32	[:crash "malformed message"]
2024-11-28 00:14:11,655{GMT}	INFO	[jepsen worker 0] jepsen.util: 33	:invoke	:read	nil
2024-11-28 00:14:11,658{GMT}	INFO	[jepsen worker 0] jepsen.util: 33	:ok	:read	[]
2024-11-28 00:14:11,766{GMT}	INFO	[jepsen worker 0] jepsen.util: 33	:invoke	:read	nil
2024-11-28 00:14:11,767{GMT}	INFO	[jepsen worker 0] jepsen.util: 33	:ok	:read	[]
2024-11-28 00:14:11,783{GMT}	INFO	[Jepsen shutdown hook] jepsen.core: Downloading DB logs before JVM shutdown...
